              :-) GROMACS - gmx mdrun, 2020.1-Ubuntu-2020.1-1 (-:

                            GROMACS is written by:
     Emile Apol      Rossen Apostolov      Paul Bauer     Herman J.C. Berendsen
    Par Bjelkmar      Christian Blau   Viacheslav Bolnykh     Kevin Boyd    
 Aldert van Buuren   Rudi van Drunen     Anton Feenstra       Alan Gray     
  Gerrit Groenhof     Anca Hamuraru    Vincent Hindriksen  M. Eric Irrgang  
  Aleksei Iupinov   Christoph Junghans     Joe Jordan     Dimitrios Karkoulis
    Peter Kasson        Jiri Kraus      Carsten Kutzner      Per Larsson    
  Justin A. Lemkul    Viveca Lindahl    Magnus Lundborg     Erik Marklund   
    Pascal Merz     Pieter Meulenhoff    Teemu Murtola       Szilard Pall   
    Sander Pronk      Roland Schulz      Michael Shirts    Alexey Shvetsov  
   Alfons Sijbers     Peter Tieleman      Jon Vincent      Teemu Virolainen 
 Christian Wennberg    Maarten Wolf      Artem Zhmurov   
                           and the project leaders:
        Mark Abraham, Berk Hess, Erik Lindahl, and David van der Spoel

Copyright (c) 1991-2000, University of Groningen, The Netherlands.
Copyright (c) 2001-2019, The GROMACS development team at
Uppsala University, Stockholm University and
the Royal Institute of Technology, Sweden.
check out http://www.gromacs.org for more information.

GROMACS is free software; you can redistribute it and/or modify it
under the terms of the GNU Lesser General Public License
as published by the Free Software Foundation; either version 2.1
of the License, or (at your option) any later version.

GROMACS:      gmx mdrun, version 2020.1-Ubuntu-2020.1-1
Executable:   /usr/bin/gmx
Data prefix:  /usr
Working dir:  /home/inukai/setup-helix
Process ID:   453
Command line:
  gmx mdrun -deffnm md

GROMACS version:    2020.1-Ubuntu-2020.1-1
Precision:          single
Memory model:       64 bit
MPI library:        thread_mpi
OpenMP support:     enabled (GMX_OPENMP_MAX_THREADS = 64)
GPU support:        disabled
SIMD instructions:  SSE2
FFT library:        fftw-3.3.8-sse2-avx
RDTSCP usage:       disabled
TNG support:        enabled
Hwloc support:      hwloc-2.1.0
Tracing support:    disabled
C compiler:         /usr/bin/cc GNU 9.3.0
C compiler flags:   -msse2 -fexcess-precision=fast -funroll-all-loops
C++ compiler:       /usr/bin/c++ GNU 9.3.0
C++ compiler flags: -msse2 -fexcess-precision=fast -funroll-all-loops -fopenmp


Running on 1 node with total 2 cores, 4 logical cores
Hardware detected:
  CPU info:
    Vendor: Intel
    Brand:  Intel(R) Core(TM) m3-8100Y CPU @ 1.10GHz
    Family: 6   Model: 142   Stepping: 9
    Features: aes apic avx avx2 clfsh cmov cx8 cx16 f16c fma htt intel lahf mmx msr nonstop_tsc pcid pclmuldq pdcm pdpe1gb popcnt pse rdrnd rdtscp sse2 sse3 sse4.1 sse4.2 ssse3 tdt x2apic
  Hardware topology: Basic
    Sockets, cores, and logical processors:
      Socket  0: [   0   1] [   2   3]

Highest SIMD level requested by all nodes in run: AVX2_256
SIMD instructions selected at compile time:       SSE2
This program was compiled for different hardware than you are running on,
which could influence performance.
The current CPU can measure timings more accurately than the code in
gmx mdrun was configured to use. This might affect your simulation
speed as accurate timings are needed for load-balancing.
Please consider rebuilding gmx mdrun with the GMX_USE_RDTSCP=ON CMake option.

++++ PLEASE READ AND CITE THE FOLLOWING REFERENCE ++++
M. J. Abraham, T. Murtola, R. Schulz, S. Páll, J. C. Smith, B. Hess, E.
Lindahl
GROMACS: High performance molecular simulations through multi-level
parallelism from laptops to supercomputers
SoftwareX 1 (2015) pp. 19-25
-------- -------- --- Thank You --- -------- --------


++++ PLEASE READ AND CITE THE FOLLOWING REFERENCE ++++
S. Páll, M. J. Abraham, C. Kutzner, B. Hess, E. Lindahl
Tackling Exascale Software Challenges in Molecular Dynamics Simulations with
GROMACS
In S. Markidis & E. Laure (Eds.), Solving Software Challenges for Exascale 8759 (2015) pp. 3-27
-------- -------- --- Thank You --- -------- --------


++++ PLEASE READ AND CITE THE FOLLOWING REFERENCE ++++
S. Pronk, S. Páll, R. Schulz, P. Larsson, P. Bjelkmar, R. Apostolov, M. R.
Shirts, J. C. Smith, P. M. Kasson, D. van der Spoel, B. Hess, and E. Lindahl
GROMACS 4.5: a high-throughput and highly parallel open source molecular
simulation toolkit
Bioinformatics 29 (2013) pp. 845-54
-------- -------- --- Thank You --- -------- --------


++++ PLEASE READ AND CITE THE FOLLOWING REFERENCE ++++
B. Hess and C. Kutzner and D. van der Spoel and E. Lindahl
GROMACS 4: Algorithms for highly efficient, load-balanced, and scalable
molecular simulation
J. Chem. Theory Comput. 4 (2008) pp. 435-447
-------- -------- --- Thank You --- -------- --------


++++ PLEASE READ AND CITE THE FOLLOWING REFERENCE ++++
D. van der Spoel, E. Lindahl, B. Hess, G. Groenhof, A. E. Mark and H. J. C.
Berendsen
GROMACS: Fast, Flexible and Free
J. Comp. Chem. 26 (2005) pp. 1701-1719
-------- -------- --- Thank You --- -------- --------


++++ PLEASE READ AND CITE THE FOLLOWING REFERENCE ++++
E. Lindahl and B. Hess and D. van der Spoel
GROMACS 3.0: A package for molecular simulation and trajectory analysis
J. Mol. Mod. 7 (2001) pp. 306-317
-------- -------- --- Thank You --- -------- --------


++++ PLEASE READ AND CITE THE FOLLOWING REFERENCE ++++
H. J. C. Berendsen, D. van der Spoel and R. van Drunen
GROMACS: A message-passing parallel molecular dynamics implementation
Comp. Phys. Comm. 91 (1995) pp. 43-56
-------- -------- --- Thank You --- -------- --------

Input Parameters:
   integrator                     = md
   tinit                          = 0
   dt                             = 0.002
   nsteps                         = 50000
   init-step                      = 0
   simulation-part                = 1
   comm-mode                      = Linear
   nstcomm                        = 100
   bd-fric                        = 0
   ld-seed                        = -917189346
   emtol                          = 10
   emstep                         = 0.01
   niter                          = 20
   fcstep                         = 0
   nstcgsteep                     = 1000
   nbfgscorr                      = 10
   rtpi                           = 0.05
   nstxout                        = 0
   nstvout                        = 0
   nstfout                        = 0
   nstlog                         = 500
   nstcalcenergy                  = 100
   nstenergy                      = 500
   nstxout-compressed             = 500
   compressed-x-precision         = 1000
   cutoff-scheme                  = Verlet
   nstlist                        = 10
   pbc                            = xyz
   periodic-molecules             = false
   verlet-buffer-tolerance        = 0.005
   rlist                          = 1
   coulombtype                    = PME
   coulomb-modifier               = Potential-shift
   rcoulomb-switch                = 0
   rcoulomb                       = 1
   epsilon-r                      = 1
   epsilon-rf                     = inf
   vdw-type                       = Cut-off
   vdw-modifier                   = Potential-shift
   rvdw-switch                    = 0
   rvdw                           = 1
   DispCorr                       = EnerPres
   table-extension                = 1
   fourierspacing                 = 0.16
   fourier-nx                     = 24
   fourier-ny                     = 25
   fourier-nz                     = 56
   pme-order                      = 4
   ewald-rtol                     = 1e-05
   ewald-rtol-lj                  = 0.001
   lj-pme-comb-rule               = Geometric
   ewald-geometry                 = 0
   epsilon-surface                = 0
   tcoupl                         = V-rescale
   nsttcouple                     = 10
   nh-chain-length                = 0
   print-nose-hoover-chain-variables = false
   pcoupl                         = Parrinello-Rahman
   pcoupltype                     = Isotropic
   nstpcouple                     = 10
   tau-p                          = 2
   compressibility (3x3):
      compressibility[    0]={ 4.50000e-05,  0.00000e+00,  0.00000e+00}
      compressibility[    1]={ 0.00000e+00,  4.50000e-05,  0.00000e+00}
      compressibility[    2]={ 0.00000e+00,  0.00000e+00,  4.50000e-05}
   ref-p (3x3):
      ref-p[    0]={ 1.00000e+00,  0.00000e+00,  0.00000e+00}
      ref-p[    1]={ 0.00000e+00,  1.00000e+00,  0.00000e+00}
      ref-p[    2]={ 0.00000e+00,  0.00000e+00,  1.00000e+00}
   refcoord-scaling               = COM
   posres-com (3):
      posres-com[0]= 0.00000e+00
      posres-com[1]= 0.00000e+00
      posres-com[2]= 0.00000e+00
   posres-comB (3):
      posres-comB[0]= 0.00000e+00
      posres-comB[1]= 0.00000e+00
      posres-comB[2]= 0.00000e+00
   QMMM                           = false
   QMconstraints                  = 0
   QMMMscheme                     = 0
   MMChargeScaleFactor            = 1
qm-opts:
   ngQM                           = 0
   constraint-algorithm           = Lincs
   continuation                   = true
   Shake-SOR                      = false
   shake-tol                      = 0.0001
   lincs-order                    = 4
   lincs-iter                     = 1
   lincs-warnangle                = 30
   nwall                          = 0
   wall-type                      = 9-3
   wall-r-linpot                  = -1
   wall-atomtype[0]               = -1
   wall-atomtype[1]               = -1
   wall-density[0]                = 0
   wall-density[1]                = 0
   wall-ewald-zfac                = 3
   pull                           = false
   awh                            = false
   rotation                       = false
   interactiveMD                  = false
   disre                          = No
   disre-weighting                = Conservative
   disre-mixed                    = false
   dr-fc                          = 1000
   dr-tau                         = 0
   nstdisreout                    = 100
   orire-fc                       = 0
   orire-tau                      = 0
   nstorireout                    = 100
   free-energy                    = no
   cos-acceleration               = 0
   deform (3x3):
      deform[    0]={ 0.00000e+00,  0.00000e+00,  0.00000e+00}
      deform[    1]={ 0.00000e+00,  0.00000e+00,  0.00000e+00}
      deform[    2]={ 0.00000e+00,  0.00000e+00,  0.00000e+00}
   simulated-tempering            = false
   swapcoords                     = no
   userint1                       = 0
   userint2                       = 0
   userint3                       = 0
   userint4                       = 0
   userreal1                      = 0
   userreal2                      = 0
   userreal3                      = 0
   userreal4                      = 0
   applied-forces:
     electric-field:
       x:
         E0                       = 0
         omega                    = 0
         t0                       = 0
         sigma                    = 0
       y:
         E0                       = 0
         omega                    = 0
         t0                       = 0
         sigma                    = 0
       z:
         E0                       = 0
         omega                    = 0
         t0                       = 0
         sigma                    = 0
     density-guided-simulation:
       active                     = false
       group                      = protein
       similarity-measure         = inner-product
       atom-spreading-weight      = unity
       force-constant             = 1e+09
       gaussian-transform-spreading-width = 0.2
       gaussian-transform-spreading-range-in-multiples-of-width = 4
       reference-density-filename = reference.mrc
       nst                        = 1
       normalize-densities        = true
       adaptive-force-scaling     = false
       adaptive-force-scaling-time-constant = 4
grpopts:
   nrdf:       27355
   ref-t:         300
   tau-t:         0.1
annealing:          No
annealing-npoints:           0
   acc:	           0           0           0
   nfreeze:           N           N           N
   energygrp-flags[  0]: 0

Changing nstlist from 10 to 50, rlist from 1 to 1.105


Using 1 MPI thread

Non-default thread affinity set, disabling internal thread affinity

Using 4 OpenMP threads 

System total charge: 0.000
Will do PME sum in reciprocal space for electrostatic interactions.

++++ PLEASE READ AND CITE THE FOLLOWING REFERENCE ++++
U. Essmann, L. Perera, M. L. Berkowitz, T. Darden, H. Lee and L. G. Pedersen 
A smooth particle mesh Ewald method
J. Chem. Phys. 103 (1995) pp. 8577-8592
-------- -------- --- Thank You --- -------- --------

Using a Gaussian width (1/beta) of 0.320163 nm for Ewald
Potential shift: LJ r^-12: -1.000e+00 r^-6: -1.000e+00, Ewald -1.000e-05
Initialized non-bonded Coulomb Ewald tables, spacing: 9.33e-04 size: 1073

Generated table with 1052 data points for 1-4 COUL.
Tabscale = 500 points/nm
Generated table with 1052 data points for 1-4 LJ6.
Tabscale = 500 points/nm
Generated table with 1052 data points for 1-4 LJ12.
Tabscale = 500 points/nm

Using SIMD 4x4 nonbonded short-range kernels

Using a dual 4x4 pair-list setup updated with dynamic pruning:
  outer list: updated every 50 steps, buffer 0.105 nm, rlist 1.105 nm
  inner list: updated every 12 steps, buffer 0.001 nm, rlist 1.001 nm
At tolerance 0.005 kJ/mol/ps per atom, equivalent classical 1x1 list would be:
  outer list: updated every 50 steps, buffer 0.231 nm, rlist 1.231 nm
  inner list: updated every 12 steps, buffer 0.046 nm, rlist 1.046 nm

Using Lorentz-Berthelot Lennard-Jones combination rule

Long Range LJ corr.: <C6> 3.4336e-04


Initializing LINear Constraint Solver

++++ PLEASE READ AND CITE THE FOLLOWING REFERENCE ++++
B. Hess and H. Bekker and H. J. C. Berendsen and J. G. E. M. Fraaije
LINCS: A Linear Constraint Solver for molecular simulations
J. Comp. Chem. 18 (1997) pp. 1463-1472
-------- -------- --- Thank You --- -------- --------

The number of constraints is 464

++++ PLEASE READ AND CITE THE FOLLOWING REFERENCE ++++
S. Miyamoto and P. A. Kollman
SETTLE: An Analytical Version of the SHAKE and RATTLE Algorithms for Rigid
Water Models
J. Comp. Chem. 13 (1992) pp. 952-962
-------- -------- --- Thank You --- -------- --------


++++ PLEASE READ AND CITE THE FOLLOWING REFERENCE ++++
G. Bussi, D. Donadio and M. Parrinello
Canonical sampling through velocity rescaling
J. Chem. Phys. 126 (2007) pp. 014101
-------- -------- --- Thank You --- -------- --------

There are: 13253 Atoms
Center of mass motion removal mode is Linear
We have the following groups for center of mass motion removal:
  0:  rest

Started mdrun on rank 0 Thu Jun  2 09:39:50 2022

           Step           Time
              0        0.00000

   Energies (kJ/mol)
           Bond          Angle    Proper Dih.  Improper Dih.          LJ-14
    1.33170e+03    2.85579e+03    3.61247e+03    7.85328e+01    1.45612e+03
     Coulomb-14        LJ (SR)  Disper. corr.   Coulomb (SR)   Coul. recip.
   -3.14201e+03    2.31317e+04   -1.91314e+03   -2.32983e+05    1.31060e+03
      Potential    Kinetic En.   Total Energy  Conserved En.    Temperature
   -2.04261e+05    3.43351e+04   -1.69926e+05   -1.69918e+05    3.01924e+02
 Pres. DC (bar) Pressure (bar)   Constr. rmsd
   -2.41163e+02    2.40376e+02    2.57547e-06

           Step           Time
            500        1.00000

   Energies (kJ/mol)
           Bond          Angle    Proper Dih.  Improper Dih.          LJ-14
    1.36978e+03    2.82489e+03    3.70389e+03    6.44149e+01    1.42542e+03
     Coulomb-14        LJ (SR)  Disper. corr.   Coulomb (SR)   Coul. recip.
   -3.03761e+03    2.30803e+04   -1.92788e+03   -2.33522e+05    1.19051e+03
      Potential    Kinetic En.   Total Energy  Conserved En.    Temperature
   -2.04828e+05    3.40408e+04   -1.70787e+05   -1.69909e+05    2.99336e+02
 Pres. DC (bar) Pressure (bar)   Constr. rmsd
   -2.44888e+02   -3.04765e+01    2.42650e-06

           Step           Time
           1000        2.00000

   Energies (kJ/mol)
           Bond          Angle    Proper Dih.  Improper Dih.          LJ-14
    1.31714e+03    2.94620e+03    3.72543e+03    7.72634e+01    1.43286e+03
     Coulomb-14        LJ (SR)  Disper. corr.   Coulomb (SR)   Coul. recip.
   -3.12570e+03    2.24789e+04   -1.90786e+03   -2.32810e+05    1.27759e+03
      Potential    Kinetic En.   Total Energy  Conserved En.    Temperature
   -2.04588e+05    3.39936e+04   -1.70594e+05   -1.69916e+05    2.98921e+02
 Pres. DC (bar) Pressure (bar)   Constr. rmsd
   -2.39835e+02   -3.64355e+02    2.77431e-06

           Step           Time
           1500        3.00000

   Energies (kJ/mol)
           Bond          Angle    Proper Dih.  Improper Dih.          LJ-14
    1.25778e+03    2.78713e+03    3.61981e+03    7.29601e+01    1.36539e+03
     Coulomb-14        LJ (SR)  Disper. corr.   Coulomb (SR)   Coul. recip.
   -2.99001e+03    2.27196e+04   -1.95632e+03   -2.33413e+05    1.21292e+03
      Potential    Kinetic En.   Total Energy  Conserved En.    Temperature
   -2.05324e+05    3.43968e+04   -1.70927e+05   -1.69904e+05    3.02466e+02
 Pres. DC (bar) Pressure (bar)   Constr. rmsd
   -2.52159e+02   -9.09093e+00    2.47958e-06

           Step           Time
           2000        4.00000

   Energies (kJ/mol)
           Bond          Angle    Proper Dih.  Improper Dih.          LJ-14
    1.26287e+03    2.80267e+03    3.66336e+03    7.95283e+01    1.43196e+03
     Coulomb-14        LJ (SR)  Disper. corr.   Coulomb (SR)   Coul. recip.
   -2.97356e+03    2.30286e+04   -1.93395e+03   -2.33783e+05    1.24939e+03
      Potential    Kinetic En.   Total Energy  Conserved En.    Temperature
   -2.05172e+05    3.47221e+04   -1.70450e+05   -1.69905e+05    3.05327e+02
 Pres. DC (bar) Pressure (bar)   Constr. rmsd
   -2.46431e+02    3.49833e+02    3.36429e-06

           Step           Time
           2500        5.00000

   Energies (kJ/mol)
           Bond          Angle    Proper Dih.  Improper Dih.          LJ-14
    1.33587e+03    2.90607e+03    3.71348e+03    8.01262e+01    1.41288e+03
     Coulomb-14        LJ (SR)  Disper. corr.   Coulomb (SR)   Coul. recip.
   -3.01453e+03    2.21342e+04   -1.92374e+03   -2.32436e+05    1.23865e+03
      Potential    Kinetic En.   Total Energy  Conserved En.    Temperature
   -2.04553e+05    3.40956e+04   -1.70458e+05   -1.69898e+05    2.99818e+02
 Pres. DC (bar) Pressure (bar)   Constr. rmsd
   -2.43838e+02   -4.65569e+02    2.45122e-06

           Step           Time
           3000        6.00000

   Energies (kJ/mol)
           Bond          Angle    Proper Dih.  Improper Dih.          LJ-14
    1.24663e+03    2.81704e+03    3.70837e+03    7.60719e+01    1.42253e+03
     Coulomb-14        LJ (SR)  Disper. corr.   Coulomb (SR)   Coul. recip.
   -2.92071e+03    2.26692e+04   -1.92603e+03   -2.32970e+05    1.27305e+03
      Potential    Kinetic En.   Total Energy  Conserved En.    Temperature
   -2.04603e+05    3.41824e+04   -1.70421e+05   -1.69890e+05    3.00581e+02
 Pres. DC (bar) Pressure (bar)   Constr. rmsd
   -2.44419e+02    1.81889e+01    2.65848e-06

           Step           Time
           3500        7.00000

   Energies (kJ/mol)
           Bond          Angle    Proper Dih.  Improper Dih.          LJ-14
    1.21431e+03    2.81576e+03    3.76101e+03    7.13191e+01    1.39740e+03
     Coulomb-14        LJ (SR)  Disper. corr.   Coulomb (SR)   Coul. recip.
   -2.92654e+03    2.30831e+04   -1.92357e+03   -2.33720e+05    1.18200e+03
      Potential    Kinetic En.   Total Energy  Conserved En.    Temperature
   -2.05045e+05    3.42059e+04   -1.70839e+05   -1.69905e+05    3.00787e+02
 Pres. DC (bar) Pressure (bar)   Constr. rmsd
   -2.43797e+02   -2.63302e+02    2.32077e-06

           Step           Time
           4000        8.00000

   Energies (kJ/mol)
           Bond          Angle    Proper Dih.  Improper Dih.          LJ-14
    1.23799e+03    2.93420e+03    3.76410e+03    8.91031e+01    1.41363e+03
     Coulomb-14        LJ (SR)  Disper. corr.   Coulomb (SR)   Coul. recip.
   -2.87858e+03    2.31097e+04   -1.91447e+03   -2.33734e+05    1.24886e+03
      Potential    Kinetic En.   Total Energy  Conserved En.    Temperature
   -2.04730e+05    3.43412e+04   -1.70388e+05   -1.69886e+05    3.01977e+02
 Pres. DC (bar) Pressure (bar)   Constr. rmsd
   -2.41499e+02   -1.15160e+02    2.59494e-06

           Step           Time
           4500        9.00000

   Energies (kJ/mol)
           Bond          Angle    Proper Dih.  Improper Dih.          LJ-14
    1.22568e+03    2.83428e+03    3.70130e+03    6.72571e+01    1.46411e+03
     Coulomb-14        LJ (SR)  Disper. corr.   Coulomb (SR)   Coul. recip.
   -3.02124e+03    2.34623e+04   -1.93966e+03   -2.34128e+05    1.25631e+03
      Potential    Kinetic En.   Total Energy  Conserved En.    Temperature
   -2.05078e+05    3.39976e+04   -1.71080e+05   -1.69884e+05    2.98956e+02
 Pres. DC (bar) Pressure (bar)   Constr. rmsd
   -2.47888e+02    2.52258e+02    2.40955e-06

           Step           Time
           5000       10.00000

   Energies (kJ/mol)
           Bond          Angle    Proper Dih.  Improper Dih.          LJ-14
    1.29037e+03    2.90772e+03    3.63552e+03    6.78899e+01    1.36733e+03
     Coulomb-14        LJ (SR)  Disper. corr.   Coulomb (SR)   Coul. recip.
   -3.10754e+03    2.26358e+04   -1.92391e+03   -2.33267e+05    1.26171e+03
      Potential    Kinetic En.   Total Energy  Conserved En.    Temperature
   -2.05132e+05    3.40698e+04   -1.71062e+05   -1.69895e+05    2.99591e+02
 Pres. DC (bar) Pressure (bar)   Constr. rmsd
   -2.43884e+02   -3.24915e+02    2.51583e-06

           Step           Time
           5500       11.00000

   Energies (kJ/mol)
           Bond          Angle    Proper Dih.  Improper Dih.          LJ-14
    1.29062e+03    3.00259e+03    3.63859e+03    7.46076e+01    1.40424e+03
     Coulomb-14        LJ (SR)  Disper. corr.   Coulomb (SR)   Coul. recip.
   -3.02221e+03    2.21693e+04   -1.93462e+03   -2.33518e+05    1.17444e+03
      Potential    Kinetic En.   Total Energy  Conserved En.    Temperature
   -2.05721e+05    3.38558e+04   -1.71865e+05   -1.69887e+05    2.97709e+02
 Pres. DC (bar) Pressure (bar)   Constr. rmsd
   -2.46601e+02   -5.03411e+02    2.77056e-06

           Step           Time
           6000       12.00000

   Energies (kJ/mol)
           Bond          Angle    Proper Dih.  Improper Dih.          LJ-14
    1.20573e+03    2.89237e+03    3.71069e+03    6.66893e+01    1.43325e+03
     Coulomb-14        LJ (SR)  Disper. corr.   Coulomb (SR)   Coul. recip.
   -2.90730e+03    2.29796e+04   -1.93155e+03   -2.33755e+05    1.20945e+03
      Potential    Kinetic En.   Total Energy  Conserved En.    Temperature
   -2.05096e+05    3.44493e+04   -1.70647e+05   -1.69906e+05    3.02928e+02
 Pres. DC (bar) Pressure (bar)   Constr. rmsd
   -2.45821e+02    1.72731e+02    3.95928e-06

           Step           Time
           6500       13.00000

   Energies (kJ/mol)
           Bond          Angle    Proper Dih.  Improper Dih.          LJ-14
    1.32769e+03    3.12821e+03    3.64859e+03    1.03351e+02    1.37982e+03
     Coulomb-14        LJ (SR)  Disper. corr.   Coulomb (SR)   Coul. recip.
   -3.24296e+03    2.27121e+04   -1.92037e+03   -2.32320e+05    1.25087e+03
      Potential    Kinetic En.   Total Energy  Conserved En.    Temperature
   -2.03933e+05    3.42257e+04   -1.69707e+05   -1.69886e+05    3.00962e+02
 Pres. DC (bar) Pressure (bar)   Constr. rmsd
   -2.42987e+02   -5.04790e+01    2.67393e-06

           Step           Time
           7000       14.00000

   Energies (kJ/mol)
           Bond          Angle    Proper Dih.  Improper Dih.          LJ-14
    1.26837e+03    2.97857e+03    3.75103e+03    7.91645e+01    1.43712e+03
     Coulomb-14        LJ (SR)  Disper. corr.   Coulomb (SR)   Coul. recip.
   -3.03153e+03    2.28997e+04   -1.92144e+03   -2.33428e+05    1.14965e+03
      Potential    Kinetic En.   Total Energy  Conserved En.    Temperature
   -2.04818e+05    3.42512e+04   -1.70567e+05   -1.69897e+05    3.01186e+02
 Pres. DC (bar) Pressure (bar)   Constr. rmsd
   -2.43257e+02   -3.13778e+01    2.23802e-06

           Step           Time
           7500       15.00000

   Energies (kJ/mol)
           Bond          Angle    Proper Dih.  Improper Dih.          LJ-14
    1.22502e+03    3.00423e+03    3.66931e+03    6.69566e+01    1.40490e+03
     Coulomb-14        LJ (SR)  Disper. corr.   Coulomb (SR)   Coul. recip.
   -2.95011e+03    2.29470e+04   -1.91298e+03   -2.33895e+05    1.22063e+03
      Potential    Kinetic En.   Total Energy  Conserved En.    Temperature
   -2.05220e+05    3.44119e+04   -1.70808e+05   -1.69888e+05    3.02599e+02
 Pres. DC (bar) Pressure (bar)   Constr. rmsd
   -2.41123e+02   -2.76690e+02    2.54347e-06

           Step           Time
           8000       16.00000

   Energies (kJ/mol)
           Bond          Angle    Proper Dih.  Improper Dih.          LJ-14
    1.33315e+03    3.15203e+03    3.67362e+03    6.68857e+01    1.40987e+03
     Coulomb-14        LJ (SR)  Disper. corr.   Coulomb (SR)   Coul. recip.
   -3.32500e+03    2.32985e+04   -1.93804e+03   -2.33637e+05    1.32844e+03
      Potential    Kinetic En.   Total Energy  Conserved En.    Temperature
   -2.04637e+05    3.44115e+04   -1.70226e+05   -1.69888e+05    3.02596e+02
 Pres. DC (bar) Pressure (bar)   Constr. rmsd
   -2.47474e+02    4.83711e+02    2.57646e-06

           Step           Time
           8500       17.00000

   Energies (kJ/mol)
           Bond          Angle    Proper Dih.  Improper Dih.          LJ-14
    1.19818e+03    2.90224e+03    3.67032e+03    7.62261e+01    1.41680e+03
     Coulomb-14        LJ (SR)  Disper. corr.   Coulomb (SR)   Coul. recip.
   -2.88703e+03    2.29608e+04   -1.92441e+03   -2.34317e+05    1.25999e+03
      Potential    Kinetic En.   Total Energy  Conserved En.    Temperature
   -2.05644e+05    3.38162e+04   -1.71828e+05   -1.69901e+05    2.97361e+02
 Pres. DC (bar) Pressure (bar)   Constr. rmsd
   -2.44010e+02   -7.60535e+01    2.41532e-06

           Step           Time
           9000       18.00000

   Energies (kJ/mol)
           Bond          Angle    Proper Dih.  Improper Dih.          LJ-14
    1.33864e+03    2.93081e+03    3.72254e+03    6.01936e+01    1.44828e+03
     Coulomb-14        LJ (SR)  Disper. corr.   Coulomb (SR)   Coul. recip.
   -2.92384e+03    2.30995e+04   -1.93502e+03   -2.34073e+05    1.22294e+03
      Potential    Kinetic En.   Total Energy  Conserved En.    Temperature
   -2.05109e+05    3.44015e+04   -1.70707e+05   -1.69876e+05    3.02508e+02
 Pres. DC (bar) Pressure (bar)   Constr. rmsd
   -2.46703e+02    1.28096e+02    2.24587e-06

           Step           Time
           9500       19.00000

   Energies (kJ/mol)
           Bond          Angle    Proper Dih.  Improper Dih.          LJ-14
    1.29670e+03    2.90201e+03    3.64215e+03    7.03284e+01    1.38239e+03
     Coulomb-14        LJ (SR)  Disper. corr.   Coulomb (SR)   Coul. recip.
   -2.94851e+03    2.27902e+04   -1.93151e+03   -2.33369e+05    1.18024e+03
      Potential    Kinetic En.   Total Energy  Conserved En.    Temperature
   -2.04985e+05    3.41850e+04   -1.70800e+05   -1.69888e+05    3.00604e+02
 Pres. DC (bar) Pressure (bar)   Constr. rmsd
   -2.45811e+02   -3.54275e+02    2.56927e-06

           Step           Time
          10000       20.00000

   Energies (kJ/mol)
           Bond          Angle    Proper Dih.  Improper Dih.          LJ-14
    1.25153e+03    3.08903e+03    3.64569e+03    8.03817e+01    1.39744e+03
     Coulomb-14        LJ (SR)  Disper. corr.   Coulomb (SR)   Coul. recip.
   -3.09826e+03    2.26079e+04   -1.92812e+03   -2.33352e+05    1.22822e+03
      Potential    Kinetic En.   Total Energy  Conserved En.    Temperature
   -2.05078e+05    3.37640e+04   -1.71314e+05   -1.69881e+05    2.96902e+02
 Pres. DC (bar) Pressure (bar)   Constr. rmsd
   -2.44949e+02   -3.16132e+02    2.31103e-06

           Step           Time
          10500       21.00000

   Energies (kJ/mol)
           Bond          Angle    Proper Dih.  Improper Dih.          LJ-14
    1.24745e+03    2.96568e+03    3.70483e+03    7.22234e+01    1.44859e+03
     Coulomb-14        LJ (SR)  Disper. corr.   Coulomb (SR)   Coul. recip.
   -2.99296e+03    2.30869e+04   -1.91493e+03   -2.34179e+05    1.18079e+03
      Potential    Kinetic En.   Total Energy  Conserved En.    Temperature
   -2.05381e+05    3.44609e+04   -1.70920e+05   -1.69887e+05    3.03030e+02
 Pres. DC (bar) Pressure (bar)   Constr. rmsd
   -2.41615e+02    1.12885e+02    2.60850e-06

           Step           Time
          11000       22.00000

   Energies (kJ/mol)
           Bond          Angle    Proper Dih.  Improper Dih.          LJ-14
    1.32207e+03    2.97205e+03    3.71762e+03    8.98764e+01    1.45038e+03
     Coulomb-14        LJ (SR)  Disper. corr.   Coulomb (SR)   Coul. recip.
   -3.03355e+03    2.32866e+04   -1.92141e+03   -2.33537e+05    1.22727e+03
      Potential    Kinetic En.   Total Energy  Conserved En.    Temperature
   -2.04426e+05    3.42039e+04   -1.70222e+05   -1.69865e+05    3.00770e+02
 Pres. DC (bar) Pressure (bar)   Constr. rmsd
   -2.43251e+02    4.67217e+02    2.08261e-06

           Step           Time
          11500       23.00000

   Energies (kJ/mol)
           Bond          Angle    Proper Dih.  Improper Dih.          LJ-14
    1.35289e+03    3.03005e+03    3.63451e+03    6.89115e+01    1.35671e+03
     Coulomb-14        LJ (SR)  Disper. corr.   Coulomb (SR)   Coul. recip.
   -3.03598e+03    2.31584e+04   -1.91503e+03   -2.32887e+05    1.25860e+03
      Potential    Kinetic En.   Total Energy  Conserved En.    Temperature
   -2.03978e+05    3.41818e+04   -1.69796e+05   -1.69886e+05    3.00576e+02
 Pres. DC (bar) Pressure (bar)   Constr. rmsd
   -2.41639e+02   -1.00922e-01    3.01101e-06

           Step           Time
          12000       24.00000

   Energies (kJ/mol)
           Bond          Angle    Proper Dih.  Improper Dih.          LJ-14
    1.30064e+03    2.99194e+03    3.67147e+03    8.59740e+01    1.36843e+03
     Coulomb-14        LJ (SR)  Disper. corr.   Coulomb (SR)   Coul. recip.
   -3.11577e+03    2.26777e+04   -1.91277e+03   -2.32765e+05    1.25918e+03
      Potential    Kinetic En.   Total Energy  Conserved En.    Temperature
   -2.04439e+05    3.47701e+04   -1.69668e+05   -1.69898e+05    3.05749e+02
 Pres. DC (bar) Pressure (bar)   Constr. rmsd
   -2.41069e+02   -3.35706e+02    2.73169e-06

           Step           Time
          12500       25.00000

   Energies (kJ/mol)
           Bond          Angle    Proper Dih.  Improper Dih.          LJ-14
    1.26317e+03    2.86107e+03    3.68067e+03    7.59340e+01    1.49215e+03
     Coulomb-14        LJ (SR)  Disper. corr.   Coulomb (SR)   Coul. recip.
   -2.86724e+03    2.32912e+04   -1.92850e+03   -2.33735e+05    1.21077e+03
      Potential    Kinetic En.   Total Energy  Conserved En.    Temperature
   -2.04656e+05    3.37777e+04   -1.70878e+05   -1.69875e+05    2.97023e+02
 Pres. DC (bar) Pressure (bar)   Constr. rmsd
   -2.45047e+02    8.33578e+02    2.15397e-06

           Step           Time
          13000       26.00000

   Energies (kJ/mol)
           Bond          Angle    Proper Dih.  Improper Dih.          LJ-14
    1.33382e+03    2.89213e+03    3.62135e+03    6.74799e+01    1.45933e+03
     Coulomb-14        LJ (SR)  Disper. corr.   Coulomb (SR)   Coul. recip.
   -2.96480e+03    2.27638e+04   -1.91315e+03   -2.33151e+05    1.24948e+03
      Potential    Kinetic En.   Total Energy  Conserved En.    Temperature
   -2.04641e+05    3.49021e+04   -1.69739e+05   -1.69897e+05    3.06910e+02
 Pres. DC (bar) Pressure (bar)   Constr. rmsd
   -2.41165e+02    4.35607e+01    2.53614e-06

           Step           Time
          13500       27.00000

   Energies (kJ/mol)
           Bond          Angle    Proper Dih.  Improper Dih.          LJ-14
    1.24322e+03    2.93575e+03    3.59884e+03    7.23519e+01    1.43737e+03
     Coulomb-14        LJ (SR)  Disper. corr.   Coulomb (SR)   Coul. recip.
   -2.94872e+03    2.28885e+04   -1.93916e+03   -2.33601e+05    1.26989e+03
      Potential    Kinetic En.   Total Energy  Conserved En.    Temperature
   -2.05043e+05    3.46068e+04   -1.70437e+05   -1.69893e+05    3.04313e+02
 Pres. DC (bar) Pressure (bar)   Constr. rmsd
   -2.47760e+02    3.53603e+02    2.48258e-06

           Step           Time
          14000       28.00000

   Energies (kJ/mol)
           Bond          Angle    Proper Dih.  Improper Dih.          LJ-14
    1.18568e+03    3.10063e+03    3.58595e+03    7.73278e+01    1.43877e+03
     Coulomb-14        LJ (SR)  Disper. corr.   Coulomb (SR)   Coul. recip.
   -2.95716e+03    2.28509e+04   -1.92730e+03   -2.33119e+05    1.23216e+03
      Potential    Kinetic En.   Total Energy  Conserved En.    Temperature
   -2.04532e+05    3.42398e+04   -1.70292e+05   -1.69878e+05    3.01086e+02
 Pres. DC (bar) Pressure (bar)   Constr. rmsd
   -2.44742e+02    3.76941e+01    2.10612e-06

           Step           Time
          14500       29.00000

   Energies (kJ/mol)
           Bond          Angle    Proper Dih.  Improper Dih.          LJ-14
    1.37202e+03    3.06103e+03    3.58587e+03    8.02579e+01    1.40577e+03
     Coulomb-14        LJ (SR)  Disper. corr.   Coulomb (SR)   Coul. recip.
   -2.99320e+03    2.39528e+04   -1.92340e+03   -2.34676e+05    1.19950e+03
      Potential    Kinetic En.   Total Energy  Conserved En.    Temperature
   -2.04935e+05    3.42435e+04   -1.70692e+05   -1.69873e+05    3.01119e+02
 Pres. DC (bar) Pressure (bar)   Constr. rmsd
   -2.43752e+02    3.44725e+02    3.27999e-06

           Step           Time
          15000       30.00000

   Energies (kJ/mol)
           Bond          Angle    Proper Dih.  Improper Dih.          LJ-14
    1.28341e+03    2.97071e+03    3.64094e+03    5.82619e+01    1.40158e+03
     Coulomb-14        LJ (SR)  Disper. corr.   Coulomb (SR)   Coul. recip.
   -3.09689e+03    2.20301e+04   -1.92048e+03   -2.32554e+05    1.19290e+03
      Potential    Kinetic En.   Total Energy  Conserved En.    Temperature
   -2.04994e+05    3.42490e+04   -1.70745e+05   -1.69899e+05    3.01167e+02
 Pres. DC (bar) Pressure (bar)   Constr. rmsd
   -2.43014e+02   -3.42478e+02    2.64976e-06

           Step           Time
          15500       31.00000

   Energies (kJ/mol)
           Bond          Angle    Proper Dih.  Improper Dih.          LJ-14
    1.28784e+03    2.97525e+03    3.62786e+03    7.06222e+01    1.39791e+03
     Coulomb-14        LJ (SR)  Disper. corr.   Coulomb (SR)   Coul. recip.
   -3.06801e+03    2.23442e+04   -1.93544e+03   -2.32374e+05    1.27531e+03
      Potential    Kinetic En.   Total Energy  Conserved En.    Temperature
   -2.04398e+05    3.42236e+04   -1.70175e+05   -1.69885e+05    3.00943e+02
 Pres. DC (bar) Pressure (bar)   Constr. rmsd
   -2.46812e+02    1.56182e+02    2.75513e-06

           Step           Time
          16000       32.00000

   Energies (kJ/mol)
           Bond          Angle    Proper Dih.  Improper Dih.          LJ-14
    1.27909e+03    2.97120e+03    3.64397e+03    5.35355e+01    1.39204e+03
     Coulomb-14        LJ (SR)  Disper. corr.   Coulomb (SR)   Coul. recip.
   -2.86530e+03    2.28472e+04   -1.94440e+03   -2.33774e+05    1.22148e+03
      Potential    Kinetic En.   Total Energy  Conserved En.    Temperature
   -2.05175e+05    3.37873e+04   -1.71388e+05   -1.69876e+05    2.97107e+02
 Pres. DC (bar) Pressure (bar)   Constr. rmsd
   -2.49099e+02   -1.12365e+02    2.08890e-06

           Step           Time
          16500       33.00000

   Energies (kJ/mol)
           Bond          Angle    Proper Dih.  Improper Dih.          LJ-14
    1.25662e+03    2.97447e+03    3.63941e+03    5.68953e+01    1.43029e+03
     Coulomb-14        LJ (SR)  Disper. corr.   Coulomb (SR)   Coul. recip.
   -2.88514e+03    2.24341e+04   -1.92561e+03   -2.32789e+05    1.28361e+03
      Potential    Kinetic En.   Total Energy  Conserved En.    Temperature
   -2.04525e+05    3.43228e+04   -1.70202e+05   -1.69877e+05    3.01816e+02
 Pres. DC (bar) Pressure (bar)   Constr. rmsd
   -2.44313e+02   -8.01313e+01    2.66392e-06

           Step           Time
          17000       34.00000

   Energies (kJ/mol)
           Bond          Angle    Proper Dih.  Improper Dih.          LJ-14
    1.28556e+03    2.99473e+03    3.60643e+03    6.43044e+01    1.37423e+03
     Coulomb-14        LJ (SR)  Disper. corr.   Coulomb (SR)   Coul. recip.
   -2.95836e+03    2.27701e+04   -1.93285e+03   -2.33494e+05    1.25616e+03
      Potential    Kinetic En.   Total Energy  Conserved En.    Temperature
   -2.05034e+05    3.39824e+04   -1.71051e+05   -1.69880e+05    2.98822e+02
 Pres. DC (bar) Pressure (bar)   Constr. rmsd
   -2.46152e+02   -5.58371e+01    2.45930e-06

           Step           Time
          17500       35.00000

   Energies (kJ/mol)
           Bond          Angle    Proper Dih.  Improper Dih.          LJ-14
    1.31647e+03    2.97807e+03    3.70597e+03    6.26444e+01    1.42547e+03
     Coulomb-14        LJ (SR)  Disper. corr.   Coulomb (SR)   Coul. recip.
   -3.05702e+03    2.29435e+04   -1.93644e+03   -2.33629e+05    1.23455e+03
      Potential    Kinetic En.   Total Energy  Conserved En.    Temperature
   -2.04956e+05    3.40134e+04   -1.70943e+05   -1.69874e+05    2.99095e+02
 Pres. DC (bar) Pressure (bar)   Constr. rmsd
   -2.47065e+02    1.85174e+02    2.64139e-06

           Step           Time
          18000       36.00000

   Energies (kJ/mol)
           Bond          Angle    Proper Dih.  Improper Dih.          LJ-14
    1.33665e+03    2.90899e+03    3.71107e+03    7.22489e+01    1.38899e+03
     Coulomb-14        LJ (SR)  Disper. corr.   Coulomb (SR)   Coul. recip.
   -3.01507e+03    2.24474e+04   -1.91926e+03   -2.32659e+05    1.18777e+03
      Potential    Kinetic En.   Total Energy  Conserved En.    Temperature
   -2.04540e+05    3.36644e+04   -1.70876e+05   -1.69882e+05    2.96026e+02
 Pres. DC (bar) Pressure (bar)   Constr. rmsd
   -2.42706e+02   -3.06750e+02    2.62949e-06

           Step           Time
          18500       37.00000

   Energies (kJ/mol)
           Bond          Angle    Proper Dih.  Improper Dih.          LJ-14
    1.30238e+03    3.13558e+03    3.61216e+03    7.12363e+01    1.36605e+03
     Coulomb-14        LJ (SR)  Disper. corr.   Coulomb (SR)   Coul. recip.
   -2.98941e+03    2.28276e+04   -1.92813e+03   -2.33067e+05    1.24574e+03
      Potential    Kinetic En.   Total Energy  Conserved En.    Temperature
   -2.04424e+05    3.38946e+04   -1.70529e+05   -1.69862e+05    2.98051e+02
 Pres. DC (bar) Pressure (bar)   Constr. rmsd
   -2.44954e+02   -1.68806e+02    2.91214e-06

           Step           Time
          19000       38.00000

   Energies (kJ/mol)
           Bond          Angle    Proper Dih.  Improper Dih.          LJ-14
    1.29660e+03    2.92170e+03    3.69658e+03    7.05320e+01    1.42651e+03
     Coulomb-14        LJ (SR)  Disper. corr.   Coulomb (SR)   Coul. recip.
   -2.92403e+03    2.25334e+04   -1.92704e+03   -2.32498e+05    1.20357e+03
      Potential    Kinetic En.   Total Energy  Conserved En.    Temperature
   -2.04200e+05    3.40655e+04   -1.70135e+05   -1.69865e+05    2.99553e+02
 Pres. DC (bar) Pressure (bar)   Constr. rmsd
   -2.44675e+02    1.41532e+02    2.29715e-06

           Step           Time
          19500       39.00000

   Energies (kJ/mol)
           Bond          Angle    Proper Dih.  Improper Dih.          LJ-14
    1.27009e+03    2.93920e+03    3.65485e+03    7.37159e+01    1.44962e+03
     Coulomb-14        LJ (SR)  Disper. corr.   Coulomb (SR)   Coul. recip.
   -3.01388e+03    2.33217e+04   -1.94880e+03   -2.34038e+05    1.27838e+03
      Potential    Kinetic En.   Total Energy  Conserved En.    Temperature
   -2.05014e+05    3.40456e+04   -1.70968e+05   -1.69861e+05    2.99378e+02
 Pres. DC (bar) Pressure (bar)   Constr. rmsd
   -2.50227e+02    6.06132e+02    2.93902e-06

           Step           Time
          20000       40.00000

   Energies (kJ/mol)
           Bond          Angle    Proper Dih.  Improper Dih.          LJ-14
    1.22690e+03    2.98308e+03    3.67728e+03    6.37447e+01    1.42603e+03
     Coulomb-14        LJ (SR)  Disper. corr.   Coulomb (SR)   Coul. recip.
   -2.92678e+03    2.28841e+04   -1.92172e+03   -2.33525e+05    1.27519e+03
      Potential    Kinetic En.   Total Energy  Conserved En.    Temperature
   -2.04837e+05    3.41185e+04   -1.70719e+05   -1.69864e+05    3.00019e+02
 Pres. DC (bar) Pressure (bar)   Constr. rmsd
   -2.43329e+02    1.25328e+02    2.74045e-06

           Step           Time
          20500       41.00000

   Energies (kJ/mol)
           Bond          Angle    Proper Dih.  Improper Dih.          LJ-14
    1.25507e+03    3.00067e+03    3.69700e+03    7.16489e+01    1.43798e+03
     Coulomb-14        LJ (SR)  Disper. corr.   Coulomb (SR)   Coul. recip.
   -2.96625e+03    2.28638e+04   -1.91857e+03   -2.33639e+05    1.21961e+03
      Potential    Kinetic En.   Total Energy  Conserved En.    Temperature
   -2.04978e+05    3.41405e+04   -1.70838e+05   -1.69872e+05    3.00213e+02
 Pres. DC (bar) Pressure (bar)   Constr. rmsd
   -2.42533e+02   -3.09171e+01    2.31275e-06

           Step           Time
          21000       42.00000

   Energies (kJ/mol)
           Bond          Angle    Proper Dih.  Improper Dih.          LJ-14
    1.26934e+03    2.97790e+03    3.65021e+03    7.11531e+01    1.41203e+03
     Coulomb-14        LJ (SR)  Disper. corr.   Coulomb (SR)   Coul. recip.
   -3.00056e+03    2.35450e+04   -1.91983e+03   -2.34733e+05    1.20718e+03
      Potential    Kinetic En.   Total Energy  Conserved En.    Temperature
   -2.05520e+05    3.38226e+04   -1.71698e+05   -1.69861e+05    2.97417e+02
 Pres. DC (bar) Pressure (bar)   Constr. rmsd
   -2.42850e+02    1.86359e+01    2.06867e-06

           Step           Time
          21500       43.00000

   Energies (kJ/mol)
           Bond          Angle    Proper Dih.  Improper Dih.          LJ-14
    1.32445e+03    2.93476e+03    3.63036e+03    8.07942e+01    1.42675e+03
     Coulomb-14        LJ (SR)  Disper. corr.   Coulomb (SR)   Coul. recip.
   -3.14112e+03    2.28003e+04   -1.91650e+03   -2.33296e+05    1.21700e+03
      Potential    Kinetic En.   Total Energy  Conserved En.    Temperature
   -2.04939e+05    3.38427e+04   -1.71096e+05   -1.69868e+05    2.97594e+02
 Pres. DC (bar) Pressure (bar)   Constr. rmsd
   -2.42009e+02    1.84464e+02    2.82510e-06

           Step           Time
          22000       44.00000

   Energies (kJ/mol)
           Bond          Angle    Proper Dih.  Improper Dih.          LJ-14
    1.35799e+03    2.99389e+03    3.65367e+03    8.62498e+01    1.40892e+03
     Coulomb-14        LJ (SR)  Disper. corr.   Coulomb (SR)   Coul. recip.
   -2.88782e+03    2.33557e+04   -1.93577e+03   -2.34235e+05    1.19063e+03
      Potential    Kinetic En.   Total Energy  Conserved En.    Temperature
   -2.05011e+05    3.39745e+04   -1.71037e+05   -1.69846e+05    2.98753e+02
 Pres. DC (bar) Pressure (bar)   Constr. rmsd
   -2.46894e+02    4.15037e+02    2.41700e-06

           Step           Time
          22500       45.00000

   Energies (kJ/mol)
           Bond          Angle    Proper Dih.  Improper Dih.          LJ-14
    1.27664e+03    3.02162e+03    3.68150e+03    8.34954e+01    1.39968e+03
     Coulomb-14        LJ (SR)  Disper. corr.   Coulomb (SR)   Coul. recip.
   -2.94848e+03    2.27157e+04   -1.90895e+03   -2.33007e+05    1.27611e+03
      Potential    Kinetic En.   Total Energy  Conserved En.    Temperature
   -2.04409e+05    3.40813e+04   -1.70328e+05   -1.69858e+05    2.99692e+02
 Pres. DC (bar) Pressure (bar)   Constr. rmsd
   -2.40109e+02   -9.64753e+01    2.59428e-06

           Step           Time
          23000       46.00000

   Energies (kJ/mol)
           Bond          Angle    Proper Dih.  Improper Dih.          LJ-14
    1.25275e+03    2.79133e+03    3.73713e+03    7.66411e+01    1.42408e+03
     Coulomb-14        LJ (SR)  Disper. corr.   Coulomb (SR)   Coul. recip.
   -2.90137e+03    2.35815e+04   -1.93073e+03   -2.34072e+05    1.21748e+03
      Potential    Kinetic En.   Total Energy  Conserved En.    Temperature
   -2.04823e+05    3.43663e+04   -1.70456e+05   -1.69864e+05    3.02198e+02
 Pres. DC (bar) Pressure (bar)   Constr. rmsd
   -2.45613e+02    2.99521e+02    2.29834e-06

           Step           Time
          23500       47.00000

   Energies (kJ/mol)
           Bond          Angle    Proper Dih.  Improper Dih.          LJ-14
    1.21347e+03    2.89087e+03    3.66661e+03    7.76372e+01    1.44602e+03
     Coulomb-14        LJ (SR)  Disper. corr.   Coulomb (SR)   Coul. recip.
   -3.01384e+03    2.21891e+04   -1.91193e+03   -2.32570e+05    1.29910e+03
      Potential    Kinetic En.   Total Energy  Conserved En.    Temperature
   -2.04713e+05    3.42502e+04   -1.70462e+05   -1.69875e+05    3.01177e+02
 Pres. DC (bar) Pressure (bar)   Constr. rmsd
   -2.40859e+02   -4.23447e+02    2.78181e-06

           Step           Time
          24000       48.00000

   Energies (kJ/mol)
           Bond          Angle    Proper Dih.  Improper Dih.          LJ-14
    1.32964e+03    3.03491e+03    3.70836e+03    8.17961e+01    1.44324e+03
     Coulomb-14        LJ (SR)  Disper. corr.   Coulomb (SR)   Coul. recip.
   -3.00035e+03    2.26670e+04   -1.93252e+03   -2.33086e+05    1.24449e+03
      Potential    Kinetic En.   Total Energy  Conserved En.    Temperature
   -2.04509e+05    3.38811e+04   -1.70628e+05   -1.69856e+05    2.97931e+02
 Pres. DC (bar) Pressure (bar)   Constr. rmsd
   -2.46068e+02    2.03315e+02    2.62255e-06

           Step           Time
          24500       49.00000

   Energies (kJ/mol)
           Bond          Angle    Proper Dih.  Improper Dih.          LJ-14
    1.26634e+03    2.91560e+03    3.72766e+03    8.09674e+01    1.41031e+03
     Coulomb-14        LJ (SR)  Disper. corr.   Coulomb (SR)   Coul. recip.
   -2.95130e+03    2.27445e+04   -1.91109e+03   -2.33032e+05    1.24523e+03
      Potential    Kinetic En.   Total Energy  Conserved En.    Temperature
   -2.04504e+05    3.36673e+04   -1.70837e+05   -1.69854e+05    2.96052e+02
 Pres. DC (bar) Pressure (bar)   Constr. rmsd
   -2.40648e+02   -5.88746e+02    2.42570e-06

           Step           Time
          25000       50.00000

   Energies (kJ/mol)
           Bond          Angle    Proper Dih.  Improper Dih.          LJ-14
    1.30388e+03    2.93793e+03    3.65667e+03    7.08972e+01    1.42077e+03
     Coulomb-14        LJ (SR)  Disper. corr.   Coulomb (SR)   Coul. recip.
   -2.94207e+03    2.39314e+04   -1.91073e+03   -2.34837e+05    1.27900e+03
      Potential    Kinetic En.   Total Energy  Conserved En.    Temperature
   -2.05089e+05    3.41977e+04   -1.70891e+05   -1.69855e+05    3.00716e+02
 Pres. DC (bar) Pressure (bar)   Constr. rmsd
   -2.40558e+02    9.67926e+01    2.69756e-06

           Step           Time
          25500       51.00000

   Energies (kJ/mol)
           Bond          Angle    Proper Dih.  Improper Dih.          LJ-14
    1.29377e+03    2.94933e+03    3.72353e+03    7.38532e+01    1.38690e+03
     Coulomb-14        LJ (SR)  Disper. corr.   Coulomb (SR)   Coul. recip.
   -2.94788e+03    2.41423e+04   -1.92128e+03   -2.34777e+05    1.25082e+03
      Potential    Kinetic En.   Total Energy  Conserved En.    Temperature
   -2.04826e+05    3.44066e+04   -1.70419e+05   -1.69843e+05    3.02553e+02
 Pres. DC (bar) Pressure (bar)   Constr. rmsd
   -2.43216e+02    3.51883e+02    2.34782e-06

           Step           Time
          26000       52.00000

   Energies (kJ/mol)
           Bond          Angle    Proper Dih.  Improper Dih.          LJ-14
    1.28925e+03    2.98905e+03    3.62422e+03    6.49986e+01    1.41768e+03
     Coulomb-14        LJ (SR)  Disper. corr.   Coulomb (SR)   Coul. recip.
   -3.05564e+03    2.30697e+04   -1.92060e+03   -2.33074e+05    1.24836e+03
      Potential    Kinetic En.   Total Energy  Conserved En.    Temperature
   -2.04347e+05    3.39538e+04   -1.70393e+05   -1.69842e+05    2.98571e+02
 Pres. DC (bar) Pressure (bar)   Constr. rmsd
   -2.43046e+02    8.51057e+01    2.52478e-06

           Step           Time
          26500       53.00000

   Energies (kJ/mol)
           Bond          Angle    Proper Dih.  Improper Dih.          LJ-14
    1.29450e+03    2.92500e+03    3.59874e+03    6.70092e+01    1.40615e+03
     Coulomb-14        LJ (SR)  Disper. corr.   Coulomb (SR)   Coul. recip.
   -2.89162e+03    2.25007e+04   -1.92713e+03   -2.32784e+05    1.22664e+03
      Potential    Kinetic En.   Total Energy  Conserved En.    Temperature
   -2.04584e+05    3.42546e+04   -1.70329e+05   -1.69840e+05    3.01216e+02
 Pres. DC (bar) Pressure (bar)   Constr. rmsd
   -2.44698e+02   -1.75599e+02    2.66819e-06

           Step           Time
          27000       54.00000

   Energies (kJ/mol)
           Bond          Angle    Proper Dih.  Improper Dih.          LJ-14
    1.23759e+03    2.97564e+03    3.68723e+03    9.11501e+01    1.40485e+03
     Coulomb-14        LJ (SR)  Disper. corr.   Coulomb (SR)   Coul. recip.
   -2.93775e+03    2.29014e+04   -1.93321e+03   -2.33702e+05    1.27417e+03
      Potential    Kinetic En.   Total Energy  Conserved En.    Temperature
   -2.05001e+05    3.40217e+04   -1.70979e+05   -1.69853e+05    2.99168e+02
 Pres. DC (bar) Pressure (bar)   Constr. rmsd
   -2.46244e+02    1.67066e+02    2.44303e-06

           Step           Time
          27500       55.00000

   Energies (kJ/mol)
           Bond          Angle    Proper Dih.  Improper Dih.          LJ-14
    1.36799e+03    2.99172e+03    3.61199e+03    8.37767e+01    1.36253e+03
     Coulomb-14        LJ (SR)  Disper. corr.   Coulomb (SR)   Coul. recip.
   -3.00056e+03    2.29626e+04   -1.93618e+03   -2.33769e+05    1.22214e+03
      Potential    Kinetic En.   Total Energy  Conserved En.    Temperature
   -2.05103e+05    3.40480e+04   -1.71055e+05   -1.69851e+05    2.99400e+02
 Pres. DC (bar) Pressure (bar)   Constr. rmsd
   -2.47000e+02   -1.31586e+02    3.13903e-06

           Step           Time
          28000       56.00000

   Energies (kJ/mol)
           Bond          Angle    Proper Dih.  Improper Dih.          LJ-14
    1.28141e+03    2.89795e+03    3.65457e+03    7.71595e+01    1.43422e+03
     Coulomb-14        LJ (SR)  Disper. corr.   Coulomb (SR)   Coul. recip.
   -2.90399e+03    2.30652e+04   -1.92921e+03   -2.33382e+05    1.25416e+03
      Potential    Kinetic En.   Total Energy  Conserved En.    Temperature
   -2.04551e+05    3.41456e+04   -1.70405e+05   -1.69855e+05    3.00258e+02
 Pres. DC (bar) Pressure (bar)   Constr. rmsd
   -2.45227e+02    2.71653e+02    2.79395e-06

           Step           Time
          28500       57.00000

   Energies (kJ/mol)
           Bond          Angle    Proper Dih.  Improper Dih.          LJ-14
    1.21943e+03    2.95852e+03    3.62712e+03    6.35828e+01    1.45704e+03
     Coulomb-14        LJ (SR)  Disper. corr.   Coulomb (SR)   Coul. recip.
   -2.91097e+03    2.28646e+04   -1.92441e+03   -2.33201e+05    1.27648e+03
      Potential    Kinetic En.   Total Energy  Conserved En.    Temperature
   -2.04569e+05    3.44950e+04   -1.70074e+05   -1.69864e+05    3.03330e+02
 Pres. DC (bar) Pressure (bar)   Constr. rmsd
   -2.44010e+02    2.78667e+02    2.46193e-06

           Step           Time
          29000       58.00000

   Energies (kJ/mol)
           Bond          Angle    Proper Dih.  Improper Dih.          LJ-14
    1.27177e+03    2.91769e+03    3.65810e+03    6.81440e+01    1.37828e+03
     Coulomb-14        LJ (SR)  Disper. corr.   Coulomb (SR)   Coul. recip.
   -2.97621e+03    2.27015e+04   -1.93068e+03   -2.32979e+05    1.27392e+03
      Potential    Kinetic En.   Total Energy  Conserved En.    Temperature
   -2.04617e+05    3.44823e+04   -1.70134e+05   -1.69840e+05    3.03218e+02
 Pres. DC (bar) Pressure (bar)   Constr. rmsd
   -2.45600e+02   -1.77432e+02    2.08467e-06

           Step           Time
          29500       59.00000

   Energies (kJ/mol)
           Bond          Angle    Proper Dih.  Improper Dih.          LJ-14
    1.38140e+03    2.82097e+03    3.66667e+03    8.16097e+01    1.43471e+03
     Coulomb-14        LJ (SR)  Disper. corr.   Coulomb (SR)   Coul. recip.
   -2.91065e+03    2.26927e+04   -1.92603e+03   -2.33372e+05    1.23279e+03
      Potential    Kinetic En.   Total Energy  Conserved En.    Temperature
   -2.04898e+05    3.34371e+04   -1.71461e+05   -1.69838e+05    2.94028e+02
 Pres. DC (bar) Pressure (bar)   Constr. rmsd
   -2.44419e+02   -2.80226e+00    2.79885e-06

           Step           Time
          30000       60.00000

   Energies (kJ/mol)
           Bond          Angle    Proper Dih.  Improper Dih.          LJ-14
    1.16307e+03    2.90072e+03    3.70313e+03    7.97761e+01    1.42582e+03
     Coulomb-14        LJ (SR)  Disper. corr.   Coulomb (SR)   Coul. recip.
   -3.02098e+03    2.30260e+04   -1.92900e+03   -2.33256e+05    1.23727e+03
      Potential    Kinetic En.   Total Energy  Conserved En.    Temperature
   -2.04671e+05    3.42371e+04   -1.70433e+05   -1.69852e+05    3.01062e+02
 Pres. DC (bar) Pressure (bar)   Constr. rmsd
   -2.45172e+02    1.08384e+02    2.73058e-06

           Step           Time
          30500       61.00000

   Energies (kJ/mol)
           Bond          Angle    Proper Dih.  Improper Dih.          LJ-14
    1.19101e+03    3.00437e+03    3.68045e+03    6.78502e+01    1.45644e+03
     Coulomb-14        LJ (SR)  Disper. corr.   Coulomb (SR)   Coul. recip.
   -2.86090e+03    2.31734e+04   -1.92307e+03   -2.33246e+05    1.21752e+03
      Potential    Kinetic En.   Total Energy  Conserved En.    Temperature
   -2.04239e+05    3.38569e+04   -1.70382e+05   -1.69841e+05    2.97719e+02
 Pres. DC (bar) Pressure (bar)   Constr. rmsd
   -2.43669e+02    5.38731e+02    2.82023e-06

           Step           Time
          31000       62.00000

   Energies (kJ/mol)
           Bond          Angle    Proper Dih.  Improper Dih.          LJ-14
    1.28699e+03    2.79863e+03    3.65660e+03    7.04660e+01    1.40915e+03
     Coulomb-14        LJ (SR)  Disper. corr.   Coulomb (SR)   Coul. recip.
   -2.85441e+03    2.33908e+04   -1.92322e+03   -2.33938e+05    1.18622e+03
      Potential    Kinetic En.   Total Energy  Conserved En.    Temperature
   -2.04917e+05    3.43973e+04   -1.70519e+05   -1.69846e+05    3.02471e+02
 Pres. DC (bar) Pressure (bar)   Constr. rmsd
   -2.43709e+02    2.02302e+02    2.80302e-06

           Step           Time
          31500       63.00000

   Energies (kJ/mol)
           Bond          Angle    Proper Dih.  Improper Dih.          LJ-14
    1.26240e+03    2.81116e+03    3.61156e+03    6.82586e+01    1.43041e+03
     Coulomb-14        LJ (SR)  Disper. corr.   Coulomb (SR)   Coul. recip.
   -3.04063e+03    2.25121e+04   -1.92081e+03   -2.32729e+05    1.22141e+03
      Potential    Kinetic En.   Total Energy  Conserved En.    Temperature
   -2.04773e+05    3.49057e+04   -1.69867e+05   -1.69859e+05    3.06941e+02
 Pres. DC (bar) Pressure (bar)   Constr. rmsd
   -2.43098e+02    3.61229e+01    2.58104e-06

           Step           Time
          32000       64.00000

   Energies (kJ/mol)
           Bond          Angle    Proper Dih.  Improper Dih.          LJ-14
    1.24410e+03    2.92990e+03    3.66113e+03    5.89791e+01    1.40840e+03
     Coulomb-14        LJ (SR)  Disper. corr.   Coulomb (SR)   Coul. recip.
   -2.95732e+03    2.31639e+04   -1.92368e+03   -2.33709e+05    1.27226e+03
      Potential    Kinetic En.   Total Energy  Conserved En.    Temperature
   -2.04851e+05    3.47568e+04   -1.70094e+05   -1.69837e+05    3.05632e+02
 Pres. DC (bar) Pressure (bar)   Constr. rmsd
   -2.43824e+02    8.64353e+01    2.92349e-06

           Step           Time
          32500       65.00000

   Energies (kJ/mol)
           Bond          Angle    Proper Dih.  Improper Dih.          LJ-14
    1.26833e+03    2.85133e+03    3.62369e+03    8.06519e+01    1.40506e+03
     Coulomb-14        LJ (SR)  Disper. corr.   Coulomb (SR)   Coul. recip.
   -2.81339e+03    2.29901e+04   -1.93842e+03   -2.33632e+05    1.19889e+03
      Potential    Kinetic En.   Total Energy  Conserved En.    Temperature
   -2.04965e+05    3.38236e+04   -1.71142e+05   -1.69849e+05    2.97426e+02
 Pres. DC (bar) Pressure (bar)   Constr. rmsd
   -2.47571e+02   -7.23982e+01    2.25042e-06

           Step           Time
          33000       66.00000

   Energies (kJ/mol)
           Bond          Angle    Proper Dih.  Improper Dih.          LJ-14
    1.23168e+03    2.98456e+03    3.61612e+03    6.16496e+01    1.42598e+03
     Coulomb-14        LJ (SR)  Disper. corr.   Coulomb (SR)   Coul. recip.
   -2.87429e+03    2.28570e+04   -1.93952e+03   -2.33630e+05    1.23694e+03
      Potential    Kinetic En.   Total Energy  Conserved En.    Temperature
   -2.05029e+05    3.43204e+04   -1.70709e+05   -1.69837e+05    3.01794e+02
 Pres. DC (bar) Pressure (bar)   Constr. rmsd
   -2.47852e+02    2.76902e+02    3.20636e-06

           Step           Time
          33500       67.00000

   Energies (kJ/mol)
           Bond          Angle    Proper Dih.  Improper Dih.          LJ-14
    1.32991e+03    3.00039e+03    3.61553e+03    9.18782e+01    1.42950e+03
     Coulomb-14        LJ (SR)  Disper. corr.   Coulomb (SR)   Coul. recip.
   -2.83750e+03    2.26704e+04   -1.91985e+03   -2.34121e+05    1.21584e+03
      Potential    Kinetic En.   Total Energy  Conserved En.    Temperature
   -2.05524e+05    3.41938e+04   -1.71331e+05   -1.69827e+05    3.00682e+02
 Pres. DC (bar) Pressure (bar)   Constr. rmsd
   -2.42855e+02   -2.43747e+02    2.52939e-06

           Step           Time
          34000       68.00000

   Energies (kJ/mol)
           Bond          Angle    Proper Dih.  Improper Dih.          LJ-14
    1.23003e+03    3.04198e+03    3.63784e+03    6.50816e+01    1.40818e+03
     Coulomb-14        LJ (SR)  Disper. corr.   Coulomb (SR)   Coul. recip.
   -2.95917e+03    2.25217e+04   -1.93309e+03   -2.33625e+05    1.27831e+03
      Potential    Kinetic En.   Total Energy  Conserved En.    Temperature
   -2.05334e+05    3.39873e+04   -1.71346e+05   -1.69839e+05    2.98866e+02
 Pres. DC (bar) Pressure (bar)   Constr. rmsd
   -2.46212e+02   -2.40007e+02    2.53491e-06

           Step           Time
          34500       69.00000

   Energies (kJ/mol)
           Bond          Angle    Proper Dih.  Improper Dih.          LJ-14
    1.32253e+03    2.91104e+03    3.67126e+03    7.23061e+01    1.34980e+03
     Coulomb-14        LJ (SR)  Disper. corr.   Coulomb (SR)   Coul. recip.
   -2.94269e+03    2.24213e+04   -1.94777e+03   -2.33259e+05    1.18855e+03
      Potential    Kinetic En.   Total Energy  Conserved En.    Temperature
   -2.05213e+05    3.42446e+04   -1.70968e+05   -1.69847e+05    3.01128e+02
 Pres. DC (bar) Pressure (bar)   Constr. rmsd
   -2.49961e+02   -1.95125e+02    2.22977e-06

           Step           Time
          35000       70.00000

   Energies (kJ/mol)
           Bond          Angle    Proper Dih.  Improper Dih.          LJ-14
    1.31799e+03    2.85462e+03    3.70105e+03    7.41243e+01    1.43001e+03
     Coulomb-14        LJ (SR)  Disper. corr.   Coulomb (SR)   Coul. recip.
   -2.86794e+03    2.25564e+04   -1.93052e+03   -2.32999e+05    1.20546e+03
      Potential    Kinetic En.   Total Energy  Conserved En.    Temperature
   -2.04658e+05    3.39173e+04   -1.70740e+05   -1.69849e+05    2.98250e+02
 Pres. DC (bar) Pressure (bar)   Constr. rmsd
   -2.45558e+02   -2.08643e+02    2.36880e-06

           Step           Time
          35500       71.00000

   Energies (kJ/mol)
           Bond          Angle    Proper Dih.  Improper Dih.          LJ-14
    1.29707e+03    3.00410e+03    3.69466e+03    6.83215e+01    1.39782e+03
     Coulomb-14        LJ (SR)  Disper. corr.   Coulomb (SR)   Coul. recip.
   -3.09984e+03    2.26626e+04   -1.93483e+03   -2.33341e+05    1.23467e+03
      Potential    Kinetic En.   Total Energy  Conserved En.    Temperature
   -2.05017e+05    3.41625e+04   -1.70854e+05   -1.69842e+05    3.00406e+02
 Pres. DC (bar) Pressure (bar)   Constr. rmsd
   -2.46654e+02    1.57583e+01    2.53352e-06

           Step           Time
          36000       72.00000

   Energies (kJ/mol)
           Bond          Angle    Proper Dih.  Improper Dih.          LJ-14
    1.22974e+03    2.84372e+03    3.67657e+03    8.69269e+01    1.46265e+03
     Coulomb-14        LJ (SR)  Disper. corr.   Coulomb (SR)   Coul. recip.
   -2.96321e+03    2.26381e+04   -1.92427e+03   -2.33345e+05    1.19036e+03
      Potential    Kinetic En.   Total Energy  Conserved En.    Temperature
   -2.05104e+05    3.41916e+04   -1.70913e+05   -1.69847e+05    3.00662e+02
 Pres. DC (bar) Pressure (bar)   Constr. rmsd
   -2.43974e+02    1.79077e+02    2.27867e-06

           Step           Time
          36500       73.00000

   Energies (kJ/mol)
           Bond          Angle    Proper Dih.  Improper Dih.          LJ-14
    1.33789e+03    3.08512e+03    3.68158e+03    6.69459e+01    1.44596e+03
     Coulomb-14        LJ (SR)  Disper. corr.   Coulomb (SR)   Coul. recip.
   -3.11972e+03    2.32217e+04   -1.93084e+03   -2.34073e+05    1.28517e+03
      Potential    Kinetic En.   Total Energy  Conserved En.    Temperature
   -2.04999e+05    3.46368e+04   -1.70363e+05   -1.69838e+05    3.04577e+02
 Pres. DC (bar) Pressure (bar)   Constr. rmsd
   -2.45641e+02    1.03220e+02    2.34453e-06

           Step           Time
          37000       74.00000

   Energies (kJ/mol)
           Bond          Angle    Proper Dih.  Improper Dih.          LJ-14
    1.36996e+03    2.99003e+03    3.74309e+03    9.38707e+01    1.34449e+03
     Coulomb-14        LJ (SR)  Disper. corr.   Coulomb (SR)   Coul. recip.
   -3.17069e+03    2.24486e+04   -1.91925e+03   -2.32769e+05    1.22475e+03
      Potential    Kinetic En.   Total Energy  Conserved En.    Temperature
   -2.04644e+05    3.43176e+04   -1.70326e+05   -1.69836e+05    3.01770e+02
 Pres. DC (bar) Pressure (bar)   Constr. rmsd
   -2.42704e+02   -6.23723e+02    2.88044e-06

           Step           Time
          37500       75.00000

   Energies (kJ/mol)
           Bond          Angle    Proper Dih.  Improper Dih.          LJ-14
    1.41707e+03    2.94753e+03    3.65908e+03    6.12249e+01    1.36293e+03
     Coulomb-14        LJ (SR)  Disper. corr.   Coulomb (SR)   Coul. recip.
   -2.96740e+03    2.33079e+04   -1.94273e+03   -2.33929e+05    1.19394e+03
      Potential    Kinetic En.   Total Energy  Conserved En.    Temperature
   -2.04889e+05    3.40409e+04   -1.70848e+05   -1.69817e+05    2.99337e+02
 Pres. DC (bar) Pressure (bar)   Constr. rmsd
   -2.48673e+02    2.68737e+01    2.42115e-06

           Step           Time
          38000       76.00000

   Energies (kJ/mol)
           Bond          Angle    Proper Dih.  Improper Dih.          LJ-14
    1.25134e+03    3.04035e+03    3.61205e+03    8.03494e+01    1.43394e+03
     Coulomb-14        LJ (SR)  Disper. corr.   Coulomb (SR)   Coul. recip.
   -3.08423e+03    2.32979e+04   -1.94063e+03   -2.33632e+05    1.25947e+03
      Potential    Kinetic En.   Total Energy  Conserved En.    Temperature
   -2.04681e+05    3.40572e+04   -1.70624e+05   -1.69829e+05    2.99480e+02
 Pres. DC (bar) Pressure (bar)   Constr. rmsd
   -2.48135e+02    4.25416e+02    3.13404e-06

           Step           Time
          38500       77.00000

   Energies (kJ/mol)
           Bond          Angle    Proper Dih.  Improper Dih.          LJ-14
    1.32847e+03    2.99554e+03    3.57627e+03    8.57161e+01    1.35674e+03
     Coulomb-14        LJ (SR)  Disper. corr.   Coulomb (SR)   Coul. recip.
   -3.21089e+03    2.30279e+04   -1.90845e+03   -2.33047e+05    1.25861e+03
      Potential    Kinetic En.   Total Energy  Conserved En.    Temperature
   -2.04537e+05    3.41189e+04   -1.70418e+05   -1.69837e+05    3.00022e+02
 Pres. DC (bar) Pressure (bar)   Constr. rmsd
   -2.39982e+02    3.49544e+01    2.60123e-06

           Step           Time
          39000       78.00000

   Energies (kJ/mol)
           Bond          Angle    Proper Dih.  Improper Dih.          LJ-14
    1.20089e+03    3.02491e+03    3.67163e+03    7.79309e+01    1.46046e+03
     Coulomb-14        LJ (SR)  Disper. corr.   Coulomb (SR)   Coul. recip.
   -2.94413e+03    2.25440e+04   -1.91700e+03   -2.32333e+05    1.27926e+03
      Potential    Kinetic En.   Total Energy  Conserved En.    Temperature
   -2.03935e+05    3.40674e+04   -1.69868e+05   -1.69818e+05    2.99570e+02
 Pres. DC (bar) Pressure (bar)   Constr. rmsd
   -2.42137e+02   -6.96968e+00    2.07908e-06

           Step           Time
          39500       79.00000

   Energies (kJ/mol)
           Bond          Angle    Proper Dih.  Improper Dih.          LJ-14
    1.20331e+03    2.95828e+03    3.63257e+03    7.60251e+01    1.39669e+03
     Coulomb-14        LJ (SR)  Disper. corr.   Coulomb (SR)   Coul. recip.
   -2.87461e+03    2.24992e+04   -1.92529e+03   -2.32584e+05    1.23574e+03
      Potential    Kinetic En.   Total Energy  Conserved En.    Temperature
   -2.04382e+05    3.44230e+04   -1.69959e+05   -1.69834e+05    3.02697e+02
 Pres. DC (bar) Pressure (bar)   Constr. rmsd
   -2.44233e+02    3.43970e+01    2.42639e-06

           Step           Time
          40000       80.00000

   Energies (kJ/mol)
           Bond          Angle    Proper Dih.  Improper Dih.          LJ-14
    1.23730e+03    2.98164e+03    3.57698e+03    8.05175e+01    1.42596e+03
     Coulomb-14        LJ (SR)  Disper. corr.   Coulomb (SR)   Coul. recip.
   -3.01353e+03    2.26799e+04   -1.91900e+03   -2.32925e+05    1.24069e+03
      Potential    Kinetic En.   Total Energy  Conserved En.    Temperature
   -2.04635e+05    3.42237e+04   -1.70411e+05   -1.69832e+05    3.00945e+02
 Pres. DC (bar) Pressure (bar)   Constr. rmsd
   -2.42641e+02   -1.40200e+02    2.41087e-06

           Step           Time
          40500       81.00000

   Energies (kJ/mol)
           Bond          Angle    Proper Dih.  Improper Dih.          LJ-14
    1.35420e+03    2.86072e+03    3.64510e+03    7.67250e+01    1.37613e+03
     Coulomb-14        LJ (SR)  Disper. corr.   Coulomb (SR)   Coul. recip.
   -2.90273e+03    2.30334e+04   -1.92331e+03   -2.33478e+05    1.25695e+03
      Potential    Kinetic En.   Total Energy  Conserved En.    Temperature
   -2.04701e+05    3.44341e+04   -1.70267e+05   -1.69829e+05    3.02794e+02
 Pres. DC (bar) Pressure (bar)   Constr. rmsd
   -2.43731e+02    1.59480e+00    2.24171e-06

           Step           Time
          41000       82.00000

   Energies (kJ/mol)
           Bond          Angle    Proper Dih.  Improper Dih.          LJ-14
    1.28468e+03    2.82242e+03    3.65258e+03    6.70573e+01    1.41782e+03
     Coulomb-14        LJ (SR)  Disper. corr.   Coulomb (SR)   Coul. recip.
   -2.84902e+03    2.28594e+04   -1.92737e+03   -2.33354e+05    1.19271e+03
      Potential    Kinetic En.   Total Energy  Conserved En.    Temperature
   -2.04834e+05    3.36587e+04   -1.71176e+05   -1.69821e+05    2.95976e+02
 Pres. DC (bar) Pressure (bar)   Constr. rmsd
   -2.44760e+02   -1.01962e+02    2.48603e-06

           Step           Time
          41500       83.00000

   Energies (kJ/mol)
           Bond          Angle    Proper Dih.  Improper Dih.          LJ-14
    1.36201e+03    2.86964e+03    3.68534e+03    7.46594e+01    1.38792e+03
     Coulomb-14        LJ (SR)  Disper. corr.   Coulomb (SR)   Coul. recip.
   -2.94916e+03    2.24990e+04   -1.92368e+03   -2.32744e+05    1.25641e+03
      Potential    Kinetic En.   Total Energy  Conserved En.    Temperature
   -2.04482e+05    3.40464e+04   -1.70436e+05   -1.69825e+05    2.99385e+02
 Pres. DC (bar) Pressure (bar)   Constr. rmsd
   -2.43823e+02   -4.18249e+02    2.94773e-06

           Step           Time
          42000       84.00000

   Energies (kJ/mol)
           Bond          Angle    Proper Dih.  Improper Dih.          LJ-14
    1.32509e+03    3.00024e+03    3.67094e+03    6.84426e+01    1.43336e+03
     Coulomb-14        LJ (SR)  Disper. corr.   Coulomb (SR)   Coul. recip.
   -3.09443e+03    2.30074e+04   -1.93032e+03   -2.33653e+05    1.22330e+03
      Potential    Kinetic En.   Total Energy  Conserved En.    Temperature
   -2.04949e+05    3.39125e+04   -1.71037e+05   -1.69821e+05    2.98208e+02
 Pres. DC (bar) Pressure (bar)   Constr. rmsd
   -2.45508e+02    1.72168e+02    2.31198e-06

           Step           Time
          42500       85.00000

   Energies (kJ/mol)
           Bond          Angle    Proper Dih.  Improper Dih.          LJ-14
    1.29280e+03    3.07289e+03    3.67501e+03    6.99635e+01    1.40966e+03
     Coulomb-14        LJ (SR)  Disper. corr.   Coulomb (SR)   Coul. recip.
   -2.96852e+03    2.29265e+04   -1.90802e+03   -2.32352e+05    1.29183e+03
      Potential    Kinetic En.   Total Energy  Conserved En.    Temperature
   -2.03490e+05    3.42958e+04   -1.69195e+05   -1.69801e+05    3.01579e+02
 Pres. DC (bar) Pressure (bar)   Constr. rmsd
   -2.39874e+02    1.23445e+02    2.84868e-06

           Step           Time
          43000       86.00000

   Energies (kJ/mol)
           Bond          Angle    Proper Dih.  Improper Dih.          LJ-14
    1.36986e+03    2.89754e+03    3.55433e+03    7.99077e+01    1.41017e+03
     Coulomb-14        LJ (SR)  Disper. corr.   Coulomb (SR)   Coul. recip.
   -2.96321e+03    2.29047e+04   -1.91934e+03   -2.32843e+05    1.22657e+03
      Potential    Kinetic En.   Total Energy  Conserved En.    Temperature
   -2.04283e+05    3.37870e+04   -1.70496e+05   -1.69823e+05    2.97104e+02
 Pres. DC (bar) Pressure (bar)   Constr. rmsd
   -2.42727e+02   -9.62059e+01    2.48555e-06

           Step           Time
          43500       87.00000

   Energies (kJ/mol)
           Bond          Angle    Proper Dih.  Improper Dih.          LJ-14
    1.25491e+03    3.09966e+03    3.59420e+03    7.00468e+01    1.40237e+03
     Coulomb-14        LJ (SR)  Disper. corr.   Coulomb (SR)   Coul. recip.
   -3.09766e+03    2.24961e+04   -1.92961e+03   -2.32462e+05    1.23677e+03
      Potential    Kinetic En.   Total Energy  Conserved En.    Temperature
   -2.04335e+05    3.36598e+04   -1.70676e+05   -1.69821e+05    2.95986e+02
 Pres. DC (bar) Pressure (bar)   Constr. rmsd
   -2.45328e+02   -2.94453e+00    2.87623e-06

           Step           Time
          44000       88.00000

   Energies (kJ/mol)
           Bond          Angle    Proper Dih.  Improper Dih.          LJ-14
    1.27312e+03    2.90391e+03    3.60153e+03    6.53167e+01    1.42544e+03
     Coulomb-14        LJ (SR)  Disper. corr.   Coulomb (SR)   Coul. recip.
   -3.09695e+03    2.23425e+04   -1.92883e+03   -2.33335e+05    1.26567e+03
      Potential    Kinetic En.   Total Energy  Conserved En.    Temperature
   -2.05483e+05    3.47395e+04   -1.70744e+05   -1.69837e+05    3.05480e+02
 Pres. DC (bar) Pressure (bar)   Constr. rmsd
   -2.45129e+02   -2.25429e+02    2.61274e-06

           Step           Time
          44500       89.00000

   Energies (kJ/mol)
           Bond          Angle    Proper Dih.  Improper Dih.          LJ-14
    1.31798e+03    3.15848e+03    3.61980e+03    9.73306e+01    1.35869e+03
     Coulomb-14        LJ (SR)  Disper. corr.   Coulomb (SR)   Coul. recip.
   -3.12779e+03    2.33534e+04   -1.93091e+03   -2.33672e+05    1.27079e+03
      Potential    Kinetic En.   Total Energy  Conserved En.    Temperature
   -2.04554e+05    3.41417e+04   -1.70413e+05   -1.69811e+05    3.00223e+02
 Pres. DC (bar) Pressure (bar)   Constr. rmsd
   -2.45659e+02    1.78697e+02    2.22497e-06

           Step           Time
          45000       90.00000

   Energies (kJ/mol)
           Bond          Angle    Proper Dih.  Improper Dih.          LJ-14
    1.26501e+03    2.87995e+03    3.62746e+03    7.51756e+01    1.38675e+03
     Coulomb-14        LJ (SR)  Disper. corr.   Coulomb (SR)   Coul. recip.
   -3.00808e+03    2.22041e+04   -1.93113e+03   -2.32983e+05    1.18819e+03
      Potential    Kinetic En.   Total Energy  Conserved En.    Temperature
   -2.05295e+05    3.39661e+04   -1.71329e+05   -1.69828e+05    2.98679e+02
 Pres. DC (bar) Pressure (bar)   Constr. rmsd
   -2.45715e+02   -3.99556e+02    2.51639e-06

           Step           Time
          45500       91.00000

   Energies (kJ/mol)
           Bond          Angle    Proper Dih.  Improper Dih.          LJ-14
    1.33478e+03    2.87362e+03    3.61558e+03    7.85580e+01    1.38008e+03
     Coulomb-14        LJ (SR)  Disper. corr.   Coulomb (SR)   Coul. recip.
   -2.93610e+03    2.28786e+04   -1.93042e+03   -2.33616e+05    1.24797e+03
      Potential    Kinetic En.   Total Energy  Conserved En.    Temperature
   -2.05073e+05    3.37416e+04   -1.71332e+05   -1.69824e+05    2.96705e+02
 Pres. DC (bar) Pressure (bar)   Constr. rmsd
   -2.45535e+02   -2.16203e+02    2.60676e-06

           Step           Time
          46000       92.00000

   Energies (kJ/mol)
           Bond          Angle    Proper Dih.  Improper Dih.          LJ-14
    1.27642e+03    3.04667e+03    3.61611e+03    8.03389e+01    1.43105e+03
     Coulomb-14        LJ (SR)  Disper. corr.   Coulomb (SR)   Coul. recip.
   -2.98529e+03    2.28623e+04   -1.92529e+03   -2.33837e+05    1.20111e+03
      Potential    Kinetic En.   Total Energy  Conserved En.    Temperature
   -2.05234e+05    3.43437e+04   -1.70890e+05   -1.69828e+05    3.02000e+02
 Pres. DC (bar) Pressure (bar)   Constr. rmsd
   -2.44232e+02   -1.05945e+02    2.41274e-06

           Step           Time
          46500       93.00000

   Energies (kJ/mol)
           Bond          Angle    Proper Dih.  Improper Dih.          LJ-14
    1.37672e+03    2.95150e+03    3.63539e+03    7.84179e+01    1.38268e+03
     Coulomb-14        LJ (SR)  Disper. corr.   Coulomb (SR)   Coul. recip.
   -2.95216e+03    2.33326e+04   -1.93869e+03   -2.34475e+05    1.19764e+03
      Potential    Kinetic En.   Total Energy  Conserved En.    Temperature
   -2.05410e+05    3.49719e+04   -1.70439e+05   -1.69834e+05    3.07523e+02
 Pres. DC (bar) Pressure (bar)   Constr. rmsd
   -2.47640e+02    1.20821e+02    2.68065e-06

           Step           Time
          47000       94.00000

   Energies (kJ/mol)
           Bond          Angle    Proper Dih.  Improper Dih.          LJ-14
    1.35490e+03    2.94020e+03    3.63653e+03    8.45300e+01    1.39167e+03
     Coulomb-14        LJ (SR)  Disper. corr.   Coulomb (SR)   Coul. recip.
   -3.13249e+03    2.33012e+04   -1.93096e+03   -2.34502e+05    1.23765e+03
      Potential    Kinetic En.   Total Energy  Conserved En.    Temperature
   -2.05619e+05    3.40326e+04   -1.71586e+05   -1.69819e+05    2.99264e+02
 Pres. DC (bar) Pressure (bar)   Constr. rmsd
   -2.45670e+02    2.09863e+01    2.88081e-06

           Step           Time
          47500       95.00000

   Energies (kJ/mol)
           Bond          Angle    Proper Dih.  Improper Dih.          LJ-14
    1.32963e+03    3.06091e+03    3.59111e+03    7.48927e+01    1.42558e+03
     Coulomb-14        LJ (SR)  Disper. corr.   Coulomb (SR)   Coul. recip.
   -2.88966e+03    2.28850e+04   -1.93166e+03   -2.33427e+05    1.22414e+03
      Potential    Kinetic En.   Total Energy  Conserved En.    Temperature
   -2.04657e+05    3.44154e+04   -1.70242e+05   -1.69806e+05    3.02630e+02
 Pres. DC (bar) Pressure (bar)   Constr. rmsd
   -2.45848e+02    1.25384e+02    2.46861e-06

           Step           Time
          48000       96.00000

   Energies (kJ/mol)
           Bond          Angle    Proper Dih.  Improper Dih.          LJ-14
    1.26331e+03    3.02466e+03    3.59590e+03    7.39717e+01    1.45196e+03
     Coulomb-14        LJ (SR)  Disper. corr.   Coulomb (SR)   Coul. recip.
   -2.90813e+03    2.26902e+04   -1.91906e+03   -2.33074e+05    1.21123e+03
      Potential    Kinetic En.   Total Energy  Conserved En.    Temperature
   -2.04590e+05    3.37120e+04   -1.70878e+05   -1.69799e+05    2.96445e+02
 Pres. DC (bar) Pressure (bar)   Constr. rmsd
   -2.42655e+02    1.17600e+02    2.79581e-06

           Step           Time
          48500       97.00000

   Energies (kJ/mol)
           Bond          Angle    Proper Dih.  Improper Dih.          LJ-14
    1.27601e+03    2.90089e+03    3.63316e+03    6.60982e+01    1.43436e+03
     Coulomb-14        LJ (SR)  Disper. corr.   Coulomb (SR)   Coul. recip.
   -3.06871e+03    2.29862e+04   -1.93284e+03   -2.33457e+05    1.22680e+03
      Potential    Kinetic En.   Total Energy  Conserved En.    Temperature
   -2.04935e+05    3.36885e+04   -1.71247e+05   -1.69816e+05    2.96238e+02
 Pres. DC (bar) Pressure (bar)   Constr. rmsd
   -2.46149e+02   -3.72813e+01    2.88248e-06

           Step           Time
          49000       98.00000

   Energies (kJ/mol)
           Bond          Angle    Proper Dih.  Improper Dih.          LJ-14
    1.23939e+03    2.99773e+03    3.61265e+03    7.91398e+01    1.44099e+03
     Coulomb-14        LJ (SR)  Disper. corr.   Coulomb (SR)   Coul. recip.
   -3.08882e+03    2.26938e+04   -1.91998e+03   -2.32793e+05    1.20391e+03
      Potential    Kinetic En.   Total Energy  Conserved En.    Temperature
   -2.04535e+05    3.35644e+04   -1.70970e+05   -1.69796e+05    2.95147e+02
 Pres. DC (bar) Pressure (bar)   Constr. rmsd
   -2.42889e+02    1.70784e+02    2.35591e-06

           Step           Time
          49500       99.00000

   Energies (kJ/mol)
           Bond          Angle    Proper Dih.  Improper Dih.          LJ-14
    1.17080e+03    2.98030e+03    3.61531e+03    8.51158e+01    1.39185e+03
     Coulomb-14        LJ (SR)  Disper. corr.   Coulomb (SR)   Coul. recip.
   -2.96994e+03    2.31126e+04   -1.92392e+03   -2.34293e+05    1.17884e+03
      Potential    Kinetic En.   Total Energy  Conserved En.    Temperature
   -2.05652e+05    3.38334e+04   -1.71818e+05   -1.69800e+05    2.97512e+02
 Pres. DC (bar) Pressure (bar)   Constr. rmsd
   -2.43885e+02   -1.16252e+02    2.64561e-06

           Step           Time
          50000      100.00000

Writing checkpoint, step 50000 at Thu Jun  2 09:50:52 2022


   Energies (kJ/mol)
           Bond          Angle    Proper Dih.  Improper Dih.          LJ-14
    1.22697e+03    3.04366e+03    3.62650e+03    7.34369e+01    1.41567e+03
     Coulomb-14        LJ (SR)  Disper. corr.   Coulomb (SR)   Coul. recip.
   -3.15705e+03    2.28599e+04   -1.91827e+03   -2.33436e+05    1.27040e+03
      Potential    Kinetic En.   Total Energy  Conserved En.    Temperature
   -2.04994e+05    3.41076e+04   -1.70887e+05   -1.69806e+05    2.99923e+02
 Pres. DC (bar) Pressure (bar)   Constr. rmsd
   -2.42456e+02   -1.11876e+02    2.57790e-06


	<======  ###############  ==>
	<====  A V E R A G E S  ====>
	<==  ###############  ======>

	Statistics over 50001 steps using 501 frames

   Energies (kJ/mol)
           Bond          Angle    Proper Dih.  Improper Dih.          LJ-14
    1.28332e+03    2.95120e+03    3.66121e+03    7.50295e+01    1.41254e+03
     Coulomb-14        LJ (SR)  Disper. corr.   Coulomb (SR)   Coul. recip.
   -2.99198e+03    2.28025e+04   -1.92628e+03   -2.33328e+05    1.23387e+03
      Potential    Kinetic En.   Total Energy  Conserved En.    Temperature
   -2.04826e+05    3.41164e+04   -1.70710e+05   -1.69858e+05    3.00001e+02
 Pres. DC (bar) Pressure (bar)   Constr. rmsd
   -2.44490e+02   -1.70925e+01    0.00000e+00

          Box-X          Box-Y          Box-Z
    3.82258e+00    3.84503e+00    8.91214e+00

   Total Virial (kJ/mol)
    1.13991e+04   -3.73423e+01    2.18774e+01
   -3.71977e+01    1.13681e+04    3.10046e+01
    2.20668e+01    3.10716e+01    1.15561e+04

   Pressure (bar)
   -9.69843e+00    8.81217e+00   -8.15201e+00
    8.77585e+00   -3.34158e+00   -6.24501e+00
   -8.19961e+00   -6.26170e+00   -3.82375e+01


	M E G A - F L O P S   A C C O U N T I N G

 NB=Group-cutoff nonbonded kernels    NxN=N-by-N cluster Verlet kernels
 RF=Reaction-Field  VdW=Van der Waals  QSTab=quadratic-spline table
 W3=SPC/TIP3p  W4=TIP4p (single or pairs)
 V&F=Potential and force  V=Potential only  F=Force only

 Computing:                               M-Number         M-Flops  % Flops
-----------------------------------------------------------------------------
 Pair Search distance check            4784.759646       43062.837     0.3
 NxN QSTab Elec. + LJ [F]            181206.831888     7429480.107    54.9
 NxN QSTab Elec. + LJ [V&F]            1833.892768      108199.673     0.8
 NxN QSTab Elec. [F]                 144464.247632     4911784.419    36.3
 NxN QSTab Elec. [V&F]                 1462.202192       59950.290     0.4
 1,4 nonbonded interactions             161.903238       14571.291     0.1
 Calc Weights                          1987.989759       71567.631     0.5
 Spread Q Bspline                     42410.448192       84820.896     0.6
 Gather F Bspline                     42410.448192      254462.689     1.9
 3D-FFT                               50522.510430      404180.083     3.0
 Solve PME                               30.000600        1920.038     0.0
 Shift-X                                 13.266253          79.598     0.0
 Bonds                                   45.700914        2696.354     0.0
 Angles                                 126.002520       21168.423     0.2
 Propers                                198.103962       45365.807     0.3
 Impropers                               10.800216        2246.445     0.0
 Virial                                  66.503298        1197.059     0.0
 Stop-CM                                  6.639753          66.398     0.0
 Calc-Ekin                              132.556506        3579.026     0.0
 Lincs                                   23.200464        1392.028     0.0
 Lincs-Mat                               96.001920         384.008     0.0
 Constraint-V                           643.262865        5146.103     0.0
 Constraint-Vir                          62.017401        1488.418     0.0
 Settle                                 198.953979       64262.135     0.5
-----------------------------------------------------------------------------
 Total                                                13533071.758   100.0
-----------------------------------------------------------------------------


     R E A L   C Y C L E   A N D   T I M E   A C C O U N T I N G

On 1 MPI rank, each using 4 OpenMP threads

 Computing:          Num   Num      Call    Wall time         Giga-Cycles
                     Ranks Threads  Count      (s)         total sum    %
-----------------------------------------------------------------------------
 Neighbor search        1    4       1001      14.581         93.787   2.2
 Force                  1    4      50001     534.124       3435.489  80.7
 PME mesh               1    4      50001      81.803        526.160  12.4
 NB X/F buffer ops.     1    4      99001      16.316        104.944   2.5
 Write traj.            1    4        101       0.273          1.757   0.0
 Update                 1    4      50001       5.191         33.387   0.8
 Constraints            1    4      50001       7.340         47.213   1.1
 Rest                                           2.436         15.666   0.4
-----------------------------------------------------------------------------
 Total                                        662.064       4258.403 100.0
-----------------------------------------------------------------------------
 Breakdown of PME mesh computation
-----------------------------------------------------------------------------
 PME spread             1    4      50001      30.143        193.883   4.6
 PME gather             1    4      50001      35.838        230.511   5.4
 PME 3D-FFT             1    4     100002      12.483         80.291   1.9
 PME solve Elec         1    4      50001       2.800         18.007   0.4
-----------------------------------------------------------------------------

               Core t (s)   Wall t (s)        (%)
       Time:     2648.255      662.064      400.0
                 (ns/day)    (hour/ns)
Performance:       13.050        1.839
Finished mdrun on rank 0 Thu Jun  2 09:50:52 2022

