              :-) GROMACS - gmx mdrun, 2020.1-Ubuntu-2020.1-1 (-:

                            GROMACS is written by:
     Emile Apol      Rossen Apostolov      Paul Bauer     Herman J.C. Berendsen
    Par Bjelkmar      Christian Blau   Viacheslav Bolnykh     Kevin Boyd    
 Aldert van Buuren   Rudi van Drunen     Anton Feenstra       Alan Gray     
  Gerrit Groenhof     Anca Hamuraru    Vincent Hindriksen  M. Eric Irrgang  
  Aleksei Iupinov   Christoph Junghans     Joe Jordan     Dimitrios Karkoulis
    Peter Kasson        Jiri Kraus      Carsten Kutzner      Per Larsson    
  Justin A. Lemkul    Viveca Lindahl    Magnus Lundborg     Erik Marklund   
    Pascal Merz     Pieter Meulenhoff    Teemu Murtola       Szilard Pall   
    Sander Pronk      Roland Schulz      Michael Shirts    Alexey Shvetsov  
   Alfons Sijbers     Peter Tieleman      Jon Vincent      Teemu Virolainen 
 Christian Wennberg    Maarten Wolf      Artem Zhmurov   
                           and the project leaders:
        Mark Abraham, Berk Hess, Erik Lindahl, and David van der Spoel

Copyright (c) 1991-2000, University of Groningen, The Netherlands.
Copyright (c) 2001-2019, The GROMACS development team at
Uppsala University, Stockholm University and
the Royal Institute of Technology, Sweden.
check out http://www.gromacs.org for more information.

GROMACS is free software; you can redistribute it and/or modify it
under the terms of the GNU Lesser General Public License
as published by the Free Software Foundation; either version 2.1
of the License, or (at your option) any later version.

GROMACS:      gmx mdrun, version 2020.1-Ubuntu-2020.1-1
Executable:   /usr/bin/gmx
Data prefix:  /usr
Working dir:  /home/inukai/setup-helix
Process ID:   447
Command line:
  gmx mdrun -deffnm npt

GROMACS version:    2020.1-Ubuntu-2020.1-1
Precision:          single
Memory model:       64 bit
MPI library:        thread_mpi
OpenMP support:     enabled (GMX_OPENMP_MAX_THREADS = 64)
GPU support:        disabled
SIMD instructions:  SSE2
FFT library:        fftw-3.3.8-sse2-avx
RDTSCP usage:       disabled
TNG support:        enabled
Hwloc support:      hwloc-2.1.0
Tracing support:    disabled
C compiler:         /usr/bin/cc GNU 9.3.0
C compiler flags:   -msse2 -fexcess-precision=fast -funroll-all-loops
C++ compiler:       /usr/bin/c++ GNU 9.3.0
C++ compiler flags: -msse2 -fexcess-precision=fast -funroll-all-loops -fopenmp


Running on 1 node with total 2 cores, 4 logical cores
Hardware detected:
  CPU info:
    Vendor: Intel
    Brand:  Intel(R) Core(TM) m3-8100Y CPU @ 1.10GHz
    Family: 6   Model: 142   Stepping: 9
    Features: aes apic avx avx2 clfsh cmov cx8 cx16 f16c fma htt intel lahf mmx msr nonstop_tsc pcid pclmuldq pdcm pdpe1gb popcnt pse rdrnd rdtscp sse2 sse3 sse4.1 sse4.2 ssse3 tdt x2apic
  Hardware topology: Basic
    Sockets, cores, and logical processors:
      Socket  0: [   0   1] [   2   3]

Highest SIMD level requested by all nodes in run: AVX2_256
SIMD instructions selected at compile time:       SSE2
This program was compiled for different hardware than you are running on,
which could influence performance.
The current CPU can measure timings more accurately than the code in
gmx mdrun was configured to use. This might affect your simulation
speed as accurate timings are needed for load-balancing.
Please consider rebuilding gmx mdrun with the GMX_USE_RDTSCP=ON CMake option.

++++ PLEASE READ AND CITE THE FOLLOWING REFERENCE ++++
M. J. Abraham, T. Murtola, R. Schulz, S. Páll, J. C. Smith, B. Hess, E.
Lindahl
GROMACS: High performance molecular simulations through multi-level
parallelism from laptops to supercomputers
SoftwareX 1 (2015) pp. 19-25
-------- -------- --- Thank You --- -------- --------


++++ PLEASE READ AND CITE THE FOLLOWING REFERENCE ++++
S. Páll, M. J. Abraham, C. Kutzner, B. Hess, E. Lindahl
Tackling Exascale Software Challenges in Molecular Dynamics Simulations with
GROMACS
In S. Markidis & E. Laure (Eds.), Solving Software Challenges for Exascale 8759 (2015) pp. 3-27
-------- -------- --- Thank You --- -------- --------


++++ PLEASE READ AND CITE THE FOLLOWING REFERENCE ++++
S. Pronk, S. Páll, R. Schulz, P. Larsson, P. Bjelkmar, R. Apostolov, M. R.
Shirts, J. C. Smith, P. M. Kasson, D. van der Spoel, B. Hess, and E. Lindahl
GROMACS 4.5: a high-throughput and highly parallel open source molecular
simulation toolkit
Bioinformatics 29 (2013) pp. 845-54
-------- -------- --- Thank You --- -------- --------


++++ PLEASE READ AND CITE THE FOLLOWING REFERENCE ++++
B. Hess and C. Kutzner and D. van der Spoel and E. Lindahl
GROMACS 4: Algorithms for highly efficient, load-balanced, and scalable
molecular simulation
J. Chem. Theory Comput. 4 (2008) pp. 435-447
-------- -------- --- Thank You --- -------- --------


++++ PLEASE READ AND CITE THE FOLLOWING REFERENCE ++++
D. van der Spoel, E. Lindahl, B. Hess, G. Groenhof, A. E. Mark and H. J. C.
Berendsen
GROMACS: Fast, Flexible and Free
J. Comp. Chem. 26 (2005) pp. 1701-1719
-------- -------- --- Thank You --- -------- --------


++++ PLEASE READ AND CITE THE FOLLOWING REFERENCE ++++
E. Lindahl and B. Hess and D. van der Spoel
GROMACS 3.0: A package for molecular simulation and trajectory analysis
J. Mol. Mod. 7 (2001) pp. 306-317
-------- -------- --- Thank You --- -------- --------


++++ PLEASE READ AND CITE THE FOLLOWING REFERENCE ++++
H. J. C. Berendsen, D. van der Spoel and R. van Drunen
GROMACS: A message-passing parallel molecular dynamics implementation
Comp. Phys. Comm. 91 (1995) pp. 43-56
-------- -------- --- Thank You --- -------- --------

Input Parameters:
   integrator                     = md
   tinit                          = 0
   dt                             = 0.002
   nsteps                         = 10000
   init-step                      = 0
   simulation-part                = 1
   comm-mode                      = Linear
   nstcomm                        = 100
   bd-fric                        = 0
   ld-seed                        = 2105452730
   emtol                          = 10
   emstep                         = 0.01
   niter                          = 20
   fcstep                         = 0
   nstcgsteep                     = 1000
   nbfgscorr                      = 10
   rtpi                           = 0.05
   nstxout                        = 100
   nstvout                        = 100
   nstfout                        = 0
   nstlog                         = 100
   nstcalcenergy                  = 100
   nstenergy                      = 100
   nstxout-compressed             = 0
   compressed-x-precision         = 1000
   cutoff-scheme                  = Verlet
   nstlist                        = 10
   pbc                            = xyz
   periodic-molecules             = false
   verlet-buffer-tolerance        = 0.005
   rlist                          = 1
   coulombtype                    = PME
   coulomb-modifier               = Potential-shift
   rcoulomb-switch                = 0
   rcoulomb                       = 1
   epsilon-r                      = 1
   epsilon-rf                     = inf
   vdw-type                       = Cut-off
   vdw-modifier                   = Potential-shift
   rvdw-switch                    = 0
   rvdw                           = 1
   DispCorr                       = EnerPres
   table-extension                = 1
   fourierspacing                 = 0.16
   fourier-nx                     = 25
   fourier-ny                     = 25
   fourier-nz                     = 60
   pme-order                      = 4
   ewald-rtol                     = 1e-05
   ewald-rtol-lj                  = 0.001
   lj-pme-comb-rule               = Geometric
   ewald-geometry                 = 0
   epsilon-surface                = 0
   tcoupl                         = V-rescale
   nsttcouple                     = 10
   nh-chain-length                = 0
   print-nose-hoover-chain-variables = false
   pcoupl                         = Parrinello-Rahman
   pcoupltype                     = Isotropic
   nstpcouple                     = 10
   tau-p                          = 2
   compressibility (3x3):
      compressibility[    0]={ 4.50000e-05,  0.00000e+00,  0.00000e+00}
      compressibility[    1]={ 0.00000e+00,  4.50000e-05,  0.00000e+00}
      compressibility[    2]={ 0.00000e+00,  0.00000e+00,  4.50000e-05}
   ref-p (3x3):
      ref-p[    0]={ 1.00000e+00,  0.00000e+00,  0.00000e+00}
      ref-p[    1]={ 0.00000e+00,  1.00000e+00,  0.00000e+00}
      ref-p[    2]={ 0.00000e+00,  0.00000e+00,  1.00000e+00}
   refcoord-scaling               = COM
   posres-com (3):
      posres-com[0]= 5.00195e-01
      posres-com[1]= 4.99560e-01
      posres-com[2]= 5.00187e-01
   posres-comB (3):
      posres-comB[0]= 5.00195e-01
      posres-comB[1]= 4.99560e-01
      posres-comB[2]= 5.00187e-01
   QMMM                           = false
   QMconstraints                  = 0
   QMMMscheme                     = 0
   MMChargeScaleFactor            = 1
qm-opts:
   ngQM                           = 0
   constraint-algorithm           = Lincs
   continuation                   = true
   Shake-SOR                      = false
   shake-tol                      = 0.0001
   lincs-order                    = 4
   lincs-iter                     = 1
   lincs-warnangle                = 30
   nwall                          = 0
   wall-type                      = 9-3
   wall-r-linpot                  = -1
   wall-atomtype[0]               = -1
   wall-atomtype[1]               = -1
   wall-density[0]                = 0
   wall-density[1]                = 0
   wall-ewald-zfac                = 3
   pull                           = false
   awh                            = false
   rotation                       = false
   interactiveMD                  = false
   disre                          = No
   disre-weighting                = Conservative
   disre-mixed                    = false
   dr-fc                          = 1000
   dr-tau                         = 0
   nstdisreout                    = 100
   orire-fc                       = 0
   orire-tau                      = 0
   nstorireout                    = 100
   free-energy                    = no
   cos-acceleration               = 0
   deform (3x3):
      deform[    0]={ 0.00000e+00,  0.00000e+00,  0.00000e+00}
      deform[    1]={ 0.00000e+00,  0.00000e+00,  0.00000e+00}
      deform[    2]={ 0.00000e+00,  0.00000e+00,  0.00000e+00}
   simulated-tempering            = false
   swapcoords                     = no
   userint1                       = 0
   userint2                       = 0
   userint3                       = 0
   userint4                       = 0
   userreal1                      = 0
   userreal2                      = 0
   userreal3                      = 0
   userreal4                      = 0
   applied-forces:
     electric-field:
       x:
         E0                       = 0
         omega                    = 0
         t0                       = 0
         sigma                    = 0
       y:
         E0                       = 0
         omega                    = 0
         t0                       = 0
         sigma                    = 0
       z:
         E0                       = 0
         omega                    = 0
         t0                       = 0
         sigma                    = 0
     density-guided-simulation:
       active                     = false
       group                      = protein
       similarity-measure         = inner-product
       atom-spreading-weight      = unity
       force-constant             = 1e+09
       gaussian-transform-spreading-width = 0.2
       gaussian-transform-spreading-range-in-multiples-of-width = 4
       reference-density-filename = reference.mrc
       nst                        = 1
       normalize-densities        = true
       adaptive-force-scaling     = false
       adaptive-force-scaling-time-constant = 4
grpopts:
   nrdf:       27355
   ref-t:         300
   tau-t:         0.1
annealing:          No
annealing-npoints:           0
   acc:	           0           0           0
   nfreeze:           N           N           N
   energygrp-flags[  0]: 0

Changing nstlist from 10 to 50, rlist from 1 to 1.101


Using 1 MPI thread

Non-default thread affinity set, disabling internal thread affinity

Using 4 OpenMP threads 

System total charge: 0.000
Will do PME sum in reciprocal space for electrostatic interactions.

++++ PLEASE READ AND CITE THE FOLLOWING REFERENCE ++++
U. Essmann, L. Perera, M. L. Berkowitz, T. Darden, H. Lee and L. G. Pedersen 
A smooth particle mesh Ewald method
J. Chem. Phys. 103 (1995) pp. 8577-8592
-------- -------- --- Thank You --- -------- --------

Using a Gaussian width (1/beta) of 0.320163 nm for Ewald
Potential shift: LJ r^-12: -1.000e+00 r^-6: -1.000e+00, Ewald -1.000e-05
Initialized non-bonded Coulomb Ewald tables, spacing: 9.33e-04 size: 1073

Generated table with 1050 data points for 1-4 COUL.
Tabscale = 500 points/nm
Generated table with 1050 data points for 1-4 LJ6.
Tabscale = 500 points/nm
Generated table with 1050 data points for 1-4 LJ12.
Tabscale = 500 points/nm

Using SIMD 4x4 nonbonded short-range kernels

Using a dual 4x4 pair-list setup updated with dynamic pruning:
  outer list: updated every 50 steps, buffer 0.101 nm, rlist 1.101 nm
  inner list: updated every 13 steps, buffer 0.002 nm, rlist 1.002 nm
At tolerance 0.005 kJ/mol/ps per atom, equivalent classical 1x1 list would be:
  outer list: updated every 50 steps, buffer 0.228 nm, rlist 1.228 nm
  inner list: updated every 13 steps, buffer 0.051 nm, rlist 1.051 nm

Using Lorentz-Berthelot Lennard-Jones combination rule

Long Range LJ corr.: <C6> 3.4336e-04


Initializing LINear Constraint Solver

++++ PLEASE READ AND CITE THE FOLLOWING REFERENCE ++++
B. Hess and H. Bekker and H. J. C. Berendsen and J. G. E. M. Fraaije
LINCS: A Linear Constraint Solver for molecular simulations
J. Comp. Chem. 18 (1997) pp. 1463-1472
-------- -------- --- Thank You --- -------- --------

The number of constraints is 464

++++ PLEASE READ AND CITE THE FOLLOWING REFERENCE ++++
S. Miyamoto and P. A. Kollman
SETTLE: An Analytical Version of the SHAKE and RATTLE Algorithms for Rigid
Water Models
J. Comp. Chem. 13 (1992) pp. 952-962
-------- -------- --- Thank You --- -------- --------


++++ PLEASE READ AND CITE THE FOLLOWING REFERENCE ++++
G. Bussi, D. Donadio and M. Parrinello
Canonical sampling through velocity rescaling
J. Chem. Phys. 126 (2007) pp. 014101
-------- -------- --- Thank You --- -------- --------

There are: 13253 Atoms
Center of mass motion removal mode is Linear
We have the following groups for center of mass motion removal:
  0:  rest

Started mdrun on rank 0 Thu Jun  2 09:36:59 2022

           Step           Time
              0        0.00000

   Energies (kJ/mol)
           Bond          Angle    Proper Dih.  Improper Dih.          LJ-14
    1.27606e+03    2.94523e+03    3.63681e+03    6.95976e+01    1.50653e+03
     Coulomb-14        LJ (SR)  Disper. corr.   Coulomb (SR)   Coul. recip.
   -3.20436e+03    2.16252e+04   -1.78999e+03   -2.27786e+05    1.35883e+03
 Position Rest.      Potential    Kinetic En.   Total Energy  Conserved En.
    1.01679e-01   -2.00362e+05    3.43201e+04   -1.66042e+05   -1.66034e+05
    Temperature Pres. DC (bar) Pressure (bar)   Constr. rmsd
    3.01792e+02   -2.11150e+02   -5.32403e+02    2.45593e-06

           Step           Time
            100        0.20000

   Energies (kJ/mol)
           Bond          Angle    Proper Dih.  Improper Dih.          LJ-14
    1.30502e+03    2.70034e+03    3.67971e+03    6.08495e+01    1.47866e+03
     Coulomb-14        LJ (SR)  Disper. corr.   Coulomb (SR)   Coul. recip.
   -3.03329e+03    2.21919e+04   -1.79893e+03   -2.29556e+05    1.32873e+03
 Position Rest.      Potential    Kinetic En.   Total Energy  Conserved En.
    4.91913e+02   -2.01151e+05    3.40601e+04   -1.67091e+05   -1.65987e+05
    Temperature Pres. DC (bar) Pressure (bar)   Constr. rmsd
    2.99505e+02   -2.13260e+02   -8.06814e+02    2.29142e-06

           Step           Time
            200        0.40000

   Energies (kJ/mol)
           Bond          Angle    Proper Dih.  Improper Dih.          LJ-14
    1.31452e+03    2.74063e+03    3.64148e+03    7.02144e+01    1.48794e+03
     Coulomb-14        LJ (SR)  Disper. corr.   Coulomb (SR)   Coul. recip.
   -2.99976e+03    2.27584e+04   -1.82574e+03   -2.30497e+05    1.31651e+03
 Position Rest.      Potential    Kinetic En.   Total Energy  Conserved En.
    4.57929e+02   -2.01535e+05    3.39729e+04   -1.67562e+05   -1.65911e+05
    Temperature Pres. DC (bar) Pressure (bar)   Constr. rmsd
    2.98739e+02   -2.19657e+02   -1.55815e+02    2.29269e-06

           Step           Time
            300        0.60000

   Energies (kJ/mol)
           Bond          Angle    Proper Dih.  Improper Dih.          LJ-14
    1.21614e+03    2.80724e+03    3.67392e+03    8.28225e+01    1.48751e+03
     Coulomb-14        LJ (SR)  Disper. corr.   Coulomb (SR)   Coul. recip.
   -3.03729e+03    2.37214e+04   -1.86225e+03   -2.32109e+05    1.28433e+03
 Position Rest.      Potential    Kinetic En.   Total Energy  Conserved En.
    3.93122e+02   -2.02343e+05    3.48174e+04   -1.67525e+05   -1.65834e+05
    Temperature Pres. DC (bar) Pressure (bar)   Constr. rmsd
    3.06165e+02   -2.28518e+02    7.48297e+02    2.63760e-06

           Step           Time
            400        0.80000

   Energies (kJ/mol)
           Bond          Angle    Proper Dih.  Improper Dih.          LJ-14
    1.28200e+03    2.77792e+03    3.64897e+03    5.65129e+01    1.47801e+03
     Coulomb-14        LJ (SR)  Disper. corr.   Coulomb (SR)   Coul. recip.
   -3.11708e+03    2.32304e+04   -1.89072e+03   -2.31694e+05    1.27586e+03
 Position Rest.      Potential    Kinetic En.   Total Energy  Conserved En.
    3.93644e+02   -2.02559e+05    3.51554e+04   -1.67403e+05   -1.65862e+05
    Temperature Pres. DC (bar) Pressure (bar)   Constr. rmsd
    3.09138e+02   -2.35549e+02    2.23499e+02    2.88731e-06

           Step           Time
            500        1.00000

   Energies (kJ/mol)
           Bond          Angle    Proper Dih.  Improper Dih.          LJ-14
    1.14882e+03    2.68646e+03    3.63554e+03    6.13324e+01    1.49002e+03
     Coulomb-14        LJ (SR)  Disper. corr.   Coulomb (SR)   Coul. recip.
   -3.00619e+03    2.31625e+04   -1.91046e+03   -2.32606e+05    1.29943e+03
 Position Rest.      Potential    Kinetic En.   Total Energy  Conserved En.
    3.99602e+02   -2.03639e+05    3.45280e+04   -1.69111e+05   -1.65893e+05
    Temperature Pres. DC (bar) Pressure (bar)   Constr. rmsd
    3.03620e+02   -2.40489e+02    4.23837e+02    2.77992e-06

           Step           Time
            600        1.20000

   Energies (kJ/mol)
           Bond          Angle    Proper Dih.  Improper Dih.          LJ-14
    1.21754e+03    2.80378e+03    3.66890e+03    6.33118e+01    1.49164e+03
     Coulomb-14        LJ (SR)  Disper. corr.   Coulomb (SR)   Coul. recip.
   -3.15707e+03    2.30377e+04   -1.91948e+03   -2.32900e+05    1.21760e+03
 Position Rest.      Potential    Kinetic En.   Total Energy  Conserved En.
    4.23648e+02   -2.04052e+05    3.44754e+04   -1.69577e+05   -1.65906e+05
    Temperature Pres. DC (bar) Pressure (bar)   Constr. rmsd
    3.03158e+02   -2.42763e+02    2.34706e+02    2.41554e-06

           Step           Time
            700        1.40000

   Energies (kJ/mol)
           Bond          Angle    Proper Dih.  Improper Dih.          LJ-14
    1.22418e+03    2.81009e+03    3.67465e+03    6.29294e+01    1.37810e+03
     Coulomb-14        LJ (SR)  Disper. corr.   Coulomb (SR)   Coul. recip.
   -3.10530e+03    2.30389e+04   -1.92260e+03   -2.32846e+05    1.27721e+03
 Position Rest.      Potential    Kinetic En.   Total Energy  Conserved En.
    4.18185e+02   -2.03990e+05    3.40937e+04   -1.69896e+05   -1.65917e+05
    Temperature Pres. DC (bar) Pressure (bar)   Constr. rmsd
    2.99801e+02   -2.43551e+02   -3.45188e+02    2.34082e-06

           Step           Time
            800        1.60000

   Energies (kJ/mol)
           Bond          Angle    Proper Dih.  Improper Dih.          LJ-14
    1.21482e+03    2.88903e+03    3.60582e+03    6.92497e+01    1.43180e+03
     Coulomb-14        LJ (SR)  Disper. corr.   Coulomb (SR)   Coul. recip.
   -3.07328e+03    2.26380e+04   -1.92073e+03   -2.32390e+05    1.25043e+03
 Position Rest.      Potential    Kinetic En.   Total Energy  Conserved En.
    4.51777e+02   -2.03833e+05    3.40346e+04   -1.69799e+05   -1.65914e+05
    Temperature Pres. DC (bar) Pressure (bar)   Constr. rmsd
    2.99281e+02   -2.43079e+02   -1.15745e+02    2.29960e-06

           Step           Time
            900        1.80000

   Energies (kJ/mol)
           Bond          Angle    Proper Dih.  Improper Dih.          LJ-14
    1.24173e+03    2.71766e+03    3.62066e+03    6.08141e+01    1.42870e+03
     Coulomb-14        LJ (SR)  Disper. corr.   Coulomb (SR)   Coul. recip.
   -3.11226e+03    2.25428e+04   -1.91840e+03   -2.31956e+05    1.18494e+03
 Position Rest.      Potential    Kinetic En.   Total Energy  Conserved En.
    4.26394e+02   -2.03763e+05    3.38286e+04   -1.69934e+05   -1.65915e+05
    Temperature Pres. DC (bar) Pressure (bar)   Constr. rmsd
    2.97470e+02   -2.42489e+02   -9.07202e+01    2.04016e-06

           Step           Time
           1000        2.00000

   Energies (kJ/mol)
           Bond          Angle    Proper Dih.  Improper Dih.          LJ-14
    1.21721e+03    2.74047e+03    3.71072e+03    6.23247e+01    1.46035e+03
     Coulomb-14        LJ (SR)  Disper. corr.   Coulomb (SR)   Coul. recip.
   -3.10668e+03    2.29959e+04   -1.91861e+03   -2.32658e+05    1.22231e+03
 Position Rest.      Potential    Kinetic En.   Total Energy  Conserved En.
    4.10142e+02   -2.03864e+05    3.38133e+04   -1.70050e+05   -1.65927e+05
    Temperature Pres. DC (bar) Pressure (bar)   Constr. rmsd
    2.97335e+02   -2.42543e+02   -1.23483e+02    2.34595e-06

           Step           Time
           1100        2.20000

   Energies (kJ/mol)
           Bond          Angle    Proper Dih.  Improper Dih.          LJ-14
    1.23341e+03    2.85546e+03    3.63373e+03    7.94593e+01    1.42655e+03
     Coulomb-14        LJ (SR)  Disper. corr.   Coulomb (SR)   Coul. recip.
   -3.13365e+03    2.23277e+04   -1.92286e+03   -2.32370e+05    1.22460e+03
 Position Rest.      Potential    Kinetic En.   Total Energy  Conserved En.
    4.41514e+02   -2.04204e+05    3.35971e+04   -1.70607e+05   -1.65907e+05
    Temperature Pres. DC (bar) Pressure (bar)   Constr. rmsd
    2.95434e+02   -2.43616e+02   -5.96299e+02    2.23069e-06

           Step           Time
           1200        2.40000

   Energies (kJ/mol)
           Bond          Angle    Proper Dih.  Improper Dih.          LJ-14
    1.23074e+03    2.72330e+03    3.64078e+03    8.07061e+01    1.45559e+03
     Coulomb-14        LJ (SR)  Disper. corr.   Coulomb (SR)   Coul. recip.
   -3.13828e+03    2.28928e+04   -1.93153e+03   -2.32993e+05    1.29743e+03
 Position Rest.      Potential    Kinetic En.   Total Energy  Conserved En.
    3.61733e+02   -2.04379e+05    3.46384e+04   -1.69741e+05   -1.65919e+05
    Temperature Pres. DC (bar) Pressure (bar)   Constr. rmsd
    3.04591e+02   -2.45816e+02    6.54080e+02    2.31809e-06

           Step           Time
           1300        2.60000

   Energies (kJ/mol)
           Bond          Angle    Proper Dih.  Improper Dih.          LJ-14
    1.27027e+03    2.64348e+03    3.59276e+03    6.69694e+01    1.48165e+03
     Coulomb-14        LJ (SR)  Disper. corr.   Coulomb (SR)   Coul. recip.
   -3.03628e+03    2.30857e+04   -1.93519e+03   -2.32459e+05    1.22121e+03
 Position Rest.      Potential    Kinetic En.   Total Energy  Conserved En.
    4.01877e+02   -2.03666e+05    3.40910e+04   -1.69575e+05   -1.65917e+05
    Temperature Pres. DC (bar) Pressure (bar)   Constr. rmsd
    2.99777e+02   -2.46747e+02    8.28793e+02    2.57109e-06

           Step           Time
           1400        2.80000

   Energies (kJ/mol)
           Bond          Angle    Proper Dih.  Improper Dih.          LJ-14
    1.22752e+03    2.69453e+03    3.66202e+03    6.50414e+01    1.44314e+03
     Coulomb-14        LJ (SR)  Disper. corr.   Coulomb (SR)   Coul. recip.
   -2.96510e+03    2.24476e+04   -1.92829e+03   -2.32258e+05    1.23313e+03
 Position Rest.      Potential    Kinetic En.   Total Energy  Conserved En.
    4.20118e+02   -2.03958e+05    3.42464e+04   -1.69712e+05   -1.65916e+05
    Temperature Pres. DC (bar) Pressure (bar)   Constr. rmsd
    3.01144e+02   -2.44992e+02   -3.46143e+02    2.16382e-06

           Step           Time
           1500        3.00000

   Energies (kJ/mol)
           Bond          Angle    Proper Dih.  Improper Dih.          LJ-14
    1.28641e+03    2.72450e+03    3.62416e+03    6.33691e+01    1.45711e+03
     Coulomb-14        LJ (SR)  Disper. corr.   Coulomb (SR)   Coul. recip.
   -3.11849e+03    2.27899e+04   -1.92137e+03   -2.32659e+05    1.26746e+03
 Position Rest.      Potential    Kinetic En.   Total Energy  Conserved En.
    4.63469e+02   -2.04022e+05    3.40320e+04   -1.69990e+05   -1.65909e+05
    Temperature Pres. DC (bar) Pressure (bar)   Constr. rmsd
    2.99258e+02   -2.43241e+02   -2.81545e+02    2.25841e-06

           Step           Time
           1600        3.20000

   Energies (kJ/mol)
           Bond          Angle    Proper Dih.  Improper Dih.          LJ-14
    1.27345e+03    2.71133e+03    3.63424e+03    7.43421e+01    1.46791e+03
     Coulomb-14        LJ (SR)  Disper. corr.   Coulomb (SR)   Coul. recip.
   -3.08229e+03    2.29326e+04   -1.92008e+03   -2.32997e+05    1.26206e+03
 Position Rest.      Potential    Kinetic En.   Total Energy  Conserved En.
    4.40822e+02   -2.04203e+05    3.42724e+04   -1.69930e+05   -1.65911e+05
    Temperature Pres. DC (bar) Pressure (bar)   Constr. rmsd
    3.01372e+02   -2.42914e+02   -7.61240e+01    2.40495e-06

           Step           Time
           1700        3.40000

   Energies (kJ/mol)
           Bond          Angle    Proper Dih.  Improper Dih.          LJ-14
    1.22772e+03    2.79446e+03    3.63512e+03    7.68554e+01    1.47251e+03
     Coulomb-14        LJ (SR)  Disper. corr.   Coulomb (SR)   Coul. recip.
   -3.05625e+03    2.32459e+04   -1.92162e+03   -2.33287e+05    1.17322e+03
 Position Rest.      Potential    Kinetic En.   Total Energy  Conserved En.
    4.27079e+02   -2.04212e+05    3.41152e+04   -1.70097e+05   -1.65906e+05
    Temperature Pres. DC (bar) Pressure (bar)   Constr. rmsd
    2.99990e+02   -2.43303e+02    2.80016e+02    2.43233e-06

           Step           Time
           1800        3.60000

   Energies (kJ/mol)
           Bond          Angle    Proper Dih.  Improper Dih.          LJ-14
    1.30143e+03    2.67322e+03    3.63694e+03    6.90848e+01    1.45165e+03
     Coulomb-14        LJ (SR)  Disper. corr.   Coulomb (SR)   Coul. recip.
   -3.05554e+03    2.25751e+04   -1.91902e+03   -2.32643e+05    1.22869e+03
 Position Rest.      Potential    Kinetic En.   Total Energy  Conserved En.
    4.30608e+02   -2.04250e+05    3.41256e+04   -1.70125e+05   -1.65922e+05
    Temperature Pres. DC (bar) Pressure (bar)   Constr. rmsd
    3.00082e+02   -2.42645e+02   -1.21633e+02    2.60697e-06

           Step           Time
           1900        3.80000

   Energies (kJ/mol)
           Bond          Angle    Proper Dih.  Improper Dih.          LJ-14
    1.30399e+03    2.76574e+03    3.68364e+03    7.64748e+01    1.52938e+03
     Coulomb-14        LJ (SR)  Disper. corr.   Coulomb (SR)   Coul. recip.
   -3.09041e+03    2.29644e+04   -1.91919e+03   -2.33049e+05    1.24269e+03
 Position Rest.      Potential    Kinetic En.   Total Energy  Conserved En.
    3.95715e+02   -2.04097e+05    3.39437e+04   -1.70153e+05   -1.65911e+05
    Temperature Pres. DC (bar) Pressure (bar)   Constr. rmsd
    2.98482e+02   -2.42688e+02    3.58253e+02    2.34863e-06

           Step           Time
           2000        4.00000

   Energies (kJ/mol)
           Bond          Angle    Proper Dih.  Improper Dih.          LJ-14
    1.22830e+03    2.76981e+03    3.66117e+03    6.89026e+01    1.46228e+03
     Coulomb-14        LJ (SR)  Disper. corr.   Coulomb (SR)   Coul. recip.
   -3.08089e+03    2.24302e+04   -1.92034e+03   -2.32285e+05    1.17587e+03
 Position Rest.      Potential    Kinetic En.   Total Energy  Conserved En.
    4.20441e+02   -2.04069e+05    3.36779e+04   -1.70391e+05   -1.65913e+05
    Temperature Pres. DC (bar) Pressure (bar)   Constr. rmsd
    2.96145e+02   -2.42979e+02   -1.64968e+02    2.24028e-06

           Step           Time
           2100        4.20000

   Energies (kJ/mol)
           Bond          Angle    Proper Dih.  Improper Dih.          LJ-14
    1.17726e+03    2.74221e+03    3.61228e+03    6.76999e+01    1.47436e+03
     Coulomb-14        LJ (SR)  Disper. corr.   Coulomb (SR)   Coul. recip.
   -2.97030e+03    2.30575e+04   -1.92704e+03   -2.32973e+05    1.24970e+03
 Position Rest.      Potential    Kinetic En.   Total Energy  Conserved En.
    4.34609e+02   -2.04055e+05    3.40206e+04   -1.70034e+05   -1.65907e+05
    Temperature Pres. DC (bar) Pressure (bar)   Constr. rmsd
    2.99159e+02   -2.44675e+02    1.19379e+02    2.32813e-06

           Step           Time
           2200        4.40000

   Energies (kJ/mol)
           Bond          Angle    Proper Dih.  Improper Dih.          LJ-14
    1.25819e+03    2.64720e+03    3.61149e+03    6.88150e+01    1.49103e+03
     Coulomb-14        LJ (SR)  Disper. corr.   Coulomb (SR)   Coul. recip.
   -3.09329e+03    2.33112e+04   -1.93500e+03   -2.33724e+05    1.26805e+03
 Position Rest.      Potential    Kinetic En.   Total Energy  Conserved En.
    4.36652e+02   -2.04660e+05    3.43446e+04   -1.70316e+05   -1.65912e+05
    Temperature Pres. DC (bar) Pressure (bar)   Constr. rmsd
    3.02007e+02   -2.46700e+02    5.95583e+02    2.42837e-06

           Step           Time
           2300        4.60000

   Energies (kJ/mol)
           Bond          Angle    Proper Dih.  Improper Dih.          LJ-14
    1.18338e+03    2.84457e+03    3.63407e+03    6.92790e+01    1.43431e+03
     Coulomb-14        LJ (SR)  Disper. corr.   Coulomb (SR)   Coul. recip.
   -3.02405e+03    2.33517e+04   -1.93799e+03   -2.33720e+05    1.20736e+03
 Position Rest.      Potential    Kinetic En.   Total Energy  Conserved En.
    4.06661e+02   -2.04551e+05    3.39134e+04   -1.70638e+05   -1.65905e+05
    Temperature Pres. DC (bar) Pressure (bar)   Constr. rmsd
    2.98216e+02   -2.47461e+02    9.35406e+01    2.63161e-06

           Step           Time
           2400        4.80000

   Energies (kJ/mol)
           Bond          Angle    Proper Dih.  Improper Dih.          LJ-14
    1.17459e+03    2.71495e+03    3.70800e+03    5.99947e+01    1.45750e+03
     Coulomb-14        LJ (SR)  Disper. corr.   Coulomb (SR)   Coul. recip.
   -3.06091e+03    2.22011e+04   -1.93960e+03   -2.32724e+05    1.22909e+03
 Position Rest.      Potential    Kinetic En.   Total Energy  Conserved En.
    4.49289e+02   -2.04730e+05    3.35573e+04   -1.71173e+05   -1.65928e+05
    Temperature Pres. DC (bar) Pressure (bar)   Constr. rmsd
    2.95085e+02   -2.47871e+02   -4.81567e+02    2.21170e-06

           Step           Time
           2500        5.00000

   Energies (kJ/mol)
           Bond          Angle    Proper Dih.  Improper Dih.          LJ-14
    1.23672e+03    2.78545e+03    3.64598e+03    5.94763e+01    1.39153e+03
     Coulomb-14        LJ (SR)  Disper. corr.   Coulomb (SR)   Coul. recip.
   -3.23061e+03    2.31543e+04   -1.94199e+03   -2.34202e+05    1.20805e+03
 Position Rest.      Potential    Kinetic En.   Total Energy  Conserved En.
    4.51879e+02   -2.05441e+05    3.43094e+04   -1.71132e+05   -1.65929e+05
    Temperature Pres. DC (bar) Pressure (bar)   Constr. rmsd
    3.01698e+02   -2.48483e+02   -1.32576e+02    2.61788e-06

           Step           Time
           2600        5.20000

   Energies (kJ/mol)
           Bond          Angle    Proper Dih.  Improper Dih.          LJ-14
    1.11462e+03    2.80486e+03    3.66615e+03    6.36078e+01    1.45875e+03
     Coulomb-14        LJ (SR)  Disper. corr.   Coulomb (SR)   Coul. recip.
   -3.08691e+03    2.32681e+04   -1.94266e+03   -2.34233e+05    1.24297e+03
 Position Rest.      Potential    Kinetic En.   Total Energy  Conserved En.
    4.45587e+02   -2.05198e+05    3.38611e+04   -1.71337e+05   -1.65914e+05
    Temperature Pres. DC (bar) Pressure (bar)   Constr. rmsd
    2.97756e+02   -2.48653e+02   -1.25754e+00    2.33233e-06

           Step           Time
           2700        5.40000

   Energies (kJ/mol)
           Bond          Angle    Proper Dih.  Improper Dih.          LJ-14
    1.21481e+03    2.65792e+03    3.71329e+03    5.72511e+01    1.42230e+03
     Coulomb-14        LJ (SR)  Disper. corr.   Coulomb (SR)   Coul. recip.
   -3.10833e+03    2.27609e+04   -1.93897e+03   -2.33570e+05    1.20563e+03
 Position Rest.      Potential    Kinetic En.   Total Energy  Conserved En.
    4.20027e+02   -2.05165e+05    3.42021e+04   -1.70963e+05   -1.65911e+05
    Temperature Pres. DC (bar) Pressure (bar)   Constr. rmsd
    3.00755e+02   -2.47710e+02   -2.45543e+02    2.32779e-06

           Step           Time
           2800        5.60000

   Energies (kJ/mol)
           Bond          Angle    Proper Dih.  Improper Dih.          LJ-14
    1.18664e+03    2.83178e+03    3.65102e+03    5.72300e+01    1.42334e+03
     Coulomb-14        LJ (SR)  Disper. corr.   Coulomb (SR)   Coul. recip.
   -3.02221e+03    2.24064e+04   -1.93223e+03   -2.32720e+05    1.22561e+03
 Position Rest.      Potential    Kinetic En.   Total Energy  Conserved En.
    4.63907e+02   -2.04428e+05    3.38623e+04   -1.70566e+05   -1.65913e+05
    Temperature Pres. DC (bar) Pressure (bar)   Constr. rmsd
    2.97766e+02   -2.45994e+02   -1.97421e+02    2.13746e-06

           Step           Time
           2900        5.80000

   Energies (kJ/mol)
           Bond          Angle    Proper Dih.  Improper Dih.          LJ-14
    1.09368e+03    2.76486e+03    3.65067e+03    6.70459e+01    1.47904e+03
     Coulomb-14        LJ (SR)  Disper. corr.   Coulomb (SR)   Coul. recip.
   -3.09489e+03    2.24888e+04   -1.92626e+03   -2.32854e+05    1.21632e+03
 Position Rest.      Potential    Kinetic En.   Total Energy  Conserved En.
    4.35725e+02   -2.04679e+05    3.41147e+04   -1.70565e+05   -1.65931e+05
    Temperature Pres. DC (bar) Pressure (bar)   Constr. rmsd
    2.99986e+02   -2.44479e+02    1.51292e+02    2.90027e-06

           Step           Time
           3000        6.00000

   Energies (kJ/mol)
           Bond          Angle    Proper Dih.  Improper Dih.          LJ-14
    1.19742e+03    2.76695e+03    3.67624e+03    6.47739e+01    1.44537e+03
     Coulomb-14        LJ (SR)  Disper. corr.   Coulomb (SR)   Coul. recip.
   -3.01558e+03    2.30699e+04   -1.92366e+03   -2.33190e+05    1.31418e+03
 Position Rest.      Potential    Kinetic En.   Total Energy  Conserved En.
    4.37157e+02   -2.04157e+05    3.39210e+04   -1.70236e+05   -1.65911e+05
    Temperature Pres. DC (bar) Pressure (bar)   Constr. rmsd
    2.98283e+02   -2.43818e+02   -1.89415e+02    2.48371e-06

           Step           Time
           3100        6.20000

   Energies (kJ/mol)
           Bond          Angle    Proper Dih.  Improper Dih.          LJ-14
    1.20111e+03    2.70854e+03    3.69481e+03    7.41851e+01    1.49205e+03
     Coulomb-14        LJ (SR)  Disper. corr.   Coulomb (SR)   Coul. recip.
   -3.05622e+03    2.29317e+04   -1.92469e+03   -2.33324e+05    1.23477e+03
 Position Rest.      Potential    Kinetic En.   Total Energy  Conserved En.
    3.87004e+02   -2.04580e+05    3.44713e+04   -1.70109e+05   -1.65911e+05
    Temperature Pres. DC (bar) Pressure (bar)   Constr. rmsd
    3.03122e+02   -2.44080e+02    3.15628e+02    2.20906e-06

           Step           Time
           3200        6.40000

   Energies (kJ/mol)
           Bond          Angle    Proper Dih.  Improper Dih.          LJ-14
    1.17229e+03    2.71662e+03    3.67320e+03    6.16454e+01    1.43345e+03
     Coulomb-14        LJ (SR)  Disper. corr.   Coulomb (SR)   Coul. recip.
   -3.06121e+03    2.27812e+04   -1.92590e+03   -2.33123e+05    1.25608e+03
 Position Rest.      Potential    Kinetic En.   Total Energy  Conserved En.
    4.34982e+02   -2.04580e+05    3.39207e+04   -1.70659e+05   -1.65916e+05
    Temperature Pres. DC (bar) Pressure (bar)   Constr. rmsd
    2.98280e+02   -2.44386e+02   -2.30931e+02    2.16407e-06

           Step           Time
           3300        6.60000

   Energies (kJ/mol)
           Bond          Angle    Proper Dih.  Improper Dih.          LJ-14
    1.25274e+03    2.73741e+03    3.59177e+03    6.74462e+01    1.42349e+03
     Coulomb-14        LJ (SR)  Disper. corr.   Coulomb (SR)   Coul. recip.
   -2.97778e+03    2.31429e+04   -1.92952e+03   -2.34140e+05    1.26674e+03
 Position Rest.      Potential    Kinetic En.   Total Energy  Conserved En.
    4.27747e+02   -2.05137e+05    3.38977e+04   -1.71239e+05   -1.65918e+05
    Temperature Pres. DC (bar) Pressure (bar)   Constr. rmsd
    2.98078e+02   -2.45305e+02   -6.60807e+01    2.31283e-06

           Step           Time
           3400        6.80000

   Energies (kJ/mol)
           Bond          Angle    Proper Dih.  Improper Dih.          LJ-14
    1.14111e+03    2.84519e+03    3.61384e+03    6.68012e+01    1.44891e+03
     Coulomb-14        LJ (SR)  Disper. corr.   Coulomb (SR)   Coul. recip.
   -3.17957e+03    2.28591e+04   -1.92933e+03   -2.33266e+05    1.25832e+03
 Position Rest.      Potential    Kinetic En.   Total Energy  Conserved En.
    4.49971e+02   -2.04692e+05    3.43305e+04   -1.70361e+05   -1.65922e+05
    Temperature Pres. DC (bar) Pressure (bar)   Constr. rmsd
    3.01884e+02   -2.45257e+02   -1.77808e+02    2.45229e-06

           Step           Time
           3500        7.00000

   Energies (kJ/mol)
           Bond          Angle    Proper Dih.  Improper Dih.          LJ-14
    1.22115e+03    2.70792e+03    3.72150e+03    7.65552e+01    1.46062e+03
     Coulomb-14        LJ (SR)  Disper. corr.   Coulomb (SR)   Coul. recip.
   -3.00925e+03    2.35155e+04   -1.92521e+03   -2.33714e+05    1.29438e+03
 Position Rest.      Potential    Kinetic En.   Total Energy  Conserved En.
    4.49020e+02   -2.04201e+05    3.43718e+04   -1.69830e+05   -1.65903e+05
    Temperature Pres. DC (bar) Pressure (bar)   Constr. rmsd
    3.02247e+02   -2.44211e+02    8.74829e+01    2.29863e-06

           Step           Time
           3600        7.20000

   Energies (kJ/mol)
           Bond          Angle    Proper Dih.  Improper Dih.          LJ-14
    1.17551e+03    2.78749e+03    3.60328e+03    5.68900e+01    1.45021e+03
     Coulomb-14        LJ (SR)  Disper. corr.   Coulomb (SR)   Coul. recip.
   -3.11914e+03    2.26794e+04   -1.91950e+03   -2.32672e+05    1.16247e+03
 Position Rest.      Potential    Kinetic En.   Total Energy  Conserved En.
    4.41412e+02   -2.04354e+05    3.43114e+04   -1.70043e+05   -1.65927e+05
    Temperature Pres. DC (bar) Pressure (bar)   Constr. rmsd
    3.01715e+02   -2.42768e+02   -1.91961e+02    2.26427e-06

           Step           Time
           3700        7.40000

   Energies (kJ/mol)
           Bond          Angle    Proper Dih.  Improper Dih.          LJ-14
    1.23393e+03    2.84994e+03    3.62803e+03    6.76213e+01    1.48309e+03
     Coulomb-14        LJ (SR)  Disper. corr.   Coulomb (SR)   Coul. recip.
   -3.21233e+03    2.29479e+04   -1.91776e+03   -2.33019e+05    1.27298e+03
 Position Rest.      Potential    Kinetic En.   Total Energy  Conserved En.
    4.40627e+02   -2.04225e+05    3.42667e+04   -1.69958e+05   -1.65920e+05
    Temperature Pres. DC (bar) Pressure (bar)   Constr. rmsd
    3.01323e+02   -2.42328e+02   -3.49507e+01    2.24447e-06

           Step           Time
           3800        7.60000

   Energies (kJ/mol)
           Bond          Angle    Proper Dih.  Improper Dih.          LJ-14
    1.19160e+03    2.79860e+03    3.67979e+03    8.74966e+01    1.45112e+03
     Coulomb-14        LJ (SR)  Disper. corr.   Coulomb (SR)   Coul. recip.
   -3.12254e+03    2.25813e+04   -1.91464e+03   -2.32618e+05    1.29641e+03
 Position Rest.      Potential    Kinetic En.   Total Energy  Conserved En.
    4.70400e+02   -2.04099e+05    3.42353e+04   -1.69863e+05   -1.65912e+05
    Temperature Pres. DC (bar) Pressure (bar)   Constr. rmsd
    3.01046e+02   -2.41541e+02   -2.35032e+02    2.37880e-06

           Step           Time
           3900        7.80000

   Energies (kJ/mol)
           Bond          Angle    Proper Dih.  Improper Dih.          LJ-14
    1.12588e+03    2.81791e+03    3.60059e+03    7.37128e+01    1.45627e+03
     Coulomb-14        LJ (SR)  Disper. corr.   Coulomb (SR)   Coul. recip.
   -3.17644e+03    2.21556e+04   -1.91654e+03   -2.32061e+05    1.21713e+03
 Position Rest.      Potential    Kinetic En.   Total Energy  Conserved En.
    4.61618e+02   -2.04246e+05    3.38953e+04   -1.70351e+05   -1.65929e+05
    Temperature Pres. DC (bar) Pressure (bar)   Constr. rmsd
    2.98056e+02   -2.42020e+02   -1.79232e+02    2.23452e-06

           Step           Time
           4000        8.00000

   Energies (kJ/mol)
           Bond          Angle    Proper Dih.  Improper Dih.          LJ-14
    1.22461e+03    2.74052e+03    3.62439e+03    7.67178e+01    1.48501e+03
     Coulomb-14        LJ (SR)  Disper. corr.   Coulomb (SR)   Coul. recip.
   -3.18811e+03    2.31211e+04   -1.92553e+03   -2.32855e+05    1.23385e+03
 Position Rest.      Potential    Kinetic En.   Total Energy  Conserved En.
    4.62453e+02   -2.04000e+05    3.40096e+04   -1.69990e+05   -1.65913e+05
    Temperature Pres. DC (bar) Pressure (bar)   Constr. rmsd
    2.99062e+02   -2.44293e+02    8.10890e+01    2.26723e-06

           Step           Time
           4100        8.20000

   Energies (kJ/mol)
           Bond          Angle    Proper Dih.  Improper Dih.          LJ-14
    1.17691e+03    2.74416e+03    3.67177e+03    8.78362e+01    1.44131e+03
     Coulomb-14        LJ (SR)  Disper. corr.   Coulomb (SR)   Coul. recip.
   -3.04883e+03    2.35166e+04   -1.93232e+03   -2.33538e+05    1.25024e+03
 Position Rest.      Potential    Kinetic En.   Total Energy  Conserved En.
    4.60446e+02   -2.04169e+05    3.37881e+04   -1.70381e+05   -1.65902e+05
    Temperature Pres. DC (bar) Pressure (bar)   Constr. rmsd
    2.97114e+02   -2.46018e+02    3.92889e+02    2.06322e-06

           Step           Time
           4200        8.40000

   Energies (kJ/mol)
           Bond          Angle    Proper Dih.  Improper Dih.          LJ-14
    1.11914e+03    2.82124e+03    3.63634e+03    7.74604e+01    1.47360e+03
     Coulomb-14        LJ (SR)  Disper. corr.   Coulomb (SR)   Coul. recip.
   -2.96841e+03    2.31567e+04   -1.93227e+03   -2.33491e+05    1.20111e+03
 Position Rest.      Potential    Kinetic En.   Total Energy  Conserved En.
    4.45208e+02   -2.04461e+05    3.43077e+04   -1.70153e+05   -1.65905e+05
    Temperature Pres. DC (bar) Pressure (bar)   Constr. rmsd
    3.01683e+02   -2.46004e+02    1.86901e+02    2.12066e-06

           Step           Time
           4300        8.60000

   Energies (kJ/mol)
           Bond          Angle    Proper Dih.  Improper Dih.          LJ-14
    1.23651e+03    2.56112e+03    3.69689e+03    7.84347e+01    1.45943e+03
     Coulomb-14        LJ (SR)  Disper. corr.   Coulomb (SR)   Coul. recip.
   -3.02831e+03    2.26412e+04   -1.92508e+03   -2.32597e+05    1.19939e+03
 Position Rest.      Potential    Kinetic En.   Total Energy  Conserved En.
    4.35973e+02   -2.04242e+05    3.43721e+04   -1.69870e+05   -1.65903e+05
    Temperature Pres. DC (bar) Pressure (bar)   Constr. rmsd
    3.02249e+02   -2.44178e+02   -9.28628e+01    2.31730e-06

           Step           Time
           4400        8.80000

   Energies (kJ/mol)
           Bond          Angle    Proper Dih.  Improper Dih.          LJ-14
    1.14925e+03    2.84389e+03    3.65980e+03    6.28246e+01    1.44425e+03
     Coulomb-14        LJ (SR)  Disper. corr.   Coulomb (SR)   Coul. recip.
   -3.08959e+03    2.26762e+04   -1.92241e+03   -2.32698e+05    1.26916e+03
 Position Rest.      Potential    Kinetic En.   Total Energy  Conserved En.
    4.46218e+02   -2.04158e+05    3.40763e+04   -1.70082e+05   -1.65907e+05
    Temperature Pres. DC (bar) Pressure (bar)   Constr. rmsd
    2.99648e+02   -2.43504e+02   -8.11201e+01    2.42698e-06

           Step           Time
           4500        9.00000

   Energies (kJ/mol)
           Bond          Angle    Proper Dih.  Improper Dih.          LJ-14
    1.19062e+03    2.82646e+03    3.62151e+03    6.23916e+01    1.45516e+03
     Coulomb-14        LJ (SR)  Disper. corr.   Coulomb (SR)   Coul. recip.
   -3.13582e+03    2.30186e+04   -1.92662e+03   -2.32689e+05    1.20996e+03
 Position Rest.      Potential    Kinetic En.   Total Energy  Conserved En.
    4.55378e+02   -2.03911e+05    3.41078e+04   -1.69804e+05   -1.65907e+05
    Temperature Pres. DC (bar) Pressure (bar)   Constr. rmsd
    2.99925e+02   -2.44568e+02    8.41684e+02    2.45729e-06

           Step           Time
           4600        9.20000

   Energies (kJ/mol)
           Bond          Angle    Proper Dih.  Improper Dih.          LJ-14
    1.25809e+03    2.78379e+03    3.69178e+03    6.84058e+01    1.49310e+03
     Coulomb-14        LJ (SR)  Disper. corr.   Coulomb (SR)   Coul. recip.
   -3.05176e+03    2.33416e+04   -1.92917e+03   -2.33444e+05    1.22644e+03
 Position Rest.      Potential    Kinetic En.   Total Energy  Conserved En.
    4.38329e+02   -2.04123e+05    3.36849e+04   -1.70438e+05   -1.65885e+05
    Temperature Pres. DC (bar) Pressure (bar)   Constr. rmsd
    2.96206e+02   -2.45217e+02    2.95009e+02    2.23707e-06

           Step           Time
           4700        9.40000

   Energies (kJ/mol)
           Bond          Angle    Proper Dih.  Improper Dih.          LJ-14
    1.23242e+03    2.74285e+03    3.64849e+03    6.39752e+01    1.46790e+03
     Coulomb-14        LJ (SR)  Disper. corr.   Coulomb (SR)   Coul. recip.
   -3.15600e+03    2.26547e+04   -1.92951e+03   -2.32999e+05    1.26953e+03
 Position Rest.      Potential    Kinetic En.   Total Energy  Conserved En.
    4.46163e+02   -2.04559e+05    3.37551e+04   -1.70804e+05   -1.65892e+05
    Temperature Pres. DC (bar) Pressure (bar)   Constr. rmsd
    2.96824e+02   -2.45303e+02   -2.57887e+02    2.11733e-06

           Step           Time
           4800        9.60000

   Energies (kJ/mol)
           Bond          Angle    Proper Dih.  Improper Dih.          LJ-14
    1.28811e+03    2.71307e+03    3.63853e+03    6.88204e+01    1.46761e+03
     Coulomb-14        LJ (SR)  Disper. corr.   Coulomb (SR)   Coul. recip.
   -3.18187e+03    2.37065e+04   -1.93045e+03   -2.33459e+05    1.18273e+03
 Position Rest.      Potential    Kinetic En.   Total Energy  Conserved En.
    4.39067e+02   -2.04067e+05    3.38550e+04   -1.70212e+05   -1.65910e+05
    Temperature Pres. DC (bar) Pressure (bar)   Constr. rmsd
    2.97703e+02   -2.45543e+02    3.29108e+02    2.52834e-06

           Step           Time
           4900        9.80000

   Energies (kJ/mol)
           Bond          Angle    Proper Dih.  Improper Dih.          LJ-14
    1.14489e+03    2.75243e+03    3.65500e+03    7.37845e+01    1.48088e+03
     Coulomb-14        LJ (SR)  Disper. corr.   Coulomb (SR)   Coul. recip.
   -3.11942e+03    2.34068e+04   -1.92999e+03   -2.33831e+05    1.23650e+03
 Position Rest.      Potential    Kinetic En.   Total Energy  Conserved En.
    4.17387e+02   -2.04712e+05    3.39164e+04   -1.70796e+05   -1.65913e+05
    Temperature Pres. DC (bar) Pressure (bar)   Constr. rmsd
    2.98242e+02   -2.45424e+02    2.84360e+02    2.44339e-06

           Step           Time
           5000       10.00000

   Energies (kJ/mol)
           Bond          Angle    Proper Dih.  Improper Dih.          LJ-14
    1.15375e+03    2.75558e+03    3.60790e+03    7.28775e+01    1.45055e+03
     Coulomb-14        LJ (SR)  Disper. corr.   Coulomb (SR)   Coul. recip.
   -2.99100e+03    2.24016e+04   -1.92430e+03   -2.32387e+05    1.22332e+03
 Position Rest.      Potential    Kinetic En.   Total Energy  Conserved En.
    4.54790e+02   -2.04182e+05    3.41941e+04   -1.69988e+05   -1.65907e+05
    Temperature Pres. DC (bar) Pressure (bar)   Constr. rmsd
    3.00684e+02   -2.43982e+02   -4.24138e+02    2.07984e-06

           Step           Time
           5100       10.20000

   Energies (kJ/mol)
           Bond          Angle    Proper Dih.  Improper Dih.          LJ-14
    1.22465e+03    2.66786e+03    3.65821e+03    6.71447e+01    1.44838e+03
     Coulomb-14        LJ (SR)  Disper. corr.   Coulomb (SR)   Coul. recip.
   -3.06774e+03    2.31311e+04   -1.92082e+03   -2.33010e+05    1.25711e+03
 Position Rest.      Potential    Kinetic En.   Total Energy  Conserved En.
    4.36162e+02   -2.04108e+05    3.39631e+04   -1.70145e+05   -1.65916e+05
    Temperature Pres. DC (bar) Pressure (bar)   Constr. rmsd
    2.98652e+02   -2.43102e+02   -2.47565e+02    2.77275e-06

           Step           Time
           5200       10.40000

   Energies (kJ/mol)
           Bond          Angle    Proper Dih.  Improper Dih.          LJ-14
    1.13213e+03    2.74626e+03    3.67235e+03    6.81571e+01    1.47296e+03
     Coulomb-14        LJ (SR)  Disper. corr.   Coulomb (SR)   Coul. recip.
   -3.16204e+03    2.16547e+04   -1.91877e+03   -2.31278e+05    1.25638e+03
 Position Rest.      Potential    Kinetic En.   Total Energy  Conserved En.
    4.22713e+02   -2.03933e+05    3.42220e+04   -1.69711e+05   -1.65932e+05
    Temperature Pres. DC (bar) Pressure (bar)   Constr. rmsd
    3.00930e+02   -2.42583e+02    4.35365e+01    2.77875e-06

           Step           Time
           5300       10.60000

   Energies (kJ/mol)
           Bond          Angle    Proper Dih.  Improper Dih.          LJ-14
    1.23690e+03    2.82450e+03    3.61494e+03    7.46971e+01    1.42940e+03
     Coulomb-14        LJ (SR)  Disper. corr.   Coulomb (SR)   Coul. recip.
   -3.06795e+03    2.27375e+04   -1.92107e+03   -2.32159e+05    1.26124e+03
 Position Rest.      Potential    Kinetic En.   Total Energy  Conserved En.
    4.89821e+02   -2.03479e+05    3.40974e+04   -1.69381e+05   -1.65921e+05
    Temperature Pres. DC (bar) Pressure (bar)   Constr. rmsd
    2.99834e+02   -2.43164e+02   -4.53559e+01    2.40075e-06

           Step           Time
           5400       10.80000

   Energies (kJ/mol)
           Bond          Angle    Proper Dih.  Improper Dih.          LJ-14
    1.15877e+03    2.81041e+03    3.64862e+03    6.04244e+01    1.48296e+03
     Coulomb-14        LJ (SR)  Disper. corr.   Coulomb (SR)   Coul. recip.
   -3.05422e+03    2.25744e+04   -1.92589e+03   -2.32720e+05    1.23876e+03
 Position Rest.      Potential    Kinetic En.   Total Energy  Conserved En.
    4.13674e+02   -2.04312e+05    3.37792e+04   -1.70533e+05   -1.65909e+05
    Temperature Pres. DC (bar) Pressure (bar)   Constr. rmsd
    2.97035e+02   -2.44385e+02   -2.54841e+02    2.51503e-06

           Step           Time
           5500       11.00000

   Energies (kJ/mol)
           Bond          Angle    Proper Dih.  Improper Dih.          LJ-14
    1.27007e+03    2.79056e+03    3.61590e+03    5.99702e+01    1.49260e+03
     Coulomb-14        LJ (SR)  Disper. corr.   Coulomb (SR)   Coul. recip.
   -3.16655e+03    2.34420e+04   -1.93301e+03   -2.33733e+05    1.25309e+03
 Position Rest.      Potential    Kinetic En.   Total Energy  Conserved En.
    4.13240e+02   -2.04495e+05    3.34595e+04   -1.71036e+05   -1.65915e+05
    Temperature Pres. DC (bar) Pressure (bar)   Constr. rmsd
    2.94224e+02   -2.46192e+02    5.08407e+02    1.92265e-06

           Step           Time
           5600       11.20000

   Energies (kJ/mol)
           Bond          Angle    Proper Dih.  Improper Dih.          LJ-14
    1.14319e+03    2.75966e+03    3.65503e+03    6.88743e+01    1.45951e+03
     Coulomb-14        LJ (SR)  Disper. corr.   Coulomb (SR)   Coul. recip.
   -2.97879e+03    2.26897e+04   -1.93239e+03   -2.32815e+05    1.22548e+03
 Position Rest.      Potential    Kinetic En.   Total Energy  Conserved En.
    4.46943e+02   -2.04278e+05    3.39638e+04   -1.70314e+05   -1.65915e+05
    Temperature Pres. DC (bar) Pressure (bar)   Constr. rmsd
    2.98659e+02   -2.46036e+02    1.60561e+02    2.45857e-06

           Step           Time
           5700       11.40000

   Energies (kJ/mol)
           Bond          Angle    Proper Dih.  Improper Dih.          LJ-14
    1.22578e+03    2.81223e+03    3.63761e+03    6.86769e+01    1.46724e+03
     Coulomb-14        LJ (SR)  Disper. corr.   Coulomb (SR)   Coul. recip.
   -3.07920e+03    2.20196e+04   -1.92933e+03   -2.31881e+05    1.18975e+03
 Position Rest.      Potential    Kinetic En.   Total Energy  Conserved En.
    4.23812e+02   -2.04045e+05    3.36959e+04   -1.70349e+05   -1.65933e+05
    Temperature Pres. DC (bar) Pressure (bar)   Constr. rmsd
    2.96303e+02   -2.45256e+02   -2.32138e+02    2.19734e-06

           Step           Time
           5800       11.60000

   Energies (kJ/mol)
           Bond          Angle    Proper Dih.  Improper Dih.          LJ-14
    1.19958e+03    2.88264e+03    3.59204e+03    6.14734e+01    1.48504e+03
     Coulomb-14        LJ (SR)  Disper. corr.   Coulomb (SR)   Coul. recip.
   -3.16884e+03    2.24883e+04   -1.93143e+03   -2.32521e+05    1.23956e+03
 Position Rest.      Potential    Kinetic En.   Total Energy  Conserved En.
    4.35861e+02   -2.04236e+05    3.35415e+04   -1.70695e+05   -1.65918e+05
    Temperature Pres. DC (bar) Pressure (bar)   Constr. rmsd
    2.94945e+02   -2.45789e+02   -1.39161e+02    2.32925e-06

           Step           Time
           5900       11.80000

   Energies (kJ/mol)
           Bond          Angle    Proper Dih.  Improper Dih.          LJ-14
    1.23286e+03    2.80206e+03    3.61381e+03    6.26000e+01    1.39479e+03
     Coulomb-14        LJ (SR)  Disper. corr.   Coulomb (SR)   Coul. recip.
   -3.03190e+03    2.34427e+04   -1.93790e+03   -2.34402e+05    1.27111e+03
 Position Rest.      Potential    Kinetic En.   Total Energy  Conserved En.
    4.18906e+02   -2.05133e+05    3.43610e+04   -1.70772e+05   -1.65924e+05
    Temperature Pres. DC (bar) Pressure (bar)   Constr. rmsd
    3.02152e+02   -2.47438e+02   -1.48687e+02    2.22228e-06

           Step           Time
           6000       12.00000

   Energies (kJ/mol)
           Bond          Angle    Proper Dih.  Improper Dih.          LJ-14
    1.12901e+03    2.68726e+03    3.64548e+03    7.23004e+01    1.46000e+03
     Coulomb-14        LJ (SR)  Disper. corr.   Coulomb (SR)   Coul. recip.
   -3.04988e+03    2.34294e+04   -1.94165e+03   -2.34042e+05    1.27565e+03
 Position Rest.      Potential    Kinetic En.   Total Energy  Conserved En.
    5.19884e+02   -2.04814e+05    3.37457e+04   -1.71069e+05   -1.65930e+05
    Temperature Pres. DC (bar) Pressure (bar)   Constr. rmsd
    2.96741e+02   -2.48395e+02   -2.88618e+01    2.29026e-06

           Step           Time
           6100       12.20000

   Energies (kJ/mol)
           Bond          Angle    Proper Dih.  Improper Dih.          LJ-14
    1.18536e+03    2.73483e+03    3.63267e+03    6.62402e+01    1.46941e+03
     Coulomb-14        LJ (SR)  Disper. corr.   Coulomb (SR)   Coul. recip.
   -3.03597e+03    2.28879e+04   -1.93974e+03   -2.33664e+05    1.17894e+03
 Position Rest.      Potential    Kinetic En.   Total Energy  Conserved En.
    4.42514e+02   -2.05042e+05    3.36813e+04   -1.71360e+05   -1.65927e+05
    Temperature Pres. DC (bar) Pressure (bar)   Constr. rmsd
    2.96175e+02   -2.47909e+02   -4.63081e+01    2.18878e-06

           Step           Time
           6200       12.40000

   Energies (kJ/mol)
           Bond          Angle    Proper Dih.  Improper Dih.          LJ-14
    1.11074e+03    2.83134e+03    3.66476e+03    7.03590e+01    1.46060e+03
     Coulomb-14        LJ (SR)  Disper. corr.   Coulomb (SR)   Coul. recip.
   -3.15040e+03    2.32801e+04   -1.93384e+03   -2.33456e+05    1.23272e+03
 Position Rest.      Potential    Kinetic En.   Total Energy  Conserved En.
    4.63473e+02   -2.04426e+05    3.36752e+04   -1.70751e+05   -1.65935e+05
    Temperature Pres. DC (bar) Pressure (bar)   Constr. rmsd
    2.96121e+02   -2.46404e+02    3.99207e+02    2.44183e-06

           Step           Time
           6300       12.60000

   Energies (kJ/mol)
           Bond          Angle    Proper Dih.  Improper Dih.          LJ-14
    1.14827e+03    2.78154e+03    3.61692e+03    7.08621e+01    1.43270e+03
     Coulomb-14        LJ (SR)  Disper. corr.   Coulomb (SR)   Coul. recip.
   -3.08456e+03    2.27821e+04   -1.92733e+03   -2.33542e+05    1.19958e+03
 Position Rest.      Potential    Kinetic En.   Total Energy  Conserved En.
    5.01946e+02   -2.05020e+05    3.42619e+04   -1.70758e+05   -1.65940e+05
    Temperature Pres. DC (bar) Pressure (bar)   Constr. rmsd
    3.01280e+02   -2.44750e+02   -2.88440e+02    2.43027e-06

           Step           Time
           6400       12.80000

   Energies (kJ/mol)
           Bond          Angle    Proper Dih.  Improper Dih.          LJ-14
    1.33682e+03    2.71064e+03    3.62818e+03    9.25947e+01    1.45574e+03
     Coulomb-14        LJ (SR)  Disper. corr.   Coulomb (SR)   Coul. recip.
   -3.10373e+03    2.32468e+04   -1.92141e+03   -2.33803e+05    1.20489e+03
 Position Rest.      Potential    Kinetic En.   Total Energy  Conserved En.
    3.81784e+02   -2.04771e+05    3.38808e+04   -1.70890e+05   -1.65926e+05
    Temperature Pres. DC (bar) Pressure (bar)   Constr. rmsd
    2.97929e+02   -2.43250e+02    2.36186e+02    2.23108e-06

           Step           Time
           6500       13.00000

   Energies (kJ/mol)
           Bond          Angle    Proper Dih.  Improper Dih.          LJ-14
    1.25617e+03    2.94879e+03    3.64613e+03    8.55866e+01    1.46612e+03
     Coulomb-14        LJ (SR)  Disper. corr.   Coulomb (SR)   Coul. recip.
   -3.19892e+03    2.28581e+04   -1.91608e+03   -2.33454e+05    1.21146e+03
 Position Rest.      Potential    Kinetic En.   Total Energy  Conserved En.
    4.46061e+02   -2.04651e+05    3.36849e+04   -1.70966e+05   -1.65925e+05
    Temperature Pres. DC (bar) Pressure (bar)   Constr. rmsd
    2.96206e+02   -2.41905e+02    1.36957e+02    2.12894e-06

           Step           Time
           6600       13.20000

   Energies (kJ/mol)
           Bond          Angle    Proper Dih.  Improper Dih.          LJ-14
    1.16283e+03    2.91439e+03    3.64180e+03    8.80737e+01    1.46753e+03
     Coulomb-14        LJ (SR)  Disper. corr.   Coulomb (SR)   Coul. recip.
   -3.08175e+03    2.33241e+04   -1.91845e+03   -2.33891e+05    1.24142e+03
 Position Rest.      Potential    Kinetic En.   Total Energy  Conserved En.
    4.48509e+02   -2.04603e+05    3.38859e+04   -1.70717e+05   -1.65925e+05
    Temperature Pres. DC (bar) Pressure (bar)   Constr. rmsd
    2.97974e+02   -2.42501e+02    9.37913e+01    3.03668e-06

           Step           Time
           6700       13.40000

   Energies (kJ/mol)
           Bond          Angle    Proper Dih.  Improper Dih.          LJ-14
    1.31110e+03    2.87499e+03    3.63723e+03    8.10781e+01    1.43377e+03
     Coulomb-14        LJ (SR)  Disper. corr.   Coulomb (SR)   Coul. recip.
   -3.07000e+03    2.28836e+04   -1.92437e+03   -2.33433e+05    1.19496e+03
 Position Rest.      Potential    Kinetic En.   Total Energy  Conserved En.
    4.12124e+02   -2.04599e+05    3.39631e+04   -1.70636e+05   -1.65924e+05
    Temperature Pres. DC (bar) Pressure (bar)   Constr. rmsd
    2.98652e+02   -2.43998e+02   -4.75919e+02    2.53347e-06

           Step           Time
           6800       13.60000

   Energies (kJ/mol)
           Bond          Angle    Proper Dih.  Improper Dih.          LJ-14
    1.25893e+03    2.79617e+03    3.61822e+03    6.84272e+01    1.43117e+03
     Coulomb-14        LJ (SR)  Disper. corr.   Coulomb (SR)   Coul. recip.
   -3.02850e+03    2.26038e+04   -1.93309e+03   -2.32656e+05    1.19656e+03
 Position Rest.      Potential    Kinetic En.   Total Energy  Conserved En.
    4.02534e+02   -2.04242e+05    3.40898e+04   -1.70152e+05   -1.65936e+05
    Temperature Pres. DC (bar) Pressure (bar)   Constr. rmsd
    2.99767e+02   -2.46214e+02   -3.53155e+02    2.60418e-06

           Step           Time
           6900       13.80000

   Energies (kJ/mol)
           Bond          Angle    Proper Dih.  Improper Dih.          LJ-14
    1.24515e+03    2.82755e+03    3.65221e+03    7.14243e+01    1.45737e+03
     Coulomb-14        LJ (SR)  Disper. corr.   Coulomb (SR)   Coul. recip.
   -3.05186e+03    2.19733e+04   -1.94055e+03   -2.32054e+05    1.20247e+03
 Position Rest.      Potential    Kinetic En.   Total Energy  Conserved En.
    4.57421e+02   -2.04159e+05    3.38679e+04   -1.70291e+05   -1.65925e+05
    Temperature Pres. DC (bar) Pressure (bar)   Constr. rmsd
    2.97816e+02   -2.48116e+02   -2.65346e+02    2.40069e-06

           Step           Time
           7000       14.00000

   Energies (kJ/mol)
           Bond          Angle    Proper Dih.  Improper Dih.          LJ-14
    1.26698e+03    2.80000e+03    3.69875e+03    7.59155e+01    1.47391e+03
     Coulomb-14        LJ (SR)  Disper. corr.   Coulomb (SR)   Coul. recip.
   -3.14948e+03    2.36014e+04   -1.94736e+03   -2.33753e+05    1.27646e+03
 Position Rest.      Potential    Kinetic En.   Total Energy  Conserved En.
    4.47738e+02   -2.04208e+05    3.45267e+04   -1.69682e+05   -1.65936e+05
    Temperature Pres. DC (bar) Pressure (bar)   Constr. rmsd
    3.03608e+02   -2.49858e+02    7.22303e+02    2.59318e-06

           Step           Time
           7100       14.20000

   Energies (kJ/mol)
           Bond          Angle    Proper Dih.  Improper Dih.          LJ-14
    1.17635e+03    2.74572e+03    3.63971e+03    6.53268e+01    1.47738e+03
     Coulomb-14        LJ (SR)  Disper. corr.   Coulomb (SR)   Coul. recip.
   -3.07123e+03    2.25444e+04   -1.94731e+03   -2.32673e+05    1.17168e+03
 Position Rest.      Potential    Kinetic En.   Total Energy  Conserved En.
    4.35653e+02   -2.04436e+05    3.41495e+04   -1.70286e+05   -1.65938e+05
    Temperature Pres. DC (bar) Pressure (bar)   Constr. rmsd
    3.00292e+02   -2.49845e+02    8.18284e+01    2.90959e-06

           Step           Time
           7200       14.40000

   Energies (kJ/mol)
           Bond          Angle    Proper Dih.  Improper Dih.          LJ-14
    1.23166e+03    2.89253e+03    3.61536e+03    7.25428e+01    1.45950e+03
     Coulomb-14        LJ (SR)  Disper. corr.   Coulomb (SR)   Coul. recip.
   -2.91289e+03    2.29736e+04   -1.94564e+03   -2.33391e+05    1.20716e+03
 Position Rest.      Potential    Kinetic En.   Total Energy  Conserved En.
    4.06323e+02   -2.04391e+05    3.41422e+04   -1.70249e+05   -1.65939e+05
    Temperature Pres. DC (bar) Pressure (bar)   Constr. rmsd
    3.00228e+02   -2.49415e+02    3.06774e+02    2.36253e-06

           Step           Time
           7300       14.60000

   Energies (kJ/mol)
           Bond          Angle    Proper Dih.  Improper Dih.          LJ-14
    1.20670e+03    2.76063e+03    3.67773e+03    6.57919e+01    1.48503e+03
     Coulomb-14        LJ (SR)  Disper. corr.   Coulomb (SR)   Coul. recip.
   -2.94676e+03    2.24491e+04   -1.94175e+03   -2.32872e+05    1.24258e+03
 Position Rest.      Potential    Kinetic En.   Total Energy  Conserved En.
    3.94104e+02   -2.04479e+05    3.32549e+04   -1.71224e+05   -1.65928e+05
    Temperature Pres. DC (bar) Pressure (bar)   Constr. rmsd
    2.92425e+02   -2.48421e+02    3.74864e+01    2.19436e-06

           Step           Time
           7400       14.80000

   Energies (kJ/mol)
           Bond          Angle    Proper Dih.  Improper Dih.          LJ-14
    1.22446e+03    2.87732e+03    3.64722e+03    6.56833e+01    1.50517e+03
     Coulomb-14        LJ (SR)  Disper. corr.   Coulomb (SR)   Coul. recip.
   -3.09691e+03    2.27469e+04   -1.93835e+03   -2.32829e+05    1.26433e+03
 Position Rest.      Potential    Kinetic En.   Total Energy  Conserved En.
    3.92987e+02   -2.04140e+05    3.37824e+04   -1.70357e+05   -1.65916e+05
    Temperature Pres. DC (bar) Pressure (bar)   Constr. rmsd
    2.97064e+02   -2.47553e+02    1.53769e+02    2.26151e-06

           Step           Time
           7500       15.00000

   Energies (kJ/mol)
           Bond          Angle    Proper Dih.  Improper Dih.          LJ-14
    1.19461e+03    2.81557e+03    3.67255e+03    7.40387e+01    1.45850e+03
     Coulomb-14        LJ (SR)  Disper. corr.   Coulomb (SR)   Coul. recip.
   -3.03671e+03    2.34589e+04   -1.93293e+03   -2.33252e+05    1.19063e+03
 Position Rest.      Potential    Kinetic En.   Total Energy  Conserved En.
    4.32772e+02   -2.03925e+05    3.39588e+04   -1.69966e+05   -1.65933e+05
    Temperature Pres. DC (bar) Pressure (bar)   Constr. rmsd
    2.98615e+02   -2.46172e+02    1.50667e+02    2.44964e-06

           Step           Time
           7600       15.20000

   Energies (kJ/mol)
           Bond          Angle    Proper Dih.  Improper Dih.          LJ-14
    1.09132e+03    2.90031e+03    3.66180e+03    8.83236e+01    1.48702e+03
     Coulomb-14        LJ (SR)  Disper. corr.   Coulomb (SR)   Coul. recip.
   -3.11708e+03    2.21198e+04   -1.92280e+03   -2.32141e+05    1.24717e+03
 Position Rest.      Potential    Kinetic En.   Total Energy  Conserved En.
    3.79462e+02   -2.04206e+05    3.39456e+04   -1.70260e+05   -1.65929e+05
    Temperature Pres. DC (bar) Pressure (bar)   Constr. rmsd
    2.98499e+02   -2.43601e+02   -6.80489e+00    2.11638e-06

           Step           Time
           7700       15.40000

   Energies (kJ/mol)
           Bond          Angle    Proper Dih.  Improper Dih.          LJ-14
    1.14740e+03    2.82727e+03    3.66589e+03    7.63930e+01    1.44583e+03
     Coulomb-14        LJ (SR)  Disper. corr.   Coulomb (SR)   Coul. recip.
   -3.06356e+03    2.28118e+04   -1.91316e+03   -2.32958e+05    1.25266e+03
 Position Rest.      Potential    Kinetic En.   Total Energy  Conserved En.
    4.43827e+02   -2.04263e+05    3.40888e+04   -1.70175e+05   -1.65932e+05
    Temperature Pres. DC (bar) Pressure (bar)   Constr. rmsd
    2.99758e+02   -2.41167e+02   -2.30326e+02    2.09305e-06

           Step           Time
           7800       15.60000

   Energies (kJ/mol)
           Bond          Angle    Proper Dih.  Improper Dih.          LJ-14
    1.14368e+03    2.84127e+03    3.66162e+03    9.06468e+01    1.46493e+03
     Coulomb-14        LJ (SR)  Disper. corr.   Coulomb (SR)   Coul. recip.
   -3.17793e+03    2.18526e+04   -1.90849e+03   -2.31350e+05    1.22088e+03
 Position Rest.      Potential    Kinetic En.   Total Energy  Conserved En.
    4.15318e+02   -2.03745e+05    3.44775e+04   -1.69268e+05   -1.65942e+05
    Temperature Pres. DC (bar) Pressure (bar)   Constr. rmsd
    3.03176e+02   -2.39992e+02   -4.70038e+02    2.30992e-06

           Step           Time
           7900       15.80000

   Energies (kJ/mol)
           Bond          Angle    Proper Dih.  Improper Dih.          LJ-14
    1.18566e+03    2.85791e+03    3.63398e+03    7.19271e+01    1.41866e+03
     Coulomb-14        LJ (SR)  Disper. corr.   Coulomb (SR)   Coul. recip.
   -2.96017e+03    2.26267e+04   -1.91451e+03   -2.32821e+05    1.20683e+03
 Position Rest.      Potential    Kinetic En.   Total Energy  Conserved En.
    4.35834e+02   -2.04258e+05    3.45659e+04   -1.69692e+05   -1.65933e+05
    Temperature Pres. DC (bar) Pressure (bar)   Constr. rmsd
    3.03953e+02   -2.41509e+02   -1.08291e+02    2.13450e-06

           Step           Time
           8000       16.00000

   Energies (kJ/mol)
           Bond          Angle    Proper Dih.  Improper Dih.          LJ-14
    1.17150e+03    3.07470e+03    3.62307e+03    8.42197e+01    1.43298e+03
     Coulomb-14        LJ (SR)  Disper. corr.   Coulomb (SR)   Coul. recip.
   -3.15654e+03    2.28976e+04   -1.92271e+03   -2.32972e+05    1.28880e+03
 Position Rest.      Potential    Kinetic En.   Total Energy  Conserved En.
    3.80956e+02   -2.04098e+05    3.40201e+04   -1.70078e+05   -1.65911e+05
    Temperature Pres. DC (bar) Pressure (bar)   Constr. rmsd
    2.99154e+02   -2.43579e+02   -1.43403e+02    2.84247e-06

           Step           Time
           8100       16.20000

   Energies (kJ/mol)
           Bond          Angle    Proper Dih.  Improper Dih.          LJ-14
    1.21246e+03    2.85602e+03    3.70722e+03    8.78800e+01    1.45744e+03
     Coulomb-14        LJ (SR)  Disper. corr.   Coulomb (SR)   Coul. recip.
   -2.91434e+03    2.30258e+04   -1.92726e+03   -2.33134e+05    1.18201e+03
 Position Rest.      Potential    Kinetic En.   Total Energy  Conserved En.
    4.45935e+02   -2.04001e+05    3.37889e+04   -1.70212e+05   -1.65910e+05
    Temperature Pres. DC (bar) Pressure (bar)   Constr. rmsd
    2.97121e+02   -2.44733e+02   -6.04380e+02    2.10308e-06

           Step           Time
           8200       16.40000

   Energies (kJ/mol)
           Bond          Angle    Proper Dih.  Improper Dih.          LJ-14
    1.24902e+03    2.80024e+03    3.69176e+03    7.23021e+01    1.45624e+03
     Coulomb-14        LJ (SR)  Disper. corr.   Coulomb (SR)   Coul. recip.
   -3.09264e+03    2.26882e+04   -1.93415e+03   -2.32122e+05    1.18538e+03
 Position Rest.      Potential    Kinetic En.   Total Energy  Conserved En.
    4.27143e+02   -2.03579e+05    3.41028e+04   -1.69476e+05   -1.65917e+05
    Temperature Pres. DC (bar) Pressure (bar)   Constr. rmsd
    2.99881e+02   -2.46482e+02    3.85751e+01    2.30246e-06

           Step           Time
           8300       16.60000

   Energies (kJ/mol)
           Bond          Angle    Proper Dih.  Improper Dih.          LJ-14
    1.31360e+03    2.80399e+03    3.68330e+03    8.51064e+01    1.42643e+03
     Coulomb-14        LJ (SR)  Disper. corr.   Coulomb (SR)   Coul. recip.
   -2.97206e+03    2.32346e+04   -1.94118e+03   -2.33684e+05    1.18358e+03
 Position Rest.      Potential    Kinetic En.   Total Energy  Conserved En.
    4.03302e+02   -2.04463e+05    3.43794e+04   -1.70083e+05   -1.65929e+05
    Temperature Pres. DC (bar) Pressure (bar)   Constr. rmsd
    3.02314e+02   -2.48274e+02    4.91675e+02    1.94170e-06

           Step           Time
           8400       16.80000

   Energies (kJ/mol)
           Bond          Angle    Proper Dih.  Improper Dih.          LJ-14
    1.18355e+03    2.78685e+03    3.68677e+03    8.04224e+01    1.48115e+03
     Coulomb-14        LJ (SR)  Disper. corr.   Coulomb (SR)   Coul. recip.
   -3.13005e+03    2.24959e+04   -1.93605e+03   -2.32175e+05    1.21463e+03
 Position Rest.      Potential    Kinetic En.   Total Energy  Conserved En.
    3.94596e+02   -2.03917e+05    3.39227e+04   -1.69995e+05   -1.65929e+05
    Temperature Pres. DC (bar) Pressure (bar)   Constr. rmsd
    2.98298e+02   -2.46967e+02    6.54184e+01    2.28027e-06

           Step           Time
           8500       17.00000

   Energies (kJ/mol)
           Bond          Angle    Proper Dih.  Improper Dih.          LJ-14
    1.10425e+03    2.81051e+03    3.73929e+03    8.54743e+01    1.46723e+03
     Coulomb-14        LJ (SR)  Disper. corr.   Coulomb (SR)   Coul. recip.
   -2.96400e+03    2.20235e+04   -1.92906e+03   -2.31889e+05    1.22932e+03
 Position Rest.      Potential    Kinetic En.   Total Energy  Conserved En.
    4.13043e+02   -2.03910e+05    3.42671e+04   -1.69642e+05   -1.65938e+05
    Temperature Pres. DC (bar) Pressure (bar)   Constr. rmsd
    3.01326e+02   -2.45189e+02   -2.22234e+02    2.18304e-06

           Step           Time
           8600       17.20000

   Energies (kJ/mol)
           Bond          Angle    Proper Dih.  Improper Dih.          LJ-14
    1.08801e+03    2.80715e+03    3.63335e+03    8.69070e+01    1.43364e+03
     Coulomb-14        LJ (SR)  Disper. corr.   Coulomb (SR)   Coul. recip.
   -3.11032e+03    2.21147e+04   -1.92479e+03   -2.31518e+05    1.22496e+03
 Position Rest.      Potential    Kinetic En.   Total Energy  Conserved En.
    4.58671e+02   -2.03706e+05    3.45068e+04   -1.69199e+05   -1.65949e+05
    Temperature Pres. DC (bar) Pressure (bar)   Constr. rmsd
    3.03434e+02   -2.44105e+02   -4.09873e+02    2.53715e-06

           Step           Time
           8700       17.40000

   Energies (kJ/mol)
           Bond          Angle    Proper Dih.  Improper Dih.          LJ-14
    1.11136e+03    2.82923e+03    3.65802e+03    7.31222e+01    1.46030e+03
     Coulomb-14        LJ (SR)  Disper. corr.   Coulomb (SR)   Coul. recip.
   -3.12484e+03    2.25115e+04   -1.92123e+03   -2.31938e+05    1.26036e+03
 Position Rest.      Potential    Kinetic En.   Total Energy  Conserved En.
    4.86786e+02   -2.03594e+05    3.46640e+04   -1.68930e+05   -1.65942e+05
    Temperature Pres. DC (bar) Pressure (bar)   Constr. rmsd
    3.04816e+02   -2.43205e+02    2.40173e+01    2.95026e-06

           Step           Time
           8800       17.60000

   Energies (kJ/mol)
           Bond          Angle    Proper Dih.  Improper Dih.          LJ-14
    1.30440e+03    2.81241e+03    3.67055e+03    6.49877e+01    1.43083e+03
     Coulomb-14        LJ (SR)  Disper. corr.   Coulomb (SR)   Coul. recip.
   -3.10576e+03    2.27942e+04   -1.91869e+03   -2.32203e+05    1.26988e+03
 Position Rest.      Potential    Kinetic En.   Total Energy  Conserved En.
    4.07367e+02   -2.03473e+05    3.39811e+04   -1.69492e+05   -1.65930e+05
    Temperature Pres. DC (bar) Pressure (bar)   Constr. rmsd
    2.98811e+02   -2.42563e+02    7.91040e+01    2.13495e-06

           Step           Time
           8900       17.80000

   Energies (kJ/mol)
           Bond          Angle    Proper Dih.  Improper Dih.          LJ-14
    1.21220e+03    2.85800e+03    3.65178e+03    6.99891e+01    1.49763e+03
     Coulomb-14        LJ (SR)  Disper. corr.   Coulomb (SR)   Coul. recip.
   -3.10759e+03    2.23987e+04   -1.91808e+03   -2.32247e+05    1.29125e+03
 Position Rest.      Potential    Kinetic En.   Total Energy  Conserved En.
    4.05071e+02   -2.03888e+05    3.42342e+04   -1.69653e+05   -1.65931e+05
    Temperature Pres. DC (bar) Pressure (bar)   Constr. rmsd
    3.01037e+02   -2.42408e+02    1.29540e+02    2.24593e-06

           Step           Time
           9000       18.00000

   Energies (kJ/mol)
           Bond          Angle    Proper Dih.  Improper Dih.          LJ-14
    1.32996e+03    2.87345e+03    3.66605e+03    5.70200e+01    1.44482e+03
     Coulomb-14        LJ (SR)  Disper. corr.   Coulomb (SR)   Coul. recip.
   -3.21844e+03    2.22365e+04   -1.92111e+03   -2.31878e+05    1.22639e+03
 Position Rest.      Potential    Kinetic En.   Total Energy  Conserved En.
    4.51429e+02   -2.03732e+05    3.41859e+04   -1.69547e+05   -1.65927e+05
    Temperature Pres. DC (bar) Pressure (bar)   Constr. rmsd
    3.00612e+02   -2.43173e+02   -4.60771e+02    2.31343e-06

           Step           Time
           9100       18.20000

   Energies (kJ/mol)
           Bond          Angle    Proper Dih.  Improper Dih.          LJ-14
    1.30847e+03    2.77314e+03    3.59314e+03    6.45977e+01    1.43526e+03
     Coulomb-14        LJ (SR)  Disper. corr.   Coulomb (SR)   Coul. recip.
   -3.04761e+03    2.31761e+04   -1.92903e+03   -2.33156e+05    1.18612e+03
 Position Rest.      Potential    Kinetic En.   Total Energy  Conserved En.
    4.28816e+02   -2.04167e+05    3.44881e+04   -1.69679e+05   -1.65928e+05
    Temperature Pres. DC (bar) Pressure (bar)   Constr. rmsd
    3.03269e+02   -2.45180e+02   -1.23761e+02    1.79786e-06

           Step           Time
           9200       18.40000

   Energies (kJ/mol)
           Bond          Angle    Proper Dih.  Improper Dih.          LJ-14
    1.17324e+03    2.92088e+03    3.63840e+03    7.67881e+01    1.51460e+03
     Coulomb-14        LJ (SR)  Disper. corr.   Coulomb (SR)   Coul. recip.
   -2.83300e+03    2.37047e+04   -1.93522e+03   -2.34002e+05    1.25050e+03
 Position Rest.      Potential    Kinetic En.   Total Energy  Conserved En.
    4.16319e+02   -2.04075e+05    3.45309e+04   -1.69544e+05   -1.65929e+05
    Temperature Pres. DC (bar) Pressure (bar)   Constr. rmsd
    3.03645e+02   -2.46754e+02    6.58044e+02    2.11887e-06

           Step           Time
           9300       18.60000

   Energies (kJ/mol)
           Bond          Angle    Proper Dih.  Improper Dih.          LJ-14
    1.24022e+03    2.84820e+03    3.66431e+03    8.62552e+01    1.48029e+03
     Coulomb-14        LJ (SR)  Disper. corr.   Coulomb (SR)   Coul. recip.
   -3.14877e+03    2.20122e+04   -1.93261e+03   -2.31976e+05    1.26708e+03
 Position Rest.      Potential    Kinetic En.   Total Energy  Conserved En.
    4.03643e+02   -2.04055e+05    3.41059e+04   -1.69949e+05   -1.65933e+05
    Temperature Pres. DC (bar) Pressure (bar)   Constr. rmsd
    2.99909e+02   -2.46091e+02   -1.90566e+02    2.83397e-06

           Step           Time
           9400       18.80000

   Energies (kJ/mol)
           Bond          Angle    Proper Dih.  Improper Dih.          LJ-14
    1.23652e+03    2.86497e+03    3.69654e+03    8.78005e+01    1.46900e+03
     Coulomb-14        LJ (SR)  Disper. corr.   Coulomb (SR)   Coul. recip.
   -3.02972e+03    2.30841e+04   -1.93108e+03   -2.33241e+05    1.27748e+03
 Position Rest.      Potential    Kinetic En.   Total Energy  Conserved En.
    4.25470e+02   -2.04060e+05    3.40841e+04   -1.69976e+05   -1.65931e+05
    Temperature Pres. DC (bar) Pressure (bar)   Constr. rmsd
    2.99716e+02   -2.45703e+02   -5.52408e+01    2.58724e-06

           Step           Time
           9500       19.00000

   Energies (kJ/mol)
           Bond          Angle    Proper Dih.  Improper Dih.          LJ-14
    1.23505e+03    2.86967e+03    3.61078e+03    8.63516e+01    1.48610e+03
     Coulomb-14        LJ (SR)  Disper. corr.   Coulomb (SR)   Coul. recip.
   -3.10063e+03    2.27320e+04   -1.93241e+03   -2.33024e+05    1.21271e+03
 Position Rest.      Potential    Kinetic En.   Total Energy  Conserved En.
    4.06346e+02   -2.04418e+05    3.38014e+04   -1.70617e+05   -1.65926e+05
    Temperature Pres. DC (bar) Pressure (bar)   Constr. rmsd
    2.97231e+02   -2.46039e+02    1.99895e+02    2.24599e-06

           Step           Time
           9600       19.20000

   Energies (kJ/mol)
           Bond          Angle    Proper Dih.  Improper Dih.          LJ-14
    1.26339e+03    2.77513e+03    3.58288e+03    6.80185e+01    1.45263e+03
     Coulomb-14        LJ (SR)  Disper. corr.   Coulomb (SR)   Coul. recip.
   -3.06840e+03    2.28792e+04   -1.93352e+03   -2.32753e+05    1.21830e+03
 Position Rest.      Potential    Kinetic En.   Total Energy  Conserved En.
    4.45777e+02   -2.04070e+05    3.44076e+04   -1.69662e+05   -1.65935e+05
    Temperature Pres. DC (bar) Pressure (bar)   Constr. rmsd
    3.02562e+02   -2.46323e+02    3.43941e+01    2.16356e-06

           Step           Time
           9700       19.40000

   Energies (kJ/mol)
           Bond          Angle    Proper Dih.  Improper Dih.          LJ-14
    1.18160e+03    2.76985e+03    3.58562e+03    7.09197e+01    1.47705e+03
     Coulomb-14        LJ (SR)  Disper. corr.   Coulomb (SR)   Coul. recip.
   -3.04571e+03    2.28844e+04   -1.92792e+03   -2.32661e+05    1.26277e+03
 Position Rest.      Potential    Kinetic En.   Total Energy  Conserved En.
    4.19779e+02   -2.03983e+05    3.42605e+04   -1.69722e+05   -1.65942e+05
    Temperature Pres. DC (bar) Pressure (bar)   Constr. rmsd
    3.01268e+02   -2.44900e+02    3.79938e+02    2.33148e-06

           Step           Time
           9800       19.60000

   Energies (kJ/mol)
           Bond          Angle    Proper Dih.  Improper Dih.          LJ-14
    1.20657e+03    2.84374e+03    3.63916e+03    8.11765e+01    1.39094e+03
     Coulomb-14        LJ (SR)  Disper. corr.   Coulomb (SR)   Coul. recip.
   -3.07765e+03    2.24224e+04   -1.92156e+03   -2.32237e+05    1.24995e+03
 Position Rest.      Potential    Kinetic En.   Total Energy  Conserved En.
    4.61570e+02   -2.03941e+05    3.43134e+04   -1.69627e+05   -1.65947e+05
    Temperature Pres. DC (bar) Pressure (bar)   Constr. rmsd
    3.01733e+02   -2.43289e+02   -4.26216e+02    2.50624e-06

           Step           Time
           9900       19.80000

   Energies (kJ/mol)
           Bond          Angle    Proper Dih.  Improper Dih.          LJ-14
    1.28480e+03    2.84847e+03    3.63265e+03    8.51497e+01    1.48020e+03
     Coulomb-14        LJ (SR)  Disper. corr.   Coulomb (SR)   Coul. recip.
   -3.06776e+03    2.28109e+04   -1.91770e+03   -2.32637e+05    1.23206e+03
 Position Rest.      Potential    Kinetic En.   Total Energy  Conserved En.
    4.49404e+02   -2.03798e+05    3.46553e+04   -1.69143e+05   -1.65930e+05
    Temperature Pres. DC (bar) Pressure (bar)   Constr. rmsd
    3.04740e+02   -2.42313e+02    2.52686e+02    2.36375e-06

           Step           Time
          10000       20.00000

Writing checkpoint, step 10000 at Thu Jun  2 09:39:09 2022


   Energies (kJ/mol)
           Bond          Angle    Proper Dih.  Improper Dih.          LJ-14
    1.33170e+03    2.85579e+03    3.61247e+03    7.85328e+01    1.45612e+03
     Coulomb-14        LJ (SR)  Disper. corr.   Coulomb (SR)   Coul. recip.
   -3.14201e+03    2.31317e+04   -1.91314e+03   -2.32983e+05    1.30877e+03
 Position Rest.      Potential    Kinetic En.   Total Energy  Conserved En.
    4.67751e+02   -2.03795e+05    3.43356e+04   -1.69459e+05   -1.65937e+05
    Temperature Pres. DC (bar) Pressure (bar)   Constr. rmsd
    3.01928e+02   -2.41163e+02    7.40524e+01    2.57743e-06


	<======  ###############  ==>
	<====  A V E R A G E S  ====>
	<==  ###############  ======>

	Statistics over 10001 steps using 101 frames

   Energies (kJ/mol)
           Bond          Angle    Proper Dih.  Improper Dih.          LJ-14
    1.21334e+03    2.79203e+03    3.64816e+03    7.16910e+01    1.45977e+03
     Coulomb-14        LJ (SR)  Disper. corr.   Coulomb (SR)   Coul. recip.
   -3.07835e+03    2.28201e+04   -1.92279e+03   -2.32780e+05    1.23866e+03
 Position Rest.      Potential    Kinetic En.   Total Energy  Conserved En.
    4.28476e+02   -2.04109e+05    3.40937e+04   -1.70016e+05   -1.65921e+05
    Temperature Pres. DC (bar) Pressure (bar)   Constr. rmsd
    2.99801e+02   -2.43635e+02    2.95977e-01    0.00000e+00

          Box-X          Box-Y          Box-Z
    3.82501e+00    3.84747e+00    8.91779e+00

   Total Virial (kJ/mol)
    1.13385e+04   -2.93095e+02    1.03789e+02
   -2.92796e+02    1.12641e+04   -3.93678e+01
    1.04673e+02   -3.89648e+01    1.15003e+04

   Pressure (bar)
    2.31447e+00    7.29549e+01   -3.46280e+01
    7.28801e+01    1.81745e+01    1.09236e+01
   -3.48519e+01    1.08190e+01   -1.96010e+01


	M E G A - F L O P S   A C C O U N T I N G

 NB=Group-cutoff nonbonded kernels    NxN=N-by-N cluster Verlet kernels
 RF=Reaction-Field  VdW=Van der Waals  QSTab=quadratic-spline table
 W3=SPC/TIP3p  W4=TIP4p (single or pairs)
 V&F=Potential and force  V=Potential only  F=Force only

 Computing:                               M-Number         M-Flops  % Flops
-----------------------------------------------------------------------------
 Pair Search distance check             954.019950        8586.180     0.3
 NxN QSTab Elec. + LJ [F]             35919.846536     1472713.708    54.7
 NxN QSTab Elec. + LJ [V&F]             366.316576       21612.678     0.8
 NxN QSTab Elec. [F]                  28610.734360      972764.968    36.1
 NxN QSTab Elec. [V&F]                  291.808176       11964.135     0.4
 1,4 nonbonded interactions              32.383238        2914.491     0.1
 Calc Weights                           397.629759       14314.671     0.5
 Spread Q Bspline                      8482.768192       16965.536     0.6
 Gather F Bspline                      8482.768192       50896.609     1.9
 3D-FFT                               11397.079594       91176.637     3.4
 Solve PME                                6.250625         400.040     0.0
 Shift-X                                  2.663853          15.983     0.0
 Bonds                                    9.140914         539.314     0.0
 Angles                                  25.202520        4234.023     0.2
 Propers                                 39.623962        9073.887     0.3
 Impropers                                2.160216         449.325     0.0
 Pos. Restr.                              8.140814         407.041     0.0
 Virial                                  13.311298         239.603     0.0
 Stop-CM                                  1.338553          13.386     0.0
 Calc-Ekin                               26.532506         716.378     0.0
 Lincs                                    4.640464         278.428     0.0
 Lincs-Mat                               19.201920          76.808     0.0
 Constraint-V                           128.662865        1029.303     0.0
 Constraint-Vir                          12.413401         297.922     0.0
 Settle                                  39.793979       12853.455     0.5
-----------------------------------------------------------------------------
 Total                                                 2694534.509   100.0
-----------------------------------------------------------------------------


     R E A L   C Y C L E   A N D   T I M E   A C C O U N T I N G

On 1 MPI rank, each using 4 OpenMP threads

 Computing:          Num   Num      Call    Wall time         Giga-Cycles
                     Ranks Threads  Count      (s)         total sum    %
-----------------------------------------------------------------------------
 Neighbor search        1    4        201       2.918         18.767   2.2
 Force                  1    4      10001     104.218        670.328  80.1
 PME mesh               1    4      10001      16.102        103.570  12.4
 NB X/F buffer ops.     1    4      19801       2.500         16.080   1.9
 Write traj.            1    4        101       1.480          9.520   1.1
 Update                 1    4      10001       0.974          6.267   0.7
 Constraints            1    4      10001       1.407          9.050   1.1
 Rest                                           0.454          2.918   0.3
-----------------------------------------------------------------------------
 Total                                        130.053        836.500 100.0
-----------------------------------------------------------------------------
 Breakdown of PME mesh computation
-----------------------------------------------------------------------------
 PME spread             1    4      10001       5.758         37.034   4.4
 PME gather             1    4      10001       6.873         44.206   5.3
 PME 3D-FFT             1    4      20002       2.738         17.608   2.1
 PME solve Elec         1    4      10001       0.648          4.166   0.5
-----------------------------------------------------------------------------

               Core t (s)   Wall t (s)        (%)
       Time:      520.209      130.053      400.0
                 (ns/day)    (hour/ns)
Performance:       13.288        1.806
Finished mdrun on rank 0 Thu Jun  2 09:39:09 2022

