              :-) GROMACS - gmx mdrun, 2020.1-Ubuntu-2020.1-1 (-:

                            GROMACS is written by:
     Emile Apol      Rossen Apostolov      Paul Bauer     Herman J.C. Berendsen
    Par Bjelkmar      Christian Blau   Viacheslav Bolnykh     Kevin Boyd    
 Aldert van Buuren   Rudi van Drunen     Anton Feenstra       Alan Gray     
  Gerrit Groenhof     Anca Hamuraru    Vincent Hindriksen  M. Eric Irrgang  
  Aleksei Iupinov   Christoph Junghans     Joe Jordan     Dimitrios Karkoulis
    Peter Kasson        Jiri Kraus      Carsten Kutzner      Per Larsson    
  Justin A. Lemkul    Viveca Lindahl    Magnus Lundborg     Erik Marklund   
    Pascal Merz     Pieter Meulenhoff    Teemu Murtola       Szilard Pall   
    Sander Pronk      Roland Schulz      Michael Shirts    Alexey Shvetsov  
   Alfons Sijbers     Peter Tieleman      Jon Vincent      Teemu Virolainen 
 Christian Wennberg    Maarten Wolf      Artem Zhmurov   
                           and the project leaders:
        Mark Abraham, Berk Hess, Erik Lindahl, and David van der Spoel

Copyright (c) 1991-2000, University of Groningen, The Netherlands.
Copyright (c) 2001-2019, The GROMACS development team at
Uppsala University, Stockholm University and
the Royal Institute of Technology, Sweden.
check out http://www.gromacs.org for more information.

GROMACS is free software; you can redistribute it and/or modify it
under the terms of the GNU Lesser General Public License
as published by the Free Software Foundation; either version 2.1
of the License, or (at your option) any later version.

GROMACS:      gmx mdrun, version 2020.1-Ubuntu-2020.1-1
Executable:   /usr/bin/gmx
Data prefix:  /usr
Working dir:  /home/inukai/pdb5awl
Process ID:   36
Command line:
  gmx mdrun -deffnm npt

GROMACS version:    2020.1-Ubuntu-2020.1-1
Precision:          single
Memory model:       64 bit
MPI library:        thread_mpi
OpenMP support:     enabled (GMX_OPENMP_MAX_THREADS = 64)
GPU support:        disabled
SIMD instructions:  SSE2
FFT library:        fftw-3.3.8-sse2-avx
RDTSCP usage:       disabled
TNG support:        enabled
Hwloc support:      hwloc-2.1.0
Tracing support:    disabled
C compiler:         /usr/bin/cc GNU 9.3.0
C compiler flags:   -msse2 -fexcess-precision=fast -funroll-all-loops
C++ compiler:       /usr/bin/c++ GNU 9.3.0
C++ compiler flags: -msse2 -fexcess-precision=fast -funroll-all-loops -fopenmp


Running on 1 node with total 2 cores, 4 logical cores
Hardware detected:
  CPU info:
    Vendor: Intel
    Brand:  Intel(R) Core(TM) m3-8100Y CPU @ 1.10GHz
    Family: 6   Model: 142   Stepping: 9
    Features: aes apic avx avx2 clfsh cmov cx8 cx16 f16c fma htt intel lahf mmx msr nonstop_tsc pcid pclmuldq pdcm pdpe1gb popcnt pse rdrnd rdtscp sse2 sse3 sse4.1 sse4.2 ssse3 tdt x2apic
  Hardware topology: Basic
    Sockets, cores, and logical processors:
      Socket  0: [   0   1] [   2   3]

Highest SIMD level requested by all nodes in run: AVX2_256
SIMD instructions selected at compile time:       SSE2
This program was compiled for different hardware than you are running on,
which could influence performance.
The current CPU can measure timings more accurately than the code in
gmx mdrun was configured to use. This might affect your simulation
speed as accurate timings are needed for load-balancing.
Please consider rebuilding gmx mdrun with the GMX_USE_RDTSCP=ON CMake option.

++++ PLEASE READ AND CITE THE FOLLOWING REFERENCE ++++
M. J. Abraham, T. Murtola, R. Schulz, S. Páll, J. C. Smith, B. Hess, E.
Lindahl
GROMACS: High performance molecular simulations through multi-level
parallelism from laptops to supercomputers
SoftwareX 1 (2015) pp. 19-25
-------- -------- --- Thank You --- -------- --------


++++ PLEASE READ AND CITE THE FOLLOWING REFERENCE ++++
S. Páll, M. J. Abraham, C. Kutzner, B. Hess, E. Lindahl
Tackling Exascale Software Challenges in Molecular Dynamics Simulations with
GROMACS
In S. Markidis & E. Laure (Eds.), Solving Software Challenges for Exascale 8759 (2015) pp. 3-27
-------- -------- --- Thank You --- -------- --------


++++ PLEASE READ AND CITE THE FOLLOWING REFERENCE ++++
S. Pronk, S. Páll, R. Schulz, P. Larsson, P. Bjelkmar, R. Apostolov, M. R.
Shirts, J. C. Smith, P. M. Kasson, D. van der Spoel, B. Hess, and E. Lindahl
GROMACS 4.5: a high-throughput and highly parallel open source molecular
simulation toolkit
Bioinformatics 29 (2013) pp. 845-54
-------- -------- --- Thank You --- -------- --------


++++ PLEASE READ AND CITE THE FOLLOWING REFERENCE ++++
B. Hess and C. Kutzner and D. van der Spoel and E. Lindahl
GROMACS 4: Algorithms for highly efficient, load-balanced, and scalable
molecular simulation
J. Chem. Theory Comput. 4 (2008) pp. 435-447
-------- -------- --- Thank You --- -------- --------


++++ PLEASE READ AND CITE THE FOLLOWING REFERENCE ++++
D. van der Spoel, E. Lindahl, B. Hess, G. Groenhof, A. E. Mark and H. J. C.
Berendsen
GROMACS: Fast, Flexible and Free
J. Comp. Chem. 26 (2005) pp. 1701-1719
-------- -------- --- Thank You --- -------- --------


++++ PLEASE READ AND CITE THE FOLLOWING REFERENCE ++++
E. Lindahl and B. Hess and D. van der Spoel
GROMACS 3.0: A package for molecular simulation and trajectory analysis
J. Mol. Mod. 7 (2001) pp. 306-317
-------- -------- --- Thank You --- -------- --------


++++ PLEASE READ AND CITE THE FOLLOWING REFERENCE ++++
H. J. C. Berendsen, D. van der Spoel and R. van Drunen
GROMACS: A message-passing parallel molecular dynamics implementation
Comp. Phys. Comm. 91 (1995) pp. 43-56
-------- -------- --- Thank You --- -------- --------

Input Parameters:
   integrator                     = md
   tinit                          = 0
   dt                             = 0.002
   nsteps                         = 10000
   init-step                      = 0
   simulation-part                = 1
   comm-mode                      = Linear
   nstcomm                        = 100
   bd-fric                        = 0
   ld-seed                        = 1106860848
   emtol                          = 10
   emstep                         = 0.01
   niter                          = 20
   fcstep                         = 0
   nstcgsteep                     = 1000
   nbfgscorr                      = 10
   rtpi                           = 0.05
   nstxout                        = 100
   nstvout                        = 100
   nstfout                        = 0
   nstlog                         = 100
   nstcalcenergy                  = 100
   nstenergy                      = 100
   nstxout-compressed             = 0
   compressed-x-precision         = 1000
   cutoff-scheme                  = Verlet
   nstlist                        = 10
   pbc                            = xyz
   periodic-molecules             = false
   verlet-buffer-tolerance        = 0.005
   rlist                          = 1
   coulombtype                    = PME
   coulomb-modifier               = Potential-shift
   rcoulomb-switch                = 0
   rcoulomb                       = 1
   epsilon-r                      = 1
   epsilon-rf                     = inf
   vdw-type                       = Cut-off
   vdw-modifier                   = Potential-shift
   rvdw-switch                    = 0
   rvdw                           = 1
   DispCorr                       = EnerPres
   table-extension                = 1
   fourierspacing                 = 0.16
   fourier-nx                     = 28
   fourier-ny                     = 28
   fourier-nz                     = 28
   pme-order                      = 4
   ewald-rtol                     = 1e-05
   ewald-rtol-lj                  = 0.001
   lj-pme-comb-rule               = Geometric
   ewald-geometry                 = 0
   epsilon-surface                = 0
   tcoupl                         = V-rescale
   nsttcouple                     = 10
   nh-chain-length                = 0
   print-nose-hoover-chain-variables = false
   pcoupl                         = Parrinello-Rahman
   pcoupltype                     = Isotropic
   nstpcouple                     = 10
   tau-p                          = 2
   compressibility (3x3):
      compressibility[    0]={ 4.50000e-05,  0.00000e+00,  0.00000e+00}
      compressibility[    1]={ 0.00000e+00,  4.50000e-05,  0.00000e+00}
      compressibility[    2]={ 0.00000e+00,  0.00000e+00,  4.50000e-05}
   ref-p (3x3):
      ref-p[    0]={ 1.00000e+00,  0.00000e+00,  0.00000e+00}
      ref-p[    1]={ 0.00000e+00,  1.00000e+00,  0.00000e+00}
      ref-p[    2]={ 0.00000e+00,  0.00000e+00,  1.00000e+00}
   refcoord-scaling               = COM
   posres-com (3):
      posres-com[0]= 4.97880e-01
      posres-com[1]= 4.99017e-01
      posres-com[2]= 5.01340e-01
   posres-comB (3):
      posres-comB[0]= 4.97880e-01
      posres-comB[1]= 4.99017e-01
      posres-comB[2]= 5.01340e-01
   QMMM                           = false
   QMconstraints                  = 0
   QMMMscheme                     = 0
   MMChargeScaleFactor            = 1
qm-opts:
   ngQM                           = 0
   constraint-algorithm           = Lincs
   continuation                   = true
   Shake-SOR                      = false
   shake-tol                      = 0.0001
   lincs-order                    = 4
   lincs-iter                     = 1
   lincs-warnangle                = 30
   nwall                          = 0
   wall-type                      = 9-3
   wall-r-linpot                  = -1
   wall-atomtype[0]               = -1
   wall-atomtype[1]               = -1
   wall-density[0]                = 0
   wall-density[1]                = 0
   wall-ewald-zfac                = 3
   pull                           = false
   awh                            = false
   rotation                       = false
   interactiveMD                  = false
   disre                          = No
   disre-weighting                = Conservative
   disre-mixed                    = false
   dr-fc                          = 1000
   dr-tau                         = 0
   nstdisreout                    = 100
   orire-fc                       = 0
   orire-tau                      = 0
   nstorireout                    = 100
   free-energy                    = no
   cos-acceleration               = 0
   deform (3x3):
      deform[    0]={ 0.00000e+00,  0.00000e+00,  0.00000e+00}
      deform[    1]={ 0.00000e+00,  0.00000e+00,  0.00000e+00}
      deform[    2]={ 0.00000e+00,  0.00000e+00,  0.00000e+00}
   simulated-tempering            = false
   swapcoords                     = no
   userint1                       = 0
   userint2                       = 0
   userint3                       = 0
   userint4                       = 0
   userreal1                      = 0
   userreal2                      = 0
   userreal3                      = 0
   userreal4                      = 0
   applied-forces:
     electric-field:
       x:
         E0                       = 0
         omega                    = 0
         t0                       = 0
         sigma                    = 0
       y:
         E0                       = 0
         omega                    = 0
         t0                       = 0
         sigma                    = 0
       z:
         E0                       = 0
         omega                    = 0
         t0                       = 0
         sigma                    = 0
     density-guided-simulation:
       active                     = false
       group                      = protein
       similarity-measure         = inner-product
       atom-spreading-weight      = unity
       force-constant             = 1e+09
       gaussian-transform-spreading-width = 0.2
       gaussian-transform-spreading-range-in-multiples-of-width = 4
       reference-density-filename = reference.mrc
       nst                        = 1
       normalize-densities        = true
       adaptive-force-scaling     = false
       adaptive-force-scaling-time-constant = 4
grpopts:
   nrdf:     424.903     12711.1
   ref-t:         300         300
   tau-t:         0.1         0.1
annealing:          No          No
annealing-npoints:           0           0
   acc:	           0           0           0
   nfreeze:           N           N           N
   energygrp-flags[  0]: 0

Changing nstlist from 10 to 40, rlist from 1 to 1.098


Using 1 MPI thread

Non-default thread affinity set, disabling internal thread affinity

Using 4 OpenMP threads 

System total charge: -0.000
Will do PME sum in reciprocal space for electrostatic interactions.

++++ PLEASE READ AND CITE THE FOLLOWING REFERENCE ++++
U. Essmann, L. Perera, M. L. Berkowitz, T. Darden, H. Lee and L. G. Pedersen 
A smooth particle mesh Ewald method
J. Chem. Phys. 103 (1995) pp. 8577-8592
-------- -------- --- Thank You --- -------- --------

Using a Gaussian width (1/beta) of 0.320163 nm for Ewald
Potential shift: LJ r^-12: -1.000e+00 r^-6: -1.000e+00, Ewald -1.000e-05
Initialized non-bonded Coulomb Ewald tables, spacing: 9.33e-04 size: 1073

Generated table with 1049 data points for 1-4 COUL.
Tabscale = 500 points/nm
Generated table with 1049 data points for 1-4 LJ6.
Tabscale = 500 points/nm
Generated table with 1049 data points for 1-4 LJ12.
Tabscale = 500 points/nm

Using SIMD 4x4 nonbonded short-range kernels

Using a dual 4x4 pair-list setup updated with dynamic pruning:
  outer list: updated every 40 steps, buffer 0.098 nm, rlist 1.098 nm
  inner list: updated every 11 steps, buffer 0.001 nm, rlist 1.001 nm
At tolerance 0.005 kJ/mol/ps per atom, equivalent classical 1x1 list would be:
  outer list: updated every 40 steps, buffer 0.213 nm, rlist 1.213 nm
  inner list: updated every 11 steps, buffer 0.042 nm, rlist 1.042 nm

Using Lorentz-Berthelot Lennard-Jones combination rule

Long Range LJ corr.: <C6> 3.0359e-04


Initializing LINear Constraint Solver

++++ PLEASE READ AND CITE THE FOLLOWING REFERENCE ++++
B. Hess and H. Bekker and H. J. C. Berendsen and J. G. E. M. Fraaije
LINCS: A Linear Constraint Solver for molecular simulations
J. Comp. Chem. 18 (1997) pp. 1463-1472
-------- -------- --- Thank You --- -------- --------

The number of constraints is 73

++++ PLEASE READ AND CITE THE FOLLOWING REFERENCE ++++
S. Miyamoto and P. A. Kollman
SETTLE: An Analytical Version of the SHAKE and RATTLE Algorithms for Rigid
Water Models
J. Comp. Chem. 13 (1992) pp. 952-962
-------- -------- --- Thank You --- -------- --------


++++ PLEASE READ AND CITE THE FOLLOWING REFERENCE ++++
G. Bussi, D. Donadio and M. Parrinello
Canonical sampling through velocity rescaling
J. Chem. Phys. 126 (2007) pp. 014101
-------- -------- --- Thank You --- -------- --------

There are: 6522 Atoms
Center of mass motion removal mode is Linear
We have the following groups for center of mass motion removal:
  0:  rest

Started mdrun on rank 0 Mon May 23 19:19:44 2022

           Step           Time
              0        0.00000

   Energies (kJ/mol)
           Bond          Angle    Proper Dih.  Improper Dih.          LJ-14
    1.30230e+02    3.59169e+02    3.61527e+02    2.12639e+01    1.76008e+02
     Coulomb-14        LJ (SR)  Disper. corr.   Coulomb (SR)   Coul. recip.
    2.31479e+03    1.87593e+04   -8.37598e+02   -1.22382e+05    5.69067e+02
 Position Rest.      Potential    Kinetic En.   Total Energy  Conserved En.
    1.23464e-02   -1.00528e+05    1.63042e+04   -8.42237e+04   -8.42198e+04
    Temperature Pres. DC (bar) Pressure (bar)   Constr. rmsd
    2.98560e+02   -2.15881e+02   -5.82051e+01    1.89272e-06

           Step           Time
            100        0.20000

   Energies (kJ/mol)
           Bond          Angle    Proper Dih.  Improper Dih.          LJ-14
    1.61073e+02    2.99601e+02    3.53561e+02    2.04429e+01    1.90324e+02
     Coulomb-14        LJ (SR)  Disper. corr.   Coulomb (SR)   Coul. recip.
    2.33524e+03    1.93539e+04   -8.38956e+02   -1.23804e+05    5.39943e+02
 Position Rest.      Potential    Kinetic En.   Total Energy  Conserved En.
    3.65258e+01   -1.01353e+05    1.67887e+04   -8.45640e+04   -8.42276e+04
    Temperature Pres. DC (bar) Pressure (bar)   Constr. rmsd
    3.07433e+02   -2.16581e+02    3.72980e+02    3.06003e-06

           Step           Time
            200        0.40000

   Energies (kJ/mol)
           Bond          Angle    Proper Dih.  Improper Dih.          LJ-14
    1.22428e+02    2.88048e+02    3.86833e+02    2.30081e+01    1.79560e+02
     Coulomb-14        LJ (SR)  Disper. corr.   Coulomb (SR)   Coul. recip.
    2.31209e+03    1.90033e+04   -8.39785e+02   -1.23589e+05    5.21471e+02
 Position Rest.      Potential    Kinetic En.   Total Energy  Conserved En.
    4.22621e+01   -1.01550e+05    1.63363e+04   -8.52137e+04   -8.42319e+04
    Temperature Pres. DC (bar) Pressure (bar)   Constr. rmsd
    2.99147e+02   -2.17009e+02   -1.99175e+02    3.37612e-06

           Step           Time
            300        0.60000

   Energies (kJ/mol)
           Bond          Angle    Proper Dih.  Improper Dih.          LJ-14
    1.14216e+02    2.84062e+02    3.63437e+02    2.21919e+01    1.66309e+02
     Coulomb-14        LJ (SR)  Disper. corr.   Coulomb (SR)   Coul. recip.
    2.31887e+03    1.88974e+04   -8.37869e+02   -1.23124e+05    5.35493e+02
 Position Rest.      Potential    Kinetic En.   Total Energy  Conserved En.
    3.57714e+01   -1.01224e+05    1.63125e+04   -8.49112e+04   -8.42357e+04
    Temperature Pres. DC (bar) Pressure (bar)   Constr. rmsd
    2.98712e+02   -2.16021e+02   -1.59603e+02    2.25604e-06

           Step           Time
            400        0.80000

   Energies (kJ/mol)
           Bond          Angle    Proper Dih.  Improper Dih.          LJ-14
    1.49228e+02    3.26622e+02    3.78437e+02    1.94629e+01    1.69204e+02
     Coulomb-14        LJ (SR)  Disper. corr.   Coulomb (SR)   Coul. recip.
    2.30791e+03    1.88602e+04   -8.33784e+02   -1.22987e+05    5.27792e+02
 Position Rest.      Potential    Kinetic En.   Total Energy  Conserved En.
    5.94254e+01   -1.01022e+05    1.65576e+04   -8.44648e+04   -8.42250e+04
    Temperature Pres. DC (bar) Pressure (bar)   Constr. rmsd
    3.03200e+02   -2.13922e+02   -2.01846e+02    3.31363e-06

           Step           Time
            500        1.00000

   Energies (kJ/mol)
           Bond          Angle    Proper Dih.  Improper Dih.          LJ-14
    1.71548e+02    3.01032e+02    3.46428e+02    1.57658e+01    1.57870e+02
     Coulomb-14        LJ (SR)  Disper. corr.   Coulomb (SR)   Coul. recip.
    2.26985e+03    1.95184e+04   -8.31041e+02   -1.23854e+05    5.73554e+02
 Position Rest.      Potential    Kinetic En.   Total Energy  Conserved En.
    4.12926e+01   -1.01289e+05    1.64234e+04   -8.48656e+04   -8.42271e+04
    Temperature Pres. DC (bar) Pressure (bar)   Constr. rmsd
    3.00743e+02   -2.12519e+02   -1.16871e+02    2.10790e-06

           Step           Time
            600        1.20000

   Energies (kJ/mol)
           Bond          Angle    Proper Dih.  Improper Dih.          LJ-14
    1.42549e+02    2.72048e+02    3.45126e+02    1.58780e+01    1.78887e+02
     Coulomb-14        LJ (SR)  Disper. corr.   Coulomb (SR)   Coul. recip.
    2.27863e+03    1.93182e+04   -8.30574e+02   -1.23820e+05    5.39324e+02
 Position Rest.      Potential    Kinetic En.   Total Energy  Conserved En.
    4.80360e+01   -1.01512e+05    1.61565e+04   -8.53557e+04   -8.42301e+04
    Temperature Pres. DC (bar) Pressure (bar)   Constr. rmsd
    2.95855e+02   -2.12280e+02    1.69867e+02    2.11572e-06

           Step           Time
            700        1.40000

   Energies (kJ/mol)
           Bond          Angle    Proper Dih.  Improper Dih.          LJ-14
    1.13605e+02    2.89564e+02    3.56015e+02    2.17282e+01    1.69480e+02
     Coulomb-14        LJ (SR)  Disper. corr.   Coulomb (SR)   Coul. recip.
    2.31090e+03    1.93862e+04   -8.33207e+02   -1.24551e+05    5.59020e+02
 Position Rest.      Potential    Kinetic En.   Total Energy  Conserved En.
    6.21750e+01   -1.02115e+05    1.64955e+04   -8.56196e+04   -8.42237e+04
    Temperature Pres. DC (bar) Pressure (bar)   Constr. rmsd
    3.02063e+02   -2.13626e+02   -1.90140e+02    2.06922e-06

           Step           Time
            800        1.60000

   Energies (kJ/mol)
           Bond          Angle    Proper Dih.  Improper Dih.          LJ-14
    1.17137e+02    2.82779e+02    3.32626e+02    1.20641e+01    1.73869e+02
     Coulomb-14        LJ (SR)  Disper. corr.   Coulomb (SR)   Coul. recip.
    2.27356e+03    2.00109e+04   -8.37070e+02   -1.25174e+05    5.18734e+02
 Position Rest.      Potential    Kinetic En.   Total Energy  Conserved En.
    4.08134e+01   -1.02248e+05    1.61579e+04   -8.60903e+04   -8.42312e+04
    Temperature Pres. DC (bar) Pressure (bar)   Constr. rmsd
    2.95881e+02   -2.15610e+02    6.15813e+02    1.55143e-06

           Step           Time
            900        1.80000

   Energies (kJ/mol)
           Bond          Angle    Proper Dih.  Improper Dih.          LJ-14
    1.10633e+02    3.04023e+02    3.42467e+02    1.57685e+01    1.62985e+02
     Coulomb-14        LJ (SR)  Disper. corr.   Coulomb (SR)   Coul. recip.
    2.30986e+03    1.95727e+04   -8.36882e+02   -1.24605e+05    5.27423e+02
 Position Rest.      Potential    Kinetic En.   Total Energy  Conserved En.
    5.01727e+01   -1.02046e+05    1.60189e+04   -8.60273e+04   -8.42260e+04
    Temperature Pres. DC (bar) Pressure (bar)   Constr. rmsd
    2.93336e+02   -2.15513e+02    2.62398e+02    1.79222e-06

           Step           Time
           1000        2.00000

   Energies (kJ/mol)
           Bond          Angle    Proper Dih.  Improper Dih.          LJ-14
    1.43722e+02    3.28149e+02    3.52316e+02    2.06172e+01    1.48433e+02
     Coulomb-14        LJ (SR)  Disper. corr.   Coulomb (SR)   Coul. recip.
    2.26516e+03    1.89900e+04   -8.35446e+02   -1.23591e+05    5.83306e+02
 Position Rest.      Potential    Kinetic En.   Total Energy  Conserved En.
    4.26461e+01   -1.01552e+05    1.64796e+04   -8.50727e+04   -8.42258e+04
    Temperature Pres. DC (bar) Pressure (bar)   Constr. rmsd
    3.01772e+02   -2.14775e+02   -3.19966e+02    3.36197e-06

           Step           Time
           1100        2.20000

   Energies (kJ/mol)
           Bond          Angle    Proper Dih.  Improper Dih.          LJ-14
    1.28252e+02    3.11349e+02    3.62895e+02    2.27480e+01    1.76889e+02
     Coulomb-14        LJ (SR)  Disper. corr.   Coulomb (SR)   Coul. recip.
    2.31527e+03    1.94073e+04   -8.35434e+02   -1.24018e+05    5.58687e+02
 Position Rest.      Potential    Kinetic En.   Total Energy  Conserved En.
    7.12051e+01   -1.01499e+05    1.68265e+04   -8.46725e+04   -8.42280e+04
    Temperature Pres. DC (bar) Pressure (bar)   Constr. rmsd
    3.08124e+02   -2.14768e+02    4.49226e+02    3.22203e-06

           Step           Time
           1200        2.40000

   Energies (kJ/mol)
           Bond          Angle    Proper Dih.  Improper Dih.          LJ-14
    1.27084e+02    2.75280e+02    3.81108e+02    2.14961e+01    1.80662e+02
     Coulomb-14        LJ (SR)  Disper. corr.   Coulomb (SR)   Coul. recip.
    2.30060e+03    1.86021e+04   -8.33820e+02   -1.22868e+05    5.56622e+02
 Position Rest.      Potential    Kinetic En.   Total Energy  Conserved En.
    3.84867e+01   -1.01218e+05    1.63841e+04   -8.48340e+04   -8.42364e+04
    Temperature Pres. DC (bar) Pressure (bar)   Constr. rmsd
    3.00024e+02   -2.13941e+02   -1.12640e+02    1.65564e-06

           Step           Time
           1300        2.60000

   Energies (kJ/mol)
           Bond          Angle    Proper Dih.  Improper Dih.          LJ-14
    1.14885e+02    3.28854e+02    3.46507e+02    1.51066e+01    1.87087e+02
     Coulomb-14        LJ (SR)  Disper. corr.   Coulomb (SR)   Coul. recip.
    2.31188e+03    1.94849e+04   -8.33237e+02   -1.23996e+05    5.41705e+02
 Position Rest.      Potential    Kinetic En.   Total Energy  Conserved En.
    4.19379e+01   -1.01457e+05    1.63394e+04   -8.51173e+04   -8.42292e+04
    Temperature Pres. DC (bar) Pressure (bar)   Constr. rmsd
    2.99205e+02   -2.13642e+02    4.89291e+02    1.71423e-06

           Step           Time
           1400        2.80000

   Energies (kJ/mol)
           Bond          Angle    Proper Dih.  Improper Dih.          LJ-14
    1.35665e+02    3.33119e+02    3.82460e+02    2.47237e+01    1.67986e+02
     Coulomb-14        LJ (SR)  Disper. corr.   Coulomb (SR)   Coul. recip.
    2.27939e+03    1.96641e+04   -8.29466e+02   -1.24242e+05    5.78187e+02
 Position Rest.      Potential    Kinetic En.   Total Energy  Conserved En.
    4.13240e+01   -1.01465e+05    1.66348e+04   -8.48300e+04   -8.42258e+04
    Temperature Pres. DC (bar) Pressure (bar)   Constr. rmsd
    3.04615e+02   -2.11715e+02    3.34944e+02    4.21024e-06

           Step           Time
           1500        3.00000

   Energies (kJ/mol)
           Bond          Angle    Proper Dih.  Improper Dih.          LJ-14
    1.18264e+02    3.42446e+02    3.60119e+02    2.04065e+01    1.72870e+02
     Coulomb-14        LJ (SR)  Disper. corr.   Coulomb (SR)   Coul. recip.
    2.28776e+03    1.92937e+04   -8.26031e+02   -1.23489e+05    5.76627e+02
 Position Rest.      Potential    Kinetic En.   Total Energy  Conserved En.
    5.31713e+01   -1.01090e+05    1.65251e+04   -8.45650e+04   -8.42310e+04
    Temperature Pres. DC (bar) Pressure (bar)   Constr. rmsd
    3.02606e+02   -2.09967e+02    2.28150e+02    3.14987e-06

           Step           Time
           1600        3.20000

   Energies (kJ/mol)
           Bond          Angle    Proper Dih.  Improper Dih.          LJ-14
    1.76921e+02    2.72879e+02    3.48871e+02    1.78512e+01    1.91916e+02
     Coulomb-14        LJ (SR)  Disper. corr.   Coulomb (SR)   Coul. recip.
    2.31724e+03    1.87649e+04   -8.26770e+02   -1.23340e+05    5.59281e+02
 Position Rest.      Potential    Kinetic En.   Total Energy  Conserved En.
    3.33387e+01   -1.01484e+05    1.68470e+04   -8.46367e+04   -8.42346e+04
    Temperature Pres. DC (bar) Pressure (bar)   Constr. rmsd
    3.08500e+02   -2.10342e+02   -5.13679e+02    1.77143e-06

           Step           Time
           1700        3.40000

   Energies (kJ/mol)
           Bond          Angle    Proper Dih.  Improper Dih.          LJ-14
    1.30521e+02    3.24436e+02    3.48507e+02    2.01458e+01    1.62703e+02
     Coulomb-14        LJ (SR)  Disper. corr.   Coulomb (SR)   Coul. recip.
    2.27499e+03    1.94523e+04   -8.29462e+02   -1.24092e+05    5.41924e+02
 Position Rest.      Potential    Kinetic En.   Total Energy  Conserved En.
    2.78596e+01   -1.01638e+05    1.65250e+04   -8.51128e+04   -8.42319e+04
    Temperature Pres. DC (bar) Pressure (bar)   Constr. rmsd
    3.02603e+02   -2.11713e+02    5.24866e+01    1.40909e-06

           Step           Time
           1800        3.60000

   Energies (kJ/mol)
           Bond          Angle    Proper Dih.  Improper Dih.          LJ-14
    1.31356e+02    3.21679e+02    3.88670e+02    2.17234e+01    1.75602e+02
     Coulomb-14        LJ (SR)  Disper. corr.   Coulomb (SR)   Coul. recip.
    2.26857e+03    1.93227e+04   -8.32070e+02   -1.23769e+05    5.45280e+02
 Position Rest.      Potential    Kinetic En.   Total Energy  Conserved En.
    4.44972e+01   -1.01381e+05    1.63398e+04   -8.50409e+04   -8.42277e+04
    Temperature Pres. DC (bar) Pressure (bar)   Constr. rmsd
    2.99213e+02   -2.13044e+02    2.20360e+02    1.59500e-06

           Step           Time
           1900        3.80000

   Energies (kJ/mol)
           Bond          Angle    Proper Dih.  Improper Dih.          LJ-14
    1.43571e+02    3.27229e+02    3.55174e+02    1.87194e+01    1.79975e+02
     Coulomb-14        LJ (SR)  Disper. corr.   Coulomb (SR)   Coul. recip.
    2.27502e+03    1.95166e+04   -8.34217e+02   -1.23854e+05    5.78585e+02
 Position Rest.      Potential    Kinetic En.   Total Energy  Conserved En.
    3.84889e+01   -1.01255e+05    1.63842e+04   -8.48710e+04   -8.42289e+04
    Temperature Pres. DC (bar) Pressure (bar)   Constr. rmsd
    3.00025e+02   -2.14144e+02    3.59757e+02    1.75452e-06

           Step           Time
           2000        4.00000

   Energies (kJ/mol)
           Bond          Angle    Proper Dih.  Improper Dih.          LJ-14
    1.74595e+02    3.28239e+02    3.55831e+02    3.12305e+01    1.57827e+02
     Coulomb-14        LJ (SR)  Disper. corr.   Coulomb (SR)   Coul. recip.
    2.29136e+03    1.89916e+04   -8.31925e+02   -1.22816e+05    5.57144e+02
 Position Rest.      Potential    Kinetic En.   Total Energy  Conserved En.
    5.57855e+01   -1.00705e+05    1.64556e+04   -8.42491e+04   -8.42265e+04
    Temperature Pres. DC (bar) Pressure (bar)   Constr. rmsd
    3.01333e+02   -2.12971e+02   -3.45995e+01    1.95594e-06

           Step           Time
           2100        4.20000

   Energies (kJ/mol)
           Bond          Angle    Proper Dih.  Improper Dih.          LJ-14
    1.44682e+02    3.42628e+02    3.76402e+02    2.64102e+01    1.64513e+02
     Coulomb-14        LJ (SR)  Disper. corr.   Coulomb (SR)   Coul. recip.
    2.33135e+03    1.87402e+04   -8.29331e+02   -1.22679e+05    5.78658e+02
 Position Rest.      Potential    Kinetic En.   Total Energy  Conserved En.
    3.27365e+01   -1.00771e+05    1.67450e+04   -8.40257e+04   -8.42287e+04
    Temperature Pres. DC (bar) Pressure (bar)   Constr. rmsd
    3.06631e+02   -2.11646e+02   -3.98939e+02    3.10205e-06

           Step           Time
           2200        4.40000

   Energies (kJ/mol)
           Bond          Angle    Proper Dih.  Improper Dih.          LJ-14
    1.82774e+02    3.30083e+02    3.57195e+02    2.31775e+01    1.70492e+02
     Coulomb-14        LJ (SR)  Disper. corr.   Coulomb (SR)   Coul. recip.
    2.24963e+03    1.88269e+04   -8.27933e+02   -1.22792e+05    5.43351e+02
 Position Rest.      Potential    Kinetic En.   Total Energy  Conserved En.
    4.36679e+01   -1.00893e+05    1.69401e+04   -8.39530e+04   -8.42383e+04
    Temperature Pres. DC (bar) Pressure (bar)   Constr. rmsd
    3.10205e+02   -2.10934e+02   -2.97074e+02    1.53644e-06

           Step           Time
           2300        4.60000

   Energies (kJ/mol)
           Bond          Angle    Proper Dih.  Improper Dih.          LJ-14
    1.51701e+02    2.93739e+02    3.75632e+02    1.43577e+01    1.83456e+02
     Coulomb-14        LJ (SR)  Disper. corr.   Coulomb (SR)   Coul. recip.
    2.29980e+03    1.90882e+04   -8.27104e+02   -1.23423e+05    5.66618e+02
 Position Rest.      Potential    Kinetic En.   Total Energy  Conserved En.
    4.19081e+01   -1.01235e+05    1.65730e+04   -8.46618e+04   -8.42286e+04
    Temperature Pres. DC (bar) Pressure (bar)   Constr. rmsd
    3.03482e+02   -2.10512e+02   -6.31762e+01    2.99438e-06

           Step           Time
           2400        4.80000

   Energies (kJ/mol)
           Bond          Angle    Proper Dih.  Improper Dih.          LJ-14
    1.24225e+02    2.91267e+02    3.42697e+02    1.78848e+01    1.66436e+02
     Coulomb-14        LJ (SR)  Disper. corr.   Coulomb (SR)   Coul. recip.
    2.29095e+03    1.88317e+04   -8.27701e+02   -1.23178e+05    5.54540e+02
 Position Rest.      Potential    Kinetic En.   Total Energy  Conserved En.
    3.59342e+01   -1.01350e+05    1.63414e+04   -8.50086e+04   -8.42361e+04
    Temperature Pres. DC (bar) Pressure (bar)   Constr. rmsd
    2.99242e+02   -2.10816e+02   -3.87246e+02    1.38875e-06

           Step           Time
           2500        5.00000

   Energies (kJ/mol)
           Bond          Angle    Proper Dih.  Improper Dih.          LJ-14
    1.45236e+02    2.95531e+02    3.32196e+02    1.95316e+01    1.73149e+02
     Coulomb-14        LJ (SR)  Disper. corr.   Coulomb (SR)   Coul. recip.
    2.26643e+03    1.94955e+04   -8.30205e+02   -1.24091e+05    5.68476e+02
 Position Rest.      Potential    Kinetic En.   Total Energy  Conserved En.
    3.90977e+01   -1.01586e+05    1.61036e+04   -8.54823e+04   -8.42292e+04
    Temperature Pres. DC (bar) Pressure (bar)   Constr. rmsd
    2.94888e+02   -2.12092e+02   -1.34409e+02    1.71005e-06

           Step           Time
           2600        5.20000

   Energies (kJ/mol)
           Bond          Angle    Proper Dih.  Improper Dih.          LJ-14
    1.31888e+02    3.70460e+02    3.30455e+02    2.44251e+01    1.86067e+02
     Coulomb-14        LJ (SR)  Disper. corr.   Coulomb (SR)   Coul. recip.
    2.27235e+03    1.96230e+04   -8.31613e+02   -1.24333e+05    5.79013e+02
 Position Rest.      Potential    Kinetic En.   Total Energy  Conserved En.
    4.08650e+01   -1.01607e+05    1.71249e+04   -8.44816e+04   -8.42299e+04
    Temperature Pres. DC (bar) Pressure (bar)   Constr. rmsd
    3.13589e+02   -2.12811e+02    3.04764e+02    1.69082e-06

           Step           Time
           2700        5.40000

   Energies (kJ/mol)
           Bond          Angle    Proper Dih.  Improper Dih.          LJ-14
    1.79535e+02    2.98284e+02    3.53663e+02    2.17539e+01    1.77530e+02
     Coulomb-14        LJ (SR)  Disper. corr.   Coulomb (SR)   Coul. recip.
    2.33638e+03    1.87331e+04   -8.29509e+02   -1.23357e+05    5.79541e+02
 Position Rest.      Potential    Kinetic En.   Total Energy  Conserved En.
    4.15374e+01   -1.01465e+05    1.65757e+04   -8.48894e+04   -8.42366e+04
    Temperature Pres. DC (bar) Pressure (bar)   Constr. rmsd
    3.03531e+02   -2.11737e+02   -5.67570e+02    2.04917e-06

           Step           Time
           2800        5.60000

   Energies (kJ/mol)
           Bond          Angle    Proper Dih.  Improper Dih.          LJ-14
    1.42202e+02    3.56588e+02    3.47686e+02    1.80991e+01    1.99476e+02
     Coulomb-14        LJ (SR)  Disper. corr.   Coulomb (SR)   Coul. recip.
    2.32963e+03    1.93482e+04   -8.29205e+02   -1.24049e+05    5.60741e+02
 Position Rest.      Potential    Kinetic En.   Total Energy  Conserved En.
    4.89999e+01   -1.01527e+05    1.65669e+04   -8.49600e+04   -8.42344e+04
    Temperature Pres. DC (bar) Pressure (bar)   Constr. rmsd
    3.03371e+02   -2.11582e+02    2.30188e+02    1.21552e-06

           Step           Time
           2900        5.80000

   Energies (kJ/mol)
           Bond          Angle    Proper Dih.  Improper Dih.          LJ-14
    1.51272e+02    2.24475e+02    3.72916e+02    1.60317e+01    1.88053e+02
     Coulomb-14        LJ (SR)  Disper. corr.   Coulomb (SR)   Coul. recip.
    2.31745e+03    1.87610e+04   -8.29462e+02   -1.23233e+05    5.64448e+02
 Position Rest.      Potential    Kinetic En.   Total Energy  Conserved En.
    5.61619e+01   -1.01411e+05    1.62155e+04   -8.51950e+04   -8.42363e+04
    Temperature Pres. DC (bar) Pressure (bar)   Constr. rmsd
    2.96937e+02   -2.11713e+02   -4.17190e+02    2.23449e-06

           Step           Time
           3000        6.00000

   Energies (kJ/mol)
           Bond          Angle    Proper Dih.  Improper Dih.          LJ-14
    1.40943e+02    2.72212e+02    3.58156e+02    1.83664e+01    1.72445e+02
     Coulomb-14        LJ (SR)  Disper. corr.   Coulomb (SR)   Coul. recip.
    2.30256e+03    1.95469e+04   -8.31159e+02   -1.24424e+05    5.42868e+02
 Position Rest.      Potential    Kinetic En.   Total Energy  Conserved En.
    4.78216e+01   -1.01853e+05    1.62484e+04   -8.56041e+04   -8.42372e+04
    Temperature Pres. DC (bar) Pressure (bar)   Constr. rmsd
    2.97539e+02   -2.12579e+02    1.00443e+02    1.30203e-06

           Step           Time
           3100        6.20000

   Energies (kJ/mol)
           Bond          Angle    Proper Dih.  Improper Dih.          LJ-14
    1.25165e+02    2.95785e+02    3.48841e+02    2.27557e+01    1.82531e+02
     Coulomb-14        LJ (SR)  Disper. corr.   Coulomb (SR)   Coul. recip.
    2.26956e+03    1.92974e+04   -8.29594e+02   -1.23707e+05    5.67215e+02
 Position Rest.      Potential    Kinetic En.   Total Energy  Conserved En.
    4.91616e+01   -1.01378e+05    1.63363e+04   -8.50416e+04   -8.42392e+04
    Temperature Pres. DC (bar) Pressure (bar)   Constr. rmsd
    2.99149e+02   -2.11780e+02    6.79582e+01    3.50846e-06

           Step           Time
           3200        6.40000

   Energies (kJ/mol)
           Bond          Angle    Proper Dih.  Improper Dih.          LJ-14
    1.57800e+02    3.25156e+02    3.51388e+02    1.37749e+01    1.65345e+02
     Coulomb-14        LJ (SR)  Disper. corr.   Coulomb (SR)   Coul. recip.
    2.29208e+03    1.95859e+04   -8.28098e+02   -1.24296e+05    5.36331e+02
 Position Rest.      Potential    Kinetic En.   Total Energy  Conserved En.
    4.78765e+01   -1.01648e+05    1.65261e+04   -8.51219e+04   -8.42325e+04
    Temperature Pres. DC (bar) Pressure (bar)   Constr. rmsd
    3.02623e+02   -2.11018e+02    3.16849e+01    1.76162e-06

           Step           Time
           3300        6.60000

   Energies (kJ/mol)
           Bond          Angle    Proper Dih.  Improper Dih.          LJ-14
    1.06095e+02    2.90521e+02    3.50514e+02    9.39882e+00    1.88919e+02
     Coulomb-14        LJ (SR)  Disper. corr.   Coulomb (SR)   Coul. recip.
    2.31541e+03    1.89973e+04   -8.28716e+02   -1.23616e+05    5.77514e+02
 Position Rest.      Potential    Kinetic En.   Total Energy  Conserved En.
    3.88984e+01   -1.01570e+05    1.62721e+04   -8.52977e+04   -8.42411e+04
    Temperature Pres. DC (bar) Pressure (bar)   Constr. rmsd
    2.97973e+02   -2.11332e+02   -1.97513e+02    1.39883e-06

           Step           Time
           3400        6.80000

   Energies (kJ/mol)
           Bond          Angle    Proper Dih.  Improper Dih.          LJ-14
    1.34320e+02    2.61047e+02    3.60253e+02    2.88171e+01    1.76007e+02
     Coulomb-14        LJ (SR)  Disper. corr.   Coulomb (SR)   Coul. recip.
    2.35931e+03    1.91639e+04   -8.32141e+02   -1.23976e+05    5.42948e+02
 Position Rest.      Potential    Kinetic En.   Total Energy  Conserved En.
    6.05037e+01   -1.01721e+05    1.64711e+04   -8.52503e+04   -8.42344e+04
    Temperature Pres. DC (bar) Pressure (bar)   Constr. rmsd
    3.01616e+02   -2.13081e+02   -2.01987e+02    1.89867e-06

           Step           Time
           3500        7.00000

   Energies (kJ/mol)
           Bond          Angle    Proper Dih.  Improper Dih.          LJ-14
    1.12882e+02    2.93560e+02    3.71060e+02    1.90828e+01    1.67152e+02
     Coulomb-14        LJ (SR)  Disper. corr.   Coulomb (SR)   Coul. recip.
    2.32424e+03    1.92282e+04   -8.34715e+02   -1.24130e+05    5.41035e+02
 Position Rest.      Potential    Kinetic En.   Total Energy  Conserved En.
    5.10833e+01   -1.01856e+05    1.66234e+04   -8.52326e+04   -8.42408e+04
    Temperature Pres. DC (bar) Pressure (bar)   Constr. rmsd
    3.04406e+02   -2.14399e+02   -8.55856e+01    2.32113e-06

           Step           Time
           3600        7.20000

   Energies (kJ/mol)
           Bond          Angle    Proper Dih.  Improper Dih.          LJ-14
    1.20684e+02    3.21169e+02    3.61408e+02    2.74957e+01    1.64008e+02
     Coulomb-14        LJ (SR)  Disper. corr.   Coulomb (SR)   Coul. recip.
    2.26599e+03    1.97220e+04   -8.36658e+02   -1.24579e+05    5.33835e+02
 Position Rest.      Potential    Kinetic En.   Total Energy  Conserved En.
    4.27479e+01   -1.01856e+05    1.61876e+04   -8.56683e+04   -8.42321e+04
    Temperature Pres. DC (bar) Pressure (bar)   Constr. rmsd
    2.96425e+02   -2.15398e+02    3.05996e+02    9.38136e-07

           Step           Time
           3700        7.40000

   Energies (kJ/mol)
           Bond          Angle    Proper Dih.  Improper Dih.          LJ-14
    1.42442e+02    2.82103e+02    3.46590e+02    1.34598e+01    1.70820e+02
     Coulomb-14        LJ (SR)  Disper. corr.   Coulomb (SR)   Coul. recip.
    2.27340e+03    1.99883e+04   -8.36482e+02   -1.24679e+05    5.34948e+02
 Position Rest.      Potential    Kinetic En.   Total Energy  Conserved En.
    5.35916e+01   -1.01710e+05    1.61090e+04   -8.56013e+04   -8.42354e+04
    Temperature Pres. DC (bar) Pressure (bar)   Constr. rmsd
    2.94987e+02   -2.15307e+02    5.79186e+02    1.48824e-06

           Step           Time
           3800        7.60000

   Energies (kJ/mol)
           Bond          Angle    Proper Dih.  Improper Dih.          LJ-14
    1.42979e+02    2.93582e+02    3.70876e+02    1.90531e+01    1.76036e+02
     Coulomb-14        LJ (SR)  Disper. corr.   Coulomb (SR)   Coul. recip.
    2.28956e+03    1.92978e+04   -8.34167e+02   -1.24244e+05    5.49201e+02
 Position Rest.      Potential    Kinetic En.   Total Energy  Conserved En.
    4.54728e+01   -1.01893e+05    1.67143e+04   -8.51790e+04   -8.42436e+04
    Temperature Pres. DC (bar) Pressure (bar)   Constr. rmsd
    3.06071e+02   -2.14119e+02   -1.03574e+02    1.90594e-06

           Step           Time
           3900        7.80000

   Energies (kJ/mol)
           Bond          Angle    Proper Dih.  Improper Dih.          LJ-14
    1.46612e+02    2.93233e+02    3.66016e+02    1.18835e+01    1.76120e+02
     Coulomb-14        LJ (SR)  Disper. corr.   Coulomb (SR)   Coul. recip.
    2.29278e+03    1.96290e+04   -8.32509e+02   -1.24600e+05    5.59174e+02
 Position Rest.      Potential    Kinetic En.   Total Energy  Conserved En.
    3.87541e+01   -1.01919e+05    1.67673e+04   -8.51515e+04   -8.42402e+04
    Temperature Pres. DC (bar) Pressure (bar)   Constr. rmsd
    3.07041e+02   -2.13269e+02    2.60475e+02    2.42525e-06

           Step           Time
           4000        8.00000

   Energies (kJ/mol)
           Bond          Angle    Proper Dih.  Improper Dih.          LJ-14
    1.40391e+02    3.27644e+02    3.58449e+02    2.20332e+01    1.68021e+02
     Coulomb-14        LJ (SR)  Disper. corr.   Coulomb (SR)   Coul. recip.
    2.25412e+03    1.89703e+04   -8.29663e+02   -1.23498e+05    5.31708e+02
 Position Rest.      Potential    Kinetic En.   Total Energy  Conserved En.
    5.41986e+01   -1.01501e+05    1.58913e+04   -8.56094e+04   -8.42335e+04
    Temperature Pres. DC (bar) Pressure (bar)   Constr. rmsd
    2.91000e+02   -2.11815e+02   -3.77127e+02    1.17304e-06

           Step           Time
           4100        8.20000

   Energies (kJ/mol)
           Bond          Angle    Proper Dih.  Improper Dih.          LJ-14
    1.54296e+02    2.70808e+02    3.59930e+02    1.44560e+01    1.74085e+02
     Coulomb-14        LJ (SR)  Disper. corr.   Coulomb (SR)   Coul. recip.
    2.28786e+03    1.96437e+04   -8.30751e+02   -1.24803e+05    5.46687e+02
 Position Rest.      Potential    Kinetic En.   Total Energy  Conserved En.
    4.86053e+01   -1.02133e+05    1.64498e+04   -8.56834e+04   -8.42371e+04
    Temperature Pres. DC (bar) Pressure (bar)   Constr. rmsd
    3.01227e+02   -2.12371e+02    6.63977e+01    1.25955e-06

           Step           Time
           4200        8.40000

   Energies (kJ/mol)
           Bond          Angle    Proper Dih.  Improper Dih.          LJ-14
    1.46670e+02    2.47241e+02    3.73591e+02    2.41112e+01    1.82595e+02
     Coulomb-14        LJ (SR)  Disper. corr.   Coulomb (SR)   Coul. recip.
    2.31555e+03    1.93785e+04   -8.29872e+02   -1.24279e+05    5.47852e+02
 Position Rest.      Potential    Kinetic En.   Total Energy  Conserved En.
    4.38076e+01   -1.01849e+05    1.61244e+04   -8.57247e+04   -8.42362e+04
    Temperature Pres. DC (bar) Pressure (bar)   Constr. rmsd
    2.95267e+02   -2.11922e+02    2.21435e+01    1.37009e-06

           Step           Time
           4300        8.60000

   Energies (kJ/mol)
           Bond          Angle    Proper Dih.  Improper Dih.          LJ-14
    1.32963e+02    2.84767e+02    3.51293e+02    1.43533e+01    1.67819e+02
     Coulomb-14        LJ (SR)  Disper. corr.   Coulomb (SR)   Coul. recip.
    2.31650e+03    1.95291e+04   -8.29320e+02   -1.24338e+05    5.51227e+02
 Position Rest.      Potential    Kinetic En.   Total Energy  Conserved En.
    4.75982e+01   -1.01772e+05    1.62622e+04   -8.55094e+04   -8.42439e+04
    Temperature Pres. DC (bar) Pressure (bar)   Constr. rmsd
    2.97791e+02   -2.11640e+02    2.98748e+01    1.56558e-06

           Step           Time
           4400        8.80000

   Energies (kJ/mol)
           Bond          Angle    Proper Dih.  Improper Dih.          LJ-14
    1.57711e+02    2.89303e+02    3.47334e+02    1.38718e+01    1.82685e+02
     Coulomb-14        LJ (SR)  Disper. corr.   Coulomb (SR)   Coul. recip.
    2.31222e+03    1.87835e+04   -8.27500e+02   -1.23480e+05    5.56468e+02
 Position Rest.      Potential    Kinetic En.   Total Energy  Conserved En.
    3.90291e+01   -1.01626e+05    1.62269e+04   -8.53988e+04   -8.42371e+04
    Temperature Pres. DC (bar) Pressure (bar)   Constr. rmsd
    2.97145e+02   -2.10714e+02   -6.46762e+02    1.23575e-06

           Step           Time
           4500        9.00000

   Energies (kJ/mol)
           Bond          Angle    Proper Dih.  Improper Dih.          LJ-14
    1.25709e+02    3.17481e+02    3.47121e+02    2.35194e+01    1.81347e+02
     Coulomb-14        LJ (SR)  Disper. corr.   Coulomb (SR)   Coul. recip.
    2.29683e+03    1.89275e+04   -8.29272e+02   -1.23010e+05    5.38712e+02
 Position Rest.      Potential    Kinetic En.   Total Energy  Conserved En.
    3.83929e+01   -1.01042e+05    1.64492e+04   -8.45931e+04   -8.42437e+04
    Temperature Pres. DC (bar) Pressure (bar)   Constr. rmsd
    3.01216e+02   -2.11616e+02    5.54914e+01    3.84435e-06

           Step           Time
           4600        9.20000

   Energies (kJ/mol)
           Bond          Angle    Proper Dih.  Improper Dih.          LJ-14
    1.20127e+02    2.96938e+02    3.53304e+02    2.00865e+01    1.83255e+02
     Coulomb-14        LJ (SR)  Disper. corr.   Coulomb (SR)   Coul. recip.
    2.33808e+03    1.94981e+04   -8.33296e+02   -1.24286e+05    5.40669e+02
 Position Rest.      Potential    Kinetic En.   Total Energy  Conserved En.
    4.19801e+01   -1.01727e+05    1.66837e+04   -8.50431e+04   -8.42449e+04
    Temperature Pres. DC (bar) Pressure (bar)   Constr. rmsd
    3.05511e+02   -2.13672e+02    3.87273e+02    3.23057e-06

           Step           Time
           4700        9.40000

   Energies (kJ/mol)
           Bond          Angle    Proper Dih.  Improper Dih.          LJ-14
    1.50940e+02    2.98769e+02    4.03188e+02    1.39234e+01    1.85636e+02
     Coulomb-14        LJ (SR)  Disper. corr.   Coulomb (SR)   Coul. recip.
    2.30686e+03    1.92299e+04   -8.32127e+02   -1.23772e+05    5.60594e+02
 Position Rest.      Potential    Kinetic En.   Total Energy  Conserved En.
    4.63454e+01   -1.01408e+05    1.65551e+04   -8.48528e+04   -8.42438e+04
    Temperature Pres. DC (bar) Pressure (bar)   Constr. rmsd
    3.03155e+02   -2.13074e+02    6.63767e+01    1.63612e-06

           Step           Time
           4800        9.60000

   Energies (kJ/mol)
           Bond          Angle    Proper Dih.  Improper Dih.          LJ-14
    1.29931e+02    3.00117e+02    3.86830e+02    2.33750e+01    1.65282e+02
     Coulomb-14        LJ (SR)  Disper. corr.   Coulomb (SR)   Coul. recip.
    2.29641e+03    1.94638e+04   -8.29149e+02   -1.24143e+05    5.20455e+02
 Position Rest.      Potential    Kinetic En.   Total Energy  Conserved En.
    4.91054e+01   -1.01636e+05    1.66560e+04   -8.49805e+04   -8.42470e+04
    Temperature Pres. DC (bar) Pressure (bar)   Constr. rmsd
    3.05002e+02   -2.11553e+02    6.91763e+01    1.81609e-06

           Step           Time
           4900        9.80000

   Energies (kJ/mol)
           Bond          Angle    Proper Dih.  Improper Dih.          LJ-14
    1.57005e+02    3.08426e+02    3.62846e+02    1.59037e+01    1.62759e+02
     Coulomb-14        LJ (SR)  Disper. corr.   Coulomb (SR)   Coul. recip.
    2.30277e+03    1.88287e+04   -8.26227e+02   -1.23378e+05    5.34510e+02
 Position Rest.      Potential    Kinetic En.   Total Energy  Conserved En.
    4.36817e+01   -1.01488e+05    1.64723e+04   -8.50156e+04   -8.42417e+04
    Temperature Pres. DC (bar) Pressure (bar)   Constr. rmsd
    3.01638e+02   -2.10066e+02   -5.31815e+02    1.89222e-06

           Step           Time
           5000       10.00000

   Energies (kJ/mol)
           Bond          Angle    Proper Dih.  Improper Dih.          LJ-14
    1.18199e+02    3.18458e+02    3.58955e+02    1.57846e+01    1.90268e+02
     Coulomb-14        LJ (SR)  Disper. corr.   Coulomb (SR)   Coul. recip.
    2.36086e+03    1.95423e+04   -8.26081e+02   -1.23824e+05    5.56654e+02
 Position Rest.      Potential    Kinetic En.   Total Energy  Conserved En.
    5.38896e+01   -1.01135e+05    1.63028e+04   -8.48320e+04   -8.42372e+04
    Temperature Pres. DC (bar) Pressure (bar)   Constr. rmsd
    2.98535e+02   -2.09992e+02    1.09228e+02    1.99050e-06

           Step           Time
           5100       10.20000

   Energies (kJ/mol)
           Bond          Angle    Proper Dih.  Improper Dih.          LJ-14
    1.40205e+02    2.45927e+02    3.58920e+02    1.31640e+01    1.65588e+02
     Coulomb-14        LJ (SR)  Disper. corr.   Coulomb (SR)   Coul. recip.
    2.30515e+03    1.89658e+04   -8.27256e+02   -1.23405e+05    5.82935e+02
 Position Rest.      Potential    Kinetic En.   Total Energy  Conserved En.
    3.21256e+01   -1.01422e+05    1.64934e+04   -8.49290e+04   -8.42531e+04
    Temperature Pres. DC (bar) Pressure (bar)   Constr. rmsd
    3.02025e+02   -2.10590e+02   -1.92535e+02    3.00228e-06

           Step           Time
           5200       10.40000

   Energies (kJ/mol)
           Bond          Angle    Proper Dih.  Improper Dih.          LJ-14
    1.33614e+02    3.21852e+02    3.46917e+02    1.03446e+01    1.54899e+02
     Coulomb-14        LJ (SR)  Disper. corr.   Coulomb (SR)   Coul. recip.
    2.25571e+03    1.93578e+04   -8.32074e+02   -1.24040e+05    5.65595e+02
 Position Rest.      Potential    Kinetic En.   Total Energy  Conserved En.
    4.04194e+01   -1.01685e+05    1.66286e+04   -8.50568e+04   -8.42508e+04
    Temperature Pres. DC (bar) Pressure (bar)   Constr. rmsd
    3.04501e+02   -2.13046e+02   -1.78451e+02    2.37392e-06

           Step           Time
           5300       10.60000

   Energies (kJ/mol)
           Bond          Angle    Proper Dih.  Improper Dih.          LJ-14
    1.37908e+02    2.63416e+02    3.71454e+02    1.58961e+01    1.82486e+02
     Coulomb-14        LJ (SR)  Disper. corr.   Coulomb (SR)   Coul. recip.
    2.32207e+03    1.95250e+04   -8.35492e+02   -1.23754e+05    5.25599e+02
 Position Rest.      Potential    Kinetic En.   Total Energy  Conserved En.
    4.60303e+01   -1.01199e+05    1.64663e+04   -8.47329e+04   -8.42465e+04
    Temperature Pres. DC (bar) Pressure (bar)   Constr. rmsd
    3.01530e+02   -2.14798e+02    3.78282e+02    2.24078e-06

           Step           Time
           5400       10.80000

   Energies (kJ/mol)
           Bond          Angle    Proper Dih.  Improper Dih.          LJ-14
    1.72097e+02    3.14360e+02    3.60453e+02    1.71748e+01    1.71820e+02
     Coulomb-14        LJ (SR)  Disper. corr.   Coulomb (SR)   Coul. recip.
    2.29293e+03    1.89906e+04   -8.34742e+02   -1.23147e+05    5.64201e+02
 Position Rest.      Potential    Kinetic En.   Total Energy  Conserved En.
    5.96342e+01   -1.01038e+05    1.66494e+04   -8.43889e+04   -8.42467e+04
    Temperature Pres. DC (bar) Pressure (bar)   Constr. rmsd
    3.04881e+02   -2.14413e+02   -1.74694e+02    1.42391e-06

           Step           Time
           5500       11.00000

   Energies (kJ/mol)
           Bond          Angle    Proper Dih.  Improper Dih.          LJ-14
    1.21342e+02    3.06097e+02    3.55134e+02    2.00452e+01    1.83109e+02
     Coulomb-14        LJ (SR)  Disper. corr.   Coulomb (SR)   Coul. recip.
    2.32909e+03    1.93437e+04   -8.33759e+02   -1.24087e+05    5.32506e+02
 Position Rest.      Potential    Kinetic En.   Total Energy  Conserved En.
    4.62890e+01   -1.01683e+05    1.63517e+04   -8.53316e+04   -8.42415e+04
    Temperature Pres. DC (bar) Pressure (bar)   Constr. rmsd
    2.99430e+02   -2.13909e+02    7.42624e+01    1.83597e-06

           Step           Time
           5600       11.20000

   Energies (kJ/mol)
           Bond          Angle    Proper Dih.  Improper Dih.          LJ-14
    1.34204e+02    2.88285e+02    3.57786e+02    1.73114e+01    1.69004e+02
     Coulomb-14        LJ (SR)  Disper. corr.   Coulomb (SR)   Coul. recip.
    2.31379e+03    1.92410e+04   -8.31919e+02   -1.23804e+05    5.56900e+02
 Position Rest.      Potential    Kinetic En.   Total Energy  Conserved En.
    5.30843e+01   -1.01505e+05    1.66221e+04   -8.48826e+04   -8.42490e+04
    Temperature Pres. DC (bar) Pressure (bar)   Constr. rmsd
    3.04381e+02   -2.12967e+02   -6.39210e+01    2.57317e-06

           Step           Time
           5700       11.40000

   Energies (kJ/mol)
           Bond          Angle    Proper Dih.  Improper Dih.          LJ-14
    1.02631e+02    3.24712e+02    3.55064e+02    1.48811e+01    1.81322e+02
     Coulomb-14        LJ (SR)  Disper. corr.   Coulomb (SR)   Coul. recip.
    2.29652e+03    1.90754e+04   -8.29405e+02   -1.23627e+05    5.41678e+02
 Position Rest.      Potential    Kinetic En.   Total Energy  Conserved En.
    6.18083e+01   -1.01503e+05    1.60294e+04   -8.54735e+04   -8.42433e+04
    Temperature Pres. DC (bar) Pressure (bar)   Constr. rmsd
    2.93528e+02   -2.11684e+02   -1.73575e+02    2.41226e-06

           Step           Time
           5800       11.60000

   Energies (kJ/mol)
           Bond          Angle    Proper Dih.  Improper Dih.          LJ-14
    1.08025e+02    2.85093e+02    3.65839e+02    1.57240e+01    1.89907e+02
     Coulomb-14        LJ (SR)  Disper. corr.   Coulomb (SR)   Coul. recip.
    2.29692e+03    1.88824e+04   -8.30341e+02   -1.23288e+05    5.45203e+02
 Position Rest.      Potential    Kinetic En.   Total Energy  Conserved En.
    5.69294e+01   -1.01372e+05    1.64536e+04   -8.49187e+04   -8.42493e+04
    Temperature Pres. DC (bar) Pressure (bar)   Constr. rmsd
    3.01296e+02   -2.12161e+02   -1.03444e+02    2.55379e-06

           Step           Time
           5900       11.80000

   Energies (kJ/mol)
           Bond          Angle    Proper Dih.  Improper Dih.          LJ-14
    1.20816e+02    3.36791e+02    3.55233e+02    1.35177e+01    1.76145e+02
     Coulomb-14        LJ (SR)  Disper. corr.   Coulomb (SR)   Coul. recip.
    2.32732e+03    1.89757e+04   -8.34543e+02   -1.23547e+05    5.29093e+02
 Position Rest.      Potential    Kinetic En.   Total Energy  Conserved En.
    4.70893e+01   -1.01500e+05    1.66251e+04   -8.48744e+04   -8.42506e+04
    Temperature Pres. DC (bar) Pressure (bar)   Constr. rmsd
    3.04437e+02   -2.14311e+02   -1.30315e+02    1.61523e-06

           Step           Time
           6000       12.00000

   Energies (kJ/mol)
           Bond          Angle    Proper Dih.  Improper Dih.          LJ-14
    1.59368e+02    3.05789e+02    3.51437e+02    3.19250e+01    1.69151e+02
     Coulomb-14        LJ (SR)  Disper. corr.   Coulomb (SR)   Coul. recip.
    2.26902e+03    1.97420e+04   -8.38739e+02   -1.24508e+05    5.21966e+02
 Position Rest.      Potential    Kinetic En.   Total Energy  Conserved En.
    5.83643e+01   -1.01737e+05    1.67963e+04   -8.49412e+04   -8.42378e+04
    Temperature Pres. DC (bar) Pressure (bar)   Constr. rmsd
    3.07571e+02   -2.16469e+02    3.31756e+02    1.74699e-06

           Step           Time
           6100       12.20000

   Energies (kJ/mol)
           Bond          Angle    Proper Dih.  Improper Dih.          LJ-14
    1.63972e+02    3.30695e+02    3.30857e+02    1.90877e+01    1.68270e+02
     Coulomb-14        LJ (SR)  Disper. corr.   Coulomb (SR)   Coul. recip.
    2.26195e+03    1.90122e+04   -8.38341e+02   -1.23727e+05    5.24971e+02
 Position Rest.      Potential    Kinetic En.   Total Energy  Conserved En.
    5.06224e+01   -1.01703e+05    1.67363e+04   -8.49664e+04   -8.42437e+04
    Temperature Pres. DC (bar) Pressure (bar)   Constr. rmsd
    3.06474e+02   -2.16264e+02   -1.28201e+02    3.33534e-06

           Step           Time
           6200       12.40000

   Energies (kJ/mol)
           Bond          Angle    Proper Dih.  Improper Dih.          LJ-14
    1.43755e+02    3.10884e+02    3.64324e+02    1.90389e+01    1.67994e+02
     Coulomb-14        LJ (SR)  Disper. corr.   Coulomb (SR)   Coul. recip.
    2.29418e+03    1.90121e+04   -8.37651e+02   -1.23237e+05    5.12883e+02
 Position Rest.      Potential    Kinetic En.   Total Energy  Conserved En.
    6.68978e+01   -1.01182e+05    1.58055e+04   -8.53767e+04   -8.42396e+04
    Temperature Pres. DC (bar) Pressure (bar)   Constr. rmsd
    2.89429e+02   -2.15909e+02    1.61564e+02    2.67644e-06

           Step           Time
           6300       12.60000

   Energies (kJ/mol)
           Bond          Angle    Proper Dih.  Improper Dih.          LJ-14
    1.39286e+02    2.84185e+02    3.33693e+02    1.15730e+01    1.66529e+02
     Coulomb-14        LJ (SR)  Disper. corr.   Coulomb (SR)   Coul. recip.
    2.28992e+03    1.96735e+04   -8.36632e+02   -1.24243e+05    5.23312e+02
 Position Rest.      Potential    Kinetic En.   Total Energy  Conserved En.
    6.34803e+01   -1.01594e+05    1.65567e+04   -8.50375e+04   -8.42450e+04
    Temperature Pres. DC (bar) Pressure (bar)   Constr. rmsd
    3.03184e+02   -2.15384e+02    3.10418e+02    1.73742e-06

           Step           Time
           6400       12.80000

   Energies (kJ/mol)
           Bond          Angle    Proper Dih.  Improper Dih.          LJ-14
    1.04907e+02    2.99576e+02    3.32978e+02    1.46887e+01    1.92300e+02
     Coulomb-14        LJ (SR)  Disper. corr.   Coulomb (SR)   Coul. recip.
    2.31724e+03    1.95345e+04   -8.33625e+02   -1.23752e+05    5.49736e+02
 Position Rest.      Potential    Kinetic En.   Total Energy  Conserved En.
    4.83240e+01   -1.01192e+05    1.62187e+04   -8.49731e+04   -8.42404e+04
    Temperature Pres. DC (bar) Pressure (bar)   Constr. rmsd
    2.96996e+02   -2.13841e+02    5.23258e+02    1.80974e-06

           Step           Time
           6500       13.00000

   Energies (kJ/mol)
           Bond          Angle    Proper Dih.  Improper Dih.          LJ-14
    1.38883e+02    2.99127e+02    3.36118e+02    2.43163e+01    1.90221e+02
     Coulomb-14        LJ (SR)  Disper. corr.   Coulomb (SR)   Coul. recip.
    2.33059e+03    1.92757e+04   -8.31678e+02   -1.24194e+05    5.42857e+02
 Position Rest.      Potential    Kinetic En.   Total Energy  Conserved En.
    6.28774e+01   -1.01825e+05    1.65167e+04   -8.53080e+04   -8.42405e+04
    Temperature Pres. DC (bar) Pressure (bar)   Constr. rmsd
    3.02452e+02   -2.12844e+02    1.56480e+02    1.62387e-06

           Step           Time
           6600       13.20000

   Energies (kJ/mol)
           Bond          Angle    Proper Dih.  Improper Dih.          LJ-14
    1.49162e+02    2.83128e+02    3.56418e+02    2.78269e+01    2.01507e+02
     Coulomb-14        LJ (SR)  Disper. corr.   Coulomb (SR)   Coul. recip.
    2.30565e+03    1.91806e+04   -8.27794e+02   -1.24192e+05    5.39296e+02
 Position Rest.      Potential    Kinetic En.   Total Energy  Conserved En.
    5.63987e+01   -1.01920e+05    1.63548e+04   -8.55648e+04   -8.42403e+04
    Temperature Pres. DC (bar) Pressure (bar)   Constr. rmsd
    2.99486e+02   -2.10863e+02    1.94166e+02    1.60431e-06

           Step           Time
           6700       13.40000

   Energies (kJ/mol)
           Bond          Angle    Proper Dih.  Improper Dih.          LJ-14
    1.34155e+02    2.62620e+02    3.43608e+02    1.74965e+01    1.82110e+02
     Coulomb-14        LJ (SR)  Disper. corr.   Coulomb (SR)   Coul. recip.
    2.32523e+03    1.89170e+04   -8.24176e+02   -1.23624e+05    5.49342e+02
 Position Rest.      Potential    Kinetic En.   Total Energy  Conserved En.
    4.69441e+01   -1.01670e+05    1.64466e+04   -8.52232e+04   -8.42438e+04
    Temperature Pres. DC (bar) Pressure (bar)   Constr. rmsd
    3.01169e+02   -2.09026e+02   -3.93431e+02    2.50110e-06

           Step           Time
           6800       13.60000

   Energies (kJ/mol)
           Bond          Angle    Proper Dih.  Improper Dih.          LJ-14
    1.63484e+02    3.06656e+02    3.55808e+02    1.69820e+01    1.65386e+02
     Coulomb-14        LJ (SR)  Disper. corr.   Coulomb (SR)   Coul. recip.
    2.28266e+03    1.96041e+04   -8.25287e+02   -1.24246e+05    5.61866e+02
 Position Rest.      Potential    Kinetic En.   Total Energy  Conserved En.
    5.09101e+01   -1.01564e+05    1.64688e+04   -8.50947e+04   -8.42402e+04
    Temperature Pres. DC (bar) Pressure (bar)   Constr. rmsd
    3.01575e+02   -2.09589e+02    5.68047e+01    2.42308e-06

           Step           Time
           6900       13.80000

   Energies (kJ/mol)
           Bond          Angle    Proper Dih.  Improper Dih.          LJ-14
    1.57333e+02    2.76719e+02    3.48138e+02    1.50695e+01    1.81556e+02
     Coulomb-14        LJ (SR)  Disper. corr.   Coulomb (SR)   Coul. recip.
    2.29785e+03    1.87822e+04   -8.26629e+02   -1.23596e+05    5.23215e+02
 Position Rest.      Potential    Kinetic En.   Total Energy  Conserved En.
    4.99844e+01   -1.01790e+05    1.66264e+04   -8.51638e+04   -8.42381e+04
    Temperature Pres. DC (bar) Pressure (bar)   Constr. rmsd
    3.04461e+02   -2.10271e+02   -6.15287e+02    1.94666e-06

           Step           Time
           7000       14.00000

   Energies (kJ/mol)
           Bond          Angle    Proper Dih.  Improper Dih.          LJ-14
    1.57459e+02    2.81634e+02    3.43926e+02    1.71941e+01    1.60545e+02
     Coulomb-14        LJ (SR)  Disper. corr.   Coulomb (SR)   Coul. recip.
    2.30558e+03    1.92041e+04   -8.28175e+02   -1.24037e+05    5.33086e+02
 Position Rest.      Potential    Kinetic En.   Total Energy  Conserved En.
    3.70740e+01   -1.01824e+05    1.64673e+04   -8.53571e+04   -8.42430e+04
    Temperature Pres. DC (bar) Pressure (bar)   Constr. rmsd
    3.01547e+02   -2.11057e+02   -2.27688e+02    2.06344e-06

           Step           Time
           7100       14.20000

   Energies (kJ/mol)
           Bond          Angle    Proper Dih.  Improper Dih.          LJ-14
    1.25761e+02    2.78855e+02    3.67932e+02    2.49905e+01    1.82162e+02
     Coulomb-14        LJ (SR)  Disper. corr.   Coulomb (SR)   Coul. recip.
    2.32379e+03    1.90180e+04   -8.29675e+02   -1.23498e+05    5.76227e+02
 Position Rest.      Potential    Kinetic En.   Total Energy  Conserved En.
    4.72901e+01   -1.01382e+05    1.61728e+04   -8.52094e+04   -8.42424e+04
    Temperature Pres. DC (bar) Pressure (bar)   Constr. rmsd
    2.96154e+02   -2.11822e+02   -1.07334e+02    2.17927e-06

           Step           Time
           7200       14.40000

   Energies (kJ/mol)
           Bond          Angle    Proper Dih.  Improper Dih.          LJ-14
    1.32400e+02    2.86595e+02    3.36899e+02    2.02480e+01    1.74520e+02
     Coulomb-14        LJ (SR)  Disper. corr.   Coulomb (SR)   Coul. recip.
    2.32696e+03    1.88743e+04   -8.31334e+02   -1.23823e+05    5.58182e+02
 Position Rest.      Potential    Kinetic En.   Total Energy  Conserved En.
    5.02045e+01   -1.01894e+05    1.63377e+04   -8.55568e+04   -8.42491e+04
    Temperature Pres. DC (bar) Pressure (bar)   Constr. rmsd
    2.99173e+02   -2.12668e+02   -5.18202e+02    1.58723e-06

           Step           Time
           7300       14.60000

   Energies (kJ/mol)
           Bond          Angle    Proper Dih.  Improper Dih.          LJ-14
    1.31660e+02    2.73981e+02    3.50140e+02    2.02028e+01    1.70244e+02
     Coulomb-14        LJ (SR)  Disper. corr.   Coulomb (SR)   Coul. recip.
    2.34297e+03    1.97587e+04   -8.34974e+02   -1.24890e+05    5.75091e+02
 Position Rest.      Potential    Kinetic En.   Total Energy  Conserved En.
    5.40108e+01   -1.02048e+05    1.66277e+04   -8.54199e+04   -8.42464e+04
    Temperature Pres. DC (bar) Pressure (bar)   Constr. rmsd
    3.04485e+02   -2.14533e+02    3.45863e+02    2.11827e-06

           Step           Time
           7400       14.80000

   Energies (kJ/mol)
           Bond          Angle    Proper Dih.  Improper Dih.          LJ-14
    1.37745e+02    2.87147e+02    3.63762e+02    1.94395e+01    1.65463e+02
     Coulomb-14        LJ (SR)  Disper. corr.   Coulomb (SR)   Coul. recip.
    2.31523e+03    1.91297e+04   -8.33975e+02   -1.23549e+05    5.30961e+02
 Position Rest.      Potential    Kinetic En.   Total Energy  Conserved En.
    5.26129e+01   -1.01381e+05    1.58695e+04   -8.55113e+04   -8.42376e+04
    Temperature Pres. DC (bar) Pressure (bar)   Constr. rmsd
    2.90600e+02   -2.14020e+02   -1.49423e+02    1.17323e-06

           Step           Time
           7500       15.00000

   Energies (kJ/mol)
           Bond          Angle    Proper Dih.  Improper Dih.          LJ-14
    1.44539e+02    3.04909e+02    3.55718e+02    1.87247e+01    1.89561e+02
     Coulomb-14        LJ (SR)  Disper. corr.   Coulomb (SR)   Coul. recip.
    2.28361e+03    1.95732e+04   -8.32226e+02   -1.24027e+05    5.55268e+02
 Position Rest.      Potential    Kinetic En.   Total Energy  Conserved En.
    3.51357e+01   -1.01399e+05    1.65363e+04   -8.48627e+04   -8.42448e+04
    Temperature Pres. DC (bar) Pressure (bar)   Constr. rmsd
    3.02810e+02   -2.13125e+02    4.41750e+02    2.24876e-06

           Step           Time
           7600       15.20000

   Energies (kJ/mol)
           Bond          Angle    Proper Dih.  Improper Dih.          LJ-14
    1.27076e+02    2.67459e+02    3.44155e+02    2.58738e+01    1.74486e+02
     Coulomb-14        LJ (SR)  Disper. corr.   Coulomb (SR)   Coul. recip.
    2.32759e+03    1.89661e+04   -8.27812e+02   -1.23042e+05    5.65249e+02
 Position Rest.      Potential    Kinetic En.   Total Energy  Conserved En.
    3.78771e+01   -1.01034e+05    1.59890e+04   -8.50445e+04   -8.42489e+04
    Temperature Pres. DC (bar) Pressure (bar)   Constr. rmsd
    2.92789e+02   -2.10873e+02   -2.89912e+02    2.83680e-06

           Step           Time
           7700       15.40000

   Energies (kJ/mol)
           Bond          Angle    Proper Dih.  Improper Dih.          LJ-14
    1.36714e+02    3.14330e+02    3.43542e+02    1.80086e+01    1.53860e+02
     Coulomb-14        LJ (SR)  Disper. corr.   Coulomb (SR)   Coul. recip.
    2.31290e+03    1.91797e+04   -8.26996e+02   -1.23253e+05    5.83873e+02
 Position Rest.      Potential    Kinetic En.   Total Energy  Conserved En.
    5.06576e+01   -1.00986e+05    1.62737e+04   -8.47125e+04   -8.42443e+04
    Temperature Pres. DC (bar) Pressure (bar)   Constr. rmsd
    2.98002e+02   -2.10457e+02   -2.68933e+02    1.86377e-06

           Step           Time
           7800       15.60000

   Energies (kJ/mol)
           Bond          Angle    Proper Dih.  Improper Dih.          LJ-14
    1.29368e+02    2.75864e+02    3.61035e+02    2.33664e+01    1.85706e+02
     Coulomb-14        LJ (SR)  Disper. corr.   Coulomb (SR)   Coul. recip.
    2.33325e+03    1.96012e+04   -8.31526e+02   -1.24021e+05    5.81496e+02
 Position Rest.      Potential    Kinetic En.   Total Energy  Conserved En.
    4.69798e+01   -1.01314e+05    1.67106e+04   -8.46039e+04   -8.42443e+04
    Temperature Pres. DC (bar) Pressure (bar)   Constr. rmsd
    3.06002e+02   -2.12766e+02    4.50406e+02    2.54873e-06

           Step           Time
           7900       15.80000

   Energies (kJ/mol)
           Bond          Angle    Proper Dih.  Improper Dih.          LJ-14
    1.38346e+02    2.84204e+02    3.55621e+02    1.61859e+01    1.67216e+02
     Coulomb-14        LJ (SR)  Disper. corr.   Coulomb (SR)   Coul. recip.
    2.30495e+03    1.92998e+04   -8.31844e+02   -1.23966e+05    5.25804e+02
 Position Rest.      Potential    Kinetic En.   Total Energy  Conserved En.
    3.56416e+01   -1.01670e+05    1.62343e+04   -8.54355e+04   -8.42470e+04
    Temperature Pres. DC (bar) Pressure (bar)   Constr. rmsd
    2.97280e+02   -2.12929e+02   -4.68429e+01    1.92000e-06

           Step           Time
           8000       16.00000

   Energies (kJ/mol)
           Bond          Angle    Proper Dih.  Improper Dih.          LJ-14
    1.28962e+02    2.81868e+02    3.63828e+02    1.87100e+01    1.81170e+02
     Coulomb-14        LJ (SR)  Disper. corr.   Coulomb (SR)   Coul. recip.
    2.28115e+03    1.89706e+04   -8.30205e+02   -1.23615e+05    5.21325e+02
 Position Rest.      Potential    Kinetic En.   Total Energy  Conserved En.
    5.33681e+01   -1.01644e+05    1.65606e+04   -8.50839e+04   -8.42465e+04
    Temperature Pres. DC (bar) Pressure (bar)   Constr. rmsd
    3.03255e+02   -2.12092e+02   -1.86128e+02    2.81545e-06

           Step           Time
           8100       16.20000

   Energies (kJ/mol)
           Bond          Angle    Proper Dih.  Improper Dih.          LJ-14
    1.26451e+02    2.58034e+02    3.53991e+02    2.51306e+01    2.04811e+02
     Coulomb-14        LJ (SR)  Disper. corr.   Coulomb (SR)   Coul. recip.
    2.31880e+03    1.89956e+04   -8.31898e+02   -1.23180e+05    5.42602e+02
 Position Rest.      Potential    Kinetic En.   Total Energy  Conserved En.
    5.01773e+01   -1.01136e+05    1.60417e+04   -8.50943e+04   -8.42420e+04
    Temperature Pres. DC (bar) Pressure (bar)   Constr. rmsd
    2.93754e+02   -2.12956e+02    3.21597e+02    1.36593e-06

           Step           Time
           8200       16.40000

   Energies (kJ/mol)
           Bond          Angle    Proper Dih.  Improper Dih.          LJ-14
    1.20706e+02    2.90099e+02    3.51887e+02    1.60286e+01    1.81170e+02
     Coulomb-14        LJ (SR)  Disper. corr.   Coulomb (SR)   Coul. recip.
    2.31054e+03    1.89942e+04   -8.36339e+02   -1.23614e+05    5.54705e+02
 Position Rest.      Potential    Kinetic En.   Total Energy  Conserved En.
    4.49583e+01   -1.01586e+05    1.63302e+04   -8.52555e+04   -8.42404e+04
    Temperature Pres. DC (bar) Pressure (bar)   Constr. rmsd
    2.99036e+02   -2.15234e+02   -4.42310e+01    1.64175e-06

           Step           Time
           8300       16.60000

   Energies (kJ/mol)
           Bond          Angle    Proper Dih.  Improper Dih.          LJ-14
    1.58101e+02    3.12056e+02    3.40061e+02    1.61142e+01    1.59277e+02
     Coulomb-14        LJ (SR)  Disper. corr.   Coulomb (SR)   Coul. recip.
    2.28184e+03    1.93102e+04   -8.41065e+02   -1.23704e+05    5.30270e+02
 Position Rest.      Potential    Kinetic En.   Total Energy  Conserved En.
    5.88774e+01   -1.01378e+05    1.64996e+04   -8.48787e+04   -8.42415e+04
    Temperature Pres. DC (bar) Pressure (bar)   Constr. rmsd
    3.02138e+02   -2.17670e+02    2.83197e+01    1.63386e-06

           Step           Time
           8400       16.80000

   Energies (kJ/mol)
           Bond          Angle    Proper Dih.  Improper Dih.          LJ-14
    1.43075e+02    2.60717e+02    3.48702e+02    1.99095e+01    1.88542e+02
     Coulomb-14        LJ (SR)  Disper. corr.   Coulomb (SR)   Coul. recip.
    2.29325e+03    1.89030e+04   -8.42320e+02   -1.23355e+05    5.57522e+02
 Position Rest.      Potential    Kinetic En.   Total Energy  Conserved En.
    4.37976e+01   -1.01438e+05    1.61890e+04   -8.52494e+04   -8.42410e+04
    Temperature Pres. DC (bar) Pressure (bar)   Constr. rmsd
    2.96452e+02   -2.18319e+02    1.04821e+02    1.44443e-06

           Step           Time
           8500       17.00000

   Energies (kJ/mol)
           Bond          Angle    Proper Dih.  Improper Dih.          LJ-14
    1.40417e+02    3.21615e+02    3.52132e+02    1.38111e+01    1.62722e+02
     Coulomb-14        LJ (SR)  Disper. corr.   Coulomb (SR)   Coul. recip.
    2.29422e+03    1.92318e+04   -8.40812e+02   -1.23853e+05    5.27239e+02
 Position Rest.      Potential    Kinetic En.   Total Energy  Conserved En.
    4.66551e+01   -1.01603e+05    1.63673e+04   -8.52355e+04   -8.42378e+04
    Temperature Pres. DC (bar) Pressure (bar)   Constr. rmsd
    2.99716e+02   -2.17539e+02    2.07472e+01    1.35679e-06

           Step           Time
           8600       17.20000

   Energies (kJ/mol)
           Bond          Angle    Proper Dih.  Improper Dih.          LJ-14
    1.67704e+02    2.96908e+02    3.41907e+02    1.86675e+01    1.77697e+02
     Coulomb-14        LJ (SR)  Disper. corr.   Coulomb (SR)   Coul. recip.
    2.27067e+03    1.92187e+04   -8.38221e+02   -1.23410e+05    5.60739e+02
 Position Rest.      Potential    Kinetic En.   Total Energy  Conserved En.
    4.56806e+01   -1.01149e+05    1.60225e+04   -8.51266e+04   -8.42380e+04
    Temperature Pres. DC (bar) Pressure (bar)   Constr. rmsd
    2.93402e+02   -2.16202e+02    2.30988e+02    1.66918e-06

           Step           Time
           8700       17.40000

   Energies (kJ/mol)
           Bond          Angle    Proper Dih.  Improper Dih.          LJ-14
    1.35290e+02    3.14286e+02    3.54635e+02    1.81652e+01    1.78962e+02
     Coulomb-14        LJ (SR)  Disper. corr.   Coulomb (SR)   Coul. recip.
    2.31102e+03    1.98712e+04   -8.36004e+02   -1.24239e+05    5.30894e+02
 Position Rest.      Potential    Kinetic En.   Total Energy  Conserved En.
    4.58053e+01   -1.01315e+05    1.63433e+04   -8.49715e+04   -8.42416e+04
    Temperature Pres. DC (bar) Pressure (bar)   Constr. rmsd
    2.99277e+02   -2.15062e+02    9.01872e+02    1.85120e-06

           Step           Time
           8800       17.60000

   Energies (kJ/mol)
           Bond          Angle    Proper Dih.  Improper Dih.          LJ-14
    1.34211e+02    2.89623e+02    3.46760e+02    1.29276e+01    1.91132e+02
     Coulomb-14        LJ (SR)  Disper. corr.   Coulomb (SR)   Coul. recip.
    2.29043e+03    1.92977e+04   -8.32490e+02   -1.23933e+05    5.34768e+02
 Position Rest.      Potential    Kinetic En.   Total Energy  Conserved En.
    4.81672e+01   -1.01619e+05    1.63715e+04   -8.52479e+04   -8.42481e+04
    Temperature Pres. DC (bar) Pressure (bar)   Constr. rmsd
    2.99792e+02   -2.13260e+02    7.19795e+01    1.71247e-06

           Step           Time
           8900       17.80000

   Energies (kJ/mol)
           Bond          Angle    Proper Dih.  Improper Dih.          LJ-14
    1.36481e+02    3.26202e+02    3.44975e+02    1.60789e+01    1.63682e+02
     Coulomb-14        LJ (SR)  Disper. corr.   Coulomb (SR)   Coul. recip.
    2.29292e+03    1.84937e+04   -8.30099e+02   -1.22758e+05    5.55659e+02
 Position Rest.      Potential    Kinetic En.   Total Energy  Conserved En.
    4.50201e+01   -1.01213e+05    1.65159e+04   -8.46970e+04   -8.42444e+04
    Temperature Pres. DC (bar) Pressure (bar)   Constr. rmsd
    3.02438e+02   -2.12038e+02   -4.99381e+02    2.24232e-06

           Step           Time
           9000       18.00000

   Energies (kJ/mol)
           Bond          Angle    Proper Dih.  Improper Dih.          LJ-14
    1.38207e+02    2.93813e+02    3.41254e+02    1.45457e+01    1.65848e+02
     Coulomb-14        LJ (SR)  Disper. corr.   Coulomb (SR)   Coul. recip.
    2.28335e+03    1.90951e+04   -8.32624e+02   -1.23696e+05    5.24096e+02
 Position Rest.      Potential    Kinetic En.   Total Energy  Conserved En.
    5.55866e+01   -1.01617e+05    1.63950e+04   -8.52222e+04   -8.42487e+04
    Temperature Pres. DC (bar) Pressure (bar)   Constr. rmsd
    3.00222e+02   -2.13328e+02   -1.99330e+02    1.66503e-06

           Step           Time
           9100       18.20000

   Energies (kJ/mol)
           Bond          Angle    Proper Dih.  Improper Dih.          LJ-14
    1.61882e+02    2.66411e+02    3.55739e+02    1.56003e+01    1.77099e+02
     Coulomb-14        LJ (SR)  Disper. corr.   Coulomb (SR)   Coul. recip.
    2.29034e+03    1.92394e+04   -8.37696e+02   -1.23472e+05    5.74146e+02
 Position Rest.      Potential    Kinetic En.   Total Energy  Conserved En.
    4.42043e+01   -1.01185e+05    1.61370e+04   -8.50478e+04   -8.42447e+04
    Temperature Pres. DC (bar) Pressure (bar)   Constr. rmsd
    2.95499e+02   -2.15932e+02    1.88069e+02    3.05693e-06

           Step           Time
           9200       18.40000

   Energies (kJ/mol)
           Bond          Angle    Proper Dih.  Improper Dih.          LJ-14
    1.06185e+02    2.73192e+02    3.51097e+02    1.15543e+01    1.80034e+02
     Coulomb-14        LJ (SR)  Disper. corr.   Coulomb (SR)   Coul. recip.
    2.31670e+03    1.91468e+04   -8.40888e+02   -1.23455e+05    5.50893e+02
 Position Rest.      Potential    Kinetic En.   Total Energy  Conserved En.
    6.04281e+01   -1.01299e+05    1.61038e+04   -8.51955e+04   -8.42396e+04
    Temperature Pres. DC (bar) Pressure (bar)   Constr. rmsd
    2.94891e+02   -2.17579e+02    2.89435e+02    1.71998e-06

           Step           Time
           9300       18.60000

   Energies (kJ/mol)
           Bond          Angle    Proper Dih.  Improper Dih.          LJ-14
    1.40538e+02    2.90881e+02    3.55786e+02    2.56822e+01    1.60004e+02
     Coulomb-14        LJ (SR)  Disper. corr.   Coulomb (SR)   Coul. recip.
    2.23911e+03    1.91800e+04   -8.41273e+02   -1.23622e+05    5.18756e+02
 Position Rest.      Potential    Kinetic En.   Total Energy  Conserved En.
    4.30073e+01   -1.01509e+05    1.65228e+04   -8.49863e+04   -8.42515e+04
    Temperature Pres. DC (bar) Pressure (bar)   Constr. rmsd
    3.02563e+02   -2.17778e+02    8.58797e+01    1.88457e-06

           Step           Time
           9400       18.80000

   Energies (kJ/mol)
           Bond          Angle    Proper Dih.  Improper Dih.          LJ-14
    1.56950e+02    2.83396e+02    3.69343e+02    2.58361e+01    1.76279e+02
     Coulomb-14        LJ (SR)  Disper. corr.   Coulomb (SR)   Coul. recip.
    2.33987e+03    1.90095e+04   -8.39364e+02   -1.23361e+05    5.57557e+02
 Position Rest.      Potential    Kinetic En.   Total Energy  Conserved En.
    5.06303e+01   -1.01231e+05    1.64633e+04   -8.47681e+04   -8.42386e+04
    Temperature Pres. DC (bar) Pressure (bar)   Constr. rmsd
    3.01474e+02   -2.16792e+02   -2.88931e+01    1.23125e-06

           Step           Time
           9500       19.00000

   Energies (kJ/mol)
           Bond          Angle    Proper Dih.  Improper Dih.          LJ-14
    1.05827e+02    3.24560e+02    3.66426e+02    1.34826e+01    1.78738e+02
     Coulomb-14        LJ (SR)  Disper. corr.   Coulomb (SR)   Coul. recip.
    2.33682e+03    1.87361e+04   -8.38044e+02   -1.23016e+05    5.56252e+02
 Position Rest.      Potential    Kinetic En.   Total Energy  Conserved En.
    3.69352e+01   -1.01199e+05    1.62841e+04   -8.49149e+04   -8.42421e+04
    Temperature Pres. DC (bar) Pressure (bar)   Constr. rmsd
    2.98192e+02   -2.16111e+02   -1.05688e+02    2.17138e-06

           Step           Time
           9600       19.20000

   Energies (kJ/mol)
           Bond          Angle    Proper Dih.  Improper Dih.          LJ-14
    1.35499e+02    2.97218e+02    3.49574e+02    1.37274e+01    1.61613e+02
     Coulomb-14        LJ (SR)  Disper. corr.   Coulomb (SR)   Coul. recip.
    2.30477e+03    1.91879e+04   -8.36441e+02   -1.23627e+05    5.58525e+02
 Position Rest.      Potential    Kinetic En.   Total Energy  Conserved En.
    6.22557e+01   -1.01392e+05    1.66852e+04   -8.47072e+04   -8.42467e+04
    Temperature Pres. DC (bar) Pressure (bar)   Constr. rmsd
    3.05538e+02   -2.15286e+02    6.06596e+01    3.37729e-06

           Step           Time
           9700       19.40000

   Energies (kJ/mol)
           Bond          Angle    Proper Dih.  Improper Dih.          LJ-14
    1.74029e+02    3.04782e+02    3.50713e+02    1.43094e+01    1.73301e+02
     Coulomb-14        LJ (SR)  Disper. corr.   Coulomb (SR)   Coul. recip.
    2.27038e+03    1.85768e+04   -8.33959e+02   -1.22865e+05    5.63646e+02
 Position Rest.      Potential    Kinetic En.   Total Energy  Conserved En.
    4.55285e+01   -1.01225e+05    1.62067e+04   -8.50184e+04   -8.42406e+04
    Temperature Pres. DC (bar) Pressure (bar)   Constr. rmsd
    2.96775e+02   -2.14012e+02   -4.13969e+02    1.67713e-06

           Step           Time
           9800       19.60000

   Energies (kJ/mol)
           Bond          Angle    Proper Dih.  Improper Dih.          LJ-14
    1.25007e+02    2.97144e+02    3.46753e+02    1.34868e+01    1.84027e+02
     Coulomb-14        LJ (SR)  Disper. corr.   Coulomb (SR)   Coul. recip.
    2.29968e+03    1.88664e+04   -8.36853e+02   -1.23255e+05    5.81871e+02
 Position Rest.      Potential    Kinetic En.   Total Energy  Conserved En.
    5.31171e+01   -1.01325e+05    1.62847e+04   -8.50402e+04   -8.42386e+04
    Temperature Pres. DC (bar) Pressure (bar)   Constr. rmsd
    2.98202e+02   -2.15498e+02    2.70218e+01    1.60923e-06

           Step           Time
           9900       19.80000

   Energies (kJ/mol)
           Bond          Angle    Proper Dih.  Improper Dih.          LJ-14
    1.11361e+02    3.26303e+02    3.56453e+02    1.64079e+01    1.71948e+02
     Coulomb-14        LJ (SR)  Disper. corr.   Coulomb (SR)   Coul. recip.
    2.23952e+03    1.96314e+04   -8.40361e+02   -1.24400e+05    5.32972e+02
 Position Rest.      Potential    Kinetic En.   Total Energy  Conserved En.
    5.01091e+01   -1.01804e+05    1.64084e+04   -8.53956e+04   -8.42420e+04
    Temperature Pres. DC (bar) Pressure (bar)   Constr. rmsd
    3.00469e+02   -2.17306e+02    4.47373e+02    1.33110e-06

           Step           Time
          10000       20.00000

Writing checkpoint, step 10000 at Mon May 23 19:20:58 2022


   Energies (kJ/mol)
           Bond          Angle    Proper Dih.  Improper Dih.          LJ-14
    1.29203e+02    2.48739e+02    3.43999e+02    2.48294e+01    1.82947e+02
     Coulomb-14        LJ (SR)  Disper. corr.   Coulomb (SR)   Coul. recip.
    2.32597e+03    1.92453e+04   -8.42706e+02   -1.23985e+05    5.36480e+02
 Position Rest.      Potential    Kinetic En.   Total Energy  Conserved En.
    4.13300e+01   -1.01749e+05    1.63668e+04   -8.53820e+04   -8.42464e+04
    Temperature Pres. DC (bar) Pressure (bar)   Constr. rmsd
    2.99706e+02   -2.18519e+02    1.53443e+02    2.54362e-06


	<======  ###############  ==>
	<====  A V E R A G E S  ====>
	<==  ###############  ======>

	Statistics over 10001 steps using 101 frames

   Energies (kJ/mol)
           Bond          Angle    Proper Dih.  Improper Dih.          LJ-14
    1.37992e+02    2.98522e+02    3.55590e+02    1.87606e+01    1.75275e+02
     Coulomb-14        LJ (SR)  Disper. corr.   Coulomb (SR)   Coul. recip.
    2.30067e+03    1.92155e+04   -8.32797e+02   -1.23749e+05    5.49549e+02
 Position Rest.      Potential    Kinetic En.   Total Energy  Conserved En.
    4.69309e+01   -1.01483e+05    1.64156e+04   -8.50679e+04   -8.42387e+04
    Temperature Pres. DC (bar) Pressure (bar)   Constr. rmsd
    3.00600e+02   -2.13422e+02    1.03232e+01    0.00000e+00

          Box-X          Box-Y          Box-Z
    4.01817e+00    4.01817e+00    4.01817e+00

   Total Virial (kJ/mol)
    5.49385e+03    5.43500e+01    8.24280e+00
    5.43778e+01    5.47111e+03    3.64385e+01
    8.35330e+00    3.66092e+01    5.39385e+03

   Pressure (bar)
   -1.19895e+01   -3.47626e+01   -1.55105e+01
   -3.47771e+01   -3.39703e+00   -1.79263e+01
   -1.55671e+01   -1.80139e+01    4.63563e+01

      T-Protein  T-non-Protein
    3.02175e+02    3.00547e+02


	M E G A - F L O P S   A C C O U N T I N G

 NB=Group-cutoff nonbonded kernels    NxN=N-by-N cluster Verlet kernels
 RF=Reaction-Field  VdW=Van der Waals  QSTab=quadratic-spline table
 W3=SPC/TIP3p  W4=TIP4p (single or pairs)
 V&F=Potential and force  V=Potential only  F=Force only

 Computing:                               M-Number         M-Flops  % Flops
-----------------------------------------------------------------------------
 Pair Search distance check             517.550416        4657.954     0.3
 NxN QSTab Elec. + LJ [F]             16618.156848      681344.431    51.1
 NxN QSTab Elec. + LJ [V&F]             169.610896       10007.043     0.8
 NxN QSTab Elec. [F]                  15536.246400      528232.378    39.6
 NxN QSTab Elec. [V&F]                  158.507792        6498.819     0.5
 1,4 nonbonded interactions               4.290429         386.139     0.0
 Calc Weights                           195.679566        7044.464     0.5
 Spread Q Bspline                      4174.497408        8348.995     0.6
 Gather F Bspline                      4174.497408       25046.984     1.9
 3D-FFT                                6332.493186       50659.945     3.8
 Solve PME                                7.840784         501.810     0.0
 Shift-X                                  1.637022           9.822     0.0
 Bonds                                    0.980098          57.826     0.0
 Angles                                   2.990299         502.370     0.0
 Propers                                  4.310431         987.089     0.1
 Impropers                                0.460046          95.690     0.0
 Pos. Restr.                              0.930093          46.505     0.0
 Virial                                   6.573567         118.324     0.0
 Stop-CM                                  0.658722           6.587     0.0
 Calc-Ekin                               13.057044         352.540     0.0
 Lincs                                    0.730073          43.804     0.0
 Lincs-Mat                                2.400240           9.601     0.0
 Constraint-V                            65.006500         520.052     0.0
 Constraint-Vir                           6.433427         154.402     0.0
 Settle                                  21.182118        6841.824     0.5
-----------------------------------------------------------------------------
 Total                                                 1332475.399   100.0
-----------------------------------------------------------------------------


     R E A L   C Y C L E   A N D   T I M E   A C C O U N T I N G

On 1 MPI rank, each using 4 OpenMP threads

 Computing:          Num   Num      Call    Wall time         Giga-Cycles
                     Ranks Threads  Count      (s)         total sum    %
-----------------------------------------------------------------------------
 Neighbor search        1    4        251       1.781         11.457   2.4
 Force                  1    4      10001      54.840        352.733  73.8
 PME mesh               1    4      10001      10.760         69.206  14.5
 NB X/F buffer ops.     1    4      19751       3.874         24.918   5.2
 Write traj.            1    4        101       0.771          4.956   1.0
 Update                 1    4      10001       0.982          6.318   1.3
 Constraints            1    4      10001       0.927          5.959   1.2
 Rest                                           0.325          2.093   0.4
-----------------------------------------------------------------------------
 Total                                         74.260        477.642 100.0
-----------------------------------------------------------------------------
 Breakdown of PME mesh computation
-----------------------------------------------------------------------------
 PME spread             1    4      10001       3.556         22.870   4.8
 PME gather             1    4      10001       4.172         26.837   5.6
 PME 3D-FFT             1    4      20002       2.532         16.287   3.4
 PME solve Elec         1    4      10001       0.374          2.403   0.5
-----------------------------------------------------------------------------

               Core t (s)   Wall t (s)        (%)
       Time:      297.039       74.260      400.0
                 (ns/day)    (hour/ns)
Performance:       23.272        1.031
Finished mdrun on rank 0 Mon May 23 19:20:58 2022

