              :-) GROMACS - mdrun_mpi, 2020.1-Ubuntu-2020.1-1 (-:

                            GROMACS is written by:
     Emile Apol      Rossen Apostolov      Paul Bauer     Herman J.C. Berendsen
    Par Bjelkmar      Christian Blau   Viacheslav Bolnykh     Kevin Boyd    
 Aldert van Buuren   Rudi van Drunen     Anton Feenstra       Alan Gray     
  Gerrit Groenhof     Anca Hamuraru    Vincent Hindriksen  M. Eric Irrgang  
  Aleksei Iupinov   Christoph Junghans     Joe Jordan     Dimitrios Karkoulis
    Peter Kasson        Jiri Kraus      Carsten Kutzner      Per Larsson    
  Justin A. Lemkul    Viveca Lindahl    Magnus Lundborg     Erik Marklund   
    Pascal Merz     Pieter Meulenhoff    Teemu Murtola       Szilard Pall   
    Sander Pronk      Roland Schulz      Michael Shirts    Alexey Shvetsov  
   Alfons Sijbers     Peter Tieleman      Jon Vincent      Teemu Virolainen 
 Christian Wennberg    Maarten Wolf      Artem Zhmurov   
                           and the project leaders:
        Mark Abraham, Berk Hess, Erik Lindahl, and David van der Spoel

Copyright (c) 1991-2000, University of Groningen, The Netherlands.
Copyright (c) 2001-2019, The GROMACS development team at
Uppsala University, Stockholm University and
the Royal Institute of Technology, Sweden.
check out http://www.gromacs.org for more information.

GROMACS is free software; you can redistribute it and/or modify it
under the terms of the GNU Lesser General Public License
as published by the Free Software Foundation; either version 2.1
of the License, or (at your option) any later version.

GROMACS:      mdrun_mpi, version 2020.1-Ubuntu-2020.1-1
Executable:   /usr/bin/mdrun_mpi.openmpi
Data prefix:  /usr
Working dir:  /home/inukai/Gromacs-tutorial/pdb5awl/sim0
Process ID:   1072
Command line:
  mdrun_mpi -v -multidir sim0 sim1 -replex 100 -deffnm sim

GROMACS version:    2020.1-Ubuntu-2020.1-1
Precision:          single
Memory model:       64 bit
MPI library:        MPI
OpenMP support:     enabled (GMX_OPENMP_MAX_THREADS = 64)
GPU support:        disabled
SIMD instructions:  SSE2
FFT library:        fftw-3.3.8-sse2-avx
RDTSCP usage:       disabled
TNG support:        enabled
Hwloc support:      hwloc-2.1.0
Tracing support:    disabled
C compiler:         /usr/bin/mpicc.openmpi GNU 9.3.0
C compiler flags:   -msse2 -fexcess-precision=fast -funroll-all-loops
C++ compiler:       /usr/bin/mpicxx.openmpi GNU 9.3.0
C++ compiler flags: -msse2 -fexcess-precision=fast -funroll-all-loops -fopenmp


Running on 1 node with total 2 cores, 4 logical cores
Hardware detected on host DESKTOP-12SE80T (the node of MPI rank 0):
  CPU info:
    Vendor: Intel
    Brand:  Intel(R) Core(TM) m3-8100Y CPU @ 1.10GHz
    Family: 6   Model: 142   Stepping: 9
    Features: aes apic avx avx2 clfsh cmov cx8 cx16 f16c fma htt intel lahf mmx msr nonstop_tsc pcid pclmuldq pdcm pdpe1gb popcnt pse rdrnd rdtscp sse2 sse3 sse4.1 sse4.2 ssse3 tdt x2apic
  Hardware topology: Basic
    Sockets, cores, and logical processors:
      Socket  0: [   0   1] [   2   3]

Highest SIMD level requested by all nodes in run: AVX2_256
SIMD instructions selected at compile time:       SSE2
This program was compiled for different hardware than you are running on,
which could influence performance.
The current CPU can measure timings more accurately than the code in
mdrun_mpi was configured to use. This might affect your simulation
speed as accurate timings are needed for load-balancing.
Please consider rebuilding mdrun_mpi with the GMX_USE_RDTSCP=ON CMake option.

++++ PLEASE READ AND CITE THE FOLLOWING REFERENCE ++++
M. J. Abraham, T. Murtola, R. Schulz, S. Páll, J. C. Smith, B. Hess, E.
Lindahl
GROMACS: High performance molecular simulations through multi-level
parallelism from laptops to supercomputers
SoftwareX 1 (2015) pp. 19-25
-------- -------- --- Thank You --- -------- --------


++++ PLEASE READ AND CITE THE FOLLOWING REFERENCE ++++
S. Páll, M. J. Abraham, C. Kutzner, B. Hess, E. Lindahl
Tackling Exascale Software Challenges in Molecular Dynamics Simulations with
GROMACS
In S. Markidis & E. Laure (Eds.), Solving Software Challenges for Exascale 8759 (2015) pp. 3-27
-------- -------- --- Thank You --- -------- --------


++++ PLEASE READ AND CITE THE FOLLOWING REFERENCE ++++
S. Pronk, S. Páll, R. Schulz, P. Larsson, P. Bjelkmar, R. Apostolov, M. R.
Shirts, J. C. Smith, P. M. Kasson, D. van der Spoel, B. Hess, and E. Lindahl
GROMACS 4.5: a high-throughput and highly parallel open source molecular
simulation toolkit
Bioinformatics 29 (2013) pp. 845-54
-------- -------- --- Thank You --- -------- --------


++++ PLEASE READ AND CITE THE FOLLOWING REFERENCE ++++
B. Hess and C. Kutzner and D. van der Spoel and E. Lindahl
GROMACS 4: Algorithms for highly efficient, load-balanced, and scalable
molecular simulation
J. Chem. Theory Comput. 4 (2008) pp. 435-447
-------- -------- --- Thank You --- -------- --------


++++ PLEASE READ AND CITE THE FOLLOWING REFERENCE ++++
D. van der Spoel, E. Lindahl, B. Hess, G. Groenhof, A. E. Mark and H. J. C.
Berendsen
GROMACS: Fast, Flexible and Free
J. Comp. Chem. 26 (2005) pp. 1701-1719
-------- -------- --- Thank You --- -------- --------


++++ PLEASE READ AND CITE THE FOLLOWING REFERENCE ++++
E. Lindahl and B. Hess and D. van der Spoel
GROMACS 3.0: A package for molecular simulation and trajectory analysis
J. Mol. Mod. 7 (2001) pp. 306-317
-------- -------- --- Thank You --- -------- --------


++++ PLEASE READ AND CITE THE FOLLOWING REFERENCE ++++
H. J. C. Berendsen, D. van der Spoel and R. van Drunen
GROMACS: A message-passing parallel molecular dynamics implementation
Comp. Phys. Comm. 91 (1995) pp. 43-56
-------- -------- --- Thank You --- -------- --------

Input Parameters:
   integrator                     = md
   tinit                          = 0
   dt                             = 0.002
   nsteps                         = 10000
   init-step                      = 0
   simulation-part                = 1
   comm-mode                      = Linear
   nstcomm                        = 100
   bd-fric                        = 0
   ld-seed                        = 7350880
   emtol                          = 10
   emstep                         = 0.01
   niter                          = 20
   fcstep                         = 0
   nstcgsteep                     = 1000
   nbfgscorr                      = 10
   rtpi                           = 0.05
   nstxout                        = 100
   nstvout                        = 100
   nstfout                        = 0
   nstlog                         = 100
   nstcalcenergy                  = 100
   nstenergy                      = 100
   nstxout-compressed             = 0
   compressed-x-precision         = 1000
   cutoff-scheme                  = Verlet
   nstlist                        = 10
   pbc                            = xyz
   periodic-molecules             = false
   verlet-buffer-tolerance        = 0.005
   rlist                          = 1
   coulombtype                    = PME
   coulomb-modifier               = Potential-shift
   rcoulomb-switch                = 0
   rcoulomb                       = 1
   epsilon-r                      = 1
   epsilon-rf                     = inf
   vdw-type                       = Cut-off
   vdw-modifier                   = Potential-shift
   rvdw-switch                    = 0
   rvdw                           = 1
   DispCorr                       = EnerPres
   table-extension                = 1
   fourierspacing                 = 0.16
   fourier-nx                     = 28
   fourier-ny                     = 28
   fourier-nz                     = 28
   pme-order                      = 4
   ewald-rtol                     = 1e-05
   ewald-rtol-lj                  = 0.001
   lj-pme-comb-rule               = Geometric
   ewald-geometry                 = 0
   epsilon-surface                = 0
   tcoupl                         = V-rescale
   nsttcouple                     = 10
   nh-chain-length                = 0
   print-nose-hoover-chain-variables = false
   pcoupl                         = No
   pcoupltype                     = Isotropic
   nstpcouple                     = -1
   tau-p                          = 1
   compressibility (3x3):
      compressibility[    0]={ 0.00000e+00,  0.00000e+00,  0.00000e+00}
      compressibility[    1]={ 0.00000e+00,  0.00000e+00,  0.00000e+00}
      compressibility[    2]={ 0.00000e+00,  0.00000e+00,  0.00000e+00}
   ref-p (3x3):
      ref-p[    0]={ 0.00000e+00,  0.00000e+00,  0.00000e+00}
      ref-p[    1]={ 0.00000e+00,  0.00000e+00,  0.00000e+00}
      ref-p[    2]={ 0.00000e+00,  0.00000e+00,  0.00000e+00}
   refcoord-scaling               = No
   posres-com (3):
      posres-com[0]= 0.00000e+00
      posres-com[1]= 0.00000e+00
      posres-com[2]= 0.00000e+00
   posres-comB (3):
      posres-comB[0]= 0.00000e+00
      posres-comB[1]= 0.00000e+00
      posres-comB[2]= 0.00000e+00
   QMMM                           = false
   QMconstraints                  = 0
   QMMMscheme                     = 0
   MMChargeScaleFactor            = 1
qm-opts:
   ngQM                           = 0
   constraint-algorithm           = Lincs
   continuation                   = true
   Shake-SOR                      = false
   shake-tol                      = 0.0001
   lincs-order                    = 4
   lincs-iter                     = 1
   lincs-warnangle                = 30
   nwall                          = 0
   wall-type                      = 9-3
   wall-r-linpot                  = -1
   wall-atomtype[0]               = -1
   wall-atomtype[1]               = -1
   wall-density[0]                = 0
   wall-density[1]                = 0
   wall-ewald-zfac                = 3
   pull                           = false
   awh                            = false
   rotation                       = false
   interactiveMD                  = false
   disre                          = No
   disre-weighting                = Conservative
   disre-mixed                    = false
   dr-fc                          = 1000
   dr-tau                         = 0
   nstdisreout                    = 100
   orire-fc                       = 0
   orire-tau                      = 0
   nstorireout                    = 100
   free-energy                    = no
   cos-acceleration               = 0
   deform (3x3):
      deform[    0]={ 0.00000e+00,  0.00000e+00,  0.00000e+00}
      deform[    1]={ 0.00000e+00,  0.00000e+00,  0.00000e+00}
      deform[    2]={ 0.00000e+00,  0.00000e+00,  0.00000e+00}
   simulated-tempering            = false
   swapcoords                     = no
   userint1                       = 0
   userint2                       = 0
   userint3                       = 0
   userint4                       = 0
   userreal1                      = 0
   userreal2                      = 0
   userreal3                      = 0
   userreal4                      = 0
   applied-forces:
     electric-field:
       x:
         E0                       = 0
         omega                    = 0
         t0                       = 0
         sigma                    = 0
       y:
         E0                       = 0
         omega                    = 0
         t0                       = 0
         sigma                    = 0
       z:
         E0                       = 0
         omega                    = 0
         t0                       = 0
         sigma                    = 0
     density-guided-simulation:
       active                     = false
       group                      = protein
       similarity-measure         = inner-product
       atom-spreading-weight      = unity
       force-constant             = 1e+09
       gaussian-transform-spreading-width = 0.2
       gaussian-transform-spreading-range-in-multiples-of-width = 4
       reference-density-filename = reference.mrc
       nst                        = 1
       normalize-densities        = true
       adaptive-force-scaling     = false
       adaptive-force-scaling-time-constant = 4
grpopts:
   nrdf:     424.903     12711.1
   ref-t:         298         298
   tau-t:         0.1         0.1
annealing:          No          No
annealing-npoints:           0           0
   acc:	           0           0           0
   nfreeze:           N           N           N
   energygrp-flags[  0]: 0

Changing nstlist from 10 to 40, rlist from 1 to 1.097


This is simulation 0 out of 2 running as a composite GROMACS
multi-simulation job. Setup for this simulation:

Using 1 MPI process

Non-default thread affinity set, disabling internal thread affinity

Using 2 OpenMP threads 

System total charge: -0.000
Will do PME sum in reciprocal space for electrostatic interactions.

++++ PLEASE READ AND CITE THE FOLLOWING REFERENCE ++++
U. Essmann, L. Perera, M. L. Berkowitz, T. Darden, H. Lee and L. G. Pedersen 
A smooth particle mesh Ewald method
J. Chem. Phys. 103 (1995) pp. 8577-8592
-------- -------- --- Thank You --- -------- --------

Using a Gaussian width (1/beta) of 0.320163 nm for Ewald
Potential shift: LJ r^-12: -1.000e+00 r^-6: -1.000e+00, Ewald -1.000e-05
Initialized non-bonded Coulomb Ewald tables, spacing: 9.33e-04 size: 1073

Generated table with 1048 data points for 1-4 COUL.
Tabscale = 500 points/nm
Generated table with 1048 data points for 1-4 LJ6.
Tabscale = 500 points/nm
Generated table with 1048 data points for 1-4 LJ12.
Tabscale = 500 points/nm

Using SIMD 4x4 nonbonded short-range kernels

Using a dual 4x4 pair-list setup updated with dynamic pruning:
  outer list: updated every 40 steps, buffer 0.097 nm, rlist 1.097 nm
  inner list: updated every 12 steps, buffer 0.003 nm, rlist 1.003 nm
At tolerance 0.005 kJ/mol/ps per atom, equivalent classical 1x1 list would be:
  outer list: updated every 40 steps, buffer 0.212 nm, rlist 1.212 nm
  inner list: updated every 12 steps, buffer 0.048 nm, rlist 1.048 nm

Using Lorentz-Berthelot Lennard-Jones combination rule

Long Range LJ corr.: <C6> 3.0359e-04


Initializing LINear Constraint Solver

++++ PLEASE READ AND CITE THE FOLLOWING REFERENCE ++++
B. Hess and H. Bekker and H. J. C. Berendsen and J. G. E. M. Fraaije
LINCS: A Linear Constraint Solver for molecular simulations
J. Comp. Chem. 18 (1997) pp. 1463-1472
-------- -------- --- Thank You --- -------- --------

The number of constraints is 73

++++ PLEASE READ AND CITE THE FOLLOWING REFERENCE ++++
S. Miyamoto and P. A. Kollman
SETTLE: An Analytical Version of the SHAKE and RATTLE Algorithms for Rigid
Water Models
J. Comp. Chem. 13 (1992) pp. 952-962
-------- -------- --- Thank You --- -------- --------


++++ PLEASE READ AND CITE THE FOLLOWING REFERENCE ++++
G. Bussi, D. Donadio and M. Parrinello
Canonical sampling through velocity rescaling
J. Chem. Phys. 126 (2007) pp. 014101
-------- -------- --- Thank You --- -------- --------

There are: 6522 Atoms

Initializing Replica Exchange
Repl  There are 2 replicas:
Multi-checking the number of atoms ... OK
Multi-checking the integrator ... OK
Multi-checking init_step+nsteps ... OK
Multi-checking first exchange step: init_step/-replex ... OK
Multi-checking the temperature coupling ... OK
Multi-checking the number of temperature coupling groups ... OK
Multi-checking the pressure coupling ... OK
Multi-checking free energy ... OK
Multi-checking number of lambda states ... OK

++++ PLEASE READ AND CITE THE FOLLOWING REFERENCE ++++
Y. Sugita, Y. Okamoto
Replica-exchange molecular dynamics method for protein folding
Chem. Phys. Lett. 314 (1999) pp. 141-151
-------- -------- --- Thank You --- -------- --------


Replica exchange in temperature
 298.0 299.6

Replica exchange interval: 100

Replica random seed: -694812684
Replica exchange information below: ex and x = exchange, pr = probability
Center of mass motion removal mode is Linear
We have the following groups for center of mass motion removal:
  0:  rest

Started mdrun on rank 0 Mon Jun 13 22:39:48 2022

           Step           Time
              0        0.00000

   Energies (kJ/mol)
           Bond          Angle    Proper Dih.  Improper Dih.          LJ-14
    1.31687e+02    2.90673e+02    3.39963e+02    2.38347e+01    1.66716e+02
     Coulomb-14        LJ (SR)  Disper. corr.   Coulomb (SR)   Coul. recip.
    2.31229e+03    1.92848e+04   -8.37598e+02   -1.23759e+05    5.68398e+02
 Position Rest.      Potential    Kinetic En.   Total Energy  Conserved En.
    1.14463e-02   -1.01478e+05    1.63686e+04   -8.51098e+04   -8.51098e+04
    Temperature Pres. DC (bar) Pressure (bar)   Constr. rmsd
    2.99740e+02   -2.15881e+02    2.05783e+02    1.65081e-06

           Step           Time
            100        0.20000

   Energies (kJ/mol)
           Bond          Angle    Proper Dih.  Improper Dih.          LJ-14
    1.25512e+02    2.80478e+02    3.72080e+02    3.51478e+01    1.70466e+02
     Coulomb-14        LJ (SR)  Disper. corr.   Coulomb (SR)   Coul. recip.
    2.28474e+03    1.88726e+04   -8.37598e+02   -1.23750e+05    5.58240e+02
 Position Rest.      Potential    Kinetic En.   Total Energy  Conserved En.
    3.80250e+01   -1.01850e+05    1.64828e+04   -8.53671e+04   -8.51124e+04
    Temperature Pres. DC (bar) Pressure (bar)   Constr. rmsd
    3.01831e+02   -2.15881e+02   -2.09608e+02    2.20694e-06

Replica exchange at step 100 time 0.20000
Repl 0 <-> 1  dE_term =  9.893e-01 (kT)
Repl ex  0 x  1
Repl pr   .37

           Step           Time
            200        0.40000

   Energies (kJ/mol)
           Bond          Angle    Proper Dih.  Improper Dih.          LJ-14
    1.51047e+02    3.15237e+02    3.68444e+02    1.63807e+01    1.83717e+02
     Coulomb-14        LJ (SR)  Disper. corr.   Coulomb (SR)   Coul. recip.
    2.33128e+03    1.92842e+04   -8.37598e+02   -1.23805e+05    5.61995e+02
 Position Rest.      Potential    Kinetic En.   Total Energy  Conserved En.
    2.49573e+01   -1.01406e+05    1.63004e+04   -8.51053e+04   -8.51115e+04
    Temperature Pres. DC (bar) Pressure (bar)   Constr. rmsd
    2.98491e+02   -2.15881e+02    1.75148e+02    1.55974e-06

Replica exchange at step 200 time 0.40000
Repl ex  0    1
Repl pr      

           Step           Time
            300        0.60000

   Energies (kJ/mol)
           Bond          Angle    Proper Dih.  Improper Dih.          LJ-14
    1.70008e+02    3.54065e+02    3.71225e+02    2.92996e+01    1.74194e+02
     Coulomb-14        LJ (SR)  Disper. corr.   Coulomb (SR)   Coul. recip.
    2.30807e+03    1.92459e+04   -8.37598e+02   -1.23373e+05    5.84878e+02
 Position Rest.      Potential    Kinetic En.   Total Energy  Conserved En.
    4.75030e+01   -1.00926e+05    1.66542e+04   -8.42716e+04   -8.51081e+04
    Temperature Pres. DC (bar) Pressure (bar)   Constr. rmsd
    3.04969e+02   -2.15881e+02    3.50949e+02    2.28602e-06

Replica exchange at step 300 time 0.60000
Repl 0 <-> 1  dE_term = -5.812e-01 (kT)
Repl ex  0 x  1
Repl pr   1.0

           Step           Time
            400        0.80000

   Energies (kJ/mol)
           Bond          Angle    Proper Dih.  Improper Dih.          LJ-14
    1.63008e+02    2.72573e+02    3.68465e+02    1.63336e+01    1.84734e+02
     Coulomb-14        LJ (SR)  Disper. corr.   Coulomb (SR)   Coul. recip.
    2.30350e+03    1.88949e+04   -8.37598e+02   -1.23060e+05    5.45217e+02
 Position Rest.      Potential    Kinetic En.   Total Energy  Conserved En.
    3.73673e+01   -1.01111e+05    1.64559e+04   -8.46553e+04   -8.50783e+04
    Temperature Pres. DC (bar) Pressure (bar)   Constr. rmsd
    3.01339e+02   -2.15881e+02   -2.71994e+02    1.50736e-06

Replica exchange at step 400 time 0.80000
Repl ex  0    1
Repl pr      

           Step           Time
            500        1.00000

   Energies (kJ/mol)
           Bond          Angle    Proper Dih.  Improper Dih.          LJ-14
    1.63658e+02    2.85481e+02    3.44354e+02    2.05191e+01    1.81083e+02
     Coulomb-14        LJ (SR)  Disper. corr.   Coulomb (SR)   Coul. recip.
    2.32936e+03    1.93670e+04   -8.37598e+02   -1.23873e+05    5.63688e+02
 Position Rest.      Potential    Kinetic En.   Total Energy  Conserved En.
    4.55099e+01   -1.01410e+05    1.64333e+04   -8.49765e+04   -8.50685e+04
    Temperature Pres. DC (bar) Pressure (bar)   Constr. rmsd
    3.00924e+02   -2.15881e+02    1.06182e+02    2.00044e-06

Replica exchange at step 500 time 1.00000
Repl 0 <-> 1  dE_term = -3.889e-01 (kT)
Repl ex  0 x  1
Repl pr   1.0

           Step           Time
            600        1.20000

   Energies (kJ/mol)
           Bond          Angle    Proper Dih.  Improper Dih.          LJ-14
    1.17988e+02    2.95678e+02    3.58139e+02    2.45909e+01    1.76286e+02
     Coulomb-14        LJ (SR)  Disper. corr.   Coulomb (SR)   Coul. recip.
    2.29741e+03    1.98374e+04   -8.37598e+02   -1.24656e+05    5.07139e+02
 Position Rest.      Potential    Kinetic En.   Total Energy  Conserved En.
    2.58259e+01   -1.01853e+05    1.64468e+04   -8.54066e+04   -8.50546e+04
    Temperature Pres. DC (bar) Pressure (bar)   Constr. rmsd
    3.01172e+02   -2.15881e+02    4.97010e+02    1.87014e-06

Replica exchange at step 600 time 1.20000
Repl ex  0    1
Repl pr      

           Step           Time
            700        1.40000

   Energies (kJ/mol)
           Bond          Angle    Proper Dih.  Improper Dih.          LJ-14
    1.52242e+02    2.95795e+02    3.60467e+02    1.84404e+01    1.88588e+02
     Coulomb-14        LJ (SR)  Disper. corr.   Coulomb (SR)   Coul. recip.
    2.32541e+03    1.91158e+04   -8.37598e+02   -1.24114e+05    5.13773e+02
 Position Rest.      Potential    Kinetic En.   Total Energy  Conserved En.
    4.66437e+01   -1.01934e+05    1.60249e+04   -8.59095e+04   -8.50545e+04
    Temperature Pres. DC (bar) Pressure (bar)   Constr. rmsd
    2.93445e+02   -2.15881e+02   -1.23738e+02    1.83135e-06

Replica exchange at step 700 time 1.40000
Repl 0 <-> 1  dE_term =  1.641e+00 (kT)
Repl ex  0    1
Repl pr   .19

           Step           Time
            800        1.60000

   Energies (kJ/mol)
           Bond          Angle    Proper Dih.  Improper Dih.          LJ-14
    1.23070e+02    2.80273e+02    3.50737e+02    1.76374e+01    1.85810e+02
     Coulomb-14        LJ (SR)  Disper. corr.   Coulomb (SR)   Coul. recip.
    2.34106e+03    1.95099e+04   -8.37598e+02   -1.24668e+05    5.11732e+02
 Position Rest.      Potential    Kinetic En.   Total Energy  Conserved En.
    3.93411e+01   -1.02146e+05    1.63586e+04   -8.57871e+04   -8.50543e+04
    Temperature Pres. DC (bar) Pressure (bar)   Constr. rmsd
    2.99557e+02   -2.15881e+02    6.78864e+02    1.16936e-06

Replica exchange at step 800 time 1.60000
Repl ex  0    1
Repl pr      

           Step           Time
            900        1.80000

   Energies (kJ/mol)
           Bond          Angle    Proper Dih.  Improper Dih.          LJ-14
    1.10821e+02    3.35249e+02    3.59802e+02    1.59721e+01    1.72603e+02
     Coulomb-14        LJ (SR)  Disper. corr.   Coulomb (SR)   Coul. recip.
    2.31079e+03    1.89900e+04   -8.37598e+02   -1.23677e+05    5.43295e+02
 Position Rest.      Potential    Kinetic En.   Total Energy  Conserved En.
    5.48562e+01   -1.01621e+05    1.59974e+04   -8.56236e+04   -8.50493e+04
    Temperature Pres. DC (bar) Pressure (bar)   Constr. rmsd
    2.92943e+02   -2.15881e+02    9.12741e+01    2.48397e-06

Replica exchange at step 900 time 1.80000
Repl 0 <-> 1  dE_term =  3.569e-01 (kT)
Repl ex  0 x  1
Repl pr   .70

           Step           Time
           1000        2.00000

   Energies (kJ/mol)
           Bond          Angle    Proper Dih.  Improper Dih.          LJ-14
    1.20631e+02    3.21094e+02    3.47708e+02    1.53428e+01    1.94385e+02
     Coulomb-14        LJ (SR)  Disper. corr.   Coulomb (SR)   Coul. recip.
    2.31218e+03    1.95206e+04   -8.37598e+02   -1.24093e+05    5.83575e+02
 Position Rest.      Potential    Kinetic En.   Total Energy  Conserved En.
    5.36687e+01   -1.01462e+05    1.64687e+04   -8.49931e+04   -8.50131e+04
    Temperature Pres. DC (bar) Pressure (bar)   Constr. rmsd
    3.01573e+02   -2.15881e+02    2.53217e+02    1.72378e-06

Replica exchange at step 1000 time 2.00000
Repl ex  0    1
Repl pr      

           Step           Time
           1100        2.20000

   Energies (kJ/mol)
           Bond          Angle    Proper Dih.  Improper Dih.          LJ-14
    1.11567e+02    2.92126e+02    3.38046e+02    1.62489e+01    1.97495e+02
     Coulomb-14        LJ (SR)  Disper. corr.   Coulomb (SR)   Coul. recip.
    2.32482e+03    1.92626e+04   -8.37598e+02   -1.24217e+05    5.48103e+02
 Position Rest.      Potential    Kinetic En.   Total Energy  Conserved En.
    4.92887e+01   -1.01914e+05    1.63464e+04   -8.55676e+04   -8.50152e+04
    Temperature Pres. DC (bar) Pressure (bar)   Constr. rmsd
    2.99333e+02   -2.15881e+02   -1.23066e+02    1.34946e-06

Replica exchange at step 1100 time 2.20000
Repl 0 <-> 1  dE_term =  2.482e-01 (kT)
Repl ex  0 x  1
Repl pr   .78

           Step           Time
           1200        2.40000

   Energies (kJ/mol)
           Bond          Angle    Proper Dih.  Improper Dih.          LJ-14
    1.30236e+02    2.85763e+02    3.57970e+02    2.03340e+01    1.68452e+02
     Coulomb-14        LJ (SR)  Disper. corr.   Coulomb (SR)   Coul. recip.
    2.31239e+03    1.92480e+04   -8.37598e+02   -1.24246e+05    5.22193e+02
 Position Rest.      Potential    Kinetic En.   Total Energy  Conserved En.
    3.91686e+01   -1.01999e+05    1.61186e+04   -8.58801e+04   -8.50208e+04
    Temperature Pres. DC (bar) Pressure (bar)   Constr. rmsd
    2.95161e+02   -2.15881e+02   -1.76342e+02    2.24034e-06

Replica exchange at step 1200 time 2.40000
Repl ex  0    1
Repl pr      

           Step           Time
           1300        2.60000

   Energies (kJ/mol)
           Bond          Angle    Proper Dih.  Improper Dih.          LJ-14
    1.18717e+02    3.08643e+02    3.60519e+02    1.97493e+01    1.61522e+02
     Coulomb-14        LJ (SR)  Disper. corr.   Coulomb (SR)   Coul. recip.
    2.26854e+03    1.96774e+04   -8.37598e+02   -1.24514e+05    5.18198e+02
 Position Rest.      Potential    Kinetic En.   Total Energy  Conserved En.
    3.30375e+01   -1.01885e+05    1.64255e+04   -8.54594e+04   -8.50233e+04
    Temperature Pres. DC (bar) Pressure (bar)   Constr. rmsd
    3.00781e+02   -2.15881e+02    2.83456e+02    2.16011e-06

Replica exchange at step 1300 time 2.60000
Repl 0 <-> 1  dE_term =  4.644e-01 (kT)
Repl ex  0    1
Repl pr   .63

           Step           Time
           1400        2.80000

   Energies (kJ/mol)
           Bond          Angle    Proper Dih.  Improper Dih.          LJ-14
    1.11453e+02    3.43280e+02    3.65145e+02    1.02789e+01    1.91607e+02
     Coulomb-14        LJ (SR)  Disper. corr.   Coulomb (SR)   Coul. recip.
    2.30888e+03    1.99338e+04   -8.37598e+02   -1.24840e+05    5.25026e+02
 Position Rest.      Potential    Kinetic En.   Total Energy  Conserved En.
    4.21241e+01   -1.01846e+05    1.64962e+04   -8.53502e+04   -8.50190e+04
    Temperature Pres. DC (bar) Pressure (bar)   Constr. rmsd
    3.02076e+02   -2.15881e+02    7.38817e+02    3.00555e-06

Replica exchange at step 1400 time 2.80000
Repl ex  0    1
Repl pr      

           Step           Time
           1500        3.00000

   Energies (kJ/mol)
           Bond          Angle    Proper Dih.  Improper Dih.          LJ-14
    1.00884e+02    2.73320e+02    3.49748e+02    2.30522e+01    1.86748e+02
     Coulomb-14        LJ (SR)  Disper. corr.   Coulomb (SR)   Coul. recip.
    2.29096e+03    1.91636e+04   -8.37598e+02   -1.24277e+05    5.43738e+02
 Position Rest.      Potential    Kinetic En.   Total Energy  Conserved En.
    3.33633e+01   -1.02149e+05    1.62098e+04   -8.59389e+04   -8.50284e+04
    Temperature Pres. DC (bar) Pressure (bar)   Constr. rmsd
    2.96833e+02   -2.15881e+02   -4.25146e+01    2.17404e-06

Replica exchange at step 1500 time 3.00000
Repl 0 <-> 1  dE_term =  1.272e+00 (kT)
Repl ex  0    1
Repl pr   .28

           Step           Time
           1600        3.20000

   Energies (kJ/mol)
           Bond          Angle    Proper Dih.  Improper Dih.          LJ-14
    1.48915e+02    2.90532e+02    3.43444e+02    1.89471e+01    1.79023e+02
     Coulomb-14        LJ (SR)  Disper. corr.   Coulomb (SR)   Coul. recip.
    2.29819e+03    1.91352e+04   -8.37598e+02   -1.24344e+05    5.11623e+02
 Position Rest.      Potential    Kinetic En.   Total Energy  Conserved En.
    4.71118e+01   -1.02208e+05    1.58732e+04   -8.63349e+04   -8.50164e+04
    Temperature Pres. DC (bar) Pressure (bar)   Constr. rmsd
    2.90668e+02   -2.15881e+02   -3.51031e+02    1.40189e-06

Replica exchange at step 1600 time 3.20000
Repl ex  0    1
Repl pr      

           Step           Time
           1700        3.40000

   Energies (kJ/mol)
           Bond          Angle    Proper Dih.  Improper Dih.          LJ-14
    1.35979e+02    3.27179e+02    3.62063e+02    2.75151e+01    1.79243e+02
     Coulomb-14        LJ (SR)  Disper. corr.   Coulomb (SR)   Coul. recip.
    2.28915e+03    1.92805e+04   -8.37598e+02   -1.24310e+05    5.12373e+02
 Position Rest.      Potential    Kinetic En.   Total Energy  Conserved En.
    5.44099e+01   -1.01979e+05    1.63089e+04   -8.56698e+04   -8.50258e+04
    Temperature Pres. DC (bar) Pressure (bar)   Constr. rmsd
    2.98647e+02   -2.15881e+02    3.79685e+02    1.59615e-06

Replica exchange at step 1700 time 3.40000
Repl 0 <-> 1  dE_term =  8.139e-01 (kT)
Repl ex  0    1
Repl pr   .44

           Step           Time
           1800        3.60000

   Energies (kJ/mol)
           Bond          Angle    Proper Dih.  Improper Dih.          LJ-14
    1.12152e+02    2.95295e+02    3.44532e+02    2.24125e+01    1.77523e+02
     Coulomb-14        LJ (SR)  Disper. corr.   Coulomb (SR)   Coul. recip.
    2.24852e+03    1.96380e+04   -8.37598e+02   -1.24808e+05    5.36888e+02
 Position Rest.      Potential    Kinetic En.   Total Energy  Conserved En.
    4.17366e+01   -1.02228e+05    1.63173e+04   -8.59110e+04   -8.50274e+04
    Temperature Pres. DC (bar) Pressure (bar)   Constr. rmsd
    2.98801e+02   -2.15881e+02    4.37197e+02    1.72697e-06

Replica exchange at step 1800 time 3.60000
Repl ex  0    1
Repl pr      

           Step           Time
           1900        3.80000

   Energies (kJ/mol)
           Bond          Angle    Proper Dih.  Improper Dih.          LJ-14
    1.06805e+02    3.02947e+02    3.37816e+02    1.72031e+01    1.79201e+02
     Coulomb-14        LJ (SR)  Disper. corr.   Coulomb (SR)   Coul. recip.
    2.32213e+03    1.94523e+04   -8.37598e+02   -1.24452e+05    5.21853e+02
 Position Rest.      Potential    Kinetic En.   Total Energy  Conserved En.
    5.03077e+01   -1.01999e+05    1.63528e+04   -8.56461e+04   -8.50246e+04
    Temperature Pres. DC (bar) Pressure (bar)   Constr. rmsd
    2.99450e+02   -2.15881e+02   -5.66410e+01    1.86348e-06

Replica exchange at step 1900 time 3.80000
Repl 0 <-> 1  dE_term =  7.114e-01 (kT)
Repl ex  0 x  1
Repl pr   .49

           Step           Time
           2000        4.00000

   Energies (kJ/mol)
           Bond          Angle    Proper Dih.  Improper Dih.          LJ-14
    1.19546e+02    2.75738e+02    3.45763e+02    1.28836e+01    1.79823e+02
     Coulomb-14        LJ (SR)  Disper. corr.   Coulomb (SR)   Coul. recip.
    2.31962e+03    1.88610e+04   -8.37598e+02   -1.23205e+05    5.57352e+02
 Position Rest.      Potential    Kinetic En.   Total Energy  Conserved En.
    4.09488e+01   -1.01330e+05    1.64938e+04   -8.48360e+04   -8.49480e+04
    Temperature Pres. DC (bar) Pressure (bar)   Constr. rmsd
    3.02033e+02   -2.15881e+02    5.75218e+01    4.73429e-06

Replica exchange at step 2000 time 4.00000
Repl ex  0    1
Repl pr      

           Step           Time
           2100        4.20000

   Energies (kJ/mol)
           Bond          Angle    Proper Dih.  Improper Dih.          LJ-14
    1.57618e+02    3.25272e+02    3.48116e+02    1.29243e+01    1.67074e+02
     Coulomb-14        LJ (SR)  Disper. corr.   Coulomb (SR)   Coul. recip.
    2.31355e+03    1.94298e+04   -8.37598e+02   -1.23881e+05    5.45503e+02
 Position Rest.      Potential    Kinetic En.   Total Energy  Conserved En.
    3.82751e+01   -1.01380e+05    1.65263e+04   -8.48537e+04   -8.49391e+04
    Temperature Pres. DC (bar) Pressure (bar)   Constr. rmsd
    3.02627e+02   -2.15881e+02    4.03899e+02    3.49913e-06

Replica exchange at step 2100 time 4.20000
Repl 0 <-> 1  dE_term =  5.343e-01 (kT)
Repl ex  0 x  1
Repl pr   .59

           Step           Time
           2200        4.40000

   Energies (kJ/mol)
           Bond          Angle    Proper Dih.  Improper Dih.          LJ-14
    1.33412e+02    2.97857e+02    3.66364e+02    2.58742e+01    1.68049e+02
     Coulomb-14        LJ (SR)  Disper. corr.   Coulomb (SR)   Coul. recip.
    2.28898e+03    1.91751e+04   -8.37598e+02   -1.23699e+05    5.33707e+02
 Position Rest.      Potential    Kinetic En.   Total Energy  Conserved En.
    4.12372e+01   -1.01506e+05    1.60306e+04   -8.54752e+04   -8.49549e+04
    Temperature Pres. DC (bar) Pressure (bar)   Constr. rmsd
    2.93550e+02   -2.15881e+02   -2.52534e+02    1.41407e-06

Replica exchange at step 2200 time 4.40000
Repl ex  0    1
Repl pr      

           Step           Time
           2300        4.60000

   Energies (kJ/mol)
           Bond          Angle    Proper Dih.  Improper Dih.          LJ-14
    1.24688e+02    2.64645e+02    3.82667e+02    2.57738e+01    1.69931e+02
     Coulomb-14        LJ (SR)  Disper. corr.   Coulomb (SR)   Coul. recip.
    2.30467e+03    1.97303e+04   -8.37598e+02   -1.24591e+05    5.33973e+02
 Position Rest.      Potential    Kinetic En.   Total Energy  Conserved En.
    3.21321e+01   -1.01860e+05    1.64213e+04   -8.54384e+04   -8.49557e+04
    Temperature Pres. DC (bar) Pressure (bar)   Constr. rmsd
    3.00704e+02   -2.15881e+02    5.44390e+02    1.47989e-06

Replica exchange at step 2300 time 4.60000
Repl 0 <-> 1  dE_term =  4.575e-01 (kT)
Repl ex  0    1
Repl pr   .63

           Step           Time
           2400        4.80000

   Energies (kJ/mol)
           Bond          Angle    Proper Dih.  Improper Dih.          LJ-14
    9.77293e+01    2.88058e+02    3.61875e+02    1.97482e+01    1.87711e+02
     Coulomb-14        LJ (SR)  Disper. corr.   Coulomb (SR)   Coul. recip.
    2.31751e+03    1.94983e+04   -8.37598e+02   -1.24620e+05    5.55759e+02
 Position Rest.      Potential    Kinetic En.   Total Energy  Conserved En.
    5.10345e+01   -1.02080e+05    1.59610e+04   -8.61188e+04   -8.49558e+04
    Temperature Pres. DC (bar) Pressure (bar)   Constr. rmsd
    2.92276e+02   -2.15881e+02    3.87650e+02    2.08365e-06

Replica exchange at step 2400 time 4.80000
Repl ex  0    1
Repl pr      

           Step           Time
           2500        5.00000

   Energies (kJ/mol)
           Bond          Angle    Proper Dih.  Improper Dih.          LJ-14
    1.50287e+02    2.51050e+02    3.65137e+02    2.26013e+01    1.85725e+02
     Coulomb-14        LJ (SR)  Disper. corr.   Coulomb (SR)   Coul. recip.
    2.30418e+03    1.89299e+04   -8.37598e+02   -1.23772e+05    5.64515e+02
 Position Rest.      Potential    Kinetic En.   Total Energy  Conserved En.
    5.42454e+01   -1.01782e+05    1.60519e+04   -8.57296e+04   -8.49537e+04
    Temperature Pres. DC (bar) Pressure (bar)   Constr. rmsd
    2.93940e+02   -2.15881e+02   -3.59486e+02    1.60719e-06

Replica exchange at step 2500 time 5.00000
Repl 0 <-> 1  dE_term =  1.113e+00 (kT)
Repl ex  0    1
Repl pr   .33

           Step           Time
           2600        5.20000

   Energies (kJ/mol)
           Bond          Angle    Proper Dih.  Improper Dih.          LJ-14
    1.23357e+02    2.77343e+02    3.43096e+02    1.73197e+01    1.78273e+02
     Coulomb-14        LJ (SR)  Disper. corr.   Coulomb (SR)   Coul. recip.
    2.32590e+03    1.99656e+04   -8.37598e+02   -1.24834e+05    5.59632e+02
 Position Rest.      Potential    Kinetic En.   Total Energy  Conserved En.
    4.01161e+01   -1.01841e+05    1.63469e+04   -8.54941e+04   -8.49572e+04
    Temperature Pres. DC (bar) Pressure (bar)   Constr. rmsd
    2.99342e+02   -2.15881e+02    5.75800e+02    2.06832e-06

Replica exchange at step 2600 time 5.20000
Repl ex  0    1
Repl pr      

           Step           Time
           2700        5.40000

   Energies (kJ/mol)
           Bond          Angle    Proper Dih.  Improper Dih.          LJ-14
    1.40160e+02    3.12789e+02    3.43687e+02    1.89978e+01    1.79121e+02
     Coulomb-14        LJ (SR)  Disper. corr.   Coulomb (SR)   Coul. recip.
    2.26048e+03    1.95252e+04   -8.37598e+02   -1.24746e+05    5.90724e+02
 Position Rest.      Potential    Kinetic En.   Total Energy  Conserved En.
    4.94021e+01   -1.02163e+05    1.63892e+04   -8.57735e+04   -8.49591e+04
    Temperature Pres. DC (bar) Pressure (bar)   Constr. rmsd
    3.00116e+02   -2.15881e+02    4.26551e+02    2.13624e-06

Replica exchange at step 2700 time 5.40000
Repl 0 <-> 1  dE_term =  1.129e+00 (kT)
Repl ex  0 x  1
Repl pr   .32

           Step           Time
           2800        5.60000

   Energies (kJ/mol)
           Bond          Angle    Proper Dih.  Improper Dih.          LJ-14
    1.33107e+02    2.66852e+02    3.77078e+02    2.20875e+01    1.82469e+02
     Coulomb-14        LJ (SR)  Disper. corr.   Coulomb (SR)   Coul. recip.
    2.33401e+03    1.94819e+04   -8.37598e+02   -1.24129e+05    5.21599e+02
 Position Rest.      Potential    Kinetic En.   Total Energy  Conserved En.
    4.77897e+01   -1.01599e+05    1.65950e+04   -8.50043e+04   -8.48806e+04
    Temperature Pres. DC (bar) Pressure (bar)   Constr. rmsd
    3.03886e+02   -2.15881e+02    2.30864e+02    2.18934e-06

Replica exchange at step 2800 time 5.60000
Repl ex  0    1
Repl pr      

           Step           Time
           2900        5.80000

   Energies (kJ/mol)
           Bond          Angle    Proper Dih.  Improper Dih.          LJ-14
    1.14837e+02    2.63367e+02    3.66067e+02    1.67737e+01    1.76724e+02
     Coulomb-14        LJ (SR)  Disper. corr.   Coulomb (SR)   Coul. recip.
    2.30299e+03    1.91109e+04   -8.37598e+02   -1.23696e+05    5.48454e+02
 Position Rest.      Potential    Kinetic En.   Total Energy  Conserved En.
    5.55609e+01   -1.01578e+05    1.60671e+04   -8.55108e+04   -8.48826e+04
    Temperature Pres. DC (bar) Pressure (bar)   Constr. rmsd
    2.94219e+02   -2.15881e+02   -9.84071e+01    2.27426e-06

Replica exchange at step 2900 time 5.80000
Repl 0 <-> 1  dE_term = -8.934e-01 (kT)
Repl ex  0 x  1
Repl pr   1.0

           Step           Time
           3000        6.00000

   Energies (kJ/mol)
           Bond          Angle    Proper Dih.  Improper Dih.          LJ-14
    1.64648e+02    2.77712e+02    3.59510e+02    1.88475e+01    1.73177e+02
     Coulomb-14        LJ (SR)  Disper. corr.   Coulomb (SR)   Coul. recip.
    2.31496e+03    1.95174e+04   -8.37598e+02   -1.24318e+05    5.42001e+02
 Position Rest.      Potential    Kinetic En.   Total Energy  Conserved En.
    3.81783e+01   -1.01749e+05    1.63056e+04   -8.54432e+04   -8.49050e+04
    Temperature Pres. DC (bar) Pressure (bar)   Constr. rmsd
    2.98587e+02   -2.15881e+02    2.32777e+02    1.00750e-06

Replica exchange at step 3000 time 6.00000
Repl ex  0    1
Repl pr      

           Step           Time
           3100        6.20000

   Energies (kJ/mol)
           Bond          Angle    Proper Dih.  Improper Dih.          LJ-14
    1.56663e+02    2.33919e+02    3.48405e+02    2.10013e+01    1.79533e+02
     Coulomb-14        LJ (SR)  Disper. corr.   Coulomb (SR)   Coul. recip.
    2.27345e+03    1.90199e+04   -8.37598e+02   -1.23570e+05    5.24713e+02
 Position Rest.      Potential    Kinetic En.   Total Energy  Conserved En.
    5.16904e+01   -1.01598e+05    1.60151e+04   -8.55827e+04   -8.49050e+04
    Temperature Pres. DC (bar) Pressure (bar)   Constr. rmsd
    2.93266e+02   -2.15881e+02   -1.34956e+02    1.25606e-06

Replica exchange at step 3100 time 6.20000
Repl 0 <-> 1  dE_term =  7.770e-02 (kT)
Repl ex  0 x  1
Repl pr   .93

           Step           Time
           3200        6.40000

   Energies (kJ/mol)
           Bond          Angle    Proper Dih.  Improper Dih.          LJ-14
    1.35622e+02    2.76250e+02    3.59313e+02    1.85779e+01    1.81713e+02
     Coulomb-14        LJ (SR)  Disper. corr.   Coulomb (SR)   Coul. recip.
    2.32268e+03    1.93421e+04   -8.37598e+02   -1.23649e+05    5.59951e+02
 Position Rest.      Potential    Kinetic En.   Total Energy  Conserved En.
    4.94627e+01   -1.01241e+05    1.62720e+04   -8.49686e+04   -8.48463e+04
    Temperature Pres. DC (bar) Pressure (bar)   Constr. rmsd
    2.97970e+02   -2.15881e+02    1.34914e+02    3.04844e-06

Replica exchange at step 3200 time 6.40000
Repl ex  0    1
Repl pr      

           Step           Time
           3300        6.60000

   Energies (kJ/mol)
           Bond          Angle    Proper Dih.  Improper Dih.          LJ-14
    1.19175e+02    2.46460e+02    3.62174e+02    2.24875e+01    1.66077e+02
     Coulomb-14        LJ (SR)  Disper. corr.   Coulomb (SR)   Coul. recip.
    2.32758e+03    1.91992e+04   -8.37598e+02   -1.23909e+05    5.46572e+02
 Position Rest.      Potential    Kinetic En.   Total Energy  Conserved En.
    4.21408e+01   -1.01714e+05    1.63434e+04   -8.53710e+04   -8.48513e+04
    Temperature Pres. DC (bar) Pressure (bar)   Constr. rmsd
    2.99277e+02   -2.15881e+02    7.70433e+01    2.51056e-06

Replica exchange at step 3300 time 6.60000
Repl 0 <-> 1  dE_term = -1.206e+00 (kT)
Repl ex  0 x  1
Repl pr   1.0

           Step           Time
           3400        6.80000

   Energies (kJ/mol)
           Bond          Angle    Proper Dih.  Improper Dih.          LJ-14
    1.23199e+02    2.61326e+02    3.56749e+02    2.18860e+01    2.01465e+02
     Coulomb-14        LJ (SR)  Disper. corr.   Coulomb (SR)   Coul. recip.
    2.26834e+03    1.91793e+04   -8.37598e+02   -1.23862e+05    5.40697e+02
 Position Rest.      Potential    Kinetic En.   Total Energy  Conserved En.
    4.48038e+01   -1.01702e+05    1.64746e+04   -8.52277e+04   -8.48066e+04
    Temperature Pres. DC (bar) Pressure (bar)   Constr. rmsd
    3.01680e+02   -2.15881e+02    3.30598e+02    1.90240e-06

Replica exchange at step 3400 time 6.80000
Repl ex  0    1
Repl pr      

           Step           Time
           3500        7.00000

   Energies (kJ/mol)
           Bond          Angle    Proper Dih.  Improper Dih.          LJ-14
    1.18361e+02    3.04412e+02    3.42202e+02    2.37894e+01    1.82380e+02
     Coulomb-14        LJ (SR)  Disper. corr.   Coulomb (SR)   Coul. recip.
    2.35755e+03    1.92244e+04   -8.37598e+02   -1.23731e+05    5.35401e+02
 Position Rest.      Potential    Kinetic En.   Total Energy  Conserved En.
    5.79449e+01   -1.01422e+05    1.62895e+04   -8.51330e+04   -8.47989e+04
    Temperature Pres. DC (bar) Pressure (bar)   Constr. rmsd
    2.98291e+02   -2.15881e+02   -3.15010e+01    1.30074e-06

Replica exchange at step 3500 time 7.00000
Repl 0 <-> 1  dE_term = -8.147e-01 (kT)
Repl ex  0 x  1
Repl pr   1.0

           Step           Time
           3600        7.20000

   Energies (kJ/mol)
           Bond          Angle    Proper Dih.  Improper Dih.          LJ-14
    1.18699e+02    2.98266e+02    3.45528e+02    2.09145e+01    1.68296e+02
     Coulomb-14        LJ (SR)  Disper. corr.   Coulomb (SR)   Coul. recip.
    2.33757e+03    1.95031e+04   -8.37598e+02   -1.24315e+05    5.32662e+02
 Position Rest.      Potential    Kinetic En.   Total Energy  Conserved En.
    3.86144e+01   -1.01789e+05    1.58391e+04   -8.59500e+04   -8.47671e+04
    Temperature Pres. DC (bar) Pressure (bar)   Constr. rmsd
    2.90044e+02   -2.15881e+02    1.90945e+02    1.91153e-06

Replica exchange at step 3600 time 7.20000
Repl ex  0    1
Repl pr      

           Step           Time
           3700        7.40000

   Energies (kJ/mol)
           Bond          Angle    Proper Dih.  Improper Dih.          LJ-14
    1.09941e+02    2.99454e+02    3.43246e+02    2.42794e+01    1.79994e+02
     Coulomb-14        LJ (SR)  Disper. corr.   Coulomb (SR)   Coul. recip.
    2.29694e+03    1.95101e+04   -8.37598e+02   -1.24368e+05    5.28606e+02
 Position Rest.      Potential    Kinetic En.   Total Energy  Conserved En.
    5.46753e+01   -1.01858e+05    1.60148e+04   -8.58434e+04   -8.47659e+04
    Temperature Pres. DC (bar) Pressure (bar)   Constr. rmsd
    2.93260e+02   -2.15881e+02    4.05616e+02    1.94353e-06

Replica exchange at step 3700 time 7.40000
Repl 0 <-> 1  dE_term =  3.254e-01 (kT)
Repl ex  0    1
Repl pr   .72

           Step           Time
           3800        7.60000

   Energies (kJ/mol)
           Bond          Angle    Proper Dih.  Improper Dih.          LJ-14
    1.13368e+02    2.64906e+02    3.43207e+02    1.77691e+01    1.80240e+02
     Coulomb-14        LJ (SR)  Disper. corr.   Coulomb (SR)   Coul. recip.
    2.32371e+03    1.97827e+04   -8.37598e+02   -1.24822e+05    5.11144e+02
 Position Rest.      Potential    Kinetic En.   Total Energy  Conserved En.
    3.47550e+01   -1.02088e+05    1.60027e+04   -8.60855e+04   -8.47713e+04
    Temperature Pres. DC (bar) Pressure (bar)   Constr. rmsd
    2.93040e+02   -2.15881e+02    3.22005e+02    1.92176e-06

Replica exchange at step 3800 time 7.60000
Repl ex  0    1
Repl pr      

           Step           Time
           3900        7.80000

   Energies (kJ/mol)
           Bond          Angle    Proper Dih.  Improper Dih.          LJ-14
    1.45208e+02    3.06346e+02    3.43664e+02    2.17047e+01    1.75348e+02
     Coulomb-14        LJ (SR)  Disper. corr.   Coulomb (SR)   Coul. recip.
    2.30727e+03    1.98901e+04   -8.37598e+02   -1.24843e+05    5.57232e+02
 Position Rest.      Potential    Kinetic En.   Total Energy  Conserved En.
    4.90376e+01   -1.01885e+05    1.64129e+04   -8.54717e+04   -8.47613e+04
    Temperature Pres. DC (bar) Pressure (bar)   Constr. rmsd
    3.00551e+02   -2.15881e+02    3.76575e+02    2.39809e-06

Replica exchange at step 3900 time 7.80000
Repl 0 <-> 1  dE_term =  6.334e-01 (kT)
Repl ex  0    1
Repl pr   .53

           Step           Time
           4000        8.00000

   Energies (kJ/mol)
           Bond          Angle    Proper Dih.  Improper Dih.          LJ-14
    1.35440e+02    2.83863e+02    3.64269e+02    1.69082e+01    1.83581e+02
     Coulomb-14        LJ (SR)  Disper. corr.   Coulomb (SR)   Coul. recip.
    2.33428e+03    1.93930e+04   -8.37598e+02   -1.24123e+05    5.65850e+02
 Position Rest.      Potential    Kinetic En.   Total Energy  Conserved En.
    5.38504e+01   -1.01629e+05    1.63405e+04   -8.52890e+04   -8.47640e+04
    Temperature Pres. DC (bar) Pressure (bar)   Constr. rmsd
    2.99225e+02   -2.15881e+02    6.09756e+02    3.57245e-06

Replica exchange at step 4000 time 8.00000
Repl ex  0    1
Repl pr      

           Step           Time
           4100        8.20000

   Energies (kJ/mol)
           Bond          Angle    Proper Dih.  Improper Dih.          LJ-14
    1.44574e+02    3.31352e+02    3.46406e+02    1.56471e+01    1.74103e+02
     Coulomb-14        LJ (SR)  Disper. corr.   Coulomb (SR)   Coul. recip.
    2.30863e+03    1.94084e+04   -8.37598e+02   -1.24044e+05    5.60807e+02
 Position Rest.      Potential    Kinetic En.   Total Energy  Conserved En.
    3.56292e+01   -1.01556e+05    1.63217e+04   -8.52348e+04   -8.47617e+04
    Temperature Pres. DC (bar) Pressure (bar)   Constr. rmsd
    2.98881e+02   -2.15881e+02   -8.21172e+01    1.48665e-06

Replica exchange at step 4100 time 8.20000
Repl 0 <-> 1  dE_term =  7.334e-01 (kT)
Repl ex  0    1
Repl pr   .48

           Step           Time
           4200        8.40000

   Energies (kJ/mol)
           Bond          Angle    Proper Dih.  Improper Dih.          LJ-14
    1.70422e+02    2.45636e+02    3.33120e+02    1.59461e+01    1.83271e+02
     Coulomb-14        LJ (SR)  Disper. corr.   Coulomb (SR)   Coul. recip.
    2.32162e+03    1.90575e+04   -8.37598e+02   -1.23987e+05    5.67348e+02
 Position Rest.      Potential    Kinetic En.   Total Energy  Conserved En.
    3.85921e+01   -1.01891e+05    1.62177e+04   -8.56731e+04   -8.47667e+04
    Temperature Pres. DC (bar) Pressure (bar)   Constr. rmsd
    2.96976e+02   -2.15881e+02   -2.11032e+02    2.25146e-06

Replica exchange at step 4200 time 8.40000
Repl ex  0    1
Repl pr      

           Step           Time
           4300        8.60000

   Energies (kJ/mol)
           Bond          Angle    Proper Dih.  Improper Dih.          LJ-14
    1.56031e+02    3.16146e+02    3.36437e+02    1.25177e+01    1.62575e+02
     Coulomb-14        LJ (SR)  Disper. corr.   Coulomb (SR)   Coul. recip.
    2.29214e+03    1.95658e+04   -8.37598e+02   -1.24330e+05    5.72964e+02
 Position Rest.      Potential    Kinetic En.   Total Energy  Conserved En.
    3.61449e+01   -1.01717e+05    1.61822e+04   -8.55350e+04   -8.47637e+04
    Temperature Pres. DC (bar) Pressure (bar)   Constr. rmsd
    2.96326e+02   -2.15881e+02    2.30986e+02    2.86633e-06

Replica exchange at step 4300 time 8.60000
Repl 0 <-> 1  dE_term = -1.676e-01 (kT)
Repl ex  0 x  1
Repl pr   1.0

           Step           Time
           4400        8.80000

   Energies (kJ/mol)
           Bond          Angle    Proper Dih.  Improper Dih.          LJ-14
    1.27758e+02    2.60009e+02    3.53953e+02    1.79699e+01    1.66008e+02
     Coulomb-14        LJ (SR)  Disper. corr.   Coulomb (SR)   Coul. recip.
    2.30656e+03    1.96085e+04   -8.37598e+02   -1.24194e+05    5.68002e+02
 Position Rest.      Potential    Kinetic En.   Total Energy  Conserved En.
    4.32052e+01   -1.01579e+05    1.61167e+04   -8.54625e+04   -8.47203e+04
    Temperature Pres. DC (bar) Pressure (bar)   Constr. rmsd
    2.95127e+02   -2.15881e+02    5.08382e+01    1.65524e-06

Replica exchange at step 4400 time 8.80000
Repl ex  0    1
Repl pr      

           Step           Time
           4500        9.00000

   Energies (kJ/mol)
           Bond          Angle    Proper Dih.  Improper Dih.          LJ-14
    1.15399e+02    2.94313e+02    3.54334e+02    1.07668e+01    1.89599e+02
     Coulomb-14        LJ (SR)  Disper. corr.   Coulomb (SR)   Coul. recip.
    2.37713e+03    1.88196e+04   -8.37598e+02   -1.23472e+05    5.74026e+02
 Position Rest.      Potential    Kinetic En.   Total Energy  Conserved En.
    3.18711e+01   -1.01543e+05    1.58763e+04   -8.56662e+04   -8.47228e+04
    Temperature Pres. DC (bar) Pressure (bar)   Constr. rmsd
    2.90725e+02   -2.15881e+02   -2.33829e+02    1.21824e-06

Replica exchange at step 4500 time 9.00000
Repl 0 <-> 1  dE_term = -5.365e-01 (kT)
Repl ex  0 x  1
Repl pr   1.0

           Step           Time
           4600        9.20000

   Energies (kJ/mol)
           Bond          Angle    Proper Dih.  Improper Dih.          LJ-14
    1.59817e+02    2.60514e+02    3.35451e+02    1.67533e+01    1.87115e+02
     Coulomb-14        LJ (SR)  Disper. corr.   Coulomb (SR)   Coul. recip.
    2.34103e+03    1.94423e+04   -8.37598e+02   -1.24100e+05    5.32639e+02
 Position Rest.      Potential    Kinetic En.   Total Energy  Conserved En.
    3.54171e+01   -1.01627e+05    1.64498e+04   -8.51770e+04   -8.47108e+04
    Temperature Pres. DC (bar) Pressure (bar)   Constr. rmsd
    3.01227e+02   -2.15881e+02    3.18153e+02    2.24798e-06

Replica exchange at step 4600 time 9.20000
Repl ex  0    1
Repl pr      

           Step           Time
           4700        9.40000

   Energies (kJ/mol)
           Bond          Angle    Proper Dih.  Improper Dih.          LJ-14
    1.01292e+02    3.00045e+02    3.48238e+02    2.30333e+01    1.76496e+02
     Coulomb-14        LJ (SR)  Disper. corr.   Coulomb (SR)   Coul. recip.
    2.34318e+03    1.93201e+04   -8.37598e+02   -1.24266e+05    5.42204e+02
 Position Rest.      Potential    Kinetic En.   Total Energy  Conserved En.
    4.08355e+01   -1.01908e+05    1.63279e+04   -8.55802e+04   -8.47116e+04
    Temperature Pres. DC (bar) Pressure (bar)   Constr. rmsd
    2.98994e+02   -2.15881e+02    3.19164e+02    2.86408e-06

Replica exchange at step 4700 time 9.40000
Repl 0 <-> 1  dE_term =  4.425e-01 (kT)
Repl ex  0 x  1
Repl pr   .64

           Step           Time
           4800        9.60000

   Energies (kJ/mol)
           Bond          Angle    Proper Dih.  Improper Dih.          LJ-14
    1.30778e+02    2.87985e+02    3.43068e+02    1.19765e+01    1.82917e+02
     Coulomb-14        LJ (SR)  Disper. corr.   Coulomb (SR)   Coul. recip.
    2.30557e+03    1.93008e+04   -8.37598e+02   -1.24066e+05    5.37277e+02
 Position Rest.      Potential    Kinetic En.   Total Energy  Conserved En.
    3.25010e+01   -1.01771e+05    1.61685e+04   -8.56021e+04   -8.46523e+04
    Temperature Pres. DC (bar) Pressure (bar)   Constr. rmsd
    2.96076e+02   -2.15881e+02    1.84831e+02    2.87721e-06

Replica exchange at step 4800 time 9.60000
Repl ex  0    1
Repl pr      

           Step           Time
           4900        9.80000

   Energies (kJ/mol)
           Bond          Angle    Proper Dih.  Improper Dih.          LJ-14
    1.30020e+02    3.30151e+02    3.47781e+02    1.57479e+01    1.87136e+02
     Coulomb-14        LJ (SR)  Disper. corr.   Coulomb (SR)   Coul. recip.
    2.29615e+03    1.91813e+04   -8.37598e+02   -1.23841e+05    5.22781e+02
 Position Rest.      Potential    Kinetic En.   Total Energy  Conserved En.
    5.82152e+01   -1.01610e+05    1.61699e+04   -8.54398e+04   -8.46505e+04
    Temperature Pres. DC (bar) Pressure (bar)   Constr. rmsd
    2.96100e+02   -2.15881e+02    2.50475e+02    9.67631e-07

Replica exchange at step 4900 time 9.80000
Repl 0 <-> 1  dE_term = -3.577e-01 (kT)
Repl ex  0 x  1
Repl pr   1.0

           Step           Time
           5000       10.00000

   Energies (kJ/mol)
           Bond          Angle    Proper Dih.  Improper Dih.          LJ-14
    1.05378e+02    3.09135e+02    3.27780e+02    1.39655e+01    1.75795e+02
     Coulomb-14        LJ (SR)  Disper. corr.   Coulomb (SR)   Coul. recip.
    2.29587e+03    1.91781e+04   -8.37598e+02   -1.23837e+05    5.27172e+02
 Position Rest.      Potential    Kinetic En.   Total Energy  Conserved En.
    5.40387e+01   -1.01687e+05    1.63521e+04   -8.53350e+04   -8.46229e+04
    Temperature Pres. DC (bar) Pressure (bar)   Constr. rmsd
    2.99437e+02   -2.15881e+02    1.72237e+02    1.85741e-06

Replica exchange at step 5000 time 10.00000
Repl ex  0    1
Repl pr      

           Step           Time
           5100       10.20000

   Energies (kJ/mol)
           Bond          Angle    Proper Dih.  Improper Dih.          LJ-14
    1.36980e+02    2.78031e+02    3.68921e+02    2.45382e+01    1.76140e+02
     Coulomb-14        LJ (SR)  Disper. corr.   Coulomb (SR)   Coul. recip.
    2.30344e+03    1.90672e+04   -8.37598e+02   -1.23630e+05    5.27201e+02
 Position Rest.      Potential    Kinetic En.   Total Energy  Conserved En.
    5.13853e+01   -1.01534e+05    1.62645e+04   -8.52691e+04   -8.46222e+04
    Temperature Pres. DC (bar) Pressure (bar)   Constr. rmsd
    2.97833e+02   -2.15881e+02   -1.26401e+02    2.24364e-06

Replica exchange at step 5100 time 10.20000
Repl 0 <-> 1  dE_term =  4.579e-01 (kT)
Repl ex  0 x  1
Repl pr   .63

           Step           Time
           5200       10.40000

   Energies (kJ/mol)
           Bond          Angle    Proper Dih.  Improper Dih.          LJ-14
    1.62009e+02    3.27665e+02    3.58616e+02    1.90403e+01    1.65894e+02
     Coulomb-14        LJ (SR)  Disper. corr.   Coulomb (SR)   Coul. recip.
    2.27985e+03    1.93503e+04   -8.37598e+02   -1.23760e+05    5.32197e+02
 Position Rest.      Potential    Kinetic En.   Total Energy  Conserved En.
    5.92533e+01   -1.01343e+05    1.61750e+04   -8.51679e+04   -8.45996e+04
    Temperature Pres. DC (bar) Pressure (bar)   Constr. rmsd
    2.96194e+02   -2.15881e+02    1.22817e+02    1.36682e-06

Replica exchange at step 5200 time 10.40000
Repl ex  0    1
Repl pr      

           Step           Time
           5300       10.60000

   Energies (kJ/mol)
           Bond          Angle    Proper Dih.  Improper Dih.          LJ-14
    1.23439e+02    3.10191e+02    3.69377e+02    2.24240e+01    1.84354e+02
     Coulomb-14        LJ (SR)  Disper. corr.   Coulomb (SR)   Coul. recip.
    2.36137e+03    1.88900e+04   -8.37598e+02   -1.23436e+05    5.74139e+02
 Position Rest.      Potential    Kinetic En.   Total Energy  Conserved En.
    4.88410e+01   -1.01390e+05    1.65377e+04   -8.48520e+04   -8.46011e+04
    Temperature Pres. DC (bar) Pressure (bar)   Constr. rmsd
    3.02837e+02   -2.15881e+02   -2.15792e+02    1.10493e-06

Replica exchange at step 5300 time 10.60000
Repl 0 <-> 1  dE_term = -1.212e+00 (kT)
Repl ex  0 x  1
Repl pr   1.0

           Step           Time
           5400       10.80000

   Energies (kJ/mol)
           Bond          Angle    Proper Dih.  Improper Dih.          LJ-14
    9.35041e+01    3.11006e+02    3.54476e+02    1.36152e+01    1.78399e+02
     Coulomb-14        LJ (SR)  Disper. corr.   Coulomb (SR)   Coul. recip.
    2.30813e+03    1.89552e+04   -8.37598e+02   -1.23317e+05    5.74046e+02
 Position Rest.      Potential    Kinetic En.   Total Energy  Conserved En.
    4.96224e+01   -1.01317e+05    1.64037e+04   -8.49130e+04   -8.45699e+04
    Temperature Pres. DC (bar) Pressure (bar)   Constr. rmsd
    3.00382e+02   -2.15881e+02    1.45572e+02    1.60616e-06

Replica exchange at step 5400 time 10.80000
Repl ex  0    1
Repl pr      

           Step           Time
           5500       11.00000

   Energies (kJ/mol)
           Bond          Angle    Proper Dih.  Improper Dih.          LJ-14
    1.29228e+02    2.96566e+02    3.54033e+02    1.98170e+01    1.84766e+02
     Coulomb-14        LJ (SR)  Disper. corr.   Coulomb (SR)   Coul. recip.
    2.30102e+03    1.97093e+04   -8.37598e+02   -1.24301e+05    5.81302e+02
 Position Rest.      Potential    Kinetic En.   Total Energy  Conserved En.
    5.01029e+01   -1.01513e+05    1.62629e+04   -8.52499e+04   -8.45627e+04
    Temperature Pres. DC (bar) Pressure (bar)   Constr. rmsd
    2.97804e+02   -2.15881e+02    6.24798e+02    2.08677e-06

Replica exchange at step 5500 time 11.00000
Repl 0 <-> 1  dE_term =  4.085e-01 (kT)
Repl ex  0 x  1
Repl pr   .66

           Step           Time
           5600       11.20000

   Energies (kJ/mol)
           Bond          Angle    Proper Dih.  Improper Dih.          LJ-14
    1.45191e+02    3.15246e+02    3.50046e+02    1.94916e+01    1.69357e+02
     Coulomb-14        LJ (SR)  Disper. corr.   Coulomb (SR)   Coul. recip.
    2.29399e+03    1.94027e+04   -8.37598e+02   -1.23860e+05    5.16498e+02
 Position Rest.      Potential    Kinetic En.   Total Energy  Conserved En.
    5.56762e+01   -1.01429e+05    1.65343e+04   -8.48950e+04   -8.45431e+04
    Temperature Pres. DC (bar) Pressure (bar)   Constr. rmsd
    3.02773e+02   -2.15881e+02    2.71142e+02    1.87027e-06

Replica exchange at step 5600 time 11.20000
Repl ex  0    1
Repl pr      

           Step           Time
           5700       11.40000

   Energies (kJ/mol)
           Bond          Angle    Proper Dih.  Improper Dih.          LJ-14
    1.55382e+02    3.20716e+02    3.40348e+02    1.19394e+01    1.70249e+02
     Coulomb-14        LJ (SR)  Disper. corr.   Coulomb (SR)   Coul. recip.
    2.26949e+03    1.90196e+04   -8.37598e+02   -1.23219e+05    5.96955e+02
 Position Rest.      Potential    Kinetic En.   Total Energy  Conserved En.
    3.61334e+01   -1.01136e+05    1.64039e+04   -8.47323e+04   -8.45430e+04
    Temperature Pres. DC (bar) Pressure (bar)   Constr. rmsd
    3.00385e+02   -2.15881e+02   -1.75211e+02    3.16240e-06

Replica exchange at step 5700 time 11.40000
Repl 0 <-> 1  dE_term = -1.247e+00 (kT)
Repl ex  0 x  1
Repl pr   1.0

           Step           Time
           5800       11.60000

   Energies (kJ/mol)
           Bond          Angle    Proper Dih.  Improper Dih.          LJ-14
    1.33702e+02    2.60245e+02    3.43025e+02    1.03321e+01    1.67584e+02
     Coulomb-14        LJ (SR)  Disper. corr.   Coulomb (SR)   Coul. recip.
    2.29983e+03    1.92253e+04   -8.37598e+02   -1.23651e+05    5.42320e+02
 Position Rest.      Potential    Kinetic En.   Total Energy  Conserved En.
    4.60581e+01   -1.01461e+05    1.60853e+04   -8.53754e+04   -8.44904e+04
    Temperature Pres. DC (bar) Pressure (bar)   Constr. rmsd
    2.94552e+02   -2.15881e+02   -2.48983e+02    2.33778e-06

Replica exchange at step 5800 time 11.60000
Repl ex  0    1
Repl pr      

           Step           Time
           5900       11.80000

   Energies (kJ/mol)
           Bond          Angle    Proper Dih.  Improper Dih.          LJ-14
    1.00918e+02    2.70367e+02    3.47327e+02    3.18270e+01    1.68843e+02
     Coulomb-14        LJ (SR)  Disper. corr.   Coulomb (SR)   Coul. recip.
    2.24263e+03    1.93894e+04   -8.37598e+02   -1.24119e+05    5.26946e+02
 Position Rest.      Potential    Kinetic En.   Total Energy  Conserved En.
    7.27102e+01   -1.01806e+05    1.59678e+04   -8.58378e+04   -8.44938e+04
    Temperature Pres. DC (bar) Pressure (bar)   Constr. rmsd
    2.92400e+02   -2.15881e+02   -3.43433e+02    3.15683e-06

Replica exchange at step 5900 time 11.80000
Repl 0 <-> 1  dE_term = -3.090e-02 (kT)
Repl ex  0 x  1
Repl pr   1.0

           Step           Time
           6000       12.00000

   Energies (kJ/mol)
           Bond          Angle    Proper Dih.  Improper Dih.          LJ-14
    1.27786e+02    3.14910e+02    3.42682e+02    1.42471e+01    1.86508e+02
     Coulomb-14        LJ (SR)  Disper. corr.   Coulomb (SR)   Coul. recip.
    2.29482e+03    1.89539e+04   -8.37598e+02   -1.23674e+05    5.60861e+02
 Position Rest.      Potential    Kinetic En.   Total Energy  Conserved En.
    4.32730e+01   -1.01673e+05    1.63830e+04   -8.52901e+04   -8.44896e+04
    Temperature Pres. DC (bar) Pressure (bar)   Constr. rmsd
    3.00003e+02   -2.15881e+02    4.25825e+02    1.91622e-06

Replica exchange at step 6000 time 12.00000
Repl ex  0    1
Repl pr      

           Step           Time
           6100       12.20000

   Energies (kJ/mol)
           Bond          Angle    Proper Dih.  Improper Dih.          LJ-14
    1.35943e+02    2.63204e+02    3.51417e+02    1.52835e+01    1.66464e+02
     Coulomb-14        LJ (SR)  Disper. corr.   Coulomb (SR)   Coul. recip.
    2.32211e+03    1.90688e+04   -8.37598e+02   -1.24037e+05    5.37962e+02
 Position Rest.      Potential    Kinetic En.   Total Energy  Conserved En.
    4.90949e+01   -1.01964e+05    1.62846e+04   -8.56794e+04   -8.44913e+04
    Temperature Pres. DC (bar) Pressure (bar)   Constr. rmsd
    2.98201e+02   -2.15881e+02   -3.40256e+01    2.64970e-06

Replica exchange at step 6100 time 12.20000
Repl 0 <-> 1  dE_term =  9.430e-01 (kT)
Repl ex  0 x  1
Repl pr   .39

           Step           Time
           6200       12.40000

   Energies (kJ/mol)
           Bond          Angle    Proper Dih.  Improper Dih.          LJ-14
    1.44600e+02    2.99636e+02    3.66190e+02    2.00190e+01    1.65908e+02
     Coulomb-14        LJ (SR)  Disper. corr.   Coulomb (SR)   Coul. recip.
    2.32675e+03    1.90236e+04   -8.37598e+02   -1.23833e+05    5.80010e+02
 Position Rest.      Potential    Kinetic En.   Total Energy  Conserved En.
    5.67553e+01   -1.01688e+05    1.65147e+04   -8.51728e+04   -8.44132e+04
    Temperature Pres. DC (bar) Pressure (bar)   Constr. rmsd
    3.02414e+02   -2.15881e+02   -2.10466e+02    1.60926e-06

Replica exchange at step 6200 time 12.40000
Repl ex  0    1
Repl pr      

           Step           Time
           6300       12.60000

   Energies (kJ/mol)
           Bond          Angle    Proper Dih.  Improper Dih.          LJ-14
    1.27315e+02    3.28891e+02    3.55695e+02    2.01613e+01    1.83831e+02
     Coulomb-14        LJ (SR)  Disper. corr.   Coulomb (SR)   Coul. recip.
    2.27770e+03    1.95888e+04   -8.37598e+02   -1.23934e+05    5.19614e+02
 Position Rest.      Potential    Kinetic En.   Total Energy  Conserved En.
    4.13097e+01   -1.01329e+05    1.62531e+04   -8.50757e+04   -8.44111e+04
    Temperature Pres. DC (bar) Pressure (bar)   Constr. rmsd
    2.97624e+02   -2.15881e+02    6.36037e+02    2.17632e-06

Replica exchange at step 6300 time 12.60000
Repl 0 <-> 1  dE_term = -2.928e-01 (kT)
Repl ex  0 x  1
Repl pr   1.0

           Step           Time
           6400       12.80000

   Energies (kJ/mol)
           Bond          Angle    Proper Dih.  Improper Dih.          LJ-14
    1.34859e+02    2.98373e+02    3.53741e+02    1.84911e+01    1.66128e+02
     Coulomb-14        LJ (SR)  Disper. corr.   Coulomb (SR)   Coul. recip.
    2.29874e+03    1.98451e+04   -8.37598e+02   -1.24662e+05    5.06153e+02
 Position Rest.      Potential    Kinetic En.   Total Energy  Conserved En.
    5.45194e+01   -1.01823e+05    1.63275e+04   -8.54955e+04   -8.44468e+04
    Temperature Pres. DC (bar) Pressure (bar)   Constr. rmsd
    2.98988e+02   -2.15881e+02    2.66013e+02    2.47420e-06

Replica exchange at step 6400 time 12.80000
Repl ex  0    1
Repl pr      

           Step           Time
           6500       13.00000

   Energies (kJ/mol)
           Bond          Angle    Proper Dih.  Improper Dih.          LJ-14
    1.56544e+02    2.96260e+02    3.56032e+02    1.73295e+01    1.71815e+02
     Coulomb-14        LJ (SR)  Disper. corr.   Coulomb (SR)   Coul. recip.
    2.30875e+03    1.97198e+04   -8.37598e+02   -1.24568e+05    5.06448e+02
 Position Rest.      Potential    Kinetic En.   Total Energy  Conserved En.
    4.59204e+01   -1.01827e+05    1.64816e+04   -8.53450e+04   -8.44495e+04
    Temperature Pres. DC (bar) Pressure (bar)   Constr. rmsd
    3.01810e+02   -2.15881e+02    5.65395e+02    4.08657e-06

Replica exchange at step 6500 time 13.00000
Repl 0 <-> 1  dE_term =  5.131e-01 (kT)
Repl ex  0    1
Repl pr   .60

           Step           Time
           6600       13.20000

   Energies (kJ/mol)
           Bond          Angle    Proper Dih.  Improper Dih.          LJ-14
    1.26232e+02    2.92288e+02    3.44988e+02    1.91971e+01    1.79932e+02
     Coulomb-14        LJ (SR)  Disper. corr.   Coulomb (SR)   Coul. recip.
    2.30771e+03    1.97222e+04   -8.37598e+02   -1.24702e+05    5.12880e+02
 Position Rest.      Potential    Kinetic En.   Total Energy  Conserved En.
    4.96685e+01   -1.01984e+05    1.62367e+04   -8.57474e+04   -8.44512e+04
    Temperature Pres. DC (bar) Pressure (bar)   Constr. rmsd
    2.97324e+02   -2.15881e+02    6.83594e+02    1.23524e-06

Replica exchange at step 6600 time 13.20000
Repl ex  0    1
Repl pr      

           Step           Time
           6700       13.40000

   Energies (kJ/mol)
           Bond          Angle    Proper Dih.  Improper Dih.          LJ-14
    1.46270e+02    2.86667e+02    3.49806e+02    2.03951e+01    1.68762e+02
     Coulomb-14        LJ (SR)  Disper. corr.   Coulomb (SR)   Coul. recip.
    2.34807e+03    1.95095e+04   -8.37598e+02   -1.24524e+05    5.48185e+02
 Position Rest.      Potential    Kinetic En.   Total Energy  Conserved En.
    5.00134e+01   -1.01934e+05    1.62181e+04   -8.57159e+04   -8.44482e+04
    Temperature Pres. DC (bar) Pressure (bar)   Constr. rmsd
    2.96984e+02   -2.15881e+02    3.07941e+02    2.70685e-06

Replica exchange at step 6700 time 13.40000
Repl 0 <-> 1  dE_term =  1.513e+00 (kT)
Repl ex  0    1
Repl pr   .22

           Step           Time
           6800       13.60000

   Energies (kJ/mol)
           Bond          Angle    Proper Dih.  Improper Dih.          LJ-14
    1.15656e+02    2.54538e+02    3.48483e+02    1.39126e+01    1.79441e+02
     Coulomb-14        LJ (SR)  Disper. corr.   Coulomb (SR)   Coul. recip.
    2.32464e+03    1.94212e+04   -8.37598e+02   -1.24362e+05    5.44454e+02
 Position Rest.      Potential    Kinetic En.   Total Energy  Conserved En.
    4.33136e+01   -1.01954e+05    1.63552e+04   -8.55987e+04   -8.44573e+04
    Temperature Pres. DC (bar) Pressure (bar)   Constr. rmsd
    2.99493e+02   -2.15881e+02    8.43371e+01    3.78441e-06

Replica exchange at step 6800 time 13.60000
Repl ex  0    1
Repl pr      

           Step           Time
           6900       13.80000

   Energies (kJ/mol)
           Bond          Angle    Proper Dih.  Improper Dih.          LJ-14
    1.13584e+02    2.93379e+02    3.58384e+02    1.40140e+01    1.88241e+02
     Coulomb-14        LJ (SR)  Disper. corr.   Coulomb (SR)   Coul. recip.
    2.35393e+03    1.88507e+04   -8.37598e+02   -1.23764e+05    5.33960e+02
 Position Rest.      Potential    Kinetic En.   Total Energy  Conserved En.
    4.57989e+01   -1.01849e+05    1.64304e+04   -8.54187e+04   -8.44472e+04
    Temperature Pres. DC (bar) Pressure (bar)   Constr. rmsd
    3.00871e+02   -2.15881e+02   -1.28561e+02    1.48318e-06

Replica exchange at step 6900 time 13.80000
Repl 0 <-> 1  dE_term =  4.427e-01 (kT)
Repl ex  0 x  1
Repl pr   .64

           Step           Time
           7000       14.00000

   Energies (kJ/mol)
           Bond          Angle    Proper Dih.  Improper Dih.          LJ-14
    1.81018e+02    2.97591e+02    3.65161e+02    1.32740e+01    1.80095e+02
     Coulomb-14        LJ (SR)  Disper. corr.   Coulomb (SR)   Coul. recip.
    2.31242e+03    1.91653e+04   -8.37598e+02   -1.23501e+05    5.62690e+02
 Position Rest.      Potential    Kinetic En.   Total Energy  Conserved En.
    5.55979e+01   -1.01205e+05    1.61913e+04   -8.50140e+04   -8.43528e+04
    Temperature Pres. DC (bar) Pressure (bar)   Constr. rmsd
    2.96493e+02   -2.15881e+02    4.75289e+02    1.93633e-06

Replica exchange at step 7000 time 14.00000
Repl ex  0    1
Repl pr      

           Step           Time
           7100       14.20000

   Energies (kJ/mol)
           Bond          Angle    Proper Dih.  Improper Dih.          LJ-14
    1.42560e+02    3.31480e+02    3.49322e+02    2.51345e+01    1.63953e+02
     Coulomb-14        LJ (SR)  Disper. corr.   Coulomb (SR)   Coul. recip.
    2.29119e+03    1.95590e+04   -8.37598e+02   -1.24218e+05    5.59685e+02
 Position Rest.      Potential    Kinetic En.   Total Energy  Conserved En.
    3.36602e+01   -1.01600e+05    1.65475e+04   -8.50522e+04   -8.43541e+04
    Temperature Pres. DC (bar) Pressure (bar)   Constr. rmsd
    3.03015e+02   -2.15881e+02    3.95969e+02    2.73705e-06

Replica exchange at step 7100 time 14.20000
Repl 0 <-> 1  dE_term =  2.156e-01 (kT)
Repl ex  0 x  1
Repl pr   .81

           Step           Time
           7200       14.40000

   Energies (kJ/mol)
           Bond          Angle    Proper Dih.  Improper Dih.          LJ-14
    1.25488e+02    3.23793e+02    3.54798e+02    2.46515e+01    1.75411e+02
     Coulomb-14        LJ (SR)  Disper. corr.   Coulomb (SR)   Coul. recip.
    2.34039e+03    2.01085e+04   -8.37598e+02   -1.24453e+05    5.62063e+02
 Position Rest.      Potential    Kinetic En.   Total Energy  Conserved En.
    6.27001e+01   -1.01213e+05    1.65168e+04   -8.46962e+04   -8.43703e+04
    Temperature Pres. DC (bar) Pressure (bar)   Constr. rmsd
    3.02454e+02   -2.15881e+02    8.03933e+02    2.87332e-06

Replica exchange at step 7200 time 14.40000
Repl ex  0    1
Repl pr      

           Step           Time
           7300       14.60000

   Energies (kJ/mol)
           Bond          Angle    Proper Dih.  Improper Dih.          LJ-14
    1.21079e+02    2.43987e+02    3.40386e+02    2.45722e+01    1.85949e+02
     Coulomb-14        LJ (SR)  Disper. corr.   Coulomb (SR)   Coul. recip.
    2.33503e+03    1.94462e+04   -8.37598e+02   -1.23885e+05    5.39578e+02
 Position Rest.      Potential    Kinetic En.   Total Energy  Conserved En.
    4.14497e+01   -1.01444e+05    1.64558e+04   -8.49881e+04   -8.43752e+04
    Temperature Pres. DC (bar) Pressure (bar)   Constr. rmsd
    3.01337e+02   -2.15881e+02    5.05566e+02    2.57671e-06

Replica exchange at step 7300 time 14.60000
Repl 0 <-> 1  dE_term = -1.041e-01 (kT)
Repl ex  0 x  1
Repl pr   1.0

           Step           Time
           7400       14.80000

   Energies (kJ/mol)
           Bond          Angle    Proper Dih.  Improper Dih.          LJ-14
    1.24578e+02    3.09647e+02    3.43524e+02    2.17640e+01    2.01972e+02
     Coulomb-14        LJ (SR)  Disper. corr.   Coulomb (SR)   Coul. recip.
    2.32401e+03    1.92519e+04   -8.37598e+02   -1.23740e+05    5.39745e+02
 Position Rest.      Potential    Kinetic En.   Total Energy  Conserved En.
    4.47959e+01   -1.01416e+05    1.63538e+04   -8.50617e+04   -8.42767e+04
    Temperature Pres. DC (bar) Pressure (bar)   Constr. rmsd
    2.99468e+02   -2.15881e+02    1.64789e+02    1.94381e-06

Replica exchange at step 7400 time 14.80000
Repl ex  0    1
Repl pr      

           Step           Time
           7500       15.00000

   Energies (kJ/mol)
           Bond          Angle    Proper Dih.  Improper Dih.          LJ-14
    1.17781e+02    3.35263e+02    3.54647e+02    1.89803e+01    1.65104e+02
     Coulomb-14        LJ (SR)  Disper. corr.   Coulomb (SR)   Coul. recip.
    2.27008e+03    1.91653e+04   -8.37598e+02   -1.23705e+05    5.55437e+02
 Position Rest.      Potential    Kinetic En.   Total Energy  Conserved En.
    3.76739e+01   -1.01522e+05    1.62673e+04   -8.52551e+04   -8.42757e+04
    Temperature Pres. DC (bar) Pressure (bar)   Constr. rmsd
    2.97885e+02   -2.15881e+02   -6.42484e+01    1.25674e-06

Replica exchange at step 7500 time 15.00000
Repl 0 <-> 1  dE_term =  1.423e+00 (kT)
Repl ex  0    1
Repl pr   .24

           Step           Time
           7600       15.20000

   Energies (kJ/mol)
           Bond          Angle    Proper Dih.  Improper Dih.          LJ-14
    1.38013e+02    3.26436e+02    3.60410e+02    1.75466e+01    1.85429e+02
     Coulomb-14        LJ (SR)  Disper. corr.   Coulomb (SR)   Coul. recip.
    2.27573e+03    1.94730e+04   -8.37598e+02   -1.24030e+05    5.20552e+02
 Position Rest.      Potential    Kinetic En.   Total Energy  Conserved En.
    3.69309e+01   -1.01533e+05    1.65109e+04   -8.50223e+04   -8.42720e+04
    Temperature Pres. DC (bar) Pressure (bar)   Constr. rmsd
    3.02345e+02   -2.15881e+02    3.07339e+02    2.07790e-06

Replica exchange at step 7600 time 15.20000
Repl ex  0    1
Repl pr      

           Step           Time
           7700       15.40000

   Energies (kJ/mol)
           Bond          Angle    Proper Dih.  Improper Dih.          LJ-14
    1.37015e+02    3.02917e+02    3.54237e+02    2.13978e+01    1.71249e+02
     Coulomb-14        LJ (SR)  Disper. corr.   Coulomb (SR)   Coul. recip.
    2.28550e+03    1.96484e+04   -8.37598e+02   -1.24316e+05    5.08499e+02
 Position Rest.      Potential    Kinetic En.   Total Energy  Conserved En.
    3.82611e+01   -1.01686e+05    1.66314e+04   -8.50549e+04   -8.42797e+04
    Temperature Pres. DC (bar) Pressure (bar)   Constr. rmsd
    3.04552e+02   -2.15881e+02    1.61249e+02    2.48271e-06

Replica exchange at step 7700 time 15.40000
Repl 0 <-> 1  dE_term =  1.478e+00 (kT)
Repl ex  0 x  1
Repl pr   .23

           Step           Time
           7800       15.60000

   Energies (kJ/mol)
           Bond          Angle    Proper Dih.  Improper Dih.          LJ-14
    1.09133e+02    2.64354e+02    3.51396e+02    1.93954e+01    1.69438e+02
     Coulomb-14        LJ (SR)  Disper. corr.   Coulomb (SR)   Coul. recip.
    2.28553e+03    1.97926e+04   -8.37598e+02   -1.24291e+05    5.27888e+02
 Position Rest.      Potential    Kinetic En.   Total Energy  Conserved En.
    4.10746e+01   -1.01568e+05    1.61986e+04   -8.53694e+04   -8.42996e+04
    Temperature Pres. DC (bar) Pressure (bar)   Constr. rmsd
    2.96627e+02   -2.15881e+02    8.06533e+02    1.55503e-06

Replica exchange at step 7800 time 15.60000
Repl ex  0    1
Repl pr      

           Step           Time
           7900       15.80000

   Energies (kJ/mol)
           Bond          Angle    Proper Dih.  Improper Dih.          LJ-14
    1.23865e+02    3.08309e+02    3.35545e+02    1.93746e+01    1.66843e+02
     Coulomb-14        LJ (SR)  Disper. corr.   Coulomb (SR)   Coul. recip.
    2.29265e+03    1.90304e+04   -8.37598e+02   -1.23982e+05    5.47961e+02
 Position Rest.      Potential    Kinetic En.   Total Energy  Conserved En.
    4.13918e+01   -1.01954e+05    1.64132e+04   -8.55405e+04   -8.43040e+04
    Temperature Pres. DC (bar) Pressure (bar)   Constr. rmsd
    3.00557e+02   -2.15881e+02    3.27288e+02    2.14959e-06

Replica exchange at step 7900 time 15.80000
Repl 0 <-> 1  dE_term =  5.579e-01 (kT)
Repl ex  0 x  1
Repl pr   .57

           Step           Time
           8000       16.00000

   Energies (kJ/mol)
           Bond          Angle    Proper Dih.  Improper Dih.          LJ-14
    1.29753e+02    3.04006e+02    3.50481e+02    2.56889e+01    1.67331e+02
     Coulomb-14        LJ (SR)  Disper. corr.   Coulomb (SR)   Coul. recip.
    2.27145e+03    1.89558e+04   -8.37598e+02   -1.23687e+05    5.45400e+02
 Position Rest.      Potential    Kinetic En.   Total Energy  Conserved En.
    4.50127e+01   -1.01730e+05    1.61737e+04   -8.55562e+04   -8.41930e+04
    Temperature Pres. DC (bar) Pressure (bar)   Constr. rmsd
    2.96171e+02   -2.15881e+02   -6.63702e+02    2.06003e-06

Replica exchange at step 8000 time 16.00000
Repl ex  0    1
Repl pr      

           Step           Time
           8100       16.20000

   Energies (kJ/mol)
           Bond          Angle    Proper Dih.  Improper Dih.          LJ-14
    1.21975e+02    3.06518e+02    3.38432e+02    1.21493e+01    1.79348e+02
     Coulomb-14        LJ (SR)  Disper. corr.   Coulomb (SR)   Coul. recip.
    2.25954e+03    1.92075e+04   -8.37598e+02   -1.24021e+05    5.26305e+02
 Position Rest.      Potential    Kinetic En.   Total Energy  Conserved En.
    5.44874e+01   -1.01853e+05    1.63907e+04   -8.54618e+04   -8.41907e+04
    Temperature Pres. DC (bar) Pressure (bar)   Constr. rmsd
    3.00145e+02   -2.15881e+02   -2.98765e+02    1.36543e-06

Replica exchange at step 8100 time 16.20000
Repl 0 <-> 1  dE_term =  1.120e+00 (kT)
Repl ex  0    1
Repl pr   .33

           Step           Time
           8200       16.40000

   Energies (kJ/mol)
           Bond          Angle    Proper Dih.  Improper Dih.          LJ-14
    1.42484e+02    2.84901e+02    3.61018e+02    1.42030e+01    1.57008e+02
     Coulomb-14        LJ (SR)  Disper. corr.   Coulomb (SR)   Coul. recip.
    2.27179e+03    1.93278e+04   -8.37598e+02   -1.24100e+05    5.38816e+02
 Position Rest.      Potential    Kinetic En.   Total Energy  Conserved En.
    3.30327e+01   -1.01806e+05    1.60856e+04   -8.57208e+04   -8.41896e+04
    Temperature Pres. DC (bar) Pressure (bar)   Constr. rmsd
    2.94557e+02   -2.15881e+02   -2.69847e+02    1.54417e-06

Replica exchange at step 8200 time 16.40000
Repl ex  0    1
Repl pr      

           Step           Time
           8300       16.60000

   Energies (kJ/mol)
           Bond          Angle    Proper Dih.  Improper Dih.          LJ-14
    1.49929e+02    3.19219e+02    3.68143e+02    1.58646e+01    1.66523e+02
     Coulomb-14        LJ (SR)  Disper. corr.   Coulomb (SR)   Coul. recip.
    2.30672e+03    1.94597e+04   -8.37598e+02   -1.23585e+05    5.95338e+02
 Position Rest.      Potential    Kinetic En.   Total Energy  Conserved En.
    4.63963e+01   -1.00995e+05    1.65208e+04   -8.44744e+04   -8.41888e+04
    Temperature Pres. DC (bar) Pressure (bar)   Constr. rmsd
    3.02526e+02   -2.15881e+02    3.03561e+02    1.99947e-06

Replica exchange at step 8300 time 16.60000
Repl 0 <-> 1  dE_term = -4.120e-02 (kT)
Repl ex  0 x  1
Repl pr   1.0

           Step           Time
           8400       16.80000

   Energies (kJ/mol)
           Bond          Angle    Proper Dih.  Improper Dih.          LJ-14
    1.34399e+02    3.23466e+02    3.35663e+02    1.58720e+01    1.67330e+02
     Coulomb-14        LJ (SR)  Disper. corr.   Coulomb (SR)   Coul. recip.
    2.27028e+03    1.94281e+04   -8.37598e+02   -1.24009e+05    5.67677e+02
 Position Rest.      Potential    Kinetic En.   Total Energy  Conserved En.
    4.17016e+01   -1.01562e+05    1.67242e+04   -8.48382e+04   -8.42503e+04
    Temperature Pres. DC (bar) Pressure (bar)   Constr. rmsd
    3.06250e+02   -2.15881e+02    1.35146e+01    2.14833e-06

Replica exchange at step 8400 time 16.80000
Repl ex  0    1
Repl pr      

           Step           Time
           8500       17.00000

   Energies (kJ/mol)
           Bond          Angle    Proper Dih.  Improper Dih.          LJ-14
    1.42385e+02    2.88341e+02    3.49206e+02    1.80214e+01    1.67006e+02
     Coulomb-14        LJ (SR)  Disper. corr.   Coulomb (SR)   Coul. recip.
    2.30655e+03    1.87262e+04   -8.37598e+02   -1.22966e+05    5.65768e+02
 Position Rest.      Potential    Kinetic En.   Total Energy  Conserved En.
    4.32007e+01   -1.01197e+05    1.65080e+04   -8.46886e+04   -8.42575e+04
    Temperature Pres. DC (bar) Pressure (bar)   Constr. rmsd
    3.02293e+02   -2.15881e+02   -2.46329e+02    5.13705e-06

Replica exchange at step 8500 time 17.00000
Repl 0 <-> 1  dE_term =  3.485e-01 (kT)
Repl ex  0    1
Repl pr   .71

           Step           Time
           8600       17.20000

   Energies (kJ/mol)
           Bond          Angle    Proper Dih.  Improper Dih.          LJ-14
    1.32745e+02    2.91739e+02    3.33350e+02    1.33885e+01    1.82201e+02
     Coulomb-14        LJ (SR)  Disper. corr.   Coulomb (SR)   Coul. recip.
    2.33706e+03    1.88656e+04   -8.37598e+02   -1.23503e+05    5.54100e+02
 Position Rest.      Potential    Kinetic En.   Total Energy  Conserved En.
    4.13791e+01   -1.01589e+05    1.67083e+04   -8.48803e+04   -8.42558e+04
    Temperature Pres. DC (bar) Pressure (bar)   Constr. rmsd
    3.05960e+02   -2.15881e+02   -3.03967e+02    2.88912e-06

Replica exchange at step 8600 time 17.20000
Repl ex  0    1
Repl pr      

           Step           Time
           8700       17.40000

   Energies (kJ/mol)
           Bond          Angle    Proper Dih.  Improper Dih.          LJ-14
    1.29807e+02    3.48572e+02    3.56780e+02    2.45930e+01    1.75109e+02
     Coulomb-14        LJ (SR)  Disper. corr.   Coulomb (SR)   Coul. recip.
    2.35300e+03    1.88866e+04   -8.37598e+02   -1.23491e+05    5.37704e+02
 Position Rest.      Potential    Kinetic En.   Total Energy  Conserved En.
    4.21232e+01   -1.01474e+05    1.65269e+04   -8.49470e+04   -8.42494e+04
    Temperature Pres. DC (bar) Pressure (bar)   Constr. rmsd
    3.02639e+02   -2.15881e+02    1.60754e+02    1.42514e-06

Replica exchange at step 8700 time 17.40000
Repl 0 <-> 1  dE_term =  3.241e-01 (kT)
Repl ex  0 x  1
Repl pr   .72

           Step           Time
           8800       17.60000

   Energies (kJ/mol)
           Bond          Angle    Proper Dih.  Improper Dih.          LJ-14
    1.28052e+02    3.32064e+02    3.72723e+02    1.34652e+01    1.61881e+02
     Coulomb-14        LJ (SR)  Disper. corr.   Coulomb (SR)   Coul. recip.
    2.30175e+03    1.88185e+04   -8.37598e+02   -1.22913e+05    5.57028e+02
 Position Rest.      Potential    Kinetic En.   Total Energy  Conserved En.
    6.44094e+01   -1.01001e+05    1.62466e+04   -8.47541e+04   -8.41364e+04
    Temperature Pres. DC (bar) Pressure (bar)   Constr. rmsd
    2.97506e+02   -2.15881e+02   -2.06533e+02    1.72029e-06

Replica exchange at step 8800 time 17.60000
Repl ex  0    1
Repl pr      

           Step           Time
           8900       17.80000

   Energies (kJ/mol)
           Bond          Angle    Proper Dih.  Improper Dih.          LJ-14
    1.24757e+02    3.13863e+02    3.33916e+02    2.06510e+01    1.80141e+02
     Coulomb-14        LJ (SR)  Disper. corr.   Coulomb (SR)   Coul. recip.
    2.29390e+03    1.88998e+04   -8.37598e+02   -1.23194e+05    5.38739e+02
 Position Rest.      Potential    Kinetic En.   Total Energy  Conserved En.
    5.02734e+01   -1.01276e+05    1.58995e+04   -8.53761e+04   -8.41281e+04
    Temperature Pres. DC (bar) Pressure (bar)   Constr. rmsd
    2.91149e+02   -2.15881e+02    5.73153e+01    2.22416e-06

Replica exchange at step 8900 time 17.80000
Repl 0 <-> 1  dE_term = -3.894e-01 (kT)
Repl ex  0 x  1
Repl pr   1.0

           Step           Time
           9000       18.00000

   Energies (kJ/mol)
           Bond          Angle    Proper Dih.  Improper Dih.          LJ-14
    1.13587e+02    2.77914e+02    3.51718e+02    2.39523e+01    1.77617e+02
     Coulomb-14        LJ (SR)  Disper. corr.   Coulomb (SR)   Coul. recip.
    2.30278e+03    1.93729e+04   -8.37598e+02   -1.24298e+05    5.48336e+02
 Position Rest.      Potential    Kinetic En.   Total Energy  Conserved En.
    4.28830e+01   -1.01924e+05    1.62266e+04   -8.56973e+04   -8.41775e+04
    Temperature Pres. DC (bar) Pressure (bar)   Constr. rmsd
    2.97139e+02   -2.15881e+02    3.92814e+01    1.71779e-06

Replica exchange at step 9000 time 18.00000
Repl ex  0    1
Repl pr      

           Step           Time
           9100       18.20000

   Energies (kJ/mol)
           Bond          Angle    Proper Dih.  Improper Dih.          LJ-14
    1.51176e+02    2.51677e+02    3.55733e+02    1.88365e+01    1.82157e+02
     Coulomb-14        LJ (SR)  Disper. corr.   Coulomb (SR)   Coul. recip.
    2.31959e+03    1.91080e+04   -8.37598e+02   -1.23727e+05    5.92219e+02
 Position Rest.      Potential    Kinetic En.   Total Energy  Conserved En.
    6.38215e+01   -1.01522e+05    1.62206e+04   -8.53009e+04   -8.41782e+04
    Temperature Pres. DC (bar) Pressure (bar)   Constr. rmsd
    2.97030e+02   -2.15881e+02    2.59418e+02    1.95319e-06

Replica exchange at step 9100 time 18.20000
Repl 0 <-> 1  dE_term = -3.489e-01 (kT)
Repl ex  0 x  1
Repl pr   1.0

           Step           Time
           9200       18.40000

   Energies (kJ/mol)
           Bond          Angle    Proper Dih.  Improper Dih.          LJ-14
    1.53750e+02    3.20578e+02    3.57337e+02    1.48927e+01    1.84803e+02
     Coulomb-14        LJ (SR)  Disper. corr.   Coulomb (SR)   Coul. recip.
    2.30826e+03    1.89745e+04   -8.37598e+02   -1.23260e+05    5.33248e+02
 Position Rest.      Potential    Kinetic En.   Total Energy  Conserved En.
    4.11127e+01   -1.01210e+05    1.62175e+04   -8.49922e+04   -8.40798e+04
    Temperature Pres. DC (bar) Pressure (bar)   Constr. rmsd
    2.96973e+02   -2.15881e+02    7.90270e+01    1.74310e-06

Replica exchange at step 9200 time 18.40000
Repl ex  0    1
Repl pr      

           Step           Time
           9300       18.60000

   Energies (kJ/mol)
           Bond          Angle    Proper Dih.  Improper Dih.          LJ-14
    1.29120e+02    2.94649e+02    3.60267e+02    1.82472e+01    1.70587e+02
     Coulomb-14        LJ (SR)  Disper. corr.   Coulomb (SR)   Coul. recip.
    2.30903e+03    1.90614e+04   -8.37598e+02   -1.23532e+05    5.68967e+02
 Position Rest.      Potential    Kinetic En.   Total Energy  Conserved En.
    4.45798e+01   -1.01413e+05    1.63955e+04   -8.50176e+04   -8.40930e+04
    Temperature Pres. DC (bar) Pressure (bar)   Constr. rmsd
    3.00232e+02   -2.15881e+02    1.23882e+02    1.38653e-06

Replica exchange at step 9300 time 18.60000
Repl 0 <-> 1  dE_term =  5.862e-01 (kT)
Repl ex  0 x  1
Repl pr   .56

           Step           Time
           9400       18.80000

   Energies (kJ/mol)
           Bond          Angle    Proper Dih.  Improper Dih.          LJ-14
    1.54396e+02    3.19293e+02    3.70783e+02    2.12700e+01    1.80474e+02
     Coulomb-14        LJ (SR)  Disper. corr.   Coulomb (SR)   Coul. recip.
    2.34660e+03    1.97933e+04   -8.37598e+02   -1.24088e+05    5.26446e+02
 Position Rest.      Potential    Kinetic En.   Total Energy  Conserved En.
    4.39669e+01   -1.01169e+05    1.64999e+04   -8.46691e+04   -8.40612e+04
    Temperature Pres. DC (bar) Pressure (bar)   Constr. rmsd
    3.02143e+02   -2.15881e+02    6.52273e+02    1.44769e-06

Replica exchange at step 9400 time 18.80000
Repl ex  0    1
Repl pr      

           Step           Time
           9500       19.00000

   Energies (kJ/mol)
           Bond          Angle    Proper Dih.  Improper Dih.          LJ-14
    1.13046e+02    2.96337e+02    3.56406e+02    1.09131e+01    1.84696e+02
     Coulomb-14        LJ (SR)  Disper. corr.   Coulomb (SR)   Coul. recip.
    2.33987e+03    1.88302e+04   -8.37598e+02   -1.23308e+05    5.32601e+02
 Position Rest.      Potential    Kinetic En.   Total Energy  Conserved En.
    4.48314e+01   -1.01436e+05    1.64587e+04   -8.49777e+04   -8.40738e+04
    Temperature Pres. DC (bar) Pressure (bar)   Constr. rmsd
    3.01390e+02   -2.15881e+02   -7.68200e+01    1.99052e-06

Replica exchange at step 9500 time 19.00000
Repl 0 <-> 1  dE_term =  1.801e-01 (kT)
Repl ex  0 x  1
Repl pr   .84

           Step           Time
           9600       19.20000

   Energies (kJ/mol)
           Bond          Angle    Proper Dih.  Improper Dih.          LJ-14
    1.42698e+02    2.78231e+02    3.44676e+02    2.62717e+01    1.62211e+02
     Coulomb-14        LJ (SR)  Disper. corr.   Coulomb (SR)   Coul. recip.
    2.27959e+03    1.90530e+04   -8.37598e+02   -1.23919e+05    5.43102e+02
 Position Rest.      Potential    Kinetic En.   Total Energy  Conserved En.
    5.04416e+01   -1.01877e+05    1.62366e+04   -8.56400e+04   -8.40210e+04
    Temperature Pres. DC (bar) Pressure (bar)   Constr. rmsd
    2.97322e+02   -2.15881e+02   -6.49351e+02    1.90677e-06

Replica exchange at step 9600 time 19.20000
Repl ex  0    1
Repl pr      

           Step           Time
           9700       19.40000

   Energies (kJ/mol)
           Bond          Angle    Proper Dih.  Improper Dih.          LJ-14
    1.51056e+02    2.78805e+02    3.69825e+02    1.46715e+01    1.76626e+02
     Coulomb-14        LJ (SR)  Disper. corr.   Coulomb (SR)   Coul. recip.
    2.32490e+03    1.91342e+04   -8.37598e+02   -1.23725e+05    5.49023e+02
 Position Rest.      Potential    Kinetic En.   Total Energy  Conserved En.
    4.40229e+01   -1.01519e+05    1.61315e+04   -8.53876e+04   -8.40171e+04
    Temperature Pres. DC (bar) Pressure (bar)   Constr. rmsd
    2.95397e+02   -2.15881e+02   -1.23612e+02    1.44961e-06

Replica exchange at step 9700 time 19.40000
Repl 0 <-> 1  dE_term = -9.411e-01 (kT)
Repl ex  0 x  1
Repl pr   1.0

           Step           Time
           9800       19.60000

   Energies (kJ/mol)
           Bond          Angle    Proper Dih.  Improper Dih.          LJ-14
    1.43017e+02    3.19373e+02    3.38905e+02    1.57127e+01    1.63008e+02
     Coulomb-14        LJ (SR)  Disper. corr.   Coulomb (SR)   Coul. recip.
    2.29730e+03    1.97860e+04   -8.37598e+02   -1.24412e+05    5.60983e+02
 Position Rest.      Potential    Kinetic En.   Total Energy  Conserved En.
    5.59870e+01   -1.01569e+05    1.61858e+04   -8.53832e+04   -8.39878e+04
    Temperature Pres. DC (bar) Pressure (bar)   Constr. rmsd
    2.96392e+02   -2.15881e+02    5.41613e+02    2.08772e-06

Replica exchange at step 9800 time 19.60000
Repl ex  0    1
Repl pr      

           Step           Time
           9900       19.80000

   Energies (kJ/mol)
           Bond          Angle    Proper Dih.  Improper Dih.          LJ-14
    1.02593e+02    2.81218e+02    3.54382e+02    1.60920e+01    1.62680e+02
     Coulomb-14        LJ (SR)  Disper. corr.   Coulomb (SR)   Coul. recip.
    2.33058e+03    1.90124e+04   -8.37598e+02   -1.23826e+05    5.61952e+02
 Position Rest.      Potential    Kinetic En.   Total Energy  Conserved En.
    4.22180e+01   -1.01799e+05    1.63063e+04   -8.54927e+04   -8.39973e+04
    Temperature Pres. DC (bar) Pressure (bar)   Constr. rmsd
    2.98599e+02   -2.15881e+02   -2.16970e+02    1.60134e-06

Replica exchange at step 9900 time 19.80000
Repl 0 <-> 1  dE_term =  6.476e-01 (kT)
Repl ex  0    1
Repl pr   .52

           Step           Time
          10000       20.00000

Writing checkpoint, step 10000 at Mon Jun 13 22:42:11 2022


   Energies (kJ/mol)
           Bond          Angle    Proper Dih.  Improper Dih.          LJ-14
    1.43849e+02    2.92386e+02    3.63866e+02    1.75600e+01    1.68206e+02
     Coulomb-14        LJ (SR)  Disper. corr.   Coulomb (SR)   Coul. recip.
    2.34706e+03    1.95674e+04   -8.37598e+02   -1.24522e+05    5.34544e+02
 Position Rest.      Potential    Kinetic En.   Total Energy  Conserved En.
    4.49214e+01   -1.01880e+05    1.66060e+04   -8.52740e+04   -8.39965e+04
    Temperature Pres. DC (bar) Pressure (bar)   Constr. rmsd
    3.04087e+02   -2.15881e+02    2.33338e+02    1.33716e-06


	<======  ###############  ==>
	<====  A V E R A G E S  ====>
	<==  ###############  ======>

	Statistics over 10001 steps using 101 frames

   Energies (kJ/mol)
           Bond          Angle    Proper Dih.  Improper Dih.          LJ-14
    1.32150e+02    2.95465e+02    3.52891e+02    1.89227e+01    1.76595e+02
     Coulomb-14        LJ (SR)  Disper. corr.   Coulomb (SR)   Coul. recip.
    2.30848e+03    1.93118e+04   -8.37598e+02   -1.23992e+05    5.45225e+02
 Position Rest.      Potential    Kinetic En.   Total Energy  Conserved En.
    4.49544e+01   -1.01643e+05    1.63098e+04   -8.53335e+04   -8.46123e+04
    Temperature Pres. DC (bar) Pressure (bar)   Constr. rmsd
    2.98663e+02   -2.15881e+02    1.40740e+02    0.00000e+00

   Total Virial (kJ/mol)
    5.13484e+03    7.34346e+01   -4.13133e+00
    7.34016e+01    5.23963e+03   -1.90825e+01
   -4.25783e+00   -1.92873e+01    5.11529e+03

   Pressure (bar)
    1.62516e+02   -3.64422e+01    5.41407e+00
   -3.64252e+01    9.49910e+01    9.22222e+00
    5.47921e+00    9.32766e+00    1.64714e+02

      T-Protein  T-non-Protein
    3.00311e+02    2.98608e+02


Replica exchange statistics
Repl  99 attempts, 50 odd, 49 even
Repl  average probabilities:
Repl     0    1
Repl      .69
Repl  number of exchanges:
Repl     0    1
Repl       35
Repl  average number of exchanges:
Repl     0    1
Repl      .70


Repl        Empirical Transition Matrix
Repl       1       2
Repl  0.6465  0.3535  0
Repl  0.3535  0.6465  1

	M E G A - F L O P S   A C C O U N T I N G

 NB=Group-cutoff nonbonded kernels    NxN=N-by-N cluster Verlet kernels
 RF=Reaction-Field  VdW=Van der Waals  QSTab=quadratic-spline table
 W3=SPC/TIP3p  W4=TIP4p (single or pairs)
 V&F=Potential and force  V=Potential only  F=Force only

 Computing:                               M-Number         M-Flops  % Flops
-----------------------------------------------------------------------------
 Pair Search distance check             590.550614        5314.956     0.4
 NxN QSTab Elec. + LJ [F]             16647.463984      682546.023    51.1
 NxN QSTab Elec. + LJ [V&F]             169.757664       10015.702     0.7
 NxN QSTab Elec. [F]                  15582.451264      529803.343    39.7
 NxN QSTab Elec. [V&F]                  158.895664        6514.722     0.5
 1,4 nonbonded interactions               4.290429         386.139     0.0
 Calc Weights                           195.679566        7044.464     0.5
 Spread Q Bspline                      4174.497408        8348.995     0.6
 Gather F Bspline                      4174.497408       25046.984     1.9
 3D-FFT                                6332.493186       50659.945     3.8
 Solve PME                                7.840784         501.810     0.0
 Shift-X                                  1.865292          11.192     0.0
 Bonds                                    0.980098          57.826     0.0
 Angles                                   2.990299         502.370     0.0
 Propers                                  4.310431         987.089     0.1
 Impropers                                0.460046          95.690     0.0
 Pos. Restr.                              0.930093          46.505     0.0
 Virial                                   0.663267          11.939     0.0
 Stop-CM                                  0.658722           6.587     0.0
 Calc-Ekin                               13.285314         358.703     0.0
 Lincs                                    0.730073          43.804     0.0
 Lincs-Mat                                2.400240           9.601     0.0
 Constraint-V                            65.006500         520.052     0.0
 Constraint-Vir                           0.649127          15.579     0.0
 Settle                                  21.182118        6841.824     0.5
-----------------------------------------------------------------------------
 Total                                                 1335691.845   100.0
-----------------------------------------------------------------------------


     R E A L   C Y C L E   A N D   T I M E   A C C O U N T I N G

On 1 MPI rank, each using 2 OpenMP threads

 Computing:          Num   Num      Call    Wall time         Giga-Cycles
                     Ranks Threads  Count      (s)         total sum    %
-----------------------------------------------------------------------------
 Neighbor search        1    2        286       3.966         12.755   2.8
 Force                  1    2      10001     114.064        366.831  79.5
 PME mesh               1    2      10001      18.590         59.784  13.0
 NB X/F buffer ops.     1    2      19716       2.409          7.748   1.7
 Write traj.            1    2        101       0.872          2.803   0.6
 Update                 1    2      10001       0.753          2.421   0.5
 Constraints            1    2      10001       1.362          4.380   0.9
 Rest                                           1.440          4.630   1.0
-----------------------------------------------------------------------------
 Total                                        143.455        461.352 100.0
-----------------------------------------------------------------------------
 Breakdown of PME mesh computation
-----------------------------------------------------------------------------
 PME spread             1    2      10001       5.743         18.470   4.0
 PME gather             1    2      10001       7.595         24.427   5.3
 PME 3D-FFT             1    2      20002       4.472         14.383   3.1
 PME solve Elec         1    2      10001       0.709          2.281   0.5
-----------------------------------------------------------------------------

               Core t (s)   Wall t (s)        (%)
       Time:      286.909      143.455      200.0
                 (ns/day)    (hour/ns)
Performance:       12.047        1.992
Finished mdrun on rank 0 Mon Jun 13 22:42:11 2022

